[ 2017-04-09T13:50:37+08:00 ] ::1 /guanwang/qwadmin/index.php/Home/Felg/Index.html
INFO: [ app_init ] --START--
INFO: Run Behavior\BuildLiteBehavior [ RunTime:0.000230s ]
INFO: [ app_init ] --END-- [ RunTime:0.712163s ]
INFO: [ app_begin ] --START--
INFO: Run Behavior\ReadHtmlCacheBehavior [ RunTime:0.176672s ]
INFO: Run Behavior\CheckLangBehavior [ RunTime:0.257940s ]
INFO: [ app_begin ] --END-- [ RunTime:0.435492s ]
SQL: SHOW COLUMNS FROM `qw_setting` [ RunTime:0.5045s ]
SQL: SELECT `k`,`v` FROM `qw_setting`  [ RunTime:0.0006s ]
SQL: SHOW COLUMNS FROM `qw_felghz` [ RunTime:0.2593s ]
SQL: SELECT `id`,cn_fghz as fghz,`fghzsort` FROM `qw_felghz` ORDER BY fghzsort  [ RunTime:0.0009s ]
SQL: SHOW COLUMNS FROM `qw_felgtype` [ RunTime:0.4488s ]
SQL: SELECT `id`,cn_fgtypename as fgtypename,`fgtypesort` FROM `qw_felgtype` ORDER BY fgtypesort  [ RunTime:0.0007s ]
SQL: SELECT cn_fghz as fghz FROM `qw_felghz` ORDER BY fghzsort LIMIT 1   [ RunTime:0.0003s ]
SQL: SHOW COLUMNS FROM `qw_felgproduct` [ RunTime:0.3807s ]
SQL: SELECT `id`,cn_fttitle as fttitle,cn_ftimg as ftimg,cn_ftname as ftname,`ftsort` FROM `qw_felgproduct` WHERE ( felgcnhzname = 'LF' ) ORDER BY ftsort  [ RunTime:0.0009s ]
SQL: SHOW COLUMNS FROM `qw_productlistimgs` [ RunTime:0.5769s ]
SQL: SELECT cn_flashviewpc as flashviewpc,cn_fwlink as fwlink,cn_flashviewphone as flashviewphone,cn_fwshowpc as fwshowpc,cn_fwshowphone as fwshowphone,`fwsort` FROM `qw_productlistimgs` ORDER BY fwsort  [ RunTime:0.0008s ]
INFO: [ view_parse ] --START--
INFO: [ template_filter ] --START--
INFO: Run Behavior\ContentReplaceBehavior [ RunTime:0.000188s ]
INFO: [ template_filter ] --END-- [ RunTime:0.000406s ]
INFO: Run Behavior\ParseTemplateBehavior [ RunTime:2.544395s ]
INFO: [ view_parse ] --END-- [ RunTime:2.544664s ]
INFO: [ view_filter ] --START--
INFO: Run Behavior\WriteHtmlCacheBehavior [ RunTime:0.295119s ]
INFO: [ view_filter ] --END-- [ RunTime:0.295634s ]
INFO: [ app_end ] --START--
INFO: Run Behavior\ShowPageTraceBehavior [ RunTime:0.327491s ]
INFO: [ app_end ] --END-- [ RunTime:0.327844s ]

[ 2017-04-09T14:34:34+08:00 ] ::1 /guanwang/qwadmin/
INFO: [ app_init ] --START--
INFO: Run Behavior\BuildLiteBehavior [ RunTime:0.000047s ]
INFO: [ app_init ] --END-- [ RunTime:0.054425s ]
INFO: [ app_begin ] --START--
INFO: Run Behavior\ReadHtmlCacheBehavior [ RunTime:0.066693s ]
INFO: Run Behavior\CheckLangBehavior [ RunTime:0.075059s ]
INFO: [ app_begin ] --END-- [ RunTime:0.142062s ]
SQL: SHOW COLUMNS FROM `qw_setting` [ RunTime:0.0216s ]
SQL: SELECT `k`,`v` FROM `qw_setting`  [ RunTime:0.0006s ]
SQL: SHOW COLUMNS FROM `qw_flashview` [ RunTime:0.0141s ]
SQL: SELECT `id`,cn_flashviewpc as flashviewpc,cn_fwshowpc as fwshowpc,cn_fwlink as fwlink,`fwsort` FROM `qw_flashview` ORDER BY fwsort  [ RunTime:0.0007s ]
SQL: SHOW COLUMNS FROM `qw_felghz` [ RunTime:0.0144s ]
SQL: SELECT `id`,cn_fghz as fghz,cn_fghztitle as fghztitle,cn_fghzimg as fghzimg,`fghzsort` FROM `qw_felghz` ORDER BY fghzsort  [ RunTime:0.0009s ]
SQL: SHOW COLUMNS FROM `qw_felgproduct` [ RunTime:0.0151s ]
SQL: SELECT `id`,cn_ftname as ftname,cn_ftimg as ftimg,cn_fttitle as fttitle FROM `qw_felgproduct` WHERE ( cn_choose = 1 ) LIMIT 4   [ RunTime:0.0005s ]
SQL: SHOW COLUMNS FROM `qw_industry` [ RunTime:0.0166s ]
SQL: SELECT `id`,cn_imgiy as imgiy,`iysort` FROM `qw_industry` ORDER BY iysort LIMIT 4   [ RunTime:0.0005s ]
INFO: [ view_parse ] --START--
INFO: [ template_filter ] --START--
INFO: Run Behavior\ContentReplaceBehavior [ RunTime:0.000299s ]
INFO: [ template_filter ] --END-- [ RunTime:0.000523s ]
INFO: Run Behavior\ParseTemplateBehavior [ RunTime:1.010860s ]
INFO: [ view_parse ] --END-- [ RunTime:1.011039s ]
INFO: [ view_filter ] --START--
INFO: Run Behavior\WriteHtmlCacheBehavior [ RunTime:0.061769s ]
INFO: [ view_filter ] --END-- [ RunTime:0.061945s ]
INFO: [ app_end ] --START--
INFO: Run Behavior\ShowPageTraceBehavior [ RunTime:0.048163s ]
INFO: [ app_end ] --END-- [ RunTime:0.048342s ]

