[ 2017-04-05T10:30:28+08:00 ] ::1 /guanwang/qwadmin/index.php/Home/Vocationlistmain/index/lang/ch-cn.html
INFO: [ app_init ] --START--
INFO: Run Behavior\BuildLiteBehavior [ RunTime:0.000072s ]
INFO: [ app_init ] --END-- [ RunTime:0.002096s ]
INFO: [ app_begin ] --START--
INFO: Run Behavior\ReadHtmlCacheBehavior [ RunTime:0.016364s ]
INFO: Run Behavior\CheckLangBehavior [ RunTime:0.012967s ]
INFO: [ app_begin ] --END-- [ RunTime:0.029692s ]
SQL: SHOW COLUMNS FROM `qw_setting` [ RunTime:0.0046s ]
SQL: SELECT `k`,`v` FROM `qw_setting`  [ RunTime:0.0003s ]
NOTIC: [8] Undefined index: id F:\wamp\www\guanwang\qwadmin\App\Home\Controller\VocationlistmainController.class.php 第 13 行.
SQL: SHOW COLUMNS FROM `qw_industry` [ RunTime:0.0062s ]
SQL: SELECT `id`,cn_nameiy as nameiy,cn_iycontent as iycontent,cn_iylogo as iylogo,cn_logoshow as logoshow,cn_anli1 as anli1,cn_anli2 as anli2,cn_anli3 as anli3,cn_anli1show as anli1show,cn_anli2show as anli2show,cn_anli3show as anli3show,cn_linksiy as linksiy,`cn_logoshow`,cn_anliname1 as anliname1,cn_anliname2 as anliname2,cn_anliname3 as anliname3 FROM `qw_industry` WHERE `id` = null LIMIT 1   [ RunTime:0.0005s ]
SQL: SHOW COLUMNS FROM `qw_industryimgs` [ RunTime:0.0477s ]
SQL: SELECT `id`,cn_iyimgs as iyimgs FROM `qw_industryimgs` WHERE `iyid` = null ORDER BY iyimgssort  [ RunTime:0.0007s ]
INFO: [ view_parse ] --START--
INFO: [ template_filter ] --START--
INFO: Run Behavior\ContentReplaceBehavior [ RunTime:0.000247s ]
INFO: [ template_filter ] --END-- [ RunTime:0.000803s ]
INFO: Run Behavior\ParseTemplateBehavior [ RunTime:0.212888s ]
INFO: [ view_parse ] --END-- [ RunTime:0.213073s ]
INFO: [ view_filter ] --START--
INFO: Run Behavior\WriteHtmlCacheBehavior [ RunTime:0.015871s ]
INFO: [ view_filter ] --END-- [ RunTime:0.016050s ]
INFO: [ app_end ] --START--
INFO: Run Behavior\ShowPageTraceBehavior [ RunTime:0.000991s ]
INFO: [ app_end ] --END-- [ RunTime:0.001163s ]

[ 2017-04-05T10:30:35+08:00 ] ::1 /guanwang/qwadmin/index.php/Home/Index/Index.html
INFO: [ app_init ] --START--
INFO: Run Behavior\BuildLiteBehavior [ RunTime:0.000075s ]
INFO: [ app_init ] --END-- [ RunTime:0.000891s ]
INFO: [ app_begin ] --START--
INFO: Run Behavior\ReadHtmlCacheBehavior [ RunTime:0.000995s ]
INFO: Run Behavior\CheckLangBehavior [ RunTime:0.001660s ]
INFO: [ app_begin ] --END-- [ RunTime:0.002971s ]
SQL: SHOW COLUMNS FROM `qw_setting` [ RunTime:0.0053s ]
SQL: SELECT `k`,`v` FROM `qw_setting`  [ RunTime:0.0004s ]
SQL: SHOW COLUMNS FROM `qw_flashview` [ RunTime:0.0040s ]
SQL: SELECT `id`,cn_flashviewpc as flashviewpc,cn_fwshowpc as fwshowpc,cn_fwlink as fwlink,`fwsort` FROM `qw_flashview` ORDER BY fwsort  [ RunTime:0.0003s ]
SQL: SHOW COLUMNS FROM `qw_industry` [ RunTime:0.0047s ]
SQL: SELECT `id`,cn_imgiy as imgiy,`iysort` FROM `qw_industry` ORDER BY iysort LIMIT 4   [ RunTime:0.0004s ]
INFO: [ view_parse ] --START--
INFO: [ template_filter ] --START--
INFO: Run Behavior\ContentReplaceBehavior [ RunTime:0.000199s ]
INFO: [ template_filter ] --END-- [ RunTime:0.000371s ]
INFO: Run Behavior\ParseTemplateBehavior [ RunTime:0.082523s ]
INFO: [ view_parse ] --END-- [ RunTime:0.082863s ]
INFO: [ view_filter ] --START--
INFO: Run Behavior\WriteHtmlCacheBehavior [ RunTime:0.000883s ]
INFO: [ view_filter ] --END-- [ RunTime:0.001118s ]
INFO: [ app_end ] --START--
INFO: Run Behavior\ShowPageTraceBehavior [ RunTime:0.000903s ]
INFO: [ app_end ] --END-- [ RunTime:0.001068s ]

[ 2017-04-05T10:30:36+08:00 ] ::1 /guanwang/qwadmin/index.php/Home/Index/layer_mobile/layer.js
INFO: [ app_init ] --START--
INFO: Run Behavior\BuildLiteBehavior [ RunTime:0.000044s ]
INFO: [ app_init ] --END-- [ RunTime:0.000617s ]
INFO: [ app_begin ] --START--
INFO: Run Behavior\ReadHtmlCacheBehavior [ RunTime:0.000868s ]
INFO: Run Behavior\CheckLangBehavior [ RunTime:0.001834s ]
INFO: [ app_begin ] --END-- [ RunTime:0.003081s ]
SQL: SHOW COLUMNS FROM `qw_setting` [ RunTime:0.0048s ]
SQL: SELECT `k`,`v` FROM `qw_setting`  [ RunTime:0.0003s ]
ERR: 非法操作:layer_mobile

[ 2017-04-05T10:30:48+08:00 ] ::1 /guanwang/qwadmin/index.php/Home/Index/feig.html
INFO: [ app_init ] --START--
INFO: Run Behavior\BuildLiteBehavior [ RunTime:0.000100s ]
INFO: [ app_init ] --END-- [ RunTime:0.000898s ]
INFO: [ app_begin ] --START--
INFO: Run Behavior\ReadHtmlCacheBehavior [ RunTime:0.001195s ]
INFO: Run Behavior\CheckLangBehavior [ RunTime:0.001886s ]
INFO: [ app_begin ] --END-- [ RunTime:0.003527s ]
SQL: SHOW COLUMNS FROM `qw_setting` [ RunTime:0.0040s ]
SQL: SELECT `k`,`v` FROM `qw_setting`  [ RunTime:0.0004s ]
ERR: 非法操作:feig

[ 2017-04-05T10:30:50+08:00 ] ::1 /guanwang/qwadmin/index.php/Home/Index/layer_mobile/layer.js
INFO: [ app_init ] --START--
INFO: Run Behavior\BuildLiteBehavior [ RunTime:0.000072s ]
INFO: [ app_init ] --END-- [ RunTime:0.001042s ]
INFO: [ app_begin ] --START--
INFO: Run Behavior\ReadHtmlCacheBehavior [ RunTime:0.001491s ]
INFO: Run Behavior\CheckLangBehavior [ RunTime:0.002862s ]
INFO: [ app_begin ] --END-- [ RunTime:0.004849s ]
SQL: SHOW COLUMNS FROM `qw_setting` [ RunTime:0.0172s ]
SQL: SELECT `k`,`v` FROM `qw_setting`  [ RunTime:0.0005s ]
ERR: 非法操作:layer_mobile

[ 2017-04-05T10:30:53+08:00 ] ::1 /guanwang/qwadmin/index.php/Home/Index/feig.html
INFO: [ app_init ] --START--
INFO: Run Behavior\BuildLiteBehavior [ RunTime:0.000041s ]
INFO: [ app_init ] --END-- [ RunTime:0.000591s ]
INFO: [ app_begin ] --START--
INFO: Run Behavior\ReadHtmlCacheBehavior [ RunTime:0.000853s ]
INFO: Run Behavior\CheckLangBehavior [ RunTime:0.002376s ]
INFO: [ app_begin ] --END-- [ RunTime:0.003609s ]
SQL: SHOW COLUMNS FROM `qw_setting` [ RunTime:0.0047s ]
SQL: SELECT `k`,`v` FROM `qw_setting`  [ RunTime:0.0004s ]
ERR: 非法操作:feig

[ 2017-04-05T10:30:54+08:00 ] ::1 /guanwang/qwadmin/index.php/Home/Index/layer_mobile/layer.js
INFO: [ app_init ] --START--
INFO: Run Behavior\BuildLiteBehavior [ RunTime:0.000076s ]
INFO: [ app_init ] --END-- [ RunTime:0.001100s ]
INFO: [ app_begin ] --START--
INFO: Run Behavior\ReadHtmlCacheBehavior [ RunTime:0.001548s ]
INFO: Run Behavior\CheckLangBehavior [ RunTime:0.004117s ]
INFO: [ app_begin ] --END-- [ RunTime:0.006318s ]
SQL: SHOW COLUMNS FROM `qw_setting` [ RunTime:0.0055s ]
SQL: SELECT `k`,`v` FROM `qw_setting`  [ RunTime:0.0003s ]
ERR: 非法操作:layer_mobile

[ 2017-04-05T10:34:57+08:00 ] ::1 /guanwang/qwadmin/index.php/Home/Index/layer_mobile/layer.js
INFO: [ app_init ] --START--
INFO: Run Behavior\BuildLiteBehavior [ RunTime:0.000046s ]
INFO: [ app_init ] --END-- [ RunTime:0.000745s ]
INFO: [ app_begin ] --START--
INFO: Run Behavior\ReadHtmlCacheBehavior [ RunTime:0.001638s ]
INFO: Run Behavior\CheckLangBehavior [ RunTime:0.004540s ]
INFO: [ app_begin ] --END-- [ RunTime:0.006756s ]
SQL: SHOW COLUMNS FROM `qw_setting` [ RunTime:0.0074s ]
SQL: SELECT `k`,`v` FROM `qw_setting`  [ RunTime:0.0004s ]
ERR: 非法操作:layer_mobile

[ 2017-04-05T10:35:02+08:00 ] ::1 /guanwang/qwadmin/index.php/Home/Index/product-details.html
INFO: [ app_init ] --START--
INFO: Run Behavior\BuildLiteBehavior [ RunTime:0.000037s ]
INFO: [ app_init ] --END-- [ RunTime:0.000553s ]
INFO: [ app_begin ] --START--
INFO: Run Behavior\ReadHtmlCacheBehavior [ RunTime:0.002954s ]
INFO: Run Behavior\CheckLangBehavior [ RunTime:0.002206s ]
INFO: [ app_begin ] --END-- [ RunTime:0.005901s ]
SQL: SHOW COLUMNS FROM `qw_setting` [ RunTime:0.0051s ]
SQL: SELECT `k`,`v` FROM `qw_setting`  [ RunTime:0.0004s ]
ERR: 非法操作:product-details

[ 2017-04-05T10:35:03+08:00 ] ::1 /guanwang/qwadmin/index.php/Home/Index/layer_mobile/layer.js
INFO: [ app_init ] --START--
INFO: Run Behavior\BuildLiteBehavior [ RunTime:0.000042s ]
INFO: [ app_init ] --END-- [ RunTime:0.001078s ]
INFO: [ app_begin ] --START--
INFO: Run Behavior\ReadHtmlCacheBehavior [ RunTime:0.001115s ]
INFO: Run Behavior\CheckLangBehavior [ RunTime:0.002064s ]
INFO: [ app_begin ] --END-- [ RunTime:0.003764s ]
SQL: SHOW COLUMNS FROM `qw_setting` [ RunTime:0.0055s ]
SQL: SELECT `k`,`v` FROM `qw_setting`  [ RunTime:0.0004s ]
ERR: 非法操作:layer_mobile

[ 2017-04-05T10:35:22+08:00 ] ::1 /guanwang/qwadmin/index.php/Home/Index/layer_mobile/layer.js
INFO: [ app_init ] --START--
INFO: Run Behavior\BuildLiteBehavior [ RunTime:0.000047s ]
INFO: [ app_init ] --END-- [ RunTime:0.000658s ]
INFO: [ app_begin ] --START--
INFO: Run Behavior\ReadHtmlCacheBehavior [ RunTime:0.000959s ]
INFO: Run Behavior\CheckLangBehavior [ RunTime:0.001817s ]
INFO: [ app_begin ] --END-- [ RunTime:0.003138s ]
SQL: SHOW COLUMNS FROM `qw_setting` [ RunTime:0.0066s ]
SQL: SELECT `k`,`v` FROM `qw_setting`  [ RunTime:0.0006s ]
ERR: 非法操作:layer_mobile

[ 2017-04-05T10:35:26+08:00 ] ::1 /guanwang/qwadmin/index.php/Home/Index/layer_mobile/layer.js
INFO: [ app_init ] --START--
INFO: Run Behavior\BuildLiteBehavior [ RunTime:0.000075s ]
INFO: [ app_init ] --END-- [ RunTime:0.001050s ]
INFO: [ app_begin ] --START--
INFO: Run Behavior\ReadHtmlCacheBehavior [ RunTime:0.001484s ]
INFO: Run Behavior\CheckLangBehavior [ RunTime:0.002161s ]
INFO: [ app_begin ] --END-- [ RunTime:0.004198s ]
SQL: SHOW COLUMNS FROM `qw_setting` [ RunTime:0.0077s ]
SQL: SELECT `k`,`v` FROM `qw_setting`  [ RunTime:0.0004s ]
ERR: 非法操作:layer_mobile

[ 2017-04-05T10:35:32+08:00 ] ::1 /guanwang/qwadmin/index.php/Home/Index/layer_mobile/layer.js
INFO: [ app_init ] --START--
INFO: Run Behavior\BuildLiteBehavior [ RunTime:0.000076s ]
INFO: [ app_init ] --END-- [ RunTime:0.000973s ]
INFO: [ app_begin ] --START--
INFO: Run Behavior\ReadHtmlCacheBehavior [ RunTime:0.002583s ]
INFO: Run Behavior\CheckLangBehavior [ RunTime:0.001297s ]
INFO: [ app_begin ] --END-- [ RunTime:0.004284s ]
SQL: SHOW COLUMNS FROM `qw_setting` [ RunTime:0.0052s ]
SQL: SELECT `k`,`v` FROM `qw_setting`  [ RunTime:0.0005s ]
ERR: 非法操作:layer_mobile

[ 2017-04-05T10:35:36+08:00 ] ::1 /guanwang/qwadmin/index.php/Home/Index/layer_mobile/layer.js
INFO: [ app_init ] --START--
INFO: Run Behavior\BuildLiteBehavior [ RunTime:0.000046s ]
INFO: [ app_init ] --END-- [ RunTime:0.000690s ]
INFO: [ app_begin ] --START--
INFO: Run Behavior\ReadHtmlCacheBehavior [ RunTime:0.001021s ]
INFO: Run Behavior\CheckLangBehavior [ RunTime:0.003602s ]
INFO: [ app_begin ] --END-- [ RunTime:0.005135s ]
SQL: SHOW COLUMNS FROM `qw_setting` [ RunTime:0.0223s ]
SQL: SELECT `k`,`v` FROM `qw_setting`  [ RunTime:0.0004s ]
ERR: 非法操作:layer_mobile

[ 2017-04-05T10:35:44+08:00 ] ::1 /guanwang/qwadmin/index.php/Home/Index/layer_mobile/layer.js
INFO: [ app_init ] --START--
INFO: Run Behavior\BuildLiteBehavior [ RunTime:0.000041s ]
INFO: [ app_init ] --END-- [ RunTime:0.000578s ]
INFO: [ app_begin ] --START--
INFO: Run Behavior\ReadHtmlCacheBehavior [ RunTime:0.003092s ]
INFO: Run Behavior\CheckLangBehavior [ RunTime:0.002484s ]
INFO: [ app_begin ] --END-- [ RunTime:0.006793s ]
SQL: SHOW COLUMNS FROM `qw_setting` [ RunTime:0.0039s ]
SQL: SELECT `k`,`v` FROM `qw_setting`  [ RunTime:0.0003s ]
ERR: 非法操作:layer_mobile

[ 2017-04-05T10:35:52+08:00 ] ::1 /guanwang/qwadmin/index.php/Home/Index/layer_mobile/layer.js
INFO: [ app_init ] --START--
INFO: Run Behavior\BuildLiteBehavior [ RunTime:0.000082s ]
INFO: [ app_init ] --END-- [ RunTime:0.001192s ]
INFO: [ app_begin ] --START--
INFO: Run Behavior\ReadHtmlCacheBehavior [ RunTime:0.000758s ]
INFO: Run Behavior\CheckLangBehavior [ RunTime:0.001589s ]
INFO: [ app_begin ] --END-- [ RunTime:0.002732s ]
SQL: SHOW COLUMNS FROM `qw_setting` [ RunTime:0.0054s ]
SQL: SELECT `k`,`v` FROM `qw_setting`  [ RunTime:0.0005s ]
ERR: 非法操作:layer_mobile

[ 2017-04-05T10:36:02+08:00 ] ::1 /guanwang/qwadmin/index.php/Home/Index/layer_mobile/layer.js
INFO: [ app_init ] --START--
INFO: Run Behavior\BuildLiteBehavior [ RunTime:0.000125s ]
INFO: [ app_init ] --END-- [ RunTime:0.001538s ]
INFO: [ app_begin ] --START--
INFO: Run Behavior\ReadHtmlCacheBehavior [ RunTime:0.001668s ]
INFO: Run Behavior\CheckLangBehavior [ RunTime:0.002056s ]
INFO: [ app_begin ] --END-- [ RunTime:0.004208s ]
SQL: SHOW COLUMNS FROM `qw_setting` [ RunTime:0.0044s ]
SQL: SELECT `k`,`v` FROM `qw_setting`  [ RunTime:0.0003s ]
ERR: 非法操作:layer_mobile

[ 2017-04-05T10:37:03+08:00 ] ::1 /guanwang/qwadmin/index.php/Home/Supportservices/Index.html
INFO: [ app_init ] --START--
INFO: Run Behavior\BuildLiteBehavior [ RunTime:0.000042s ]
INFO: [ app_init ] --END-- [ RunTime:0.000711s ]
INFO: [ app_begin ] --START--
INFO: Run Behavior\ReadHtmlCacheBehavior [ RunTime:0.000820s ]
INFO: Run Behavior\CheckLangBehavior [ RunTime:0.001869s ]
INFO: [ app_begin ] --END-- [ RunTime:0.003070s ]
SQL: SHOW COLUMNS FROM `qw_setting` [ RunTime:0.0046s ]
SQL: SELECT `k`,`v` FROM `qw_setting`  [ RunTime:0.0004s ]
SQL: SHOW COLUMNS FROM `qw_support` [ RunTime:0.0045s ]
SQL: SELECT `id`,cn_stname as stname,cn_sttitle as sttitle,cn_file as file,cn_sttype as sttype,`stsort` FROM `qw_support` WHERE ( cn_sttype = 1 ) ORDER BY stsort  [ RunTime:0.0008s ]
INFO: [ view_parse ] --START--
INFO: [ template_filter ] --START--
INFO: Run Behavior\ContentReplaceBehavior [ RunTime:0.000154s ]
INFO: [ template_filter ] --END-- [ RunTime:0.000336s ]
INFO: Run Behavior\ParseTemplateBehavior [ RunTime:0.078812s ]
INFO: [ view_parse ] --END-- [ RunTime:0.079255s ]
INFO: [ view_filter ] --START--
INFO: Run Behavior\WriteHtmlCacheBehavior [ RunTime:0.000427s ]
INFO: [ view_filter ] --END-- [ RunTime:0.000577s ]
INFO: [ app_end ] --START--
INFO: Run Behavior\ShowPageTraceBehavior [ RunTime:0.000782s ]
INFO: [ app_end ] --END-- [ RunTime:0.000971s ]

[ 2017-04-05T10:37:23+08:00 ] ::1 /guanwang/qwadmin/index.php/Home/Index/Index.html
INFO: [ app_init ] --START--
INFO: Run Behavior\BuildLiteBehavior [ RunTime:0.000038s ]
INFO: [ app_init ] --END-- [ RunTime:0.000524s ]
INFO: [ app_begin ] --START--
INFO: Run Behavior\ReadHtmlCacheBehavior [ RunTime:0.000613s ]
INFO: Run Behavior\CheckLangBehavior [ RunTime:0.002807s ]
INFO: [ app_begin ] --END-- [ RunTime:0.003766s ]
SQL: SHOW COLUMNS FROM `qw_setting` [ RunTime:0.0042s ]
SQL: SELECT `k`,`v` FROM `qw_setting`  [ RunTime:0.0003s ]
SQL: SHOW COLUMNS FROM `qw_flashview` [ RunTime:0.0059s ]
SQL: SELECT `id`,cn_flashviewpc as flashviewpc,cn_fwshowpc as fwshowpc,cn_fwlink as fwlink,`fwsort` FROM `qw_flashview` ORDER BY fwsort  [ RunTime:0.0005s ]
SQL: SHOW COLUMNS FROM `qw_industry` [ RunTime:0.0051s ]
SQL: SELECT `id`,cn_imgiy as imgiy,`iysort` FROM `qw_industry` ORDER BY iysort LIMIT 4   [ RunTime:0.0003s ]
INFO: [ view_parse ] --START--
INFO: [ template_filter ] --START--
INFO: Run Behavior\ContentReplaceBehavior [ RunTime:0.000194s ]
INFO: [ template_filter ] --END-- [ RunTime:0.000402s ]
INFO: Run Behavior\ParseTemplateBehavior [ RunTime:0.030977s ]
INFO: [ view_parse ] --END-- [ RunTime:0.031172s ]
INFO: [ view_filter ] --START--
INFO: Run Behavior\WriteHtmlCacheBehavior [ RunTime:0.000344s ]
INFO: [ view_filter ] --END-- [ RunTime:0.000505s ]
INFO: [ app_end ] --START--
INFO: Run Behavior\ShowPageTraceBehavior [ RunTime:0.000671s ]
INFO: [ app_end ] --END-- [ RunTime:0.000898s ]

[ 2017-04-05T10:37:23+08:00 ] ::1 /guanwang/qwadmin/index.php/Home/Index/layer_mobile/layer.js
INFO: [ app_init ] --START--
INFO: Run Behavior\BuildLiteBehavior [ RunTime:0.000056s ]
INFO: [ app_init ] --END-- [ RunTime:0.000610s ]
INFO: [ app_begin ] --START--
INFO: Run Behavior\ReadHtmlCacheBehavior [ RunTime:0.000667s ]
INFO: Run Behavior\CheckLangBehavior [ RunTime:0.001136s ]
INFO: [ app_begin ] --END-- [ RunTime:0.002109s ]
SQL: SHOW COLUMNS FROM `qw_setting` [ RunTime:0.0059s ]
SQL: SELECT `k`,`v` FROM `qw_setting`  [ RunTime:0.0004s ]
ERR: 非法操作:layer_mobile

[ 2017-04-05T12:11:48+08:00 ] ::1 /guanwang/qwadmin/index.php/Home/Vocationlist/Index.html
INFO: [ app_init ] --START--
INFO: Run Behavior\BuildLiteBehavior [ RunTime:0.000066s ]
INFO: [ app_init ] --END-- [ RunTime:0.000892s ]
INFO: [ app_begin ] --START--
INFO: Run Behavior\ReadHtmlCacheBehavior [ RunTime:0.001128s ]
INFO: Run Behavior\CheckLangBehavior [ RunTime:0.022276s ]
INFO: [ app_begin ] --END-- [ RunTime:0.023802s ]
SQL: SHOW COLUMNS FROM `qw_setting` [ RunTime:0.0054s ]
SQL: SELECT `k`,`v` FROM `qw_setting`  [ RunTime:0.0004s ]
INFO: [ view_parse ] --START--
INFO: [ template_filter ] --START--
INFO: Run Behavior\ContentReplaceBehavior [ RunTime:0.000221s ]
INFO: [ template_filter ] --END-- [ RunTime:0.000531s ]
INFO: Run Behavior\ParseTemplateBehavior [ RunTime:0.083326s ]
INFO: [ view_parse ] --END-- [ RunTime:0.083532s ]
INFO: [ view_filter ] --START--
INFO: Run Behavior\WriteHtmlCacheBehavior [ RunTime:0.000597s ]
INFO: [ view_filter ] --END-- [ RunTime:0.000762s ]
INFO: [ app_end ] --START--
INFO: Run Behavior\ShowPageTraceBehavior [ RunTime:0.000906s ]
INFO: [ app_end ] --END-- [ RunTime:0.001075s ]

[ 2017-04-05T12:11:48+08:00 ] ::1 /guanwang/qwadmin/index.php/Home/Vocationlist/getlist/p/1
INFO: [ app_init ] --START--
INFO: Run Behavior\BuildLiteBehavior [ RunTime:0.000043s ]
INFO: [ app_init ] --END-- [ RunTime:0.000705s ]
INFO: [ app_begin ] --START--
INFO: Run Behavior\ReadHtmlCacheBehavior [ RunTime:0.001151s ]
INFO: Run Behavior\CheckLangBehavior [ RunTime:0.001510s ]
INFO: [ app_begin ] --END-- [ RunTime:0.002965s ]
SQL: SHOW COLUMNS FROM `qw_setting` [ RunTime:0.0040s ]
SQL: SELECT `k`,`v` FROM `qw_setting`  [ RunTime:0.0003s ]
SQL: SHOW COLUMNS FROM `qw_industry` [ RunTime:0.0069s ]
SQL: select id,cn_nameiy as nameiy,cn_imgiy as imgiy,iysort from qw_industry order by iysort limit 0,4 [ RunTime:0.0006s ]
INFO: [ app_end ] --START--
INFO: Run Behavior\ShowPageTraceBehavior [ RunTime:0.001484s ]
INFO: [ app_end ] --END-- [ RunTime:0.001709s ]

[ 2017-04-05T12:11:53+08:00 ] ::1 /guanwang/qwadmin/index.php/Home/Vocationlist/feig.html
INFO: [ app_init ] --START--
INFO: Run Behavior\BuildLiteBehavior [ RunTime:0.000052s ]
INFO: [ app_init ] --END-- [ RunTime:0.000705s ]
INFO: [ app_begin ] --START--
INFO: Run Behavior\ReadHtmlCacheBehavior [ RunTime:0.000859s ]
INFO: Run Behavior\CheckLangBehavior [ RunTime:0.001499s ]
INFO: [ app_begin ] --END-- [ RunTime:0.002648s ]
SQL: SHOW COLUMNS FROM `qw_setting` [ RunTime:0.0051s ]
SQL: SELECT `k`,`v` FROM `qw_setting`  [ RunTime:0.0003s ]
ERR: 非法操作:feig

[ 2017-04-05T12:11:55+08:00 ] ::1 /guanwang/qwadmin/index.php/Home/Vocationlist/getlist/p/1
INFO: [ app_init ] --START--
INFO: Run Behavior\BuildLiteBehavior [ RunTime:0.000072s ]
INFO: [ app_init ] --END-- [ RunTime:0.001100s ]
INFO: [ app_begin ] --START--
INFO: Run Behavior\ReadHtmlCacheBehavior [ RunTime:0.001205s ]
INFO: Run Behavior\CheckLangBehavior [ RunTime:0.002917s ]
INFO: [ app_begin ] --END-- [ RunTime:0.004589s ]
SQL: SHOW COLUMNS FROM `qw_setting` [ RunTime:0.0060s ]
SQL: SELECT `k`,`v` FROM `qw_setting`  [ RunTime:0.0005s ]
SQL: SHOW COLUMNS FROM `qw_industry` [ RunTime:0.0077s ]
SQL: select id,cn_nameiy as nameiy,cn_imgiy as imgiy,iysort from qw_industry order by iysort limit 0,4 [ RunTime:0.0006s ]
INFO: [ app_end ] --START--
INFO: Run Behavior\ShowPageTraceBehavior [ RunTime:0.001128s ]
INFO: [ app_end ] --END-- [ RunTime:0.001311s ]

[ 2017-04-05T13:45:46+08:00 ] ::1 /guanwang/qwadmin/index.php/Home/Index/Index.html
INFO: [ app_init ] --START--
INFO: Run Behavior\BuildLiteBehavior [ RunTime:0.000045s ]
INFO: [ app_init ] --END-- [ RunTime:0.001719s ]
INFO: [ app_begin ] --START--
INFO: Run Behavior\ReadHtmlCacheBehavior [ RunTime:0.001762s ]
INFO: Run Behavior\CheckLangBehavior [ RunTime:0.002302s ]
INFO: [ app_begin ] --END-- [ RunTime:0.004498s ]
SQL: SHOW COLUMNS FROM `qw_setting` [ RunTime:0.0046s ]
SQL: SELECT `k`,`v` FROM `qw_setting`  [ RunTime:0.0004s ]
SQL: SHOW COLUMNS FROM `qw_flashview` [ RunTime:0.0043s ]
SQL: SELECT `id`,cn_flashviewpc as flashviewpc,cn_fwshowpc as fwshowpc,cn_fwlink as fwlink,`fwsort` FROM `qw_flashview` ORDER BY fwsort  [ RunTime:0.0006s ]
SQL: SHOW COLUMNS FROM `qw_industry` [ RunTime:0.0079s ]
SQL: SELECT `id`,cn_imgiy as imgiy,`iysort` FROM `qw_industry` ORDER BY iysort LIMIT 4   [ RunTime:0.0006s ]
INFO: [ view_parse ] --START--
INFO: [ template_filter ] --START--
INFO: Run Behavior\ContentReplaceBehavior [ RunTime:0.000300s ]
INFO: [ template_filter ] --END-- [ RunTime:0.000607s ]
INFO: Run Behavior\ParseTemplateBehavior [ RunTime:0.085953s ]
INFO: [ view_parse ] --END-- [ RunTime:0.086252s ]
INFO: [ view_filter ] --START--
INFO: Run Behavior\WriteHtmlCacheBehavior [ RunTime:0.004118s ]
INFO: [ view_filter ] --END-- [ RunTime:0.005258s ]
INFO: [ app_end ] --START--
INFO: Run Behavior\ShowPageTraceBehavior [ RunTime:0.001475s ]
INFO: [ app_end ] --END-- [ RunTime:0.001823s ]

[ 2017-04-05T13:45:46+08:00 ] ::1 /guanwang/qwadmin/index.php/Home/Index/layer_mobile/layer.js
INFO: [ app_init ] --START--
INFO: Run Behavior\BuildLiteBehavior [ RunTime:0.000079s ]
INFO: [ app_init ] --END-- [ RunTime:0.001311s ]
INFO: [ app_begin ] --START--
INFO: Run Behavior\ReadHtmlCacheBehavior [ RunTime:0.001208s ]
INFO: Run Behavior\CheckLangBehavior [ RunTime:0.002746s ]
INFO: [ app_begin ] --END-- [ RunTime:0.005023s ]
SQL: SHOW COLUMNS FROM `qw_setting` [ RunTime:0.0066s ]
SQL: SELECT `k`,`v` FROM `qw_setting`  [ RunTime:0.0004s ]
ERR: 非法操作:layer_mobile

[ 2017-04-05T13:46:27+08:00 ] ::1 /guanwang/qwadmin/index.php/Home/Index/Index.html
INFO: [ app_init ] --START--
INFO: Run Behavior\BuildLiteBehavior [ RunTime:0.000072s ]
INFO: [ app_init ] --END-- [ RunTime:0.001303s ]
INFO: [ app_begin ] --START--
INFO: Run Behavior\ReadHtmlCacheBehavior [ RunTime:0.002234s ]
INFO: Run Behavior\CheckLangBehavior [ RunTime:0.002587s ]
INFO: [ app_begin ] --END-- [ RunTime:0.005322s ]
SQL: SHOW COLUMNS FROM `qw_setting` [ RunTime:0.0081s ]
SQL: SELECT `k`,`v` FROM `qw_setting`  [ RunTime:0.0003s ]
SQL: SHOW COLUMNS FROM `qw_flashview` [ RunTime:0.0040s ]
SQL: SELECT `id`,cn_flashviewpc as flashviewpc,cn_fwshowpc as fwshowpc,cn_fwlink as fwlink,`fwsort` FROM `qw_flashview` ORDER BY fwsort  [ RunTime:0.0003s ]
SQL: SHOW COLUMNS FROM `qw_industry` [ RunTime:0.0061s ]
SQL: SELECT `id`,cn_imgiy as imgiy,`iysort` FROM `qw_industry` ORDER BY iysort LIMIT 4   [ RunTime:0.0006s ]
INFO: [ view_parse ] --START--
INFO: [ template_filter ] --START--
INFO: Run Behavior\ContentReplaceBehavior [ RunTime:0.000353s ]
INFO: [ template_filter ] --END-- [ RunTime:0.000657s ]
INFO: Run Behavior\ParseTemplateBehavior [ RunTime:0.047996s ]
INFO: [ view_parse ] --END-- [ RunTime:0.048407s ]
INFO: [ view_filter ] --START--
INFO: Run Behavior\WriteHtmlCacheBehavior [ RunTime:0.000886s ]
INFO: [ view_filter ] --END-- [ RunTime:0.001112s ]
INFO: [ app_end ] --START--
INFO: Run Behavior\ShowPageTraceBehavior [ RunTime:0.000874s ]
INFO: [ app_end ] --END-- [ RunTime:0.001043s ]

[ 2017-04-05T13:46:27+08:00 ] ::1 /guanwang/qwadmin/index.php/Home/Index/layer_mobile/layer.js
INFO: [ app_init ] --START--
INFO: Run Behavior\BuildLiteBehavior [ RunTime:0.000068s ]
INFO: [ app_init ] --END-- [ RunTime:0.001115s ]
INFO: [ app_begin ] --START--
INFO: Run Behavior\ReadHtmlCacheBehavior [ RunTime:0.001767s ]
INFO: Run Behavior\CheckLangBehavior [ RunTime:0.003043s ]
INFO: [ app_begin ] --END-- [ RunTime:0.005396s ]
SQL: SHOW COLUMNS FROM `qw_setting` [ RunTime:0.0077s ]
SQL: SELECT `k`,`v` FROM `qw_setting`  [ RunTime:0.0006s ]
ERR: 非法操作:layer_mobile

[ 2017-04-05T13:46:37+08:00 ] ::1 /guanwang/qwadmin/index.php/Home/Index/layer_mobile/layer.js
INFO: [ app_init ] --START--
INFO: Run Behavior\BuildLiteBehavior [ RunTime:0.000082s ]
INFO: [ app_init ] --END-- [ RunTime:0.001275s ]
INFO: [ app_begin ] --START--
INFO: Run Behavior\ReadHtmlCacheBehavior [ RunTime:0.001610s ]
INFO: Run Behavior\CheckLangBehavior [ RunTime:0.010279s ]
INFO: [ app_begin ] --END-- [ RunTime:0.012457s ]
SQL: SHOW COLUMNS FROM `qw_setting` [ RunTime:0.0061s ]
SQL: SELECT `k`,`v` FROM `qw_setting`  [ RunTime:0.0009s ]
ERR: 非法操作:layer_mobile

[ 2017-04-05T13:46:51+08:00 ] ::1 /guanwang/qwadmin/index.php/Home/Index/layer_mobile/layer.js
INFO: [ app_init ] --START--
INFO: Run Behavior\BuildLiteBehavior [ RunTime:0.000076s ]
INFO: [ app_init ] --END-- [ RunTime:0.000999s ]
INFO: [ app_begin ] --START--
INFO: Run Behavior\ReadHtmlCacheBehavior [ RunTime:0.004757s ]
INFO: Run Behavior\CheckLangBehavior [ RunTime:0.003555s ]
INFO: [ app_begin ] --END-- [ RunTime:0.009121s ]
SQL: SHOW COLUMNS FROM `qw_setting` [ RunTime:0.0546s ]
SQL: SELECT `k`,`v` FROM `qw_setting`  [ RunTime:0.0005s ]
ERR: 非法操作:layer_mobile

[ 2017-04-05T13:47:06+08:00 ] ::1 /guanwang/qwadmin/index.php/Home/Index/layer_mobile/layer.js
INFO: [ app_init ] --START--
INFO: Run Behavior\BuildLiteBehavior [ RunTime:0.000105s ]
INFO: [ app_init ] --END-- [ RunTime:0.002769s ]
INFO: [ app_begin ] --START--
INFO: Run Behavior\ReadHtmlCacheBehavior [ RunTime:0.007997s ]
INFO: Run Behavior\CheckLangBehavior [ RunTime:0.004242s ]
INFO: [ app_begin ] --END-- [ RunTime:0.012792s ]
SQL: SHOW COLUMNS FROM `qw_setting` [ RunTime:0.6624s ]
SQL: SELECT `k`,`v` FROM `qw_setting`  [ RunTime:0.0004s ]
ERR: 非法操作:layer_mobile

[ 2017-04-05T13:47:53+08:00 ] ::1 /guanwang/qwadmin/index.php/Home/Index/layer_mobile/layer.js
INFO: [ app_init ] --START--
INFO: Run Behavior\BuildLiteBehavior [ RunTime:0.000073s ]
INFO: [ app_init ] --END-- [ RunTime:0.000984s ]
INFO: [ app_begin ] --START--
INFO: Run Behavior\ReadHtmlCacheBehavior [ RunTime:0.004258s ]
INFO: Run Behavior\CheckLangBehavior [ RunTime:0.002886s ]
INFO: [ app_begin ] --END-- [ RunTime:0.008324s ]
SQL: SHOW COLUMNS FROM `qw_setting` [ RunTime:0.0059s ]
SQL: SELECT `k`,`v` FROM `qw_setting`  [ RunTime:0.0017s ]
ERR: 非法操作:layer_mobile

[ 2017-04-05T13:53:41+08:00 ] ::1 /guanwang/qwadmin/index.php/Home/Index/layer_mobile/layer.js
INFO: [ app_init ] --START--
INFO: Run Behavior\BuildLiteBehavior [ RunTime:0.000076s ]
INFO: [ app_init ] --END-- [ RunTime:0.001028s ]
INFO: [ app_begin ] --START--
INFO: Run Behavior\ReadHtmlCacheBehavior [ RunTime:0.007352s ]
INFO: Run Behavior\CheckLangBehavior [ RunTime:0.003302s ]
INFO: [ app_begin ] --END-- [ RunTime:0.011313s ]
SQL: SHOW COLUMNS FROM `qw_setting` [ RunTime:0.0233s ]
SQL: SELECT `k`,`v` FROM `qw_setting`  [ RunTime:0.0006s ]
ERR: 非法操作:layer_mobile

[ 2017-04-05T13:54:08+08:00 ] ::1 /guanwang/qwadmin/index.php/Home/Index/layer_mobile/layer.js
INFO: [ app_init ] --START--
INFO: Run Behavior\BuildLiteBehavior [ RunTime:0.000071s ]
INFO: [ app_init ] --END-- [ RunTime:0.000928s ]
INFO: [ app_begin ] --START--
INFO: Run Behavior\ReadHtmlCacheBehavior [ RunTime:0.001484s ]
INFO: Run Behavior\CheckLangBehavior [ RunTime:0.003507s ]
INFO: [ app_begin ] --END-- [ RunTime:0.005663s ]
SQL: SHOW COLUMNS FROM `qw_setting` [ RunTime:0.0041s ]
SQL: SELECT `k`,`v` FROM `qw_setting`  [ RunTime:0.0003s ]
ERR: 非法操作:layer_mobile

[ 2017-04-05T13:54:19+08:00 ] ::1 /guanwang/qwadmin/index.php/Home/Index/layer_mobile/layer.js
INFO: [ app_init ] --START--
INFO: Run Behavior\BuildLiteBehavior [ RunTime:0.000071s ]
INFO: [ app_init ] --END-- [ RunTime:0.000858s ]
INFO: [ app_begin ] --START--
INFO: Run Behavior\ReadHtmlCacheBehavior [ RunTime:0.004363s ]
INFO: Run Behavior\CheckLangBehavior [ RunTime:0.001778s ]
INFO: [ app_begin ] --END-- [ RunTime:0.007272s ]
SQL: SHOW COLUMNS FROM `qw_setting` [ RunTime:0.0769s ]
SQL: SELECT `k`,`v` FROM `qw_setting`  [ RunTime:0.0005s ]
ERR: 非法操作:layer_mobile

[ 2017-04-05T13:54:24+08:00 ] ::1 /guanwang/qwadmin/index.php/Home/Index/layer_mobile/layer.js
INFO: [ app_init ] --START--
INFO: Run Behavior\BuildLiteBehavior [ RunTime:0.000044s ]
INFO: [ app_init ] --END-- [ RunTime:0.000706s ]
INFO: [ app_begin ] --START--
INFO: Run Behavior\ReadHtmlCacheBehavior [ RunTime:0.004368s ]
INFO: Run Behavior\CheckLangBehavior [ RunTime:0.002513s ]
INFO: [ app_begin ] --END-- [ RunTime:0.007454s ]
SQL: SHOW COLUMNS FROM `qw_setting` [ RunTime:0.0060s ]
SQL: SELECT `k`,`v` FROM `qw_setting`  [ RunTime:0.0004s ]
ERR: 非法操作:layer_mobile

[ 2017-04-05T13:55:11+08:00 ] ::1 /guanwang/qwadmin/index.php/Home/Index/Index.html
INFO: [ app_init ] --START--
INFO: Run Behavior\BuildLiteBehavior [ RunTime:0.000046s ]
INFO: [ app_init ] --END-- [ RunTime:0.000613s ]
INFO: [ app_begin ] --START--
INFO: Run Behavior\ReadHtmlCacheBehavior [ RunTime:0.000858s ]
INFO: Run Behavior\CheckLangBehavior [ RunTime:0.001611s ]
INFO: [ app_begin ] --END-- [ RunTime:0.002748s ]
SQL: SHOW COLUMNS FROM `qw_setting` [ RunTime:0.0051s ]
SQL: SELECT `k`,`v` FROM `qw_setting`  [ RunTime:0.0003s ]
SQL: SHOW COLUMNS FROM `qw_flashview` [ RunTime:0.0040s ]
SQL: SELECT `id`,cn_flashviewpc as flashviewpc,cn_fwshowpc as fwshowpc,cn_fwlink as fwlink,`fwsort` FROM `qw_flashview` ORDER BY fwsort  [ RunTime:0.0003s ]

[ 2017-04-05T13:55:30+08:00 ] ::1 /guanwang/qwadmin/index.php/Home/Index/Index.html
INFO: [ app_init ] --START--
INFO: Run Behavior\BuildLiteBehavior [ RunTime:0.000037s ]
INFO: [ app_init ] --END-- [ RunTime:0.000578s ]
INFO: [ app_begin ] --START--
INFO: Run Behavior\ReadHtmlCacheBehavior [ RunTime:0.000845s ]
INFO: Run Behavior\CheckLangBehavior [ RunTime:0.001659s ]
INFO: [ app_begin ] --END-- [ RunTime:0.002777s ]
SQL: SHOW COLUMNS FROM `qw_setting` [ RunTime:0.0056s ]
SQL: SELECT `k`,`v` FROM `qw_setting`  [ RunTime:0.0003s ]
SQL: SHOW COLUMNS FROM `qw_flashview` [ RunTime:0.0042s ]
SQL: SELECT `id`,cn_flashviewpc as flashviewpc,cn_fwshowpc as fwshowpc,cn_fwlink as fwlink,`fwsort` FROM `qw_flashview` ORDER BY fwsort  [ RunTime:0.0004s ]
SQL: SHOW COLUMNS FROM `qw_industry` [ RunTime:0.0083s ]
SQL: SELECT `id`,cn_imgiy as imgiy,`iysort` FROM `qw_industry` ORDER BY iysort LIMIT 4   [ RunTime:0.0005s ]
INFO: [ view_parse ] --START--
INFO: [ template_filter ] --START--
INFO: Run Behavior\ContentReplaceBehavior [ RunTime:0.000303s ]
INFO: [ template_filter ] --END-- [ RunTime:0.000720s ]
INFO: Run Behavior\ParseTemplateBehavior [ RunTime:0.034641s ]
INFO: [ view_parse ] --END-- [ RunTime:0.034849s ]
INFO: [ view_filter ] --START--
INFO: Run Behavior\WriteHtmlCacheBehavior [ RunTime:0.000697s ]
INFO: [ view_filter ] --END-- [ RunTime:0.000889s ]
INFO: [ app_end ] --START--
INFO: Run Behavior\ShowPageTraceBehavior [ RunTime:0.001189s ]
INFO: [ app_end ] --END-- [ RunTime:0.001368s ]

[ 2017-04-05T13:55:30+08:00 ] ::1 /guanwang/qwadmin/index.php/Home/Index/layer_mobile/layer.js
INFO: [ app_init ] --START--
INFO: Run Behavior\BuildLiteBehavior [ RunTime:0.000076s ]
INFO: [ app_init ] --END-- [ RunTime:0.000828s ]
INFO: [ app_begin ] --START--
INFO: Run Behavior\ReadHtmlCacheBehavior [ RunTime:0.001719s ]
INFO: Run Behavior\CheckLangBehavior [ RunTime:0.005075s ]
INFO: [ app_begin ] --END-- [ RunTime:0.007389s ]
SQL: SHOW COLUMNS FROM `qw_setting` [ RunTime:0.0175s ]
SQL: SELECT `k`,`v` FROM `qw_setting`  [ RunTime:0.0006s ]
ERR: 非法操作:layer_mobile

[ 2017-04-05T13:55:36+08:00 ] ::1 /guanwang/qwadmin/index.php/Home/Index/layer_mobile/layer.js
INFO: [ app_init ] --START--
INFO: Run Behavior\BuildLiteBehavior [ RunTime:0.000041s ]
INFO: [ app_init ] --END-- [ RunTime:0.000720s ]
INFO: [ app_begin ] --START--
INFO: Run Behavior\ReadHtmlCacheBehavior [ RunTime:0.003673s ]
INFO: Run Behavior\CheckLangBehavior [ RunTime:0.003515s ]
INFO: [ app_begin ] --END-- [ RunTime:0.008217s ]
SQL: SHOW COLUMNS FROM `qw_setting` [ RunTime:0.0048s ]
SQL: SELECT `k`,`v` FROM `qw_setting`  [ RunTime:0.0005s ]
ERR: 非法操作:layer_mobile

[ 2017-04-05T13:55:38+08:00 ] ::1 /guanwang/qwadmin/index.php/Home/Index/Index.html
INFO: [ app_init ] --START--
INFO: Run Behavior\BuildLiteBehavior [ RunTime:0.000077s ]
INFO: [ app_init ] --END-- [ RunTime:0.001081s ]
INFO: [ app_begin ] --START--
INFO: Run Behavior\ReadHtmlCacheBehavior [ RunTime:0.002077s ]
INFO: Run Behavior\CheckLangBehavior [ RunTime:0.002330s ]
INFO: [ app_begin ] --END-- [ RunTime:0.005636s ]
SQL: SHOW COLUMNS FROM `qw_setting` [ RunTime:0.0085s ]
SQL: SELECT `k`,`v` FROM `qw_setting`  [ RunTime:0.0004s ]
SQL: SHOW COLUMNS FROM `qw_flashview` [ RunTime:0.0039s ]
SQL: SELECT `id`,cn_flashviewpc as flashviewpc,cn_fwshowpc as fwshowpc,cn_fwlink as fwlink,`fwsort` FROM `qw_flashview` ORDER BY fwsort  [ RunTime:0.0003s ]
SQL: SHOW COLUMNS FROM `qw_industry` [ RunTime:0.0090s ]
SQL: SELECT `id`,cn_imgiy as imgiy,`iysort` FROM `qw_industry` ORDER BY iysort LIMIT 4   [ RunTime:0.0005s ]
INFO: [ view_parse ] --START--
INFO: [ template_filter ] --START--
INFO: Run Behavior\ContentReplaceBehavior [ RunTime:0.000226s ]
INFO: [ template_filter ] --END-- [ RunTime:0.000431s ]
INFO: Run Behavior\ParseTemplateBehavior [ RunTime:0.050782s ]
INFO: [ view_parse ] --END-- [ RunTime:0.051038s ]
INFO: [ view_filter ] --START--
INFO: Run Behavior\WriteHtmlCacheBehavior [ RunTime:0.000716s ]
INFO: [ view_filter ] --END-- [ RunTime:0.000910s ]
INFO: [ app_end ] --START--
INFO: Run Behavior\ShowPageTraceBehavior [ RunTime:0.002325s ]
INFO: [ app_end ] --END-- [ RunTime:0.002524s ]

[ 2017-04-05T13:55:39+08:00 ] ::1 /guanwang/qwadmin/index.php/Home/Index/layer_mobile/layer.js
INFO: [ app_init ] --START--
INFO: Run Behavior\BuildLiteBehavior [ RunTime:0.000078s ]
INFO: [ app_init ] --END-- [ RunTime:0.001287s ]
INFO: [ app_begin ] --START--
INFO: Run Behavior\ReadHtmlCacheBehavior [ RunTime:0.001066s ]
INFO: Run Behavior\CheckLangBehavior [ RunTime:0.002755s ]
INFO: [ app_begin ] --END-- [ RunTime:0.004324s ]
SQL: SHOW COLUMNS FROM `qw_setting` [ RunTime:0.0058s ]
SQL: SELECT `k`,`v` FROM `qw_setting`  [ RunTime:0.0004s ]
ERR: 非法操作:layer_mobile

[ 2017-04-05T13:55:39+08:00 ] ::1 /guanwang/qwadmin/index.php/Home/Index/layer_mobile/layer.js
INFO: [ app_init ] --START--
INFO: Run Behavior\BuildLiteBehavior [ RunTime:0.000253s ]
INFO: [ app_init ] --END-- [ RunTime:0.001513s ]
INFO: [ app_begin ] --START--
INFO: Run Behavior\ReadHtmlCacheBehavior [ RunTime:0.000859s ]
INFO: Run Behavior\CheckLangBehavior [ RunTime:0.002116s ]
INFO: [ app_begin ] --END-- [ RunTime:0.003363s ]
SQL: SHOW COLUMNS FROM `qw_setting` [ RunTime:0.0046s ]
SQL: SELECT `k`,`v` FROM `qw_setting`  [ RunTime:0.0002s ]
ERR: 非法操作:layer_mobile

[ 2017-04-05T13:55:43+08:00 ] ::1 /guanwang/qwadmin/index.php/Home/Index/layer_mobile/layer.js
INFO: [ app_init ] --START--
INFO: Run Behavior\BuildLiteBehavior [ RunTime:0.000045s ]
INFO: [ app_init ] --END-- [ RunTime:0.000937s ]
INFO: [ app_begin ] --START--
INFO: Run Behavior\ReadHtmlCacheBehavior [ RunTime:0.001526s ]
INFO: Run Behavior\CheckLangBehavior [ RunTime:0.002688s ]
INFO: [ app_begin ] --END-- [ RunTime:0.004811s ]
SQL: SHOW COLUMNS FROM `qw_setting` [ RunTime:0.0049s ]
SQL: SELECT `k`,`v` FROM `qw_setting`  [ RunTime:0.0004s ]
ERR: 非法操作:layer_mobile

[ 2017-04-05T13:55:49+08:00 ] ::1 /guanwang/qwadmin/index.php/Home/Index/layer_mobile/layer.js
INFO: [ app_init ] --START--
INFO: Run Behavior\BuildLiteBehavior [ RunTime:0.000042s ]
INFO: [ app_init ] --END-- [ RunTime:0.000652s ]
INFO: [ app_begin ] --START--
INFO: Run Behavior\ReadHtmlCacheBehavior [ RunTime:0.001305s ]
INFO: Run Behavior\CheckLangBehavior [ RunTime:0.002209s ]
INFO: [ app_begin ] --END-- [ RunTime:0.004046s ]
SQL: SHOW COLUMNS FROM `qw_setting` [ RunTime:0.0049s ]
SQL: SELECT `k`,`v` FROM `qw_setting`  [ RunTime:0.0008s ]
ERR: 非法操作:layer_mobile

[ 2017-04-05T13:55:56+08:00 ] ::1 /guanwang/qwadmin/index.php/Home/Index/layer_mobile/layer.js
INFO: [ app_init ] --START--
INFO: Run Behavior\BuildLiteBehavior [ RunTime:0.000367s ]
INFO: [ app_init ] --END-- [ RunTime:0.001637s ]
INFO: [ app_begin ] --START--
INFO: Run Behavior\ReadHtmlCacheBehavior [ RunTime:0.001768s ]
INFO: Run Behavior\CheckLangBehavior [ RunTime:0.002405s ]
INFO: [ app_begin ] --END-- [ RunTime:0.004785s ]
SQL: SHOW COLUMNS FROM `qw_setting` [ RunTime:0.0078s ]
SQL: SELECT `k`,`v` FROM `qw_setting`  [ RunTime:0.0005s ]
ERR: 非法操作:layer_mobile

[ 2017-04-05T13:56:18+08:00 ] ::1 /guanwang/qwadmin/index.php/Home/Index/Index.html
INFO: [ app_init ] --START--
INFO: Run Behavior\BuildLiteBehavior [ RunTime:0.000042s ]
INFO: [ app_init ] --END-- [ RunTime:0.000655s ]
INFO: [ app_begin ] --START--
INFO: Run Behavior\ReadHtmlCacheBehavior [ RunTime:0.001641s ]
INFO: Run Behavior\CheckLangBehavior [ RunTime:0.001639s ]
INFO: [ app_begin ] --END-- [ RunTime:0.003692s ]
SQL: SHOW COLUMNS FROM `qw_setting` [ RunTime:0.0043s ]
SQL: SELECT `k`,`v` FROM `qw_setting`  [ RunTime:0.0003s ]
SQL: SHOW COLUMNS FROM `qw_flashview` [ RunTime:0.0063s ]
SQL: SELECT `id`,cn_flashviewpc as flashviewpc,cn_fwshowpc as fwshowpc,cn_fwlink as fwlink,`fwsort` FROM `qw_flashview` ORDER BY fwsort  [ RunTime:0.0004s ]
SQL: SHOW COLUMNS FROM `qw_industry` [ RunTime:0.0043s ]
SQL: SELECT `id`,cn_imgiy as imgiy,`iysort` FROM `qw_industry` ORDER BY iysort LIMIT 4   [ RunTime:0.0004s ]
INFO: [ view_parse ] --START--
INFO: [ template_filter ] --START--
INFO: Run Behavior\ContentReplaceBehavior [ RunTime:0.000479s ]
INFO: [ template_filter ] --END-- [ RunTime:0.001013s ]
INFO: Run Behavior\ParseTemplateBehavior [ RunTime:0.044091s ]
INFO: [ view_parse ] --END-- [ RunTime:0.044394s ]
INFO: [ view_filter ] --START--
INFO: Run Behavior\WriteHtmlCacheBehavior [ RunTime:0.000701s ]
INFO: [ view_filter ] --END-- [ RunTime:0.000904s ]
INFO: [ app_end ] --START--
INFO: Run Behavior\ShowPageTraceBehavior [ RunTime:0.000869s ]
INFO: [ app_end ] --END-- [ RunTime:0.001035s ]

[ 2017-04-05T13:56:18+08:00 ] ::1 /guanwang/qwadmin/index.php/Home/Index/layer_mobile/layer.js
INFO: [ app_init ] --START--
INFO: Run Behavior\BuildLiteBehavior [ RunTime:0.000047s ]
INFO: [ app_init ] --END-- [ RunTime:0.001256s ]
INFO: [ app_begin ] --START--
INFO: Run Behavior\ReadHtmlCacheBehavior [ RunTime:0.002567s ]
INFO: Run Behavior\CheckLangBehavior [ RunTime:0.002744s ]
INFO: [ app_begin ] --END-- [ RunTime:0.006064s ]
SQL: SHOW COLUMNS FROM `qw_setting` [ RunTime:0.0040s ]
SQL: SELECT `k`,`v` FROM `qw_setting`  [ RunTime:0.0013s ]
ERR: 非法操作:layer_mobile

[ 2017-04-05T13:56:24+08:00 ] ::1 /guanwang/qwadmin/index.php/Home/Index/layer_mobile/layer.js
INFO: [ app_init ] --START--
INFO: Run Behavior\BuildLiteBehavior [ RunTime:0.000067s ]
INFO: [ app_init ] --END-- [ RunTime:0.000890s ]
INFO: [ app_begin ] --START--
INFO: Run Behavior\ReadHtmlCacheBehavior [ RunTime:0.001699s ]
INFO: Run Behavior\CheckLangBehavior [ RunTime:0.002114s ]
INFO: [ app_begin ] --END-- [ RunTime:0.005152s ]
SQL: SHOW COLUMNS FROM `qw_setting` [ RunTime:0.0058s ]
SQL: SELECT `k`,`v` FROM `qw_setting`  [ RunTime:0.0004s ]
ERR: 非法操作:layer_mobile

[ 2017-04-05T13:57:15+08:00 ] ::1 /guanwang/qwadmin/index.php/Home/Index/Index.html
INFO: [ app_init ] --START--
INFO: Run Behavior\BuildLiteBehavior [ RunTime:0.000038s ]
INFO: [ app_init ] --END-- [ RunTime:0.000695s ]
INFO: [ app_begin ] --START--
INFO: Run Behavior\ReadHtmlCacheBehavior [ RunTime:0.001500s ]
INFO: Run Behavior\CheckLangBehavior [ RunTime:0.002986s ]
INFO: [ app_begin ] --END-- [ RunTime:0.005010s ]
SQL: SHOW COLUMNS FROM `qw_setting` [ RunTime:0.0042s ]
SQL: SELECT `k`,`v` FROM `qw_setting`  [ RunTime:0.0006s ]
SQL: SHOW COLUMNS FROM `qw_flashview` [ RunTime:0.0060s ]
SQL: SELECT `id`,cn_flashviewpc as flashviewpc,cn_fwshowpc as fwshowpc,cn_fwlink as fwlink,`fwsort` FROM `qw_flashview` ORDER BY fwsort  [ RunTime:0.0006s ]
SQL: SHOW COLUMNS FROM `qw_industry` [ RunTime:0.0048s ]
SQL: SELECT `id`,cn_imgiy as imgiy,`iysort` FROM `qw_industry` ORDER BY iysort LIMIT 4   [ RunTime:0.0003s ]
INFO: [ view_parse ] --START--
INFO: [ template_filter ] --START--
INFO: Run Behavior\ContentReplaceBehavior [ RunTime:0.000221s ]
INFO: [ template_filter ] --END-- [ RunTime:0.000471s ]
INFO: Run Behavior\ParseTemplateBehavior [ RunTime:0.031446s ]
INFO: [ view_parse ] --END-- [ RunTime:0.031713s ]
INFO: [ view_filter ] --START--
INFO: Run Behavior\WriteHtmlCacheBehavior [ RunTime:0.000628s ]
INFO: [ view_filter ] --END-- [ RunTime:0.000798s ]
INFO: [ app_end ] --START--
INFO: Run Behavior\ShowPageTraceBehavior [ RunTime:0.002225s ]
INFO: [ app_end ] --END-- [ RunTime:0.002470s ]

[ 2017-04-05T13:57:16+08:00 ] ::1 /guanwang/qwadmin/index.php/Home/Index/layer_mobile/layer.js
INFO: [ app_init ] --START--
INFO: Run Behavior\BuildLiteBehavior [ RunTime:0.000041s ]
INFO: [ app_init ] --END-- [ RunTime:0.000769s ]
INFO: [ app_begin ] --START--
INFO: Run Behavior\ReadHtmlCacheBehavior [ RunTime:0.007602s ]
INFO: Run Behavior\CheckLangBehavior [ RunTime:0.003540s ]
INFO: [ app_begin ] --END-- [ RunTime:0.012746s ]
SQL: SHOW COLUMNS FROM `qw_setting` [ RunTime:0.0056s ]
SQL: SELECT `k`,`v` FROM `qw_setting`  [ RunTime:0.0003s ]
ERR: 非法操作:layer_mobile

[ 2017-04-05T13:57:21+08:00 ] ::1 /guanwang/qwadmin/index.php/Home/Index/layer_mobile/layer.js
INFO: [ app_init ] --START--
INFO: Run Behavior\BuildLiteBehavior [ RunTime:0.000077s ]
INFO: [ app_init ] --END-- [ RunTime:0.001028s ]
INFO: [ app_begin ] --START--
INFO: Run Behavior\ReadHtmlCacheBehavior [ RunTime:0.001657s ]
INFO: Run Behavior\CheckLangBehavior [ RunTime:0.002110s ]
INFO: [ app_begin ] --END-- [ RunTime:0.004374s ]
SQL: SHOW COLUMNS FROM `qw_setting` [ RunTime:0.0053s ]
SQL: SELECT `k`,`v` FROM `qw_setting`  [ RunTime:0.0004s ]
ERR: 非法操作:layer_mobile

[ 2017-04-05T13:57:25+08:00 ] ::1 /guanwang/qwadmin/index.php/Home/Index/layer_mobile/layer.js
INFO: [ app_init ] --START--
INFO: Run Behavior\BuildLiteBehavior [ RunTime:0.000077s ]
INFO: [ app_init ] --END-- [ RunTime:0.001112s ]
INFO: [ app_begin ] --START--
INFO: Run Behavior\ReadHtmlCacheBehavior [ RunTime:0.001209s ]
INFO: Run Behavior\CheckLangBehavior [ RunTime:0.003103s ]
INFO: [ app_begin ] --END-- [ RunTime:0.005027s ]
SQL: SHOW COLUMNS FROM `qw_setting` [ RunTime:0.0078s ]
SQL: SELECT `k`,`v` FROM `qw_setting`  [ RunTime:0.0005s ]
ERR: 非法操作:layer_mobile

[ 2017-04-05T13:57:28+08:00 ] ::1 /guanwang/qwadmin/index.php/Home/Index/product-details.html
INFO: [ app_init ] --START--
INFO: Run Behavior\BuildLiteBehavior [ RunTime:0.000040s ]
INFO: [ app_init ] --END-- [ RunTime:0.000558s ]
INFO: [ app_begin ] --START--
INFO: Run Behavior\ReadHtmlCacheBehavior [ RunTime:0.001294s ]
INFO: Run Behavior\CheckLangBehavior [ RunTime:0.001813s ]
INFO: [ app_begin ] --END-- [ RunTime:0.003434s ]
SQL: SHOW COLUMNS FROM `qw_setting` [ RunTime:0.0040s ]
SQL: SELECT `k`,`v` FROM `qw_setting`  [ RunTime:0.0003s ]
ERR: 非法操作:product-details

[ 2017-04-05T13:57:29+08:00 ] ::1 /guanwang/qwadmin/index.php/Home/Index/layer_mobile/layer.js
INFO: [ app_init ] --START--
INFO: Run Behavior\BuildLiteBehavior [ RunTime:0.000078s ]
INFO: [ app_init ] --END-- [ RunTime:0.000993s ]
INFO: [ app_begin ] --START--
INFO: Run Behavior\ReadHtmlCacheBehavior [ RunTime:0.001172s ]
INFO: Run Behavior\CheckLangBehavior [ RunTime:0.002435s ]
INFO: [ app_begin ] --END-- [ RunTime:0.004174s ]
SQL: SHOW COLUMNS FROM `qw_setting` [ RunTime:0.0057s ]
SQL: SELECT `k`,`v` FROM `qw_setting`  [ RunTime:0.0003s ]
ERR: 非法操作:layer_mobile

[ 2017-04-05T13:57:32+08:00 ] ::1 /guanwang/qwadmin/index.php/Home/Index/product-details.html
INFO: [ app_init ] --START--
INFO: Run Behavior\BuildLiteBehavior [ RunTime:0.000131s ]
INFO: [ app_init ] --END-- [ RunTime:0.001360s ]
INFO: [ app_begin ] --START--
INFO: Run Behavior\ReadHtmlCacheBehavior [ RunTime:0.000722s ]
INFO: Run Behavior\CheckLangBehavior [ RunTime:0.001164s ]
INFO: [ app_begin ] --END-- [ RunTime:0.002175s ]
SQL: SHOW COLUMNS FROM `qw_setting` [ RunTime:0.0053s ]
SQL: SELECT `k`,`v` FROM `qw_setting`  [ RunTime:0.0005s ]
ERR: 非法操作:product-details

[ 2017-04-05T13:57:33+08:00 ] ::1 /guanwang/qwadmin/index.php/Home/Index/layer_mobile/layer.js
INFO: [ app_init ] --START--
INFO: Run Behavior\BuildLiteBehavior [ RunTime:0.000077s ]
INFO: [ app_init ] --END-- [ RunTime:0.000896s ]
INFO: [ app_begin ] --START--
INFO: Run Behavior\ReadHtmlCacheBehavior [ RunTime:0.001093s ]
INFO: Run Behavior\CheckLangBehavior [ RunTime:0.001923s ]
INFO: [ app_begin ] --END-- [ RunTime:0.003576s ]
SQL: SHOW COLUMNS FROM `qw_setting` [ RunTime:0.0049s ]
SQL: SELECT `k`,`v` FROM `qw_setting`  [ RunTime:0.0007s ]
ERR: 非法操作:layer_mobile

[ 2017-04-05T13:57:37+08:00 ] ::1 /guanwang/qwadmin/index.php/Home/Index/layer_mobile/layer.js
INFO: [ app_init ] --START--
INFO: Run Behavior\BuildLiteBehavior [ RunTime:0.000073s ]
INFO: [ app_init ] --END-- [ RunTime:0.000957s ]
INFO: [ app_begin ] --START--
INFO: Run Behavior\ReadHtmlCacheBehavior [ RunTime:0.000745s ]
INFO: Run Behavior\CheckLangBehavior [ RunTime:0.001187s ]
INFO: [ app_begin ] --END-- [ RunTime:0.002235s ]
SQL: SHOW COLUMNS FROM `qw_setting` [ RunTime:0.0061s ]
SQL: SELECT `k`,`v` FROM `qw_setting`  [ RunTime:0.0005s ]
ERR: 非法操作:layer_mobile

[ 2017-04-05T13:57:42+08:00 ] ::1 /guanwang/qwadmin/index.php/Home/Index/layer_mobile/layer.js
INFO: [ app_init ] --START--
INFO: Run Behavior\BuildLiteBehavior [ RunTime:0.000065s ]
INFO: [ app_init ] --END-- [ RunTime:0.000849s ]
INFO: [ app_begin ] --START--
INFO: Run Behavior\ReadHtmlCacheBehavior [ RunTime:0.001445s ]
INFO: Run Behavior\CheckLangBehavior [ RunTime:0.004243s ]
INFO: [ app_begin ] --END-- [ RunTime:0.006570s ]
SQL: SHOW COLUMNS FROM `qw_setting` [ RunTime:0.0055s ]
SQL: SELECT `k`,`v` FROM `qw_setting`  [ RunTime:0.0007s ]
ERR: 非法操作:layer_mobile

[ 2017-04-05T13:57:47+08:00 ] ::1 /guanwang/qwadmin/index.php/Home/Index/layer_mobile/layer.js
INFO: [ app_init ] --START--
INFO: Run Behavior\BuildLiteBehavior [ RunTime:0.000078s ]
INFO: [ app_init ] --END-- [ RunTime:0.001117s ]
INFO: [ app_begin ] --START--
INFO: Run Behavior\ReadHtmlCacheBehavior [ RunTime:0.002624s ]
INFO: Run Behavior\CheckLangBehavior [ RunTime:0.003638s ]
INFO: [ app_begin ] --END-- [ RunTime:0.006829s ]
SQL: SHOW COLUMNS FROM `qw_setting` [ RunTime:0.0456s ]
SQL: SELECT `k`,`v` FROM `qw_setting`  [ RunTime:0.0006s ]
ERR: 非法操作:layer_mobile

[ 2017-04-05T13:57:50+08:00 ] ::1 /guanwang/qwadmin/index.php/Home/Index/layer_mobile/layer.js
INFO: [ app_init ] --START--
INFO: Run Behavior\BuildLiteBehavior [ RunTime:0.000045s ]
INFO: [ app_init ] --END-- [ RunTime:0.000969s ]
INFO: [ app_begin ] --START--
INFO: Run Behavior\ReadHtmlCacheBehavior [ RunTime:0.001352s ]
INFO: Run Behavior\CheckLangBehavior [ RunTime:0.001708s ]
INFO: [ app_begin ] --END-- [ RunTime:0.003647s ]
SQL: SHOW COLUMNS FROM `qw_setting` [ RunTime:0.0064s ]
SQL: SELECT `k`,`v` FROM `qw_setting`  [ RunTime:0.0004s ]
ERR: 非法操作:layer_mobile

[ 2017-04-05T13:57:54+08:00 ] ::1 /guanwang/qwadmin/index.php/Home/Index/layer_mobile/layer.js
INFO: [ app_init ] --START--
INFO: Run Behavior\BuildLiteBehavior [ RunTime:0.000050s ]
INFO: [ app_init ] --END-- [ RunTime:0.000599s ]
INFO: [ app_begin ] --START--
INFO: Run Behavior\ReadHtmlCacheBehavior [ RunTime:0.000946s ]
INFO: Run Behavior\CheckLangBehavior [ RunTime:0.002384s ]
INFO: [ app_begin ] --END-- [ RunTime:0.003848s ]
SQL: SHOW COLUMNS FROM `qw_setting` [ RunTime:0.0048s ]
SQL: SELECT `k`,`v` FROM `qw_setting`  [ RunTime:0.0003s ]
ERR: 非法操作:layer_mobile

[ 2017-04-05T13:58:04+08:00 ] ::1 /guanwang/qwadmin/index.php/Home/Index/layer_mobile/layer.js
INFO: [ app_init ] --START--
INFO: Run Behavior\BuildLiteBehavior [ RunTime:0.000044s ]
INFO: [ app_init ] --END-- [ RunTime:0.000778s ]
INFO: [ app_begin ] --START--
INFO: Run Behavior\ReadHtmlCacheBehavior [ RunTime:0.000831s ]
INFO: Run Behavior\CheckLangBehavior [ RunTime:0.001370s ]
INFO: [ app_begin ] --END-- [ RunTime:0.002581s ]
SQL: SHOW COLUMNS FROM `qw_setting` [ RunTime:0.0050s ]
SQL: SELECT `k`,`v` FROM `qw_setting`  [ RunTime:0.0004s ]
ERR: 非法操作:layer_mobile

[ 2017-04-05T13:58:08+08:00 ] ::1 /guanwang/qwadmin/index.php/Home/Index/layer_mobile/layer.js
INFO: [ app_init ] --START--
INFO: Run Behavior\BuildLiteBehavior [ RunTime:0.000042s ]
INFO: [ app_init ] --END-- [ RunTime:0.000625s ]
INFO: [ app_begin ] --START--
INFO: Run Behavior\ReadHtmlCacheBehavior [ RunTime:0.000882s ]
INFO: Run Behavior\CheckLangBehavior [ RunTime:0.001408s ]
INFO: [ app_begin ] --END-- [ RunTime:0.002609s ]
SQL: SHOW COLUMNS FROM `qw_setting` [ RunTime:0.0058s ]
SQL: SELECT `k`,`v` FROM `qw_setting`  [ RunTime:0.0003s ]
ERR: 非法操作:layer_mobile

[ 2017-04-05T13:58:57+08:00 ] ::1 /guanwang/qwadmin/index.php/Home/Index/Index.html
INFO: [ app_init ] --START--
INFO: Run Behavior\BuildLiteBehavior [ RunTime:0.000075s ]
INFO: [ app_init ] --END-- [ RunTime:0.001223s ]
INFO: [ app_begin ] --START--
INFO: Run Behavior\ReadHtmlCacheBehavior [ RunTime:0.000884s ]
INFO: Run Behavior\CheckLangBehavior [ RunTime:0.001573s ]
INFO: [ app_begin ] --END-- [ RunTime:0.002867s ]
SQL: SHOW COLUMNS FROM `qw_setting` [ RunTime:0.0054s ]
SQL: SELECT `k`,`v` FROM `qw_setting`  [ RunTime:0.0004s ]
SQL: SHOW COLUMNS FROM `qw_flashview` [ RunTime:0.0071s ]
SQL: SELECT `id`,cn_flashviewpc as flashviewpc,cn_fwshowpc as fwshowpc,cn_fwlink as fwlink,`fwsort` FROM `qw_flashview` ORDER BY fwsort  [ RunTime:0.0005s ]
SQL: SHOW COLUMNS FROM `qw_industry` [ RunTime:0.0218s ]
SQL: SELECT `id`,cn_imgiy as imgiy,`iysort` FROM `qw_industry` ORDER BY iysort LIMIT 4   [ RunTime:0.0006s ]
INFO: [ view_parse ] --START--
INFO: [ template_filter ] --START--
INFO: Run Behavior\ContentReplaceBehavior [ RunTime:0.000344s ]
INFO: [ template_filter ] --END-- [ RunTime:0.000696s ]
INFO: Run Behavior\ParseTemplateBehavior [ RunTime:0.063906s ]
INFO: [ view_parse ] --END-- [ RunTime:0.064289s ]
INFO: [ view_filter ] --START--
INFO: Run Behavior\WriteHtmlCacheBehavior [ RunTime:0.001209s ]
INFO: [ view_filter ] --END-- [ RunTime:0.001741s ]
INFO: [ app_end ] --START--
INFO: Run Behavior\ShowPageTraceBehavior [ RunTime:0.001638s ]
INFO: [ app_end ] --END-- [ RunTime:0.001983s ]

[ 2017-04-05T13:58:58+08:00 ] ::1 /guanwang/qwadmin/index.php/Home/Index/layer_mobile/layer.js
INFO: [ app_init ] --START--
INFO: Run Behavior\BuildLiteBehavior [ RunTime:0.000082s ]
INFO: [ app_init ] --END-- [ RunTime:0.005488s ]
INFO: [ app_begin ] --START--
INFO: Run Behavior\ReadHtmlCacheBehavior [ RunTime:0.002323s ]
INFO: Run Behavior\CheckLangBehavior [ RunTime:0.001546s ]
INFO: [ app_begin ] --END-- [ RunTime:0.004403s ]
SQL: SHOW COLUMNS FROM `qw_setting` [ RunTime:0.0858s ]
SQL: SELECT `k`,`v` FROM `qw_setting`  [ RunTime:0.0012s ]
ERR: 非法操作:layer_mobile

[ 2017-04-05T13:59:03+08:00 ] ::1 /guanwang/qwadmin/index.php/Home/Index/layer_mobile/layer.js
INFO: [ app_init ] --START--
INFO: Run Behavior\BuildLiteBehavior [ RunTime:0.000075s ]
INFO: [ app_init ] --END-- [ RunTime:0.001707s ]
INFO: [ app_begin ] --START--
INFO: Run Behavior\ReadHtmlCacheBehavior [ RunTime:0.003451s ]
INFO: Run Behavior\CheckLangBehavior [ RunTime:0.007485s ]
INFO: [ app_begin ] --END-- [ RunTime:0.011513s ]
SQL: SHOW COLUMNS FROM `qw_setting` [ RunTime:0.0068s ]
SQL: SELECT `k`,`v` FROM `qw_setting`  [ RunTime:0.0004s ]
ERR: 非法操作:layer_mobile

[ 2017-04-05T14:00:15+08:00 ] ::1 /guanwang/qwadmin/index.php/Home/Index/Index.html
INFO: [ app_init ] --START--
INFO: Run Behavior\BuildLiteBehavior [ RunTime:0.000066s ]
INFO: [ app_init ] --END-- [ RunTime:0.001399s ]
INFO: [ app_begin ] --START--
INFO: Run Behavior\ReadHtmlCacheBehavior [ RunTime:0.001284s ]
INFO: Run Behavior\CheckLangBehavior [ RunTime:0.001610s ]
INFO: [ app_begin ] --END-- [ RunTime:0.003243s ]
SQL: SHOW COLUMNS FROM `qw_setting` [ RunTime:0.0054s ]
SQL: SELECT `k`,`v` FROM `qw_setting`  [ RunTime:0.0005s ]
SQL: SHOW COLUMNS FROM `qw_flashview` [ RunTime:0.0059s ]
SQL: SELECT `id`,cn_flashviewpc as flashviewpc,cn_fwshowpc as fwshowpc,cn_fwlink as fwlink,`fwsort` FROM `qw_flashview` ORDER BY fwsort  [ RunTime:0.0011s ]
SQL: SHOW COLUMNS FROM `qw_industry` [ RunTime:0.0085s ]
SQL: SELECT `id`,cn_imgiy as imgiy,`iysort` FROM `qw_industry` ORDER BY iysort LIMIT 4   [ RunTime:0.0012s ]
INFO: [ view_parse ] --START--
INFO: [ template_filter ] --START--
INFO: Run Behavior\ContentReplaceBehavior [ RunTime:0.000288s ]
INFO: [ template_filter ] --END-- [ RunTime:0.000565s ]
INFO: Run Behavior\ParseTemplateBehavior [ RunTime:0.060663s ]
INFO: [ view_parse ] --END-- [ RunTime:0.060972s ]
INFO: [ view_filter ] --START--
INFO: Run Behavior\WriteHtmlCacheBehavior [ RunTime:0.001008s ]
INFO: [ view_filter ] --END-- [ RunTime:0.001302s ]
INFO: [ app_end ] --START--
INFO: Run Behavior\ShowPageTraceBehavior [ RunTime:0.001246s ]
INFO: [ app_end ] --END-- [ RunTime:0.001472s ]

[ 2017-04-05T14:00:15+08:00 ] ::1 /guanwang/qwadmin/index.php/Home/Index/layer_mobile/layer.js
INFO: [ app_init ] --START--
INFO: Run Behavior\BuildLiteBehavior [ RunTime:0.000075s ]
INFO: [ app_init ] --END-- [ RunTime:0.010064s ]
INFO: [ app_begin ] --START--
INFO: Run Behavior\ReadHtmlCacheBehavior [ RunTime:0.001590s ]
INFO: Run Behavior\CheckLangBehavior [ RunTime:0.009349s ]
INFO: [ app_begin ] --END-- [ RunTime:0.011489s ]
SQL: SHOW COLUMNS FROM `qw_setting` [ RunTime:0.0068s ]
SQL: SELECT `k`,`v` FROM `qw_setting`  [ RunTime:0.0005s ]
ERR: 非法操作:layer_mobile

[ 2017-04-05T14:00:15+08:00 ] ::1 /guanwang/qwadmin/index.php/Home/Index/layer_mobile/layer.js
INFO: [ app_init ] --START--
INFO: Run Behavior\BuildLiteBehavior [ RunTime:0.000130s ]
INFO: [ app_init ] --END-- [ RunTime:0.001704s ]
INFO: [ app_begin ] --START--
INFO: Run Behavior\ReadHtmlCacheBehavior [ RunTime:0.004545s ]
INFO: Run Behavior\CheckLangBehavior [ RunTime:0.003336s ]
INFO: [ app_begin ] --END-- [ RunTime:0.008467s ]
SQL: SHOW COLUMNS FROM `qw_setting` [ RunTime:0.0066s ]
SQL: SELECT `k`,`v` FROM `qw_setting`  [ RunTime:0.0006s ]
ERR: 非法操作:layer_mobile

[ 2017-04-05T14:00:18+08:00 ] ::1 /guanwang/qwadmin/index.php/Home/Index/product-details.html
INFO: [ app_init ] --START--
INFO: Run Behavior\BuildLiteBehavior [ RunTime:0.000070s ]
INFO: [ app_init ] --END-- [ RunTime:0.000924s ]
INFO: [ app_begin ] --START--
INFO: Run Behavior\ReadHtmlCacheBehavior [ RunTime:0.001333s ]
INFO: Run Behavior\CheckLangBehavior [ RunTime:0.002374s ]
INFO: [ app_begin ] --END-- [ RunTime:0.004180s ]
SQL: SHOW COLUMNS FROM `qw_setting` [ RunTime:0.0060s ]
SQL: SELECT `k`,`v` FROM `qw_setting`  [ RunTime:0.0005s ]
ERR: 非法操作:product-details

[ 2017-04-05T14:00:19+08:00 ] ::1 /guanwang/qwadmin/index.php/Home/Index/layer_mobile/layer.js
INFO: [ app_init ] --START--
INFO: Run Behavior\BuildLiteBehavior [ RunTime:0.000076s ]
INFO: [ app_init ] --END-- [ RunTime:0.001059s ]
INFO: [ app_begin ] --START--
INFO: Run Behavior\ReadHtmlCacheBehavior [ RunTime:0.002151s ]
INFO: Run Behavior\CheckLangBehavior [ RunTime:0.002923s ]
INFO: [ app_begin ] --END-- [ RunTime:0.005660s ]
SQL: SHOW COLUMNS FROM `qw_setting` [ RunTime:0.0075s ]
SQL: SELECT `k`,`v` FROM `qw_setting`  [ RunTime:0.0005s ]
ERR: 非法操作:layer_mobile

[ 2017-04-05T14:01:00+08:00 ] ::1 /guanwang/qwadmin/index.php/Home/Index/product-details.html
INFO: [ app_init ] --START--
INFO: Run Behavior\BuildLiteBehavior [ RunTime:0.000040s ]
INFO: [ app_init ] --END-- [ RunTime:0.000579s ]
INFO: [ app_begin ] --START--
INFO: Run Behavior\ReadHtmlCacheBehavior [ RunTime:0.000888s ]
INFO: Run Behavior\CheckLangBehavior [ RunTime:0.001359s ]
INFO: [ app_begin ] --END-- [ RunTime:0.002656s ]
SQL: SHOW COLUMNS FROM `qw_setting` [ RunTime:0.0048s ]
SQL: SELECT `k`,`v` FROM `qw_setting`  [ RunTime:0.0003s ]
ERR: 非法操作:product-details

[ 2017-04-05T14:01:02+08:00 ] ::1 /guanwang/qwadmin/index.php/Home/Index/layer_mobile/layer.js
INFO: [ app_init ] --START--
INFO: Run Behavior\BuildLiteBehavior [ RunTime:0.000082s ]
INFO: [ app_init ] --END-- [ RunTime:0.001027s ]
INFO: [ app_begin ] --START--
INFO: Run Behavior\ReadHtmlCacheBehavior [ RunTime:0.001113s ]
INFO: Run Behavior\CheckLangBehavior [ RunTime:0.003689s ]
INFO: [ app_begin ] --END-- [ RunTime:0.005410s ]
SQL: SHOW COLUMNS FROM `qw_setting` [ RunTime:0.0469s ]
SQL: SELECT `k`,`v` FROM `qw_setting`  [ RunTime:0.0004s ]
ERR: 非法操作:layer_mobile

[ 2017-04-05T15:01:42+08:00 ] ::1 /guanwang/qwadmin/index.php/Home/Vocationlist/getlist/p/1
INFO: [ app_init ] --START--
INFO: Run Behavior\BuildLiteBehavior [ RunTime:0.000073s ]
INFO: [ app_init ] --END-- [ RunTime:0.001009s ]
INFO: [ app_begin ] --START--
INFO: Run Behavior\ReadHtmlCacheBehavior [ RunTime:0.000818s ]
INFO: Run Behavior\CheckLangBehavior [ RunTime:0.001434s ]
INFO: [ app_begin ] --END-- [ RunTime:0.002540s ]
SQL: SHOW COLUMNS FROM `qw_setting` [ RunTime:0.0262s ]
SQL: SELECT `k`,`v` FROM `qw_setting`  [ RunTime:0.0002s ]
SQL: SHOW COLUMNS FROM `qw_industry` [ RunTime:0.0069s ]
SQL: select id,cn_nameiy as nameiy,cn_imgiy as imgiy,iysort from qw_industry order by iysort limit 0,4 [ RunTime:0.0005s ]
INFO: [ app_end ] --START--
INFO: Run Behavior\ShowPageTraceBehavior [ RunTime:0.001000s ]
INFO: [ app_end ] --END-- [ RunTime:0.001151s ]

[ 2017-04-05T15:03:23+08:00 ] ::1 /guanwang/qwadmin/index.php/Home/Vocationlist/feig.html
INFO: [ app_init ] --START--
INFO: Run Behavior\BuildLiteBehavior [ RunTime:0.000053s ]
INFO: [ app_init ] --END-- [ RunTime:0.001013s ]
INFO: [ app_begin ] --START--
INFO: Run Behavior\ReadHtmlCacheBehavior [ RunTime:0.001004s ]
INFO: Run Behavior\CheckLangBehavior [ RunTime:0.002619s ]
INFO: [ app_begin ] --END-- [ RunTime:0.003969s ]
SQL: SHOW COLUMNS FROM `qw_setting` [ RunTime:0.2925s ]
SQL: SELECT `k`,`v` FROM `qw_setting`  [ RunTime:0.0003s ]
ERR: 非法操作:feig

[ 2017-04-05T15:03:26+08:00 ] ::1 /guanwang/qwadmin/index.php/Home/Vocationlist/getlist/p/1
INFO: [ app_init ] --START--
INFO: Run Behavior\BuildLiteBehavior [ RunTime:0.000042s ]
INFO: [ app_init ] --END-- [ RunTime:0.000716s ]
INFO: [ app_begin ] --START--
INFO: Run Behavior\ReadHtmlCacheBehavior [ RunTime:0.000905s ]
INFO: Run Behavior\CheckLangBehavior [ RunTime:0.001851s ]
INFO: [ app_begin ] --END-- [ RunTime:0.003024s ]
SQL: SHOW COLUMNS FROM `qw_setting` [ RunTime:0.0686s ]
SQL: SELECT `k`,`v` FROM `qw_setting`  [ RunTime:0.0003s ]
SQL: SHOW COLUMNS FROM `qw_industry` [ RunTime:0.1499s ]
SQL: select id,cn_nameiy as nameiy,cn_imgiy as imgiy,iysort from qw_industry order by iysort limit 0,4 [ RunTime:0.0004s ]
INFO: [ app_end ] --START--
INFO: Run Behavior\ShowPageTraceBehavior [ RunTime:0.001377s ]
INFO: [ app_end ] --END-- [ RunTime:0.001618s ]

[ 2017-04-05T15:03:29+08:00 ] ::1 /guanwang/qwadmin/index.php/Home/Index/Index.html
INFO: [ app_init ] --START--
INFO: Run Behavior\BuildLiteBehavior [ RunTime:0.000073s ]
INFO: [ app_init ] --END-- [ RunTime:0.000970s ]
INFO: [ app_begin ] --START--
INFO: Run Behavior\ReadHtmlCacheBehavior [ RunTime:0.001352s ]
INFO: Run Behavior\CheckLangBehavior [ RunTime:0.002656s ]
INFO: [ app_begin ] --END-- [ RunTime:0.004434s ]
SQL: SHOW COLUMNS FROM `qw_setting` [ RunTime:0.2559s ]
SQL: SELECT `k`,`v` FROM `qw_setting`  [ RunTime:0.0005s ]
SQL: SHOW COLUMNS FROM `qw_flashview` [ RunTime:0.1557s ]
SQL: SELECT `id`,cn_flashviewpc as flashviewpc,cn_fwshowpc as fwshowpc,cn_fwlink as fwlink,`fwsort` FROM `qw_flashview` ORDER BY fwsort  [ RunTime:0.0006s ]
SQL: SHOW COLUMNS FROM `qw_industry` [ RunTime:0.1135s ]
SQL: SELECT `id`,cn_imgiy as imgiy,`iysort` FROM `qw_industry` ORDER BY iysort LIMIT 4   [ RunTime:0.0004s ]
INFO: [ view_parse ] --START--
INFO: [ template_filter ] --START--
INFO: Run Behavior\ContentReplaceBehavior [ RunTime:0.000344s ]
INFO: [ template_filter ] --END-- [ RunTime:0.000627s ]
INFO: Run Behavior\ParseTemplateBehavior [ RunTime:0.402380s ]
INFO: [ view_parse ] --END-- [ RunTime:0.402634s ]
INFO: [ view_filter ] --START--
INFO: Run Behavior\WriteHtmlCacheBehavior [ RunTime:0.000618s ]
INFO: [ view_filter ] --END-- [ RunTime:0.000789s ]
INFO: [ app_end ] --START--
INFO: Run Behavior\ShowPageTraceBehavior [ RunTime:0.000959s ]
INFO: [ app_end ] --END-- [ RunTime:0.001167s ]

[ 2017-04-05T15:03:29+08:00 ] ::1 /guanwang/qwadmin/index.php/Home/Index/layer_mobile/layer.js
INFO: [ app_init ] --START--
INFO: Run Behavior\BuildLiteBehavior [ RunTime:0.000071s ]
INFO: [ app_init ] --END-- [ RunTime:0.000940s ]
INFO: [ app_begin ] --START--
INFO: Run Behavior\ReadHtmlCacheBehavior [ RunTime:0.001468s ]
INFO: Run Behavior\CheckLangBehavior [ RunTime:0.003404s ]
INFO: [ app_begin ] --END-- [ RunTime:0.005442s ]
SQL: SHOW COLUMNS FROM `qw_setting` [ RunTime:0.0643s ]
SQL: SELECT `k`,`v` FROM `qw_setting`  [ RunTime:0.0003s ]
ERR: 非法操作:layer_mobile

[ 2017-04-05T15:05:56+08:00 ] ::1 /guanwang/qwadmin/index.php/Home/Index/Index.html
INFO: [ app_init ] --START--
INFO: Run Behavior\BuildLiteBehavior [ RunTime:0.000076s ]
INFO: [ app_init ] --END-- [ RunTime:0.000740s ]
INFO: [ app_begin ] --START--
INFO: Run Behavior\ReadHtmlCacheBehavior [ RunTime:0.001417s ]
INFO: Run Behavior\CheckLangBehavior [ RunTime:0.003544s ]
INFO: [ app_begin ] --END-- [ RunTime:0.005391s ]
SQL: SHOW COLUMNS FROM `qw_setting` [ RunTime:0.0056s ]
SQL: SELECT `k`,`v` FROM `qw_setting`  [ RunTime:0.0005s ]
SQL: SHOW COLUMNS FROM `qw_flashview` [ RunTime:0.0067s ]
SQL: SELECT `id`,cn_flashviewpc as flashviewpc,cn_fwshowpc as fwshowpc,cn_fwlink as fwlink,`fwsort` FROM `qw_flashview` ORDER BY fwsort  [ RunTime:0.0006s ]
SQL: SHOW COLUMNS FROM `qw_felghz` [ RunTime:0.0061s ]
ERR: SQLSTATE[42S22]: Column not found: 1054 Unknown column 'fwsort' in 'order clause'

[ 2017-04-05T15:06:08+08:00 ] ::1 /guanwang/qwadmin/index.php/Home/Index/Index.html
INFO: [ app_init ] --START--
INFO: Run Behavior\BuildLiteBehavior [ RunTime:0.000040s ]
INFO: [ app_init ] --END-- [ RunTime:0.000707s ]
INFO: [ app_begin ] --START--
INFO: Run Behavior\ReadHtmlCacheBehavior [ RunTime:0.000944s ]
INFO: Run Behavior\CheckLangBehavior [ RunTime:0.002444s ]
INFO: [ app_begin ] --END-- [ RunTime:0.003822s ]
SQL: SHOW COLUMNS FROM `qw_setting` [ RunTime:0.0039s ]
SQL: SELECT `k`,`v` FROM `qw_setting`  [ RunTime:0.0004s ]
SQL: SHOW COLUMNS FROM `qw_flashview` [ RunTime:0.0055s ]
SQL: SELECT `id`,cn_flashviewpc as flashviewpc,cn_fwshowpc as fwshowpc,cn_fwlink as fwlink,`fwsort` FROM `qw_flashview` ORDER BY fwsort  [ RunTime:0.0005s ]
SQL: SHOW COLUMNS FROM `qw_felghz` [ RunTime:0.0058s ]
SQL: SELECT `id`,cn_fghz as fghz,cn_fghztitle as fghztitle,cn_fghzimg as fghzimg,`fghzsort` FROM `qw_felghz` ORDER BY fghzsort  [ RunTime:0.0005s ]

[ 2017-04-05T15:06:10+08:00 ] ::1 /guanwang/qwadmin/index.php/Home/Index/Index.html
INFO: [ app_init ] --START--
INFO: Run Behavior\BuildLiteBehavior [ RunTime:0.000073s ]
INFO: [ app_init ] --END-- [ RunTime:0.000942s ]
INFO: [ app_begin ] --START--
INFO: Run Behavior\ReadHtmlCacheBehavior [ RunTime:0.002555s ]
INFO: Run Behavior\CheckLangBehavior [ RunTime:0.002504s ]
INFO: [ app_begin ] --END-- [ RunTime:0.005777s ]
SQL: SHOW COLUMNS FROM `qw_setting` [ RunTime:0.2233s ]
SQL: SELECT `k`,`v` FROM `qw_setting`  [ RunTime:0.0004s ]
SQL: SHOW COLUMNS FROM `qw_flashview` [ RunTime:0.0046s ]
SQL: SELECT `id`,cn_flashviewpc as flashviewpc,cn_fwshowpc as fwshowpc,cn_fwlink as fwlink,`fwsort` FROM `qw_flashview` ORDER BY fwsort  [ RunTime:0.0004s ]
SQL: SHOW COLUMNS FROM `qw_felghz` [ RunTime:0.0052s ]
SQL: SELECT `id`,cn_fghz as fghz,cn_fghztitle as fghztitle,cn_fghzimg as fghzimg,`fghzsort` FROM `qw_felghz` ORDER BY fghzsort  [ RunTime:0.0005s ]

[ 2017-04-05T15:06:52+08:00 ] ::1 /guanwang/qwadmin/index.php/Home/Index/Index.html
INFO: [ app_init ] --START--
INFO: Run Behavior\BuildLiteBehavior [ RunTime:0.000042s ]
INFO: [ app_init ] --END-- [ RunTime:0.000622s ]
INFO: [ app_begin ] --START--
INFO: Run Behavior\ReadHtmlCacheBehavior [ RunTime:0.001173s ]
INFO: Run Behavior\CheckLangBehavior [ RunTime:0.002418s ]
INFO: [ app_begin ] --END-- [ RunTime:0.004129s ]
SQL: SHOW COLUMNS FROM `qw_setting` [ RunTime:0.0609s ]
SQL: SELECT `k`,`v` FROM `qw_setting`  [ RunTime:0.0004s ]
SQL: SHOW COLUMNS FROM `qw_flashview` [ RunTime:0.0058s ]
SQL: SELECT `id`,cn_flashviewpc as flashviewpc,cn_fwshowpc as fwshowpc,cn_fwlink as fwlink,`fwsort` FROM `qw_flashview` ORDER BY fwsort  [ RunTime:0.0005s ]
SQL: SHOW COLUMNS FROM `qw_felghz` [ RunTime:0.0054s ]
SQL: SELECT `id`,cn_fghz as fghz,cn_fghztitle as fghztitle,cn_fghzimg as fghzimg,`fghzsort` FROM `qw_felghz` ORDER BY fghzsort  [ RunTime:0.0004s ]
SQL: SHOW COLUMNS FROM `qw_industry` [ RunTime:0.0058s ]
SQL: SELECT `id`,cn_imgiy as imgiy,`iysort` FROM `qw_industry` ORDER BY iysort LIMIT 4   [ RunTime:0.0004s ]
INFO: [ view_parse ] --START--
INFO: [ template_filter ] --START--
INFO: Run Behavior\ContentReplaceBehavior [ RunTime:0.000360s ]
INFO: [ template_filter ] --END-- [ RunTime:0.000754s ]
INFO: Run Behavior\ParseTemplateBehavior [ RunTime:0.049507s ]
INFO: [ view_parse ] --END-- [ RunTime:0.049703s ]
INFO: [ view_filter ] --START--
INFO: Run Behavior\WriteHtmlCacheBehavior [ RunTime:0.000860s ]
INFO: [ view_filter ] --END-- [ RunTime:0.001210s ]
INFO: [ app_end ] --START--
INFO: Run Behavior\ShowPageTraceBehavior [ RunTime:0.003593s ]
INFO: [ app_end ] --END-- [ RunTime:0.004113s ]

[ 2017-04-05T15:06:52+08:00 ] ::1 /guanwang/qwadmin/index.php/Home/Index/layer_mobile/layer.js
INFO: [ app_init ] --START--
INFO: Run Behavior\BuildLiteBehavior [ RunTime:0.000077s ]
INFO: [ app_init ] --END-- [ RunTime:0.001126s ]
INFO: [ app_begin ] --START--
INFO: Run Behavior\ReadHtmlCacheBehavior [ RunTime:0.002253s ]
INFO: Run Behavior\CheckLangBehavior [ RunTime:0.005247s ]
INFO: [ app_begin ] --END-- [ RunTime:0.008306s ]
SQL: SHOW COLUMNS FROM `qw_setting` [ RunTime:0.0049s ]
SQL: SELECT `k`,`v` FROM `qw_setting`  [ RunTime:0.0004s ]
ERR: 非法操作:layer_mobile

[ 2017-04-05T15:07:06+08:00 ] ::1 /guanwang/qwadmin/index.php/Home/Index/Index.html
INFO: [ app_init ] --START--
INFO: Run Behavior\BuildLiteBehavior [ RunTime:0.000037s ]
INFO: [ app_init ] --END-- [ RunTime:0.000583s ]
INFO: [ app_begin ] --START--
INFO: Run Behavior\ReadHtmlCacheBehavior [ RunTime:0.001132s ]
INFO: Run Behavior\CheckLangBehavior [ RunTime:0.002367s ]
INFO: [ app_begin ] --END-- [ RunTime:0.003936s ]
SQL: SHOW COLUMNS FROM `qw_setting` [ RunTime:0.0050s ]
SQL: SELECT `k`,`v` FROM `qw_setting`  [ RunTime:0.0003s ]
SQL: SHOW COLUMNS FROM `qw_flashview` [ RunTime:0.0055s ]
SQL: SELECT `id`,cn_flashviewpc as flashviewpc,cn_fwshowpc as fwshowpc,cn_fwlink as fwlink,`fwsort` FROM `qw_flashview` ORDER BY fwsort  [ RunTime:0.0003s ]
SQL: SHOW COLUMNS FROM `qw_felghz` [ RunTime:0.0055s ]
SQL: SELECT `id`,cn_fghz as fghz,cn_fghztitle as fghztitle,cn_fghzimg as fghzimg,`fghzsort` FROM `qw_felghz` ORDER BY fghzsort  [ RunTime:0.0004s ]
SQL: SHOW COLUMNS FROM `qw_industry` [ RunTime:0.0048s ]
SQL: SELECT `id`,cn_imgiy as imgiy,`iysort` FROM `qw_industry` ORDER BY iysort LIMIT 4   [ RunTime:0.0004s ]
INFO: [ view_parse ] --START--
INFO: [ template_filter ] --START--
INFO: Run Behavior\ContentReplaceBehavior [ RunTime:0.000340s ]
INFO: [ template_filter ] --END-- [ RunTime:0.000613s ]
INFO: Run Behavior\ParseTemplateBehavior [ RunTime:0.031047s ]
INFO: [ view_parse ] --END-- [ RunTime:0.031241s ]
INFO: [ view_filter ] --START--
INFO: Run Behavior\WriteHtmlCacheBehavior [ RunTime:0.000537s ]
INFO: [ view_filter ] --END-- [ RunTime:0.000699s ]
INFO: [ app_end ] --START--
INFO: Run Behavior\ShowPageTraceBehavior [ RunTime:0.000816s ]
INFO: [ app_end ] --END-- [ RunTime:0.001012s ]

[ 2017-04-05T15:07:06+08:00 ] ::1 /guanwang/qwadmin/index.php/Home/Index/layer_mobile/layer.js
INFO: [ app_init ] --START--
INFO: Run Behavior\BuildLiteBehavior [ RunTime:0.000072s ]
INFO: [ app_init ] --END-- [ RunTime:0.000925s ]
INFO: [ app_begin ] --START--
INFO: Run Behavior\ReadHtmlCacheBehavior [ RunTime:0.001398s ]
INFO: Run Behavior\CheckLangBehavior [ RunTime:0.002501s ]
INFO: [ app_begin ] --END-- [ RunTime:0.004515s ]
SQL: SHOW COLUMNS FROM `qw_setting` [ RunTime:0.0055s ]
SQL: SELECT `k`,`v` FROM `qw_setting`  [ RunTime:0.0003s ]
ERR: 非法操作:layer_mobile

[ 2017-04-05T15:07:20+08:00 ] ::1 /guanwang/qwadmin/index.php/Home/Index/Index.html
INFO: [ app_init ] --START--
INFO: Run Behavior\BuildLiteBehavior [ RunTime:0.000053s ]
INFO: [ app_init ] --END-- [ RunTime:0.000649s ]
INFO: [ app_begin ] --START--
INFO: Run Behavior\ReadHtmlCacheBehavior [ RunTime:0.000708s ]
INFO: Run Behavior\CheckLangBehavior [ RunTime:0.002733s ]
INFO: [ app_begin ] --END-- [ RunTime:0.004164s ]
SQL: SHOW COLUMNS FROM `qw_setting` [ RunTime:0.0046s ]
SQL: SELECT `k`,`v` FROM `qw_setting`  [ RunTime:0.0003s ]
SQL: SHOW COLUMNS FROM `qw_flashview` [ RunTime:0.0071s ]
SQL: SELECT `id`,cn_flashviewpc as flashviewpc,cn_fwshowpc as fwshowpc,cn_fwlink as fwlink,`fwsort` FROM `qw_flashview` ORDER BY fwsort  [ RunTime:0.0007s ]
SQL: SHOW COLUMNS FROM `qw_felghz` [ RunTime:0.0050s ]
SQL: SELECT `id`,cn_fghz as fghz,cn_fghztitle as fghztitle,cn_fghzimg as fghzimg,`fghzsort` FROM `qw_felghz` ORDER BY fghzsort  [ RunTime:0.0003s ]
SQL: SHOW COLUMNS FROM `qw_industry` [ RunTime:0.0056s ]
SQL: SELECT `id`,cn_imgiy as imgiy,`iysort` FROM `qw_industry` ORDER BY iysort LIMIT 4   [ RunTime:0.0006s ]
INFO: [ view_parse ] --START--
INFO: [ template_filter ] --START--
INFO: Run Behavior\ContentReplaceBehavior [ RunTime:0.000297s ]
INFO: [ template_filter ] --END-- [ RunTime:0.000574s ]
INFO: Run Behavior\ParseTemplateBehavior [ RunTime:0.044688s ]
INFO: [ view_parse ] --END-- [ RunTime:0.044955s ]
INFO: [ view_filter ] --START--
INFO: Run Behavior\WriteHtmlCacheBehavior [ RunTime:0.002420s ]
INFO: [ view_filter ] --END-- [ RunTime:0.004055s ]
INFO: [ app_end ] --START--
INFO: Run Behavior\ShowPageTraceBehavior [ RunTime:0.001544s ]
INFO: [ app_end ] --END-- [ RunTime:0.001832s ]

[ 2017-04-05T15:07:20+08:00 ] ::1 /guanwang/qwadmin/index.php/Home/Index/layer_mobile/layer.js
INFO: [ app_init ] --START--
INFO: Run Behavior\BuildLiteBehavior [ RunTime:0.000072s ]
INFO: [ app_init ] --END-- [ RunTime:0.001114s ]
INFO: [ app_begin ] --START--
INFO: Run Behavior\ReadHtmlCacheBehavior [ RunTime:0.001214s ]
INFO: Run Behavior\CheckLangBehavior [ RunTime:0.002040s ]
INFO: [ app_begin ] --END-- [ RunTime:0.003847s ]
SQL: SHOW COLUMNS FROM `qw_setting` [ RunTime:0.0052s ]
SQL: SELECT `k`,`v` FROM `qw_setting`  [ RunTime:0.0005s ]
ERR: 非法操作:layer_mobile

[ 2017-04-05T15:07:45+08:00 ] ::1 /guanwang/qwadmin/index.php/Home/Index/Index.html
INFO: [ app_init ] --START--
INFO: Run Behavior\BuildLiteBehavior [ RunTime:0.000079s ]
INFO: [ app_init ] --END-- [ RunTime:0.000779s ]
INFO: [ app_begin ] --START--
INFO: Run Behavior\ReadHtmlCacheBehavior [ RunTime:0.001130s ]
INFO: Run Behavior\CheckLangBehavior [ RunTime:0.001997s ]
INFO: [ app_begin ] --END-- [ RunTime:0.003500s ]
SQL: SHOW COLUMNS FROM `qw_setting` [ RunTime:0.0068s ]
SQL: SELECT `k`,`v` FROM `qw_setting`  [ RunTime:0.0005s ]
SQL: SHOW COLUMNS FROM `qw_flashview` [ RunTime:0.0055s ]
SQL: SELECT `id`,cn_flashviewpc as flashviewpc,cn_fwshowpc as fwshowpc,cn_fwlink as fwlink,`fwsort` FROM `qw_flashview` ORDER BY fwsort  [ RunTime:0.0006s ]
SQL: SHOW COLUMNS FROM `qw_felghz` [ RunTime:0.0093s ]
SQL: SELECT `id`,cn_fghz as fghz,cn_fghztitle as fghztitle,cn_fghzimg as fghzimg,`fghzsort` FROM `qw_felghz` ORDER BY fghzsort  [ RunTime:0.0005s ]
SQL: SHOW COLUMNS FROM `qw_industry` [ RunTime:0.0067s ]
SQL: SELECT `id`,cn_imgiy as imgiy,`iysort` FROM `qw_industry` ORDER BY iysort LIMIT 4   [ RunTime:0.0007s ]
INFO: [ view_parse ] --START--
INFO: [ template_filter ] --START--
INFO: Run Behavior\ContentReplaceBehavior [ RunTime:0.000212s ]
INFO: [ template_filter ] --END-- [ RunTime:0.000409s ]
INFO: Run Behavior\ParseTemplateBehavior [ RunTime:0.036426s ]
INFO: [ view_parse ] --END-- [ RunTime:0.036737s ]
INFO: [ view_filter ] --START--
INFO: Run Behavior\WriteHtmlCacheBehavior [ RunTime:0.000680s ]
INFO: [ view_filter ] --END-- [ RunTime:0.000846s ]
INFO: [ app_end ] --START--
INFO: Run Behavior\ShowPageTraceBehavior [ RunTime:0.000862s ]
INFO: [ app_end ] --END-- [ RunTime:0.001029s ]

[ 2017-04-05T15:07:46+08:00 ] ::1 /guanwang/qwadmin/index.php/Home/Index/layer_mobile/layer.js
INFO: [ app_init ] --START--
INFO: Run Behavior\BuildLiteBehavior [ RunTime:0.000073s ]
INFO: [ app_init ] --END-- [ RunTime:0.001082s ]
INFO: [ app_begin ] --START--
INFO: Run Behavior\ReadHtmlCacheBehavior [ RunTime:0.001136s ]
INFO: Run Behavior\CheckLangBehavior [ RunTime:0.002840s ]
INFO: [ app_begin ] --END-- [ RunTime:0.004470s ]
SQL: SHOW COLUMNS FROM `qw_setting` [ RunTime:0.0050s ]
SQL: SELECT `k`,`v` FROM `qw_setting`  [ RunTime:0.0006s ]
ERR: 非法操作:layer_mobile

[ 2017-04-05T15:09:28+08:00 ] ::1 /guanwang/qwadmin/index.php/Home/Index/Index.html
INFO: [ app_init ] --START--
INFO: Run Behavior\BuildLiteBehavior [ RunTime:0.000039s ]
INFO: [ app_init ] --END-- [ RunTime:0.000611s ]
INFO: [ app_begin ] --START--
INFO: Run Behavior\ReadHtmlCacheBehavior [ RunTime:0.000958s ]
INFO: Run Behavior\CheckLangBehavior [ RunTime:0.003168s ]
INFO: [ app_begin ] --END-- [ RunTime:0.004554s ]
SQL: SHOW COLUMNS FROM `qw_setting` [ RunTime:0.0045s ]
SQL: SELECT `k`,`v` FROM `qw_setting`  [ RunTime:0.0005s ]
SQL: SHOW COLUMNS FROM `qw_flashview` [ RunTime:0.0061s ]
SQL: SELECT `id`,cn_flashviewpc as flashviewpc,cn_fwshowpc as fwshowpc,cn_fwlink as fwlink,`fwsort` FROM `qw_flashview` ORDER BY fwsort  [ RunTime:0.0006s ]
SQL: SHOW COLUMNS FROM `qw_felghz` [ RunTime:0.0045s ]
SQL: SELECT `id`,cn_fghz as fghz,cn_fghztitle as fghztitle,cn_fghzimg as fghzimg,`fghzsort` FROM `qw_felghz` ORDER BY fghzsort  [ RunTime:0.0007s ]
SQL: SHOW COLUMNS FROM `qw_industry` [ RunTime:0.0073s ]
SQL: SELECT `id`,cn_imgiy as imgiy,`iysort` FROM `qw_industry` ORDER BY iysort LIMIT 4   [ RunTime:0.0005s ]
INFO: [ view_parse ] --START--
INFO: [ template_filter ] --START--
INFO: Run Behavior\ContentReplaceBehavior [ RunTime:0.000345s ]
INFO: [ template_filter ] --END-- [ RunTime:0.000588s ]
INFO: Run Behavior\ParseTemplateBehavior [ RunTime:0.049570s ]
INFO: [ view_parse ] --END-- [ RunTime:0.049790s ]
INFO: [ view_filter ] --START--
INFO: Run Behavior\WriteHtmlCacheBehavior [ RunTime:0.000733s ]
INFO: [ view_filter ] --END-- [ RunTime:0.000915s ]
INFO: [ app_end ] --START--
INFO: Run Behavior\ShowPageTraceBehavior [ RunTime:0.001227s ]
INFO: [ app_end ] --END-- [ RunTime:0.001668s ]

[ 2017-04-05T15:09:29+08:00 ] ::1 /guanwang/qwadmin/index.php/Home/Index/layer_mobile/layer.js
INFO: [ app_init ] --START--
INFO: Run Behavior\BuildLiteBehavior [ RunTime:0.000073s ]
INFO: [ app_init ] --END-- [ RunTime:0.001068s ]
INFO: [ app_begin ] --START--
INFO: Run Behavior\ReadHtmlCacheBehavior [ RunTime:0.004930s ]
INFO: Run Behavior\CheckLangBehavior [ RunTime:0.002538s ]
INFO: [ app_begin ] --END-- [ RunTime:0.009830s ]
SQL: SHOW COLUMNS FROM `qw_setting` [ RunTime:0.0119s ]
SQL: SELECT `k`,`v` FROM `qw_setting`  [ RunTime:0.0004s ]
ERR: 非法操作:layer_mobile

[ 2017-04-05T15:09:42+08:00 ] ::1 /guanwang/qwadmin/index.php/Home/Index/product-details.html
INFO: [ app_init ] --START--
INFO: Run Behavior\BuildLiteBehavior [ RunTime:0.000046s ]
INFO: [ app_init ] --END-- [ RunTime:0.001285s ]
INFO: [ app_begin ] --START--
INFO: Run Behavior\ReadHtmlCacheBehavior [ RunTime:0.000774s ]
INFO: Run Behavior\CheckLangBehavior [ RunTime:0.001381s ]
INFO: [ app_begin ] --END-- [ RunTime:0.002504s ]
SQL: SHOW COLUMNS FROM `qw_setting` [ RunTime:0.0074s ]
SQL: SELECT `k`,`v` FROM `qw_setting`  [ RunTime:0.0005s ]
ERR: 非法操作:product-details

[ 2017-04-05T15:09:43+08:00 ] ::1 /guanwang/qwadmin/index.php/Home/Index/layer_mobile/layer.js
INFO: [ app_init ] --START--
INFO: Run Behavior\BuildLiteBehavior [ RunTime:0.000076s ]
INFO: [ app_init ] --END-- [ RunTime:0.001015s ]
INFO: [ app_begin ] --START--
INFO: Run Behavior\ReadHtmlCacheBehavior [ RunTime:0.001165s ]
INFO: Run Behavior\CheckLangBehavior [ RunTime:0.001865s ]
INFO: [ app_begin ] --END-- [ RunTime:0.003499s ]
SQL: SHOW COLUMNS FROM `qw_setting` [ RunTime:0.0071s ]
SQL: SELECT `k`,`v` FROM `qw_setting`  [ RunTime:0.0005s ]
ERR: 非法操作:layer_mobile

[ 2017-04-05T15:10:11+08:00 ] ::1 /guanwang/qwadmin/index.php/Home/Index/Index.html
INFO: [ app_init ] --START--
INFO: Run Behavior\BuildLiteBehavior [ RunTime:0.000040s ]
INFO: [ app_init ] --END-- [ RunTime:0.000563s ]
INFO: [ app_begin ] --START--
INFO: Run Behavior\ReadHtmlCacheBehavior [ RunTime:0.001538s ]
INFO: Run Behavior\CheckLangBehavior [ RunTime:0.001570s ]
INFO: [ app_begin ] --END-- [ RunTime:0.003566s ]
SQL: SHOW COLUMNS FROM `qw_setting` [ RunTime:0.0496s ]
SQL: SELECT `k`,`v` FROM `qw_setting`  [ RunTime:0.0004s ]
SQL: SHOW COLUMNS FROM `qw_flashview` [ RunTime:0.0055s ]
SQL: SELECT `id`,cn_flashviewpc as flashviewpc,cn_fwshowpc as fwshowpc,cn_fwlink as fwlink,`fwsort` FROM `qw_flashview` ORDER BY fwsort  [ RunTime:0.0005s ]
SQL: SHOW COLUMNS FROM `qw_felghz` [ RunTime:0.0053s ]
SQL: SELECT `id`,cn_fghz as fghz,cn_fghztitle as fghztitle,cn_fghzimg as fghzimg,`fghzsort` FROM `qw_felghz` ORDER BY fghzsort  [ RunTime:0.0004s ]
SQL: SHOW COLUMNS FROM `qw_industry` [ RunTime:0.0063s ]
SQL: SELECT `id`,cn_imgiy as imgiy,`iysort` FROM `qw_industry` ORDER BY iysort LIMIT 4   [ RunTime:0.0006s ]
INFO: [ view_parse ] --START--
INFO: [ template_filter ] --START--
INFO: Run Behavior\ContentReplaceBehavior [ RunTime:0.000558s ]
INFO: [ template_filter ] --END-- [ RunTime:0.000828s ]
INFO: Run Behavior\ParseTemplateBehavior [ RunTime:0.039651s ]
INFO: [ view_parse ] --END-- [ RunTime:0.040014s ]
INFO: [ view_filter ] --START--
INFO: Run Behavior\WriteHtmlCacheBehavior [ RunTime:0.000726s ]
INFO: [ view_filter ] --END-- [ RunTime:0.000957s ]
INFO: [ app_end ] --START--
INFO: Run Behavior\ShowPageTraceBehavior [ RunTime:0.001783s ]
INFO: [ app_end ] --END-- [ RunTime:0.002284s ]

[ 2017-04-05T15:10:11+08:00 ] ::1 /guanwang/qwadmin/index.php/Home/Index/layer_mobile/layer.js
INFO: [ app_init ] --START--
INFO: Run Behavior\BuildLiteBehavior [ RunTime:0.000072s ]
INFO: [ app_init ] --END-- [ RunTime:0.001152s ]
INFO: [ app_begin ] --START--
INFO: Run Behavior\ReadHtmlCacheBehavior [ RunTime:0.001385s ]
INFO: Run Behavior\CheckLangBehavior [ RunTime:0.002456s ]
INFO: [ app_begin ] --END-- [ RunTime:0.004452s ]
SQL: SHOW COLUMNS FROM `qw_setting` [ RunTime:0.0067s ]
SQL: SELECT `k`,`v` FROM `qw_setting`  [ RunTime:0.0005s ]
ERR: 非法操作:layer_mobile

[ 2017-04-05T15:10:17+08:00 ] ::1 /guanwang/qwadmin/index.php/Home/Index/Index.html
INFO: [ app_init ] --START--
INFO: Run Behavior\BuildLiteBehavior [ RunTime:0.000041s ]
INFO: [ app_init ] --END-- [ RunTime:0.000638s ]
INFO: [ app_begin ] --START--
INFO: Run Behavior\ReadHtmlCacheBehavior [ RunTime:0.005984s ]
INFO: Run Behavior\CheckLangBehavior [ RunTime:0.001958s ]
INFO: [ app_begin ] --END-- [ RunTime:0.009768s ]
SQL: SHOW COLUMNS FROM `qw_setting` [ RunTime:0.0043s ]
SQL: SELECT `k`,`v` FROM `qw_setting`  [ RunTime:0.0005s ]
SQL: SHOW COLUMNS FROM `qw_flashview` [ RunTime:0.0058s ]
SQL: SELECT `id`,cn_flashviewpc as flashviewpc,cn_fwshowpc as fwshowpc,cn_fwlink as fwlink,`fwsort` FROM `qw_flashview` ORDER BY fwsort  [ RunTime:0.0003s ]
SQL: SHOW COLUMNS FROM `qw_felghz` [ RunTime:0.0041s ]
SQL: SELECT `id`,cn_fghz as fghz,cn_fghztitle as fghztitle,cn_fghzimg as fghzimg,`fghzsort` FROM `qw_felghz` ORDER BY fghzsort  [ RunTime:0.0003s ]
SQL: SHOW COLUMNS FROM `qw_industry` [ RunTime:0.0059s ]
SQL: SELECT `id`,cn_imgiy as imgiy,`iysort` FROM `qw_industry` ORDER BY iysort LIMIT 4   [ RunTime:0.0006s ]
INFO: [ view_parse ] --START--
INFO: [ template_filter ] --START--
INFO: Run Behavior\ContentReplaceBehavior [ RunTime:0.000322s ]
INFO: [ template_filter ] --END-- [ RunTime:0.000592s ]
INFO: Run Behavior\ParseTemplateBehavior [ RunTime:0.039276s ]
INFO: [ view_parse ] --END-- [ RunTime:0.039556s ]
INFO: [ view_filter ] --START--
INFO: Run Behavior\WriteHtmlCacheBehavior [ RunTime:0.000644s ]
INFO: [ view_filter ] --END-- [ RunTime:0.000810s ]
INFO: [ app_end ] --START--
INFO: Run Behavior\ShowPageTraceBehavior [ RunTime:0.001472s ]
INFO: [ app_end ] --END-- [ RunTime:0.001737s ]

[ 2017-04-05T15:10:18+08:00 ] ::1 /guanwang/qwadmin/index.php/Home/Index/layer_mobile/layer.js
INFO: [ app_init ] --START--
INFO: Run Behavior\BuildLiteBehavior [ RunTime:0.000072s ]
INFO: [ app_init ] --END-- [ RunTime:0.001074s ]
INFO: [ app_begin ] --START--
INFO: Run Behavior\ReadHtmlCacheBehavior [ RunTime:0.001562s ]
INFO: Run Behavior\CheckLangBehavior [ RunTime:0.008688s ]
INFO: [ app_begin ] --END-- [ RunTime:0.011127s ]
SQL: SHOW COLUMNS FROM `qw_setting` [ RunTime:0.0081s ]
SQL: SELECT `k`,`v` FROM `qw_setting`  [ RunTime:0.0005s ]
ERR: 非法操作:layer_mobile

[ 2017-04-05T15:11:11+08:00 ] ::1 /guanwang/qwadmin/index.php/Home/Index/Index.html
INFO: [ app_init ] --START--
INFO: Run Behavior\BuildLiteBehavior [ RunTime:0.000041s ]
INFO: [ app_init ] --END-- [ RunTime:0.000640s ]
INFO: [ app_begin ] --START--
INFO: Run Behavior\ReadHtmlCacheBehavior [ RunTime:0.000852s ]
INFO: Run Behavior\CheckLangBehavior [ RunTime:0.001680s ]
INFO: [ app_begin ] --END-- [ RunTime:0.002848s ]
SQL: SHOW COLUMNS FROM `qw_setting` [ RunTime:0.0049s ]
SQL: SELECT `k`,`v` FROM `qw_setting`  [ RunTime:0.0006s ]
SQL: SHOW COLUMNS FROM `qw_flashview` [ RunTime:0.0039s ]
SQL: SELECT `id`,cn_flashviewpc as flashviewpc,cn_fwshowpc as fwshowpc,cn_fwlink as fwlink,`fwsort` FROM `qw_flashview` ORDER BY fwsort  [ RunTime:0.0005s ]
SQL: SHOW COLUMNS FROM `qw_felghz` [ RunTime:0.0053s ]
SQL: SELECT `id`,cn_fghz as fghz,cn_fghztitle as fghztitle,cn_fghzimg as fghzimg,`fghzsort` FROM `qw_felghz` ORDER BY fghzsort  [ RunTime:0.0003s ]
SQL: SHOW COLUMNS FROM `qw_industry` [ RunTime:0.0059s ]
SQL: SELECT `id`,cn_imgiy as imgiy,`iysort` FROM `qw_industry` ORDER BY iysort LIMIT 4   [ RunTime:0.0004s ]
INFO: [ view_parse ] --START--
INFO: [ template_filter ] --START--
INFO: Run Behavior\ContentReplaceBehavior [ RunTime:0.000192s ]
INFO: [ template_filter ] --END-- [ RunTime:0.000395s ]
INFO: Run Behavior\ParseTemplateBehavior [ RunTime:0.036174s ]
INFO: [ view_parse ] --END-- [ RunTime:0.036439s ]
INFO: [ view_filter ] --START--
INFO: Run Behavior\WriteHtmlCacheBehavior [ RunTime:0.000637s ]
INFO: [ view_filter ] --END-- [ RunTime:0.000805s ]
INFO: [ app_end ] --START--
INFO: Run Behavior\ShowPageTraceBehavior [ RunTime:0.000858s ]
INFO: [ app_end ] --END-- [ RunTime:0.001023s ]

[ 2017-04-05T15:11:11+08:00 ] ::1 /guanwang/qwadmin/index.php/Home/Index/Index.html
INFO: [ app_init ] --START--
INFO: Run Behavior\BuildLiteBehavior [ RunTime:0.000063s ]
INFO: [ app_init ] --END-- [ RunTime:0.000842s ]
INFO: [ app_begin ] --START--
INFO: Run Behavior\ReadHtmlCacheBehavior [ RunTime:0.001500s ]
INFO: Run Behavior\CheckLangBehavior [ RunTime:0.002800s ]
INFO: [ app_begin ] --END-- [ RunTime:0.005265s ]
SQL: SHOW COLUMNS FROM `qw_setting` [ RunTime:0.0142s ]
SQL: SELECT `k`,`v` FROM `qw_setting`  [ RunTime:0.0007s ]
SQL: SHOW COLUMNS FROM `qw_flashview` [ RunTime:0.0117s ]
SQL: SELECT `id`,cn_flashviewpc as flashviewpc,cn_fwshowpc as fwshowpc,cn_fwlink as fwlink,`fwsort` FROM `qw_flashview` ORDER BY fwsort  [ RunTime:0.0010s ]
SQL: SHOW COLUMNS FROM `qw_felghz` [ RunTime:0.0316s ]
SQL: SELECT `id`,cn_fghz as fghz,cn_fghztitle as fghztitle,cn_fghzimg as fghzimg,`fghzsort` FROM `qw_felghz` ORDER BY fghzsort  [ RunTime:0.0008s ]
SQL: SHOW COLUMNS FROM `qw_industry` [ RunTime:0.0157s ]
SQL: SELECT `id`,cn_imgiy as imgiy,`iysort` FROM `qw_industry` ORDER BY iysort LIMIT 4   [ RunTime:0.0005s ]
INFO: [ view_parse ] --START--
INFO: [ template_filter ] --START--
INFO: Run Behavior\ContentReplaceBehavior [ RunTime:0.000310s ]
INFO: [ template_filter ] --END-- [ RunTime:0.000727s ]
INFO: Run Behavior\ParseTemplateBehavior [ RunTime:0.064061s ]
INFO: [ view_parse ] --END-- [ RunTime:0.064406s ]
INFO: [ view_filter ] --START--
INFO: Run Behavior\WriteHtmlCacheBehavior [ RunTime:0.000792s ]
INFO: [ view_filter ] --END-- [ RunTime:0.001116s ]
INFO: [ app_end ] --START--
INFO: Run Behavior\ShowPageTraceBehavior [ RunTime:0.001452s ]
INFO: [ app_end ] --END-- [ RunTime:0.001789s ]

[ 2017-04-05T15:11:11+08:00 ] ::1 /guanwang/qwadmin/index.php/Home/Index/layer_mobile/layer.js
INFO: [ app_init ] --START--
INFO: Run Behavior\BuildLiteBehavior [ RunTime:0.000074s ]
INFO: [ app_init ] --END-- [ RunTime:0.001082s ]
INFO: [ app_begin ] --START--
INFO: Run Behavior\ReadHtmlCacheBehavior [ RunTime:0.006054s ]
INFO: Run Behavior\CheckLangBehavior [ RunTime:0.003099s ]
INFO: [ app_begin ] --END-- [ RunTime:0.009917s ]
SQL: SHOW COLUMNS FROM `qw_setting` [ RunTime:0.0076s ]
SQL: SELECT `k`,`v` FROM `qw_setting`  [ RunTime:0.0007s ]
ERR: 非法操作:layer_mobile

[ 2017-04-05T15:14:41+08:00 ] ::1 /guanwang/qwadmin/index.php/Home/Vocationlist/Index.html
INFO: [ app_init ] --START--
INFO: Run Behavior\BuildLiteBehavior [ RunTime:0.000043s ]
INFO: [ app_init ] --END-- [ RunTime:0.000709s ]
INFO: [ app_begin ] --START--
INFO: Run Behavior\ReadHtmlCacheBehavior [ RunTime:0.002242s ]
INFO: Run Behavior\CheckLangBehavior [ RunTime:0.001803s ]
INFO: [ app_begin ] --END-- [ RunTime:0.005155s ]
SQL: SHOW COLUMNS FROM `qw_setting` [ RunTime:0.0091s ]
SQL: SELECT `k`,`v` FROM `qw_setting`  [ RunTime:0.0005s ]
INFO: [ view_parse ] --START--
INFO: [ template_filter ] --START--
INFO: Run Behavior\ContentReplaceBehavior [ RunTime:0.000134s ]
INFO: [ template_filter ] --END-- [ RunTime:0.000324s ]
INFO: Run Behavior\ParseTemplateBehavior [ RunTime:0.062088s ]
INFO: [ view_parse ] --END-- [ RunTime:0.062344s ]
INFO: [ view_filter ] --START--
INFO: Run Behavior\WriteHtmlCacheBehavior [ RunTime:0.000670s ]
INFO: [ view_filter ] --END-- [ RunTime:0.000897s ]
INFO: [ app_end ] --START--
INFO: Run Behavior\ShowPageTraceBehavior [ RunTime:0.003827s ]
INFO: [ app_end ] --END-- [ RunTime:0.004279s ]

[ 2017-04-05T15:14:42+08:00 ] ::1 /guanwang/qwadmin/index.php/Home/Vocationlist/getlist/p/1
INFO: [ app_init ] --START--
INFO: Run Behavior\BuildLiteBehavior [ RunTime:0.000071s ]
INFO: [ app_init ] --END-- [ RunTime:0.001131s ]
INFO: [ app_begin ] --START--
INFO: Run Behavior\ReadHtmlCacheBehavior [ RunTime:0.001558s ]
INFO: Run Behavior\CheckLangBehavior [ RunTime:0.007487s ]
INFO: [ app_begin ] --END-- [ RunTime:0.009925s ]
SQL: SHOW COLUMNS FROM `qw_setting` [ RunTime:0.0139s ]
SQL: SELECT `k`,`v` FROM `qw_setting`  [ RunTime:0.0004s ]
SQL: SHOW COLUMNS FROM `qw_industry` [ RunTime:0.0075s ]
SQL: select id,cn_nameiy as nameiy,cn_imgiy as imgiy,iysort from qw_industry order by iysort limit 0,4 [ RunTime:0.0007s ]
INFO: [ app_end ] --START--
INFO: Run Behavior\ShowPageTraceBehavior [ RunTime:0.001440s ]
INFO: [ app_end ] --END-- [ RunTime:0.001714s ]

[ 2017-04-05T15:14:45+08:00 ] ::1 /guanwang/qwadmin/index.php/Home/Vocationlist/feig.html
INFO: [ app_init ] --START--
INFO: Run Behavior\BuildLiteBehavior [ RunTime:0.000076s ]
INFO: [ app_init ] --END-- [ RunTime:0.001171s ]
INFO: [ app_begin ] --START--
INFO: Run Behavior\ReadHtmlCacheBehavior [ RunTime:0.000921s ]
INFO: Run Behavior\CheckLangBehavior [ RunTime:0.001829s ]
INFO: [ app_begin ] --END-- [ RunTime:0.003158s ]
SQL: SHOW COLUMNS FROM `qw_setting` [ RunTime:0.0059s ]
SQL: SELECT `k`,`v` FROM `qw_setting`  [ RunTime:0.0004s ]
ERR: 非法操作:feig

[ 2017-04-05T15:17:50+08:00 ] ::1 /guanwang/qwadmin/index.php/Home/Vocationlist/getlist/p/1
INFO: [ app_init ] --START--
INFO: Run Behavior\BuildLiteBehavior [ RunTime:0.000130s ]
INFO: [ app_init ] --END-- [ RunTime:0.001264s ]
INFO: [ app_begin ] --START--
INFO: Run Behavior\ReadHtmlCacheBehavior [ RunTime:0.001599s ]
INFO: Run Behavior\CheckLangBehavior [ RunTime:0.001655s ]
INFO: [ app_begin ] --END-- [ RunTime:0.003623s ]
SQL: SHOW COLUMNS FROM `qw_setting` [ RunTime:0.0039s ]
SQL: SELECT `k`,`v` FROM `qw_setting`  [ RunTime:0.0007s ]
SQL: SHOW COLUMNS FROM `qw_industry` [ RunTime:0.0085s ]
SQL: select id,cn_nameiy as nameiy,cn_imgiy as imgiy,iysort from qw_industry order by iysort limit 0,4 [ RunTime:0.0004s ]
INFO: [ app_end ] --START--
INFO: Run Behavior\ShowPageTraceBehavior [ RunTime:0.001001s ]
INFO: [ app_end ] --END-- [ RunTime:0.001145s ]

[ 2017-04-05T16:53:37+08:00 ] ::1 /guanwang/qwadmin/index.php/Home/Vocationlist/Index.html
INFO: [ app_init ] --START--
INFO: Run Behavior\BuildLiteBehavior [ RunTime:0.000041s ]
INFO: [ app_init ] --END-- [ RunTime:0.000635s ]
INFO: [ app_begin ] --START--
INFO: Run Behavior\ReadHtmlCacheBehavior [ RunTime:0.002209s ]
INFO: Run Behavior\CheckLangBehavior [ RunTime:0.002637s ]
INFO: [ app_begin ] --END-- [ RunTime:0.005656s ]
SQL: SHOW COLUMNS FROM `qw_setting` [ RunTime:0.0312s ]
SQL: SELECT `k`,`v` FROM `qw_setting`  [ RunTime:0.0006s ]
INFO: [ view_parse ] --START--
INFO: [ template_filter ] --START--
INFO: Run Behavior\ContentReplaceBehavior [ RunTime:0.000136s ]
INFO: [ template_filter ] --END-- [ RunTime:0.000341s ]
INFO: Run Behavior\ParseTemplateBehavior [ RunTime:0.060237s ]
INFO: [ view_parse ] --END-- [ RunTime:0.060502s ]
INFO: [ view_filter ] --START--
INFO: Run Behavior\WriteHtmlCacheBehavior [ RunTime:0.000796s ]
INFO: [ view_filter ] --END-- [ RunTime:0.001064s ]
INFO: [ app_end ] --START--
INFO: Run Behavior\ShowPageTraceBehavior [ RunTime:0.001066s ]
INFO: [ app_end ] --END-- [ RunTime:0.001317s ]

[ 2017-04-05T16:53:37+08:00 ] ::1 /guanwang/qwadmin/index.php/Home/Vocationlist/getlist/p/1
INFO: [ app_init ] --START--
INFO: Run Behavior\BuildLiteBehavior [ RunTime:0.000045s ]
INFO: [ app_init ] --END-- [ RunTime:0.000638s ]
INFO: [ app_begin ] --START--
INFO: Run Behavior\ReadHtmlCacheBehavior [ RunTime:0.001158s ]
INFO: Run Behavior\CheckLangBehavior [ RunTime:0.002576s ]
INFO: [ app_begin ] --END-- [ RunTime:0.004156s ]
SQL: SHOW COLUMNS FROM `qw_setting` [ RunTime:0.0066s ]
SQL: SELECT `k`,`v` FROM `qw_setting`  [ RunTime:0.0005s ]
SQL: SHOW COLUMNS FROM `qw_industry` [ RunTime:0.0054s ]
SQL: select id,cn_nameiy as nameiy,cn_imgiy as imgiy,iysort from qw_industry order by iysort limit 0,4 [ RunTime:0.0008s ]
INFO: [ app_end ] --START--
INFO: Run Behavior\ShowPageTraceBehavior [ RunTime:0.002233s ]
INFO: [ app_end ] --END-- [ RunTime:0.002436s ]

[ 2017-04-05T16:53:49+08:00 ] ::1 /guanwang/qwadmin/index.php/Home/Vocationlist/feig.html
INFO: [ app_init ] --START--
INFO: Run Behavior\BuildLiteBehavior [ RunTime:0.000040s ]
INFO: [ app_init ] --END-- [ RunTime:0.000546s ]
INFO: [ app_begin ] --START--
INFO: Run Behavior\ReadHtmlCacheBehavior [ RunTime:0.003001s ]
INFO: Run Behavior\CheckLangBehavior [ RunTime:0.002399s ]
INFO: [ app_begin ] --END-- [ RunTime:0.008885s ]
SQL: SHOW COLUMNS FROM `qw_setting` [ RunTime:0.0050s ]
SQL: SELECT `k`,`v` FROM `qw_setting`  [ RunTime:0.0004s ]
ERR: 非法操作:feig

[ 2017-04-05T16:53:51+08:00 ] ::1 /guanwang/qwadmin/index.php/Home/Vocationlist/getlist/p/1
INFO: [ app_init ] --START--
INFO: Run Behavior\BuildLiteBehavior [ RunTime:0.000072s ]
INFO: [ app_init ] --END-- [ RunTime:0.000966s ]
INFO: [ app_begin ] --START--
INFO: Run Behavior\ReadHtmlCacheBehavior [ RunTime:0.003135s ]
INFO: Run Behavior\CheckLangBehavior [ RunTime:0.007269s ]
INFO: [ app_begin ] --END-- [ RunTime:0.011261s ]
SQL: SHOW COLUMNS FROM `qw_setting` [ RunTime:0.0065s ]
SQL: SELECT `k`,`v` FROM `qw_setting`  [ RunTime:0.0004s ]
SQL: SHOW COLUMNS FROM `qw_industry` [ RunTime:0.0076s ]
SQL: select id,cn_nameiy as nameiy,cn_imgiy as imgiy,iysort from qw_industry order by iysort limit 0,4 [ RunTime:0.0008s ]
INFO: [ app_end ] --START--
INFO: Run Behavior\ShowPageTraceBehavior [ RunTime:0.001578s ]
INFO: [ app_end ] --END-- [ RunTime:0.002305s ]

[ 2017-04-05T16:53:55+08:00 ] ::1 /guanwang/qwadmin/index.php/Home/Index/Index.html
INFO: [ app_init ] --START--
INFO: Run Behavior\BuildLiteBehavior [ RunTime:0.000043s ]
INFO: [ app_init ] --END-- [ RunTime:0.000746s ]
INFO: [ app_begin ] --START--
INFO: Run Behavior\ReadHtmlCacheBehavior [ RunTime:0.001373s ]
INFO: Run Behavior\CheckLangBehavior [ RunTime:0.003351s ]
INFO: [ app_begin ] --END-- [ RunTime:0.005450s ]
SQL: SHOW COLUMNS FROM `qw_setting` [ RunTime:0.0044s ]
SQL: SELECT `k`,`v` FROM `qw_setting`  [ RunTime:0.0003s ]
SQL: SHOW COLUMNS FROM `qw_flashview` [ RunTime:0.0056s ]
SQL: SELECT `id`,cn_flashviewpc as flashviewpc,cn_fwshowpc as fwshowpc,cn_fwlink as fwlink,`fwsort` FROM `qw_flashview` ORDER BY fwsort  [ RunTime:0.0005s ]
SQL: SHOW COLUMNS FROM `qw_felghz` [ RunTime:0.0050s ]
SQL: SELECT `id`,cn_fghz as fghz,cn_fghztitle as fghztitle,cn_fghzimg as fghzimg,`fghzsort` FROM `qw_felghz` ORDER BY fghzsort  [ RunTime:0.0003s ]
SQL: SHOW COLUMNS FROM `qw_industry` [ RunTime:0.0074s ]
SQL: SELECT `id`,cn_imgiy as imgiy,`iysort` FROM `qw_industry` ORDER BY iysort LIMIT 4   [ RunTime:0.0006s ]
INFO: [ view_parse ] --START--
INFO: [ template_filter ] --START--
INFO: Run Behavior\ContentReplaceBehavior [ RunTime:0.000183s ]
INFO: [ template_filter ] --END-- [ RunTime:0.000354s ]
INFO: Run Behavior\ParseTemplateBehavior [ RunTime:0.080905s ]
INFO: [ view_parse ] --END-- [ RunTime:0.081224s ]
INFO: [ view_filter ] --START--
INFO: Run Behavior\WriteHtmlCacheBehavior [ RunTime:0.000633s ]
INFO: [ view_filter ] --END-- [ RunTime:0.000789s ]
INFO: [ app_end ] --START--
INFO: Run Behavior\ShowPageTraceBehavior [ RunTime:0.000845s ]
INFO: [ app_end ] --END-- [ RunTime:0.001089s ]

[ 2017-04-05T16:53:56+08:00 ] ::1 /guanwang/qwadmin/index.php/Home/Index/layer_mobile/layer.js
INFO: [ app_init ] --START--
INFO: Run Behavior\BuildLiteBehavior [ RunTime:0.000073s ]
INFO: [ app_init ] --END-- [ RunTime:0.001085s ]
INFO: [ app_begin ] --START--
INFO: Run Behavior\ReadHtmlCacheBehavior [ RunTime:0.000833s ]
INFO: Run Behavior\CheckLangBehavior [ RunTime:0.001540s ]
INFO: [ app_begin ] --END-- [ RunTime:0.002678s ]
SQL: SHOW COLUMNS FROM `qw_setting` [ RunTime:0.0049s ]
SQL: SELECT `k`,`v` FROM `qw_setting`  [ RunTime:0.0004s ]
ERR: 非法操作:layer_mobile

