[ 2017-03-23T11:44:55+08:00 ] ::1 /guanwang/qwadmin/
INFO: [ app_init ] --START--
INFO: Run Behavior\BuildLiteBehavior [ RunTime:0.000062s ]
INFO: [ app_init ] --END-- [ RunTime:0.044489s ]
INFO: [ app_begin ] --START--
INFO: Run Behavior\ReadHtmlCacheBehavior [ RunTime:0.012432s ]
INFO: Run Behavior\CheckLangBehavior [ RunTime:0.009617s ]
INFO: [ app_begin ] --END-- [ RunTime:0.022354s ]
SQL: SHOW COLUMNS FROM `qw_setting` [ RunTime:0.3386s ]
SQL: SELECT `k`,`v` FROM `qw_setting`  [ RunTime:0.0106s ]
NOTIC: [8] Use of undefined constant __VAR_LANGUAGE__ - assumed '__VAR_LANGUAGE__' F:\wamp\www\guanwang\qwadmin\App\Home\Controller\IndexController.class.php 第 19 行.
NOTIC: [8] Use of undefined constant lang - assumed 'lang' F:\wamp\www\guanwang\qwadmin\App\Home\Controller\IndexController.class.php 第 24 行.
NOTIC: [8] Undefined variable: Think F:\wamp\www\guanwang\qwadmin\App\Home\Controller\IndexController.class.php 第 24 行.
NOTIC: [8] Use of undefined constant form_email - assumed 'form_email' F:\wamp\www\guanwang\qwadmin\App\Home\Controller\IndexController.class.php 第 24 行.
INFO: [ view_parse ] --START--
INFO: [ template_filter ] --START--
INFO: Run Behavior\ContentReplaceBehavior [ RunTime:0.000093s ]
INFO: [ template_filter ] --END-- [ RunTime:0.000279s ]
INFO: Run Behavior\ParseTemplateBehavior [ RunTime:0.058068s ]
INFO: [ view_parse ] --END-- [ RunTime:0.058255s ]
INFO: [ view_filter ] --START--
INFO: Run Behavior\WriteHtmlCacheBehavior [ RunTime:0.023039s ]
INFO: [ view_filter ] --END-- [ RunTime:0.023224s ]
INFO: [ app_end ] --START--
INFO: Run Behavior\ShowPageTraceBehavior [ RunTime:0.001263s ]
INFO: [ app_end ] --END-- [ RunTime:0.001422s ]

[ 2017-03-23T14:33:30+08:00 ] ::1 /guanwang/qwadmin/
INFO: [ app_init ] --START--
INFO: Run Behavior\BuildLiteBehavior [ RunTime:0.000074s ]
INFO: [ app_init ] --END-- [ RunTime:0.001703s ]
INFO: [ app_begin ] --START--
INFO: Run Behavior\ReadHtmlCacheBehavior [ RunTime:0.000852s ]
INFO: Run Behavior\CheckLangBehavior [ RunTime:0.002102s ]
INFO: [ app_begin ] --END-- [ RunTime:0.003389s ]
SQL: SHOW COLUMNS FROM `qw_setting` [ RunTime:0.0042s ]
SQL: SELECT `k`,`v` FROM `qw_setting`  [ RunTime:0.0003s ]
NOTIC: [8] Use of undefined constant __VAR_LANGUAGE__ - assumed '__VAR_LANGUAGE__' F:\wamp\www\guanwang\qwadmin\App\Home\Controller\IndexController.class.php 第 19 行.
NOTIC: [8] Use of undefined constant lang - assumed 'lang' F:\wamp\www\guanwang\qwadmin\App\Home\Controller\IndexController.class.php 第 24 行.
NOTIC: [8] Undefined variable: Think F:\wamp\www\guanwang\qwadmin\App\Home\Controller\IndexController.class.php 第 24 行.
NOTIC: [8] Use of undefined constant form_email - assumed 'form_email' F:\wamp\www\guanwang\qwadmin\App\Home\Controller\IndexController.class.php 第 24 行.
INFO: [ view_parse ] --START--
INFO: [ template_filter ] --START--
INFO: Run Behavior\ContentReplaceBehavior [ RunTime:0.000080s ]
INFO: [ template_filter ] --END-- [ RunTime:0.000243s ]
INFO: Run Behavior\ParseTemplateBehavior [ RunTime:0.268272s ]
INFO: [ view_parse ] --END-- [ RunTime:0.268455s ]
INFO: [ view_filter ] --START--
INFO: Run Behavior\WriteHtmlCacheBehavior [ RunTime:0.000948s ]
INFO: [ view_filter ] --END-- [ RunTime:0.001211s ]
INFO: [ app_end ] --START--
INFO: Run Behavior\ShowPageTraceBehavior [ RunTime:0.000997s ]
INFO: [ app_end ] --END-- [ RunTime:0.001209s ]

