[ 2017-05-02T16:38:47+08:00 ] ::1 /guanwang/qwadmin/
INFO: [ app_init ] --START--
INFO: Run Behavior\BuildLiteBehavior [ RunTime:0.000066s ]
INFO: [ app_init ] --END-- [ RunTime:0.015728s ]
INFO: [ app_begin ] --START--
INFO: Run Behavior\ReadHtmlCacheBehavior [ RunTime:0.008122s ]
INFO: Run Behavior\CheckLangBehavior [ RunTime:0.017927s ]
INFO: [ app_begin ] --END-- [ RunTime:0.026493s ]
SQL: SHOW COLUMNS FROM `qw_setting` [ RunTime:1.3497s ]
SQL: SELECT `k`,`v` FROM `qw_setting`  [ RunTime:0.0236s ]
SQL: SHOW COLUMNS FROM `qw_felgproduct` [ RunTime:0.2211s ]
SQL: SHOW COLUMNS FROM `qw_rflinkerproduct` [ RunTime:0.0973s ]
SQL: SELECT `id`,cn_ftname as name,`xl_type` FROM `qw_felgproduct` WHERE ( search = 1 ) UNION SELECT id,cn_rrname as name,xl_type FROM qw_rflinkerproduct where search=1 [ RunTime:0.0520s ]
SQL: SELECT `id`,cn_ftname as name,`xl_type` FROM `qw_felgproduct` UNION SELECT id,cn_rrname as name,xl_type FROM qw_rflinkerproduct  [ RunTime:0.0007s ]
SQL: SHOW COLUMNS FROM `qw_indexshow` [ RunTime:0.0477s ]
SQL: SELECT `id`,cn_fghzname as fghzname,cn_fghzshow as fghzshow,cn_rrhzname as rrhzname,cn_rrhzshow as rrhzshow,cn_tjhzname as tjhzname,cn_tjhzshow as tjhzshow FROM `qw_indexshow` LIMIT 1   [ RunTime:0.0206s ]
SQL: SHOW COLUMNS FROM `qw_flashview` [ RunTime:0.0183s ]
SQL: SELECT `id`,cn_flashviewpc as flashviewpc,cn_title as title,cn_fwshowpc as fwshowpc,cn_fwlink as fwlink,`fwsort` FROM `qw_flashview` ORDER BY fwsort  [ RunTime:0.0006s ]
SQL: SHOW COLUMNS FROM `qw_felghz` [ RunTime:0.0836s ]
SQL: SELECT `id`,cn_fghz as fghz,cn_fghztitle as fghztitle,cn_fghzimg as fghzimg,`fghzsort` FROM `qw_felghz` ORDER BY fghzsort LIMIT 4   [ RunTime:0.0004s ]
SQL: SHOW COLUMNS FROM `qw_rflinkerhz` [ RunTime:0.0676s ]
SQL: SELECT `id`,cn_rflinkerhz as rflinkerhz,cn_rrtitle as rrtitle,cn_rrimg as rrimg,`rrsort` FROM `qw_rflinkerhz` ORDER BY rrsort LIMIT 4   [ RunTime:0.0004s ]
SQL: SHOW COLUMNS FROM `qw_tuijian` [ RunTime:0.0284s ]
SQL: SELECT `id`,cn_felgname as felgname,cn_rrname as rrname,`type`,`tjsotr` FROM `qw_tuijian` ORDER BY tjsotr  [ RunTime:0.0004s ]
SQL: SHOW COLUMNS FROM `qw_industry` [ RunTime:0.0701s ]
SQL: SELECT `id`,cn_imgiy as imgiy,`iysort` FROM `qw_industry` ORDER BY iysort LIMIT 4   [ RunTime:0.0004s ]
INFO: [ view_parse ] --START--
INFO: [ template_filter ] --START--
INFO: Run Behavior\ContentReplaceBehavior [ RunTime:0.000276s ]
INFO: [ template_filter ] --END-- [ RunTime:0.000457s ]
NOTIC: [8] Use of undefined constant Index - assumed 'Index' F:\wamp\www\guanwang\qwadmin\App\Runtime\Cache\Home\00e52909bed743ea261af4b6823297ff.php 第 75 行.
NOTIC: [8] Use of undefined constant Felg - assumed 'Felg' F:\wamp\www\guanwang\qwadmin\App\Runtime\Cache\Home\00e52909bed743ea261af4b6823297ff.php 第 76 行.
NOTIC: [8] Use of undefined constant Rflinker - assumed 'Rflinker' F:\wamp\www\guanwang\qwadmin\App\Runtime\Cache\Home\00e52909bed743ea261af4b6823297ff.php 第 76 行.
NOTIC: [8] Use of undefined constant Vocationlist - assumed 'Vocationlist' F:\wamp\www\guanwang\qwadmin\App\Runtime\Cache\Home\00e52909bed743ea261af4b6823297ff.php 第 77 行.
NOTIC: [8] Use of undefined constant Codeinput - assumed 'Codeinput' F:\wamp\www\guanwang\qwadmin\App\Runtime\Cache\Home\00e52909bed743ea261af4b6823297ff.php 第 78 行.
NOTIC: [8] Use of undefined constant Aboutus - assumed 'Aboutus' F:\wamp\www\guanwang\qwadmin\App\Runtime\Cache\Home\00e52909bed743ea261af4b6823297ff.php 第 79 行.
NOTIC: [8] Undefined index: ftimg F:\wamp\www\guanwang\qwadmin\App\Runtime\Cache\Home\00e52909bed743ea261af4b6823297ff.php 第 194 行.
NOTIC: [8] Undefined index: ftname F:\wamp\www\guanwang\qwadmin\App\Runtime\Cache\Home\00e52909bed743ea261af4b6823297ff.php 第 197 行.
NOTIC: [8] Undefined index: fttitle F:\wamp\www\guanwang\qwadmin\App\Runtime\Cache\Home\00e52909bed743ea261af4b6823297ff.php 第 198 行.
INFO: Run Behavior\ParseTemplateBehavior [ RunTime:0.528718s ]
INFO: [ view_parse ] --END-- [ RunTime:0.528921s ]
INFO: [ view_filter ] --START--
INFO: Run Behavior\WriteHtmlCacheBehavior [ RunTime:0.295857s ]
INFO: [ view_filter ] --END-- [ RunTime:0.296142s ]
INFO: [ app_end ] --START--
INFO: Run Behavior\ShowPageTraceBehavior [ RunTime:0.127326s ]
INFO: [ app_end ] --END-- [ RunTime:0.127731s ]

[ 2017-05-02T16:38:50+08:00 ] ::1 /guanwang/qwadmin/
INFO: [ app_init ] --START--
INFO: Run Behavior\BuildLiteBehavior [ RunTime:0.000040s ]
INFO: [ app_init ] --END-- [ RunTime:0.000688s ]
INFO: [ app_begin ] --START--
INFO: Run Behavior\ReadHtmlCacheBehavior [ RunTime:0.001060s ]
INFO: Run Behavior\CheckLangBehavior [ RunTime:0.001610s ]
INFO: [ app_begin ] --END-- [ RunTime:0.003002s ]
SQL: SHOW COLUMNS FROM `qw_setting` [ RunTime:0.0041s ]
SQL: SELECT `k`,`v` FROM `qw_setting`  [ RunTime:0.0005s ]
SQL: SHOW COLUMNS FROM `qw_felgproduct` [ RunTime:0.0068s ]
SQL: SHOW COLUMNS FROM `qw_rflinkerproduct` [ RunTime:0.0057s ]
SQL: SELECT `id`,cn_ftname as name,`xl_type` FROM `qw_felgproduct` WHERE ( search = 1 ) UNION SELECT id,cn_rrname as name,xl_type FROM qw_rflinkerproduct where search=1 [ RunTime:0.0009s ]
SQL: SELECT `id`,cn_ftname as name,`xl_type` FROM `qw_felgproduct` UNION SELECT id,cn_rrname as name,xl_type FROM qw_rflinkerproduct  [ RunTime:0.0011s ]
SQL: SHOW COLUMNS FROM `qw_indexshow` [ RunTime:0.0048s ]
SQL: SELECT `id`,cn_fghzname as fghzname,cn_fghzshow as fghzshow,cn_rrhzname as rrhzname,cn_rrhzshow as rrhzshow,cn_tjhzname as tjhzname,cn_tjhzshow as tjhzshow FROM `qw_indexshow` LIMIT 1   [ RunTime:0.0003s ]
SQL: SHOW COLUMNS FROM `qw_flashview` [ RunTime:0.0061s ]
SQL: SELECT `id`,cn_flashviewpc as flashviewpc,cn_title as title,cn_fwshowpc as fwshowpc,cn_fwlink as fwlink,`fwsort` FROM `qw_flashview` ORDER BY fwsort  [ RunTime:0.0004s ]
SQL: SHOW COLUMNS FROM `qw_felghz` [ RunTime:0.0043s ]
SQL: SELECT `id`,cn_fghz as fghz,cn_fghztitle as fghztitle,cn_fghzimg as fghzimg,`fghzsort` FROM `qw_felghz` ORDER BY fghzsort LIMIT 4   [ RunTime:0.0003s ]
SQL: SHOW COLUMNS FROM `qw_rflinkerhz` [ RunTime:0.0049s ]
SQL: SELECT `id`,cn_rflinkerhz as rflinkerhz,cn_rrtitle as rrtitle,cn_rrimg as rrimg,`rrsort` FROM `qw_rflinkerhz` ORDER BY rrsort LIMIT 4   [ RunTime:0.0005s ]
SQL: SHOW COLUMNS FROM `qw_tuijian` [ RunTime:0.0047s ]
SQL: SELECT `id`,cn_felgname as felgname,cn_rrname as rrname,`type`,`tjsotr` FROM `qw_tuijian` ORDER BY tjsotr  [ RunTime:0.0004s ]
SQL: SHOW COLUMNS FROM `qw_industry` [ RunTime:0.0049s ]
SQL: SELECT `id`,cn_imgiy as imgiy,`iysort` FROM `qw_industry` ORDER BY iysort LIMIT 4   [ RunTime:0.0004s ]
INFO: [ view_parse ] --START--
INFO: [ template_filter ] --START--
INFO: Run Behavior\ContentReplaceBehavior [ RunTime:0.000226s ]
INFO: [ template_filter ] --END-- [ RunTime:0.000427s ]
NOTIC: [8] Use of undefined constant Index - assumed 'Index' F:\wamp\www\guanwang\qwadmin\App\Runtime\Cache\Home\00e52909bed743ea261af4b6823297ff.php 第 75 行.
NOTIC: [8] Use of undefined constant Felg - assumed 'Felg' F:\wamp\www\guanwang\qwadmin\App\Runtime\Cache\Home\00e52909bed743ea261af4b6823297ff.php 第 76 行.
NOTIC: [8] Use of undefined constant Rflinker - assumed 'Rflinker' F:\wamp\www\guanwang\qwadmin\App\Runtime\Cache\Home\00e52909bed743ea261af4b6823297ff.php 第 76 行.
NOTIC: [8] Use of undefined constant Vocationlist - assumed 'Vocationlist' F:\wamp\www\guanwang\qwadmin\App\Runtime\Cache\Home\00e52909bed743ea261af4b6823297ff.php 第 77 行.
NOTIC: [8] Use of undefined constant Codeinput - assumed 'Codeinput' F:\wamp\www\guanwang\qwadmin\App\Runtime\Cache\Home\00e52909bed743ea261af4b6823297ff.php 第 78 行.
NOTIC: [8] Use of undefined constant Aboutus - assumed 'Aboutus' F:\wamp\www\guanwang\qwadmin\App\Runtime\Cache\Home\00e52909bed743ea261af4b6823297ff.php 第 79 行.
NOTIC: [8] Undefined index: ftimg F:\wamp\www\guanwang\qwadmin\App\Runtime\Cache\Home\00e52909bed743ea261af4b6823297ff.php 第 194 行.
NOTIC: [8] Undefined index: ftname F:\wamp\www\guanwang\qwadmin\App\Runtime\Cache\Home\00e52909bed743ea261af4b6823297ff.php 第 197 行.
NOTIC: [8] Undefined index: fttitle F:\wamp\www\guanwang\qwadmin\App\Runtime\Cache\Home\00e52909bed743ea261af4b6823297ff.php 第 198 行.
INFO: Run Behavior\ParseTemplateBehavior [ RunTime:0.109483s ]
INFO: [ view_parse ] --END-- [ RunTime:0.109991s ]
INFO: [ view_filter ] --START--
INFO: Run Behavior\WriteHtmlCacheBehavior [ RunTime:0.000642s ]
INFO: [ view_filter ] --END-- [ RunTime:0.000863s ]
INFO: [ app_end ] --START--
INFO: Run Behavior\ShowPageTraceBehavior [ RunTime:0.001082s ]
INFO: [ app_end ] --END-- [ RunTime:0.001329s ]

[ 2017-05-02T16:39:20+08:00 ] ::1 /guanwang/qwadmin/
INFO: [ app_init ] --START--
INFO: Run Behavior\BuildLiteBehavior [ RunTime:0.000041s ]
INFO: [ app_init ] --END-- [ RunTime:0.000821s ]
INFO: [ app_begin ] --START--
INFO: Run Behavior\ReadHtmlCacheBehavior [ RunTime:0.000656s ]
INFO: Run Behavior\CheckLangBehavior [ RunTime:0.001608s ]
INFO: [ app_begin ] --END-- [ RunTime:0.002649s ]
SQL: SHOW COLUMNS FROM `qw_setting` [ RunTime:0.0974s ]
SQL: SELECT `k`,`v` FROM `qw_setting`  [ RunTime:0.0003s ]
SQL: SHOW COLUMNS FROM `qw_felgproduct` [ RunTime:0.1103s ]
SQL: SHOW COLUMNS FROM `qw_rflinkerproduct` [ RunTime:0.0045s ]
SQL: SELECT `id`,cn_ftname as name,`xl_type` FROM `qw_felgproduct` WHERE ( search = 1 ) UNION SELECT id,cn_rrname as name,xl_type FROM qw_rflinkerproduct where search=1 [ RunTime:0.0006s ]
SQL: SELECT `id`,cn_ftname as name,`xl_type` FROM `qw_felgproduct` UNION SELECT id,cn_rrname as name,xl_type FROM qw_rflinkerproduct  [ RunTime:0.0006s ]
SQL: SHOW COLUMNS FROM `qw_indexshow` [ RunTime:0.0058s ]
SQL: SELECT `id`,cn_fghzname as fghzname,cn_fghzshow as fghzshow,cn_rrhzname as rrhzname,cn_rrhzshow as rrhzshow,cn_tjhzname as tjhzname,cn_tjhzshow as tjhzshow FROM `qw_indexshow` LIMIT 1   [ RunTime:0.0004s ]
SQL: SHOW COLUMNS FROM `qw_flashview` [ RunTime:0.0044s ]
SQL: SELECT `id`,cn_flashviewpc as flashviewpc,cn_title as title,cn_fwshowpc as fwshowpc,cn_fwlink as fwlink,`fwsort` FROM `qw_flashview` ORDER BY fwsort  [ RunTime:0.0004s ]
SQL: SHOW COLUMNS FROM `qw_felghz` [ RunTime:0.0049s ]
SQL: SELECT `id`,cn_fghz as fghz,cn_fghztitle as fghztitle,cn_fghzimg as fghzimg,`fghzsort` FROM `qw_felghz` ORDER BY fghzsort LIMIT 4   [ RunTime:0.0005s ]
SQL: SHOW COLUMNS FROM `qw_rflinkerhz` [ RunTime:0.0044s ]
SQL: SELECT `id`,cn_rflinkerhz as rflinkerhz,cn_rrtitle as rrtitle,cn_rrimg as rrimg,`rrsort` FROM `qw_rflinkerhz` ORDER BY rrsort LIMIT 4   [ RunTime:0.0003s ]
SQL: SHOW COLUMNS FROM `qw_tuijian` [ RunTime:0.0046s ]
SQL: SELECT `id`,cn_felgname as felgname,cn_rrname as rrname,`type`,`tjsotr` FROM `qw_tuijian` ORDER BY tjsotr  [ RunTime:0.0004s ]
SQL: SHOW COLUMNS FROM `qw_industry` [ RunTime:0.0054s ]
SQL: SELECT `id`,cn_imgiy as imgiy,`iysort` FROM `qw_industry` ORDER BY iysort LIMIT 4   [ RunTime:0.0004s ]
INFO: [ view_parse ] --START--
INFO: [ template_filter ] --START--
INFO: Run Behavior\ContentReplaceBehavior [ RunTime:0.000205s ]
INFO: [ template_filter ] --END-- [ RunTime:0.000431s ]
NOTIC: [8] Use of undefined constant Index - assumed 'Index' F:\wamp\www\guanwang\qwadmin\App\Runtime\Cache\Home\00e52909bed743ea261af4b6823297ff.php 第 75 行.
NOTIC: [8] Use of undefined constant Felg - assumed 'Felg' F:\wamp\www\guanwang\qwadmin\App\Runtime\Cache\Home\00e52909bed743ea261af4b6823297ff.php 第 76 行.
NOTIC: [8] Use of undefined constant Rflinker - assumed 'Rflinker' F:\wamp\www\guanwang\qwadmin\App\Runtime\Cache\Home\00e52909bed743ea261af4b6823297ff.php 第 76 行.
NOTIC: [8] Use of undefined constant Vocationlist - assumed 'Vocationlist' F:\wamp\www\guanwang\qwadmin\App\Runtime\Cache\Home\00e52909bed743ea261af4b6823297ff.php 第 77 行.
NOTIC: [8] Use of undefined constant Codeinput - assumed 'Codeinput' F:\wamp\www\guanwang\qwadmin\App\Runtime\Cache\Home\00e52909bed743ea261af4b6823297ff.php 第 78 行.
NOTIC: [8] Use of undefined constant Aboutus - assumed 'Aboutus' F:\wamp\www\guanwang\qwadmin\App\Runtime\Cache\Home\00e52909bed743ea261af4b6823297ff.php 第 79 行.
NOTIC: [8] Undefined index: ftimg F:\wamp\www\guanwang\qwadmin\App\Runtime\Cache\Home\00e52909bed743ea261af4b6823297ff.php 第 194 行.
NOTIC: [8] Undefined index: ftname F:\wamp\www\guanwang\qwadmin\App\Runtime\Cache\Home\00e52909bed743ea261af4b6823297ff.php 第 197 行.
NOTIC: [8] Undefined index: fttitle F:\wamp\www\guanwang\qwadmin\App\Runtime\Cache\Home\00e52909bed743ea261af4b6823297ff.php 第 198 行.
INFO: Run Behavior\ParseTemplateBehavior [ RunTime:0.045453s ]
INFO: [ view_parse ] --END-- [ RunTime:0.045637s ]
INFO: [ view_filter ] --START--
INFO: Run Behavior\WriteHtmlCacheBehavior [ RunTime:0.000552s ]
INFO: [ view_filter ] --END-- [ RunTime:0.000784s ]
INFO: [ app_end ] --START--
INFO: Run Behavior\ShowPageTraceBehavior [ RunTime:0.000699s ]
INFO: [ app_end ] --END-- [ RunTime:0.000880s ]

[ 2017-05-02T16:39:21+08:00 ] ::1 /guanwang/qwadmin/
INFO: [ app_init ] --START--
INFO: Run Behavior\BuildLiteBehavior [ RunTime:0.000075s ]
INFO: [ app_init ] --END-- [ RunTime:0.001045s ]
INFO: [ app_begin ] --START--
INFO: Run Behavior\ReadHtmlCacheBehavior [ RunTime:0.001036s ]
INFO: Run Behavior\CheckLangBehavior [ RunTime:0.002040s ]
INFO: [ app_begin ] --END-- [ RunTime:0.003616s ]
SQL: SHOW COLUMNS FROM `qw_setting` [ RunTime:0.0070s ]
SQL: SELECT `k`,`v` FROM `qw_setting`  [ RunTime:0.0003s ]
SQL: SHOW COLUMNS FROM `qw_felgproduct` [ RunTime:0.0089s ]
SQL: SHOW COLUMNS FROM `qw_rflinkerproduct` [ RunTime:0.0048s ]
SQL: SELECT `id`,cn_ftname as name,`xl_type` FROM `qw_felgproduct` WHERE ( search = 1 ) UNION SELECT id,cn_rrname as name,xl_type FROM qw_rflinkerproduct where search=1 [ RunTime:0.0007s ]
SQL: SELECT `id`,cn_ftname as name,`xl_type` FROM `qw_felgproduct` UNION SELECT id,cn_rrname as name,xl_type FROM qw_rflinkerproduct  [ RunTime:0.0027s ]
SQL: SHOW COLUMNS FROM `qw_indexshow` [ RunTime:0.0052s ]
SQL: SELECT `id`,cn_fghzname as fghzname,cn_fghzshow as fghzshow,cn_rrhzname as rrhzname,cn_rrhzshow as rrhzshow,cn_tjhzname as tjhzname,cn_tjhzshow as tjhzshow FROM `qw_indexshow` LIMIT 1   [ RunTime:0.0004s ]
SQL: SHOW COLUMNS FROM `qw_flashview` [ RunTime:0.0067s ]
SQL: SELECT `id`,cn_flashviewpc as flashviewpc,cn_title as title,cn_fwshowpc as fwshowpc,cn_fwlink as fwlink,`fwsort` FROM `qw_flashview` ORDER BY fwsort  [ RunTime:0.0004s ]
SQL: SHOW COLUMNS FROM `qw_felghz` [ RunTime:0.0053s ]
SQL: SELECT `id`,cn_fghz as fghz,cn_fghztitle as fghztitle,cn_fghzimg as fghzimg,`fghzsort` FROM `qw_felghz` ORDER BY fghzsort LIMIT 4   [ RunTime:0.0005s ]
SQL: SHOW COLUMNS FROM `qw_rflinkerhz` [ RunTime:0.0071s ]
SQL: SELECT `id`,cn_rflinkerhz as rflinkerhz,cn_rrtitle as rrtitle,cn_rrimg as rrimg,`rrsort` FROM `qw_rflinkerhz` ORDER BY rrsort LIMIT 4   [ RunTime:0.0005s ]
SQL: SHOW COLUMNS FROM `qw_tuijian` [ RunTime:0.0057s ]
SQL: SELECT `id`,cn_felgname as felgname,cn_rrname as rrname,`type`,`tjsotr` FROM `qw_tuijian` ORDER BY tjsotr  [ RunTime:0.0004s ]
SQL: SHOW COLUMNS FROM `qw_industry` [ RunTime:0.0062s ]
SQL: SELECT `id`,cn_imgiy as imgiy,`iysort` FROM `qw_industry` ORDER BY iysort LIMIT 4   [ RunTime:0.0004s ]
INFO: [ view_parse ] --START--
INFO: [ template_filter ] --START--
INFO: Run Behavior\ContentReplaceBehavior [ RunTime:0.000276s ]
INFO: [ template_filter ] --END-- [ RunTime:0.000553s ]
NOTIC: [8] Use of undefined constant Index - assumed 'Index' F:\wamp\www\guanwang\qwadmin\App\Runtime\Cache\Home\00e52909bed743ea261af4b6823297ff.php 第 75 行.
NOTIC: [8] Use of undefined constant Felg - assumed 'Felg' F:\wamp\www\guanwang\qwadmin\App\Runtime\Cache\Home\00e52909bed743ea261af4b6823297ff.php 第 76 行.
NOTIC: [8] Use of undefined constant Rflinker - assumed 'Rflinker' F:\wamp\www\guanwang\qwadmin\App\Runtime\Cache\Home\00e52909bed743ea261af4b6823297ff.php 第 76 行.
NOTIC: [8] Use of undefined constant Vocationlist - assumed 'Vocationlist' F:\wamp\www\guanwang\qwadmin\App\Runtime\Cache\Home\00e52909bed743ea261af4b6823297ff.php 第 77 行.
NOTIC: [8] Use of undefined constant Codeinput - assumed 'Codeinput' F:\wamp\www\guanwang\qwadmin\App\Runtime\Cache\Home\00e52909bed743ea261af4b6823297ff.php 第 78 行.
NOTIC: [8] Use of undefined constant Aboutus - assumed 'Aboutus' F:\wamp\www\guanwang\qwadmin\App\Runtime\Cache\Home\00e52909bed743ea261af4b6823297ff.php 第 79 行.
NOTIC: [8] Undefined index: ftimg F:\wamp\www\guanwang\qwadmin\App\Runtime\Cache\Home\00e52909bed743ea261af4b6823297ff.php 第 194 行.
NOTIC: [8] Undefined index: ftname F:\wamp\www\guanwang\qwadmin\App\Runtime\Cache\Home\00e52909bed743ea261af4b6823297ff.php 第 197 行.
NOTIC: [8] Undefined index: fttitle F:\wamp\www\guanwang\qwadmin\App\Runtime\Cache\Home\00e52909bed743ea261af4b6823297ff.php 第 198 行.
INFO: Run Behavior\ParseTemplateBehavior [ RunTime:0.071816s ]
INFO: [ view_parse ] --END-- [ RunTime:0.072068s ]
INFO: [ view_filter ] --START--
INFO: Run Behavior\WriteHtmlCacheBehavior [ RunTime:0.000620s ]
INFO: [ view_filter ] --END-- [ RunTime:0.000929s ]
INFO: [ app_end ] --START--
INFO: Run Behavior\ShowPageTraceBehavior [ RunTime:0.001047s ]
INFO: [ app_end ] --END-- [ RunTime:0.001428s ]

[ 2017-05-02T16:39:36+08:00 ] ::1 /guanwang/qwadmin/index.php/Home/Felg/Index/lang/en-us.html
INFO: [ app_init ] --START--
INFO: Run Behavior\BuildLiteBehavior [ RunTime:0.000040s ]
INFO: [ app_init ] --END-- [ RunTime:0.000597s ]
INFO: [ app_begin ] --START--
INFO: Run Behavior\ReadHtmlCacheBehavior [ RunTime:0.001472s ]
INFO: Run Behavior\CheckLangBehavior [ RunTime:0.064132s ]
INFO: [ app_begin ] --END-- [ RunTime:0.066056s ]
SQL: SHOW COLUMNS FROM `qw_setting` [ RunTime:0.0050s ]
SQL: SELECT `k`,`v` FROM `qw_setting`  [ RunTime:0.0004s ]
SQL: SHOW COLUMNS FROM `qw_felgproduct` [ RunTime:0.0055s ]
SQL: SHOW COLUMNS FROM `qw_rflinkerproduct` [ RunTime:0.0063s ]
SQL: SELECT `id`,en_ftname as name,`xl_type` FROM `qw_felgproduct` WHERE ( search = 1 ) UNION SELECT id,en_rrname as name,xl_type FROM qw_rflinkerproduct where search=1 [ RunTime:0.0359s ]
SQL: SELECT `id`,en_ftname as name,`xl_type` FROM `qw_felgproduct` UNION SELECT id,en_rrname as name,xl_type FROM qw_rflinkerproduct  [ RunTime:0.0012s ]
SQL: SHOW COLUMNS FROM `qw_felghz` [ RunTime:0.0045s ]
SQL: SELECT `id`,en_fghz as fghz,`fghzsort` FROM `qw_felghz` ORDER BY fghzsort  [ RunTime:0.0005s ]
SQL: SHOW COLUMNS FROM `qw_felgtype` [ RunTime:0.0624s ]
SQL: SELECT `id`,en_fgtypename as fgtypename,`fgtypesort` FROM `qw_felgtype` ORDER BY fgtypesort  [ RunTime:0.0004s ]
SQL: SELECT en_fghz as fghz FROM `qw_felghz` ORDER BY fghzsort LIMIT 1   [ RunTime:0.0002s ]
SQL: SELECT `id`,en_fttitle as fttitle,en_ftimg as ftimg,en_ftname as ftname,`ftsort` FROM `qw_felgproduct` WHERE ( felgenhzname = 'LF' ) ORDER BY ftsort  [ RunTime:0.0004s ]
SQL: SELECT COUNT(*) AS tp_count FROM `qw_felgproduct` WHERE ( felgenhzname = 'LF' ) LIMIT 1   [ RunTime:0.0706s ]
SQL: SHOW COLUMNS FROM `qw_productlistimgs` [ RunTime:0.0431s ]
SQL: SELECT `id`,en_flashviewpc as flashviewpc,en_fwlink as fwlink,en_flashviewphone as flashviewphone,en_fwshowpc as fwshowpc,en_fwshowphone as fwshowphone,`fwsort` FROM `qw_productlistimgs` ORDER BY fwsort  [ RunTime:0.0003s ]
INFO: [ view_parse ] --START--
INFO: [ template_filter ] --START--
INFO: Run Behavior\ContentReplaceBehavior [ RunTime:0.000194s ]
INFO: [ template_filter ] --END-- [ RunTime:0.000431s ]
NOTIC: [8] Use of undefined constant Index - assumed 'Index' F:\wamp\www\guanwang\qwadmin\App\Runtime\Cache\Home\9b6d1002631c08af46987a84e3316e46.php 第 115 行.
NOTIC: [8] Use of undefined constant Felg - assumed 'Felg' F:\wamp\www\guanwang\qwadmin\App\Runtime\Cache\Home\9b6d1002631c08af46987a84e3316e46.php 第 116 行.
NOTIC: [8] Use of undefined constant Vocationlist - assumed 'Vocationlist' F:\wamp\www\guanwang\qwadmin\App\Runtime\Cache\Home\9b6d1002631c08af46987a84e3316e46.php 第 117 行.
NOTIC: [8] Use of undefined constant Codeinput - assumed 'Codeinput' F:\wamp\www\guanwang\qwadmin\App\Runtime\Cache\Home\9b6d1002631c08af46987a84e3316e46.php 第 118 行.
NOTIC: [8] Use of undefined constant Aboutus - assumed 'Aboutus' F:\wamp\www\guanwang\qwadmin\App\Runtime\Cache\Home\9b6d1002631c08af46987a84e3316e46.php 第 119 行.
NOTIC: [8] Undefined variable: indexhzname F:\wamp\www\guanwang\qwadmin\App\Runtime\Cache\Home\9b6d1002631c08af46987a84e3316e46.php 第 166 行.
NOTIC: [8] Undefined variable: indexhzname F:\wamp\www\guanwang\qwadmin\App\Runtime\Cache\Home\9b6d1002631c08af46987a84e3316e46.php 第 166 行.
NOTIC: [8] Undefined variable: indexhzname F:\wamp\www\guanwang\qwadmin\App\Runtime\Cache\Home\9b6d1002631c08af46987a84e3316e46.php 第 166 行.
NOTIC: [8] Undefined variable: indexhzname F:\wamp\www\guanwang\qwadmin\App\Runtime\Cache\Home\9b6d1002631c08af46987a84e3316e46.php 第 166 行.
NOTIC: [8] Undefined variable: indexhzname F:\wamp\www\guanwang\qwadmin\App\Runtime\Cache\Home\9b6d1002631c08af46987a84e3316e46.php 第 166 行.
NOTIC: [8] Undefined variable: indexhzname F:\wamp\www\guanwang\qwadmin\App\Runtime\Cache\Home\9b6d1002631c08af46987a84e3316e46.php 第 166 行.
NOTIC: [8] Undefined variable: indexhzname F:\wamp\www\guanwang\qwadmin\App\Runtime\Cache\Home\9b6d1002631c08af46987a84e3316e46.php 第 166 行.
INFO: Run Behavior\ParseTemplateBehavior [ RunTime:0.085800s ]
INFO: [ view_parse ] --END-- [ RunTime:0.086085s ]
INFO: [ view_filter ] --START--
INFO: Run Behavior\WriteHtmlCacheBehavior [ RunTime:0.000587s ]
INFO: [ view_filter ] --END-- [ RunTime:0.000757s ]
INFO: [ app_end ] --START--
INFO: Run Behavior\ShowPageTraceBehavior [ RunTime:0.001028s ]
INFO: [ app_end ] --END-- [ RunTime:0.001266s ]

[ 2017-05-02T16:45:58+08:00 ] ::1 /guanwang/qwadmin/index.php/
INFO: [ app_init ] --START--
INFO: Run Behavior\BuildLiteBehavior [ RunTime:0.000049s ]
INFO: [ app_init ] --END-- [ RunTime:0.009186s ]
INFO: [ app_begin ] --START--
INFO: Run Behavior\ReadHtmlCacheBehavior [ RunTime:0.001156s ]
INFO: Run Behavior\CheckLangBehavior [ RunTime:0.006510s ]
INFO: [ app_begin ] --END-- [ RunTime:0.007988s ]
SQL: SHOW COLUMNS FROM `qw_setting` [ RunTime:0.0052s ]
SQL: SELECT `k`,`v` FROM `qw_setting`  [ RunTime:0.0004s ]
SQL: SHOW COLUMNS FROM `qw_felgproduct` [ RunTime:0.0054s ]
SQL: SHOW COLUMNS FROM `qw_rflinkerproduct` [ RunTime:0.0048s ]
SQL: SELECT `id`,en_ftname as name,`xl_type` FROM `qw_felgproduct` WHERE ( search = 1 ) UNION SELECT id,en_rrname as name,xl_type FROM qw_rflinkerproduct where search=1 [ RunTime:0.0014s ]
SQL: SELECT `id`,en_ftname as name,`xl_type` FROM `qw_felgproduct` UNION SELECT id,en_rrname as name,xl_type FROM qw_rflinkerproduct  [ RunTime:0.0012s ]
SQL: SHOW COLUMNS FROM `qw_indexshow` [ RunTime:0.0051s ]
SQL: SELECT `id`,en_fghzname as fghzname,en_fghzshow as fghzshow,en_rrhzname as rrhzname,en_rrhzshow as rrhzshow,en_tjhzname as tjhzname,en_tjhzshow as tjhzshow FROM `qw_indexshow` LIMIT 1   [ RunTime:0.0004s ]
SQL: SHOW COLUMNS FROM `qw_flashview` [ RunTime:0.0049s ]
SQL: SELECT `id`,en_flashviewpc as flashviewpc,en_title as title,en_fwshowpc as fwshowpc,en_fwlink as fwlink,`fwsort` FROM `qw_flashview` ORDER BY fwsort  [ RunTime:0.0008s ]
SQL: SHOW COLUMNS FROM `qw_felghz` [ RunTime:0.0047s ]
SQL: SELECT `id`,en_fghz as fghz,en_fghztitle as fghztitle,en_fghzimg as fghzimg,`fghzsort` FROM `qw_felghz` ORDER BY fghzsort LIMIT 4   [ RunTime:0.0005s ]
SQL: SHOW COLUMNS FROM `qw_rflinkerhz` [ RunTime:0.0049s ]
SQL: SELECT `id`,en_rflinkerhz as rflinkerhz,en_rrtitle as rrtitle,en_rrimg as rrimg,`rrsort` FROM `qw_rflinkerhz` ORDER BY rrsort LIMIT 4   [ RunTime:0.0005s ]
SQL: SHOW COLUMNS FROM `qw_tuijian` [ RunTime:0.0051s ]
SQL: SELECT `id`,en_felgname as felgname,en_rrname as rrname,`type`,`tjsotr` FROM `qw_tuijian` ORDER BY tjsotr  [ RunTime:0.0006s ]
SQL: SHOW COLUMNS FROM `qw_industry` [ RunTime:0.0059s ]
SQL: SELECT `id`,en_imgiy as imgiy,`iysort` FROM `qw_industry` ORDER BY iysort LIMIT 4   [ RunTime:0.0005s ]
INFO: [ view_parse ] --START--
INFO: [ template_filter ] --START--
INFO: Run Behavior\ContentReplaceBehavior [ RunTime:0.000213s ]
INFO: [ template_filter ] --END-- [ RunTime:0.000391s ]
NOTIC: [8] Use of undefined constant Index - assumed 'Index' F:\wamp\www\guanwang\qwadmin\App\Runtime\Cache\Home\00e52909bed743ea261af4b6823297ff.php 第 75 行.
NOTIC: [8] Use of undefined constant Felg - assumed 'Felg' F:\wamp\www\guanwang\qwadmin\App\Runtime\Cache\Home\00e52909bed743ea261af4b6823297ff.php 第 76 行.
NOTIC: [8] Use of undefined constant Rflinker - assumed 'Rflinker' F:\wamp\www\guanwang\qwadmin\App\Runtime\Cache\Home\00e52909bed743ea261af4b6823297ff.php 第 76 行.
NOTIC: [8] Use of undefined constant Vocationlist - assumed 'Vocationlist' F:\wamp\www\guanwang\qwadmin\App\Runtime\Cache\Home\00e52909bed743ea261af4b6823297ff.php 第 77 行.
NOTIC: [8] Use of undefined constant Codeinput - assumed 'Codeinput' F:\wamp\www\guanwang\qwadmin\App\Runtime\Cache\Home\00e52909bed743ea261af4b6823297ff.php 第 78 行.
NOTIC: [8] Use of undefined constant Aboutus - assumed 'Aboutus' F:\wamp\www\guanwang\qwadmin\App\Runtime\Cache\Home\00e52909bed743ea261af4b6823297ff.php 第 79 行.
NOTIC: [8] Undefined index: ftimg F:\wamp\www\guanwang\qwadmin\App\Runtime\Cache\Home\00e52909bed743ea261af4b6823297ff.php 第 194 行.
NOTIC: [8] Undefined index: ftname F:\wamp\www\guanwang\qwadmin\App\Runtime\Cache\Home\00e52909bed743ea261af4b6823297ff.php 第 197 行.
NOTIC: [8] Undefined index: fttitle F:\wamp\www\guanwang\qwadmin\App\Runtime\Cache\Home\00e52909bed743ea261af4b6823297ff.php 第 198 行.
INFO: Run Behavior\ParseTemplateBehavior [ RunTime:0.343453s ]
INFO: [ view_parse ] --END-- [ RunTime:0.343668s ]
INFO: [ view_filter ] --START--
INFO: Run Behavior\WriteHtmlCacheBehavior [ RunTime:0.035548s ]
INFO: [ view_filter ] --END-- [ RunTime:0.035869s ]
INFO: [ app_end ] --START--
INFO: Run Behavior\ShowPageTraceBehavior [ RunTime:0.018088s ]
INFO: [ app_end ] --END-- [ RunTime:0.018362s ]

[ 2017-05-02T16:46:00+08:00 ] ::1 /guanwang/qwadmin/
INFO: [ app_init ] --START--
INFO: Run Behavior\BuildLiteBehavior [ RunTime:0.000067s ]
INFO: [ app_init ] --END-- [ RunTime:0.000925s ]
INFO: [ app_begin ] --START--
INFO: Run Behavior\ReadHtmlCacheBehavior [ RunTime:0.001361s ]
INFO: Run Behavior\CheckLangBehavior [ RunTime:0.002530s ]
INFO: [ app_begin ] --END-- [ RunTime:0.004447s ]
SQL: SHOW COLUMNS FROM `qw_setting` [ RunTime:0.0053s ]
SQL: SELECT `k`,`v` FROM `qw_setting`  [ RunTime:0.0003s ]
SQL: SHOW COLUMNS FROM `qw_felgproduct` [ RunTime:0.0053s ]
SQL: SHOW COLUMNS FROM `qw_rflinkerproduct` [ RunTime:0.0050s ]
SQL: SELECT `id`,en_ftname as name,`xl_type` FROM `qw_felgproduct` WHERE ( search = 1 ) UNION SELECT id,en_rrname as name,xl_type FROM qw_rflinkerproduct where search=1 [ RunTime:0.0007s ]
SQL: SELECT `id`,en_ftname as name,`xl_type` FROM `qw_felgproduct` UNION SELECT id,en_rrname as name,xl_type FROM qw_rflinkerproduct  [ RunTime:0.0009s ]
SQL: SHOW COLUMNS FROM `qw_indexshow` [ RunTime:0.0118s ]
SQL: SELECT `id`,en_fghzname as fghzname,en_fghzshow as fghzshow,en_rrhzname as rrhzname,en_rrhzshow as rrhzshow,en_tjhzname as tjhzname,en_tjhzshow as tjhzshow FROM `qw_indexshow` LIMIT 1   [ RunTime:0.0004s ]
SQL: SHOW COLUMNS FROM `qw_flashview` [ RunTime:0.0110s ]
SQL: SELECT `id`,en_flashviewpc as flashviewpc,en_title as title,en_fwshowpc as fwshowpc,en_fwlink as fwlink,`fwsort` FROM `qw_flashview` ORDER BY fwsort  [ RunTime:0.0003s ]
SQL: SHOW COLUMNS FROM `qw_felghz` [ RunTime:0.0046s ]
SQL: SELECT `id`,en_fghz as fghz,en_fghztitle as fghztitle,en_fghzimg as fghzimg,`fghzsort` FROM `qw_felghz` ORDER BY fghzsort LIMIT 4   [ RunTime:0.0006s ]
SQL: SHOW COLUMNS FROM `qw_rflinkerhz` [ RunTime:0.0043s ]
SQL: SELECT `id`,en_rflinkerhz as rflinkerhz,en_rrtitle as rrtitle,en_rrimg as rrimg,`rrsort` FROM `qw_rflinkerhz` ORDER BY rrsort LIMIT 4   [ RunTime:0.0004s ]
SQL: SHOW COLUMNS FROM `qw_tuijian` [ RunTime:0.0043s ]
SQL: SELECT `id`,en_felgname as felgname,en_rrname as rrname,`type`,`tjsotr` FROM `qw_tuijian` ORDER BY tjsotr  [ RunTime:0.0004s ]
SQL: SHOW COLUMNS FROM `qw_industry` [ RunTime:0.0068s ]
SQL: SELECT `id`,en_imgiy as imgiy,`iysort` FROM `qw_industry` ORDER BY iysort LIMIT 4   [ RunTime:0.0006s ]
INFO: [ view_parse ] --START--
INFO: [ template_filter ] --START--
INFO: Run Behavior\ContentReplaceBehavior [ RunTime:0.000230s ]
INFO: [ template_filter ] --END-- [ RunTime:0.000479s ]
NOTIC: [8] Use of undefined constant Index - assumed 'Index' F:\wamp\www\guanwang\qwadmin\App\Runtime\Cache\Home\00e52909bed743ea261af4b6823297ff.php 第 75 行.
NOTIC: [8] Use of undefined constant Felg - assumed 'Felg' F:\wamp\www\guanwang\qwadmin\App\Runtime\Cache\Home\00e52909bed743ea261af4b6823297ff.php 第 76 行.
NOTIC: [8] Use of undefined constant Rflinker - assumed 'Rflinker' F:\wamp\www\guanwang\qwadmin\App\Runtime\Cache\Home\00e52909bed743ea261af4b6823297ff.php 第 76 行.
NOTIC: [8] Use of undefined constant Vocationlist - assumed 'Vocationlist' F:\wamp\www\guanwang\qwadmin\App\Runtime\Cache\Home\00e52909bed743ea261af4b6823297ff.php 第 77 行.
NOTIC: [8] Use of undefined constant Codeinput - assumed 'Codeinput' F:\wamp\www\guanwang\qwadmin\App\Runtime\Cache\Home\00e52909bed743ea261af4b6823297ff.php 第 78 行.
NOTIC: [8] Use of undefined constant Aboutus - assumed 'Aboutus' F:\wamp\www\guanwang\qwadmin\App\Runtime\Cache\Home\00e52909bed743ea261af4b6823297ff.php 第 79 行.
NOTIC: [8] Undefined index: ftimg F:\wamp\www\guanwang\qwadmin\App\Runtime\Cache\Home\00e52909bed743ea261af4b6823297ff.php 第 194 行.
NOTIC: [8] Undefined index: ftname F:\wamp\www\guanwang\qwadmin\App\Runtime\Cache\Home\00e52909bed743ea261af4b6823297ff.php 第 197 行.
NOTIC: [8] Undefined index: fttitle F:\wamp\www\guanwang\qwadmin\App\Runtime\Cache\Home\00e52909bed743ea261af4b6823297ff.php 第 198 行.
INFO: Run Behavior\ParseTemplateBehavior [ RunTime:0.100841s ]
INFO: [ view_parse ] --END-- [ RunTime:0.101045s ]
INFO: [ view_filter ] --START--
INFO: Run Behavior\WriteHtmlCacheBehavior [ RunTime:0.000627s ]
INFO: [ view_filter ] --END-- [ RunTime:0.000799s ]
INFO: [ app_end ] --START--
INFO: Run Behavior\ShowPageTraceBehavior [ RunTime:0.000898s ]
INFO: [ app_end ] --END-- [ RunTime:0.001092s ]

[ 2017-05-02T16:46:04+08:00 ] ::1 /guanwang/qwadmin/index.php/Home/Codeinput/Index.html
INFO: [ app_init ] --START--
INFO: Run Behavior\BuildLiteBehavior [ RunTime:0.000037s ]
INFO: [ app_init ] --END-- [ RunTime:0.000558s ]
INFO: [ app_begin ] --START--
INFO: Run Behavior\ReadHtmlCacheBehavior [ RunTime:0.000640s ]
INFO: Run Behavior\CheckLangBehavior [ RunTime:0.001546s ]
INFO: [ app_begin ] --END-- [ RunTime:0.002506s ]
SQL: SHOW COLUMNS FROM `qw_setting` [ RunTime:0.0042s ]
SQL: SELECT `k`,`v` FROM `qw_setting`  [ RunTime:0.0005s ]
SQL: SHOW COLUMNS FROM `qw_felgproduct` [ RunTime:0.0057s ]
SQL: SHOW COLUMNS FROM `qw_rflinkerproduct` [ RunTime:0.0042s ]
SQL: SELECT `id`,en_ftname as name,`xl_type` FROM `qw_felgproduct` WHERE ( search = 1 ) UNION SELECT id,en_rrname as name,xl_type FROM qw_rflinkerproduct where search=1 [ RunTime:0.0007s ]
SQL: SELECT `id`,en_ftname as name,`xl_type` FROM `qw_felgproduct` UNION SELECT id,en_rrname as name,xl_type FROM qw_rflinkerproduct  [ RunTime:0.0010s ]
INFO: [ view_parse ] --START--
INFO: [ template_filter ] --START--
INFO: Run Behavior\ContentReplaceBehavior [ RunTime:0.000182s ]
INFO: [ template_filter ] --END-- [ RunTime:0.000456s ]
NOTIC: [8] Use of undefined constant Index - assumed 'Index' F:\wamp\www\guanwang\qwadmin\App\Runtime\Cache\Home\fb0bba9424e8c48ededf3668965e76e3.php 第 115 行.
NOTIC: [8] Use of undefined constant Felg - assumed 'Felg' F:\wamp\www\guanwang\qwadmin\App\Runtime\Cache\Home\fb0bba9424e8c48ededf3668965e76e3.php 第 116 行.
NOTIC: [8] Use of undefined constant Rflinker - assumed 'Rflinker' F:\wamp\www\guanwang\qwadmin\App\Runtime\Cache\Home\fb0bba9424e8c48ededf3668965e76e3.php 第 116 行.
NOTIC: [8] Use of undefined constant Vocationlist - assumed 'Vocationlist' F:\wamp\www\guanwang\qwadmin\App\Runtime\Cache\Home\fb0bba9424e8c48ededf3668965e76e3.php 第 117 行.
NOTIC: [8] Use of undefined constant Codeinput - assumed 'Codeinput' F:\wamp\www\guanwang\qwadmin\App\Runtime\Cache\Home\fb0bba9424e8c48ededf3668965e76e3.php 第 118 行.
NOTIC: [8] Use of undefined constant Aboutus - assumed 'Aboutus' F:\wamp\www\guanwang\qwadmin\App\Runtime\Cache\Home\fb0bba9424e8c48ededf3668965e76e3.php 第 119 行.
INFO: Run Behavior\ParseTemplateBehavior [ RunTime:0.049461s ]
INFO: [ view_parse ] --END-- [ RunTime:0.049635s ]
INFO: [ view_filter ] --START--
INFO: Run Behavior\WriteHtmlCacheBehavior [ RunTime:0.000419s ]
INFO: [ view_filter ] --END-- [ RunTime:0.000569s ]
INFO: [ app_end ] --START--
INFO: Run Behavior\ShowPageTraceBehavior [ RunTime:0.000651s ]
INFO: [ app_end ] --END-- [ RunTime:0.000807s ]

[ 2017-05-02T16:46:30+08:00 ] ::1 /guanwang/qwadmin/index.php/Home/Codeinput/code
INFO: [ app_init ] --START--
INFO: Run Behavior\BuildLiteBehavior [ RunTime:0.000050s ]
INFO: [ app_init ] --END-- [ RunTime:0.000723s ]
INFO: [ app_begin ] --START--
INFO: Run Behavior\ReadHtmlCacheBehavior [ RunTime:0.000650s ]
INFO: Run Behavior\CheckLangBehavior [ RunTime:0.001656s ]
INFO: [ app_begin ] --END-- [ RunTime:0.002562s ]
SQL: SHOW COLUMNS FROM `qw_setting` [ RunTime:0.0042s ]
SQL: SELECT `k`,`v` FROM `qw_setting`  [ RunTime:0.0003s ]
SQL: SHOW COLUMNS FROM `qw_felgproduct` [ RunTime:0.0065s ]
SQL: SHOW COLUMNS FROM `qw_rflinkerproduct` [ RunTime:0.0045s ]
SQL: SELECT `id`,en_ftname as name,`xl_type` FROM `qw_felgproduct` WHERE ( search = 1 ) UNION SELECT id,en_rrname as name,xl_type FROM qw_rflinkerproduct where search=1 [ RunTime:0.0007s ]
SQL: SELECT `id`,en_ftname as name,`xl_type` FROM `qw_felgproduct` UNION SELECT id,en_rrname as name,xl_type FROM qw_rflinkerproduct  [ RunTime:0.0007s ]
INFO: [ app_end ] --START--
INFO: Run Behavior\ShowPageTraceBehavior [ RunTime:0.000769s ]
INFO: [ app_end ] --END-- [ RunTime:0.000928s ]

[ 2017-05-02T16:46:31+08:00 ] ::1 /guanwang/qwadmin/index.php/Home/Supportservices/Index.html
INFO: [ app_init ] --START--
INFO: Run Behavior\BuildLiteBehavior [ RunTime:0.000036s ]
INFO: [ app_init ] --END-- [ RunTime:0.000526s ]
INFO: [ app_begin ] --START--
INFO: Run Behavior\ReadHtmlCacheBehavior [ RunTime:0.000628s ]
INFO: Run Behavior\CheckLangBehavior [ RunTime:0.001933s ]
INFO: [ app_begin ] --END-- [ RunTime:0.002838s ]
SQL: SHOW COLUMNS FROM `qw_setting` [ RunTime:0.0761s ]
SQL: SELECT `k`,`v` FROM `qw_setting`  [ RunTime:0.0003s ]
SQL: SHOW COLUMNS FROM `qw_felgproduct` [ RunTime:0.0052s ]
SQL: SHOW COLUMNS FROM `qw_rflinkerproduct` [ RunTime:0.0049s ]
SQL: SELECT `id`,en_ftname as name,`xl_type` FROM `qw_felgproduct` WHERE ( search = 1 ) UNION SELECT id,en_rrname as name,xl_type FROM qw_rflinkerproduct where search=1 [ RunTime:0.0009s ]
SQL: SELECT `id`,en_ftname as name,`xl_type` FROM `qw_felgproduct` UNION SELECT id,en_rrname as name,xl_type FROM qw_rflinkerproduct  [ RunTime:0.0007s ]
SQL: SHOW COLUMNS FROM `qw_support` [ RunTime:0.0051s ]
SQL: SELECT `id`,en_stname as stname,en_sttitle as sttitle,en_file as file,en_sttype as sttype,`stsort` FROM `qw_support` WHERE ( en_sttype = 1 ) ORDER BY stsort  [ RunTime:0.0005s ]
INFO: [ view_parse ] --START--
INFO: [ template_filter ] --START--
INFO: Run Behavior\ContentReplaceBehavior [ RunTime:0.000140s ]
INFO: [ template_filter ] --END-- [ RunTime:0.000354s ]
NOTIC: [8] Use of undefined constant Index - assumed 'Index' F:\wamp\www\guanwang\qwadmin\App\Runtime\Cache\Home\66dadb323f99d0d243405610bc612d75.php 第 114 行.
NOTIC: [8] Use of undefined constant Felg - assumed 'Felg' F:\wamp\www\guanwang\qwadmin\App\Runtime\Cache\Home\66dadb323f99d0d243405610bc612d75.php 第 115 行.
NOTIC: [8] Use of undefined constant Rflinker - assumed 'Rflinker' F:\wamp\www\guanwang\qwadmin\App\Runtime\Cache\Home\66dadb323f99d0d243405610bc612d75.php 第 115 行.
NOTIC: [8] Use of undefined constant Vocationlist - assumed 'Vocationlist' F:\wamp\www\guanwang\qwadmin\App\Runtime\Cache\Home\66dadb323f99d0d243405610bc612d75.php 第 116 行.
NOTIC: [8] Use of undefined constant Codeinput - assumed 'Codeinput' F:\wamp\www\guanwang\qwadmin\App\Runtime\Cache\Home\66dadb323f99d0d243405610bc612d75.php 第 117 行.
NOTIC: [8] Use of undefined constant Aboutus - assumed 'Aboutus' F:\wamp\www\guanwang\qwadmin\App\Runtime\Cache\Home\66dadb323f99d0d243405610bc612d75.php 第 118 行.
INFO: Run Behavior\ParseTemplateBehavior [ RunTime:0.072006s ]
INFO: [ view_parse ] --END-- [ RunTime:0.072200s ]
INFO: [ view_filter ] --START--
INFO: Run Behavior\WriteHtmlCacheBehavior [ RunTime:0.000384s ]
INFO: [ view_filter ] --END-- [ RunTime:0.000537s ]
INFO: [ app_end ] --START--
INFO: Run Behavior\ShowPageTraceBehavior [ RunTime:0.000871s ]
INFO: [ app_end ] --END-- [ RunTime:0.001050s ]

[ 2017-05-02T16:47:12+08:00 ] ::1 /guanwang/qwadmin/index.php/Home/Codeinput/code
INFO: [ app_init ] --START--
INFO: Run Behavior\BuildLiteBehavior [ RunTime:0.000036s ]
INFO: [ app_init ] --END-- [ RunTime:0.000562s ]
INFO: [ app_begin ] --START--
INFO: Run Behavior\ReadHtmlCacheBehavior [ RunTime:0.000933s ]
INFO: Run Behavior\CheckLangBehavior [ RunTime:0.066773s ]
INFO: [ app_begin ] --END-- [ RunTime:0.068045s ]
SQL: SHOW COLUMNS FROM `qw_setting` [ RunTime:0.0045s ]
SQL: SELECT `k`,`v` FROM `qw_setting`  [ RunTime:0.0003s ]
SQL: SHOW COLUMNS FROM `qw_felgproduct` [ RunTime:0.0051s ]
SQL: SHOW COLUMNS FROM `qw_rflinkerproduct` [ RunTime:0.0046s ]
SQL: SELECT `id`,en_ftname as name,`xl_type` FROM `qw_felgproduct` WHERE ( search = 1 ) UNION SELECT id,en_rrname as name,xl_type FROM qw_rflinkerproduct where search=1 [ RunTime:0.0007s ]
SQL: SELECT `id`,en_ftname as name,`xl_type` FROM `qw_felgproduct` UNION SELECT id,en_rrname as name,xl_type FROM qw_rflinkerproduct  [ RunTime:0.0009s ]
INFO: [ app_end ] --START--
INFO: Run Behavior\ShowPageTraceBehavior [ RunTime:0.001019s ]
INFO: [ app_end ] --END-- [ RunTime:0.001656s ]

[ 2017-05-02T16:47:12+08:00 ] ::1 /guanwang/qwadmin/index.php/Home/Supportservices/Index.html
INFO: [ app_init ] --START--
INFO: Run Behavior\BuildLiteBehavior [ RunTime:0.000036s ]
INFO: [ app_init ] --END-- [ RunTime:0.000548s ]
INFO: [ app_begin ] --START--
INFO: Run Behavior\ReadHtmlCacheBehavior [ RunTime:0.000952s ]
INFO: Run Behavior\CheckLangBehavior [ RunTime:0.001385s ]
INFO: [ app_begin ] --END-- [ RunTime:0.002655s ]
SQL: SHOW COLUMNS FROM `qw_setting` [ RunTime:0.0049s ]
SQL: SELECT `k`,`v` FROM `qw_setting`  [ RunTime:0.0003s ]
SQL: SHOW COLUMNS FROM `qw_felgproduct` [ RunTime:0.0051s ]
SQL: SHOW COLUMNS FROM `qw_rflinkerproduct` [ RunTime:0.0045s ]
SQL: SELECT `id`,en_ftname as name,`xl_type` FROM `qw_felgproduct` WHERE ( search = 1 ) UNION SELECT id,en_rrname as name,xl_type FROM qw_rflinkerproduct where search=1 [ RunTime:0.0006s ]
SQL: SELECT `id`,en_ftname as name,`xl_type` FROM `qw_felgproduct` UNION SELECT id,en_rrname as name,xl_type FROM qw_rflinkerproduct  [ RunTime:0.0009s ]
SQL: SHOW COLUMNS FROM `qw_support` [ RunTime:0.0045s ]
SQL: SELECT `id`,en_stname as stname,en_sttitle as sttitle,en_file as file,en_sttype as sttype,`stsort` FROM `qw_support` WHERE ( en_sttype = 1 ) ORDER BY stsort  [ RunTime:0.0005s ]
INFO: [ view_parse ] --START--
INFO: [ template_filter ] --START--
INFO: Run Behavior\ContentReplaceBehavior [ RunTime:0.000137s ]
INFO: [ template_filter ] --END-- [ RunTime:0.000307s ]
NOTIC: [8] Use of undefined constant Index - assumed 'Index' F:\wamp\www\guanwang\qwadmin\App\Runtime\Cache\Home\66dadb323f99d0d243405610bc612d75.php 第 114 行.
NOTIC: [8] Use of undefined constant Felg - assumed 'Felg' F:\wamp\www\guanwang\qwadmin\App\Runtime\Cache\Home\66dadb323f99d0d243405610bc612d75.php 第 115 行.
NOTIC: [8] Use of undefined constant Rflinker - assumed 'Rflinker' F:\wamp\www\guanwang\qwadmin\App\Runtime\Cache\Home\66dadb323f99d0d243405610bc612d75.php 第 115 行.
NOTIC: [8] Use of undefined constant Vocationlist - assumed 'Vocationlist' F:\wamp\www\guanwang\qwadmin\App\Runtime\Cache\Home\66dadb323f99d0d243405610bc612d75.php 第 116 行.
NOTIC: [8] Use of undefined constant Codeinput - assumed 'Codeinput' F:\wamp\www\guanwang\qwadmin\App\Runtime\Cache\Home\66dadb323f99d0d243405610bc612d75.php 第 117 行.
NOTIC: [8] Use of undefined constant Aboutus - assumed 'Aboutus' F:\wamp\www\guanwang\qwadmin\App\Runtime\Cache\Home\66dadb323f99d0d243405610bc612d75.php 第 118 行.
INFO: Run Behavior\ParseTemplateBehavior [ RunTime:0.022858s ]
INFO: [ view_parse ] --END-- [ RunTime:0.023077s ]
INFO: [ view_filter ] --START--
INFO: Run Behavior\WriteHtmlCacheBehavior [ RunTime:0.000517s ]
INFO: [ view_filter ] --END-- [ RunTime:0.000669s ]
INFO: [ app_end ] --START--
INFO: Run Behavior\ShowPageTraceBehavior [ RunTime:0.000616s ]
INFO: [ app_end ] --END-- [ RunTime:0.000770s ]

[ 2017-05-02T16:47:16+08:00 ] ::1 /guanwang/qwadmin/index.php/Home/Supportservicesdemo/Index.html
INFO: [ app_init ] --START--
INFO: Run Behavior\BuildLiteBehavior [ RunTime:0.000076s ]
INFO: [ app_init ] --END-- [ RunTime:0.000936s ]
INFO: [ app_begin ] --START--
INFO: Run Behavior\ReadHtmlCacheBehavior [ RunTime:0.000693s ]
INFO: Run Behavior\CheckLangBehavior [ RunTime:0.001429s ]
INFO: [ app_begin ] --END-- [ RunTime:0.002416s ]
SQL: SHOW COLUMNS FROM `qw_setting` [ RunTime:0.0041s ]
SQL: SELECT `k`,`v` FROM `qw_setting`  [ RunTime:0.0003s ]
SQL: SHOW COLUMNS FROM `qw_felgproduct` [ RunTime:0.0043s ]
SQL: SHOW COLUMNS FROM `qw_rflinkerproduct` [ RunTime:0.0045s ]
SQL: SELECT `id`,en_ftname as name,`xl_type` FROM `qw_felgproduct` WHERE ( search = 1 ) UNION SELECT id,en_rrname as name,xl_type FROM qw_rflinkerproduct where search=1 [ RunTime:0.0007s ]
SQL: SELECT `id`,en_ftname as name,`xl_type` FROM `qw_felgproduct` UNION SELECT id,en_rrname as name,xl_type FROM qw_rflinkerproduct  [ RunTime:0.0007s ]
SQL: SHOW COLUMNS FROM `qw_support` [ RunTime:0.0056s ]
SQL: SELECT `id`,en_stname as stname,en_sttitle as sttitle,en_file as file,en_sttype as sttype,`stsort` FROM `qw_support` WHERE ( en_sttype = 2 ) ORDER BY stsort  [ RunTime:0.0007s ]
INFO: [ view_parse ] --START--
INFO: [ template_filter ] --START--
INFO: Run Behavior\ContentReplaceBehavior [ RunTime:0.000142s ]
INFO: [ template_filter ] --END-- [ RunTime:0.000321s ]
NOTIC: [8] Use of undefined constant Index - assumed 'Index' F:\wamp\www\guanwang\qwadmin\App\Runtime\Cache\Home\20a914ea73fb563721609475ba0c3a79.php 第 114 行.
NOTIC: [8] Use of undefined constant Felg - assumed 'Felg' F:\wamp\www\guanwang\qwadmin\App\Runtime\Cache\Home\20a914ea73fb563721609475ba0c3a79.php 第 115 行.
NOTIC: [8] Use of undefined constant Rflinker - assumed 'Rflinker' F:\wamp\www\guanwang\qwadmin\App\Runtime\Cache\Home\20a914ea73fb563721609475ba0c3a79.php 第 115 行.
NOTIC: [8] Use of undefined constant Vocationlist - assumed 'Vocationlist' F:\wamp\www\guanwang\qwadmin\App\Runtime\Cache\Home\20a914ea73fb563721609475ba0c3a79.php 第 116 行.
NOTIC: [8] Use of undefined constant Codeinput - assumed 'Codeinput' F:\wamp\www\guanwang\qwadmin\App\Runtime\Cache\Home\20a914ea73fb563721609475ba0c3a79.php 第 117 行.
NOTIC: [8] Use of undefined constant Aboutus - assumed 'Aboutus' F:\wamp\www\guanwang\qwadmin\App\Runtime\Cache\Home\20a914ea73fb563721609475ba0c3a79.php 第 118 行.
INFO: Run Behavior\ParseTemplateBehavior [ RunTime:0.108194s ]
INFO: [ view_parse ] --END-- [ RunTime:0.108370s ]
INFO: [ view_filter ] --START--
INFO: Run Behavior\WriteHtmlCacheBehavior [ RunTime:0.000397s ]
INFO: [ view_filter ] --END-- [ RunTime:0.000549s ]
INFO: [ app_end ] --START--
INFO: Run Behavior\ShowPageTraceBehavior [ RunTime:0.000633s ]
INFO: [ app_end ] --END-- [ RunTime:0.000786s ]

[ 2017-05-02T17:17:27+08:00 ] ::1 /guanwang/qwadmin/index.php/Home/Supportservices/Index.html
INFO: [ app_init ] --START--
INFO: Run Behavior\BuildLiteBehavior [ RunTime:0.000041s ]
INFO: [ app_init ] --END-- [ RunTime:0.000964s ]
INFO: [ app_begin ] --START--
INFO: Run Behavior\ReadHtmlCacheBehavior [ RunTime:0.001066s ]
INFO: Run Behavior\CheckLangBehavior [ RunTime:0.007164s ]
INFO: [ app_begin ] --END-- [ RunTime:0.008553s ]
SQL: SHOW COLUMNS FROM `qw_setting` [ RunTime:0.0060s ]
SQL: SELECT `k`,`v` FROM `qw_setting`  [ RunTime:0.0003s ]
SQL: SHOW COLUMNS FROM `qw_felgproduct` [ RunTime:0.0057s ]
SQL: SHOW COLUMNS FROM `qw_rflinkerproduct` [ RunTime:0.0048s ]
SQL: SELECT `id`,en_ftname as name,`xl_type` FROM `qw_felgproduct` WHERE ( search = 1 ) UNION SELECT id,en_rrname as name,xl_type FROM qw_rflinkerproduct where search=1 [ RunTime:0.0013s ]
SQL: SELECT `id`,en_ftname as name,`xl_type` FROM `qw_felgproduct` UNION SELECT id,en_rrname as name,xl_type FROM qw_rflinkerproduct  [ RunTime:0.0009s ]
SQL: SHOW COLUMNS FROM `qw_support` [ RunTime:0.0054s ]
SQL: SELECT `id`,en_stname as stname,en_sttitle as sttitle,en_file as file,en_sttype as sttype,`stsort` FROM `qw_support` WHERE ( en_sttype = 1 ) ORDER BY stsort  [ RunTime:0.0006s ]
INFO: [ view_parse ] --START--
INFO: [ template_filter ] --START--
INFO: Run Behavior\ContentReplaceBehavior [ RunTime:0.000155s ]
INFO: [ template_filter ] --END-- [ RunTime:0.000346s ]
NOTIC: [8] Use of undefined constant Index - assumed 'Index' F:\wamp\www\guanwang\qwadmin\App\Runtime\Cache\Home\66dadb323f99d0d243405610bc612d75.php 第 114 行.
NOTIC: [8] Use of undefined constant Felg - assumed 'Felg' F:\wamp\www\guanwang\qwadmin\App\Runtime\Cache\Home\66dadb323f99d0d243405610bc612d75.php 第 115 行.
NOTIC: [8] Use of undefined constant Rflinker - assumed 'Rflinker' F:\wamp\www\guanwang\qwadmin\App\Runtime\Cache\Home\66dadb323f99d0d243405610bc612d75.php 第 115 行.
NOTIC: [8] Use of undefined constant Vocationlist - assumed 'Vocationlist' F:\wamp\www\guanwang\qwadmin\App\Runtime\Cache\Home\66dadb323f99d0d243405610bc612d75.php 第 116 行.
NOTIC: [8] Use of undefined constant Codeinput - assumed 'Codeinput' F:\wamp\www\guanwang\qwadmin\App\Runtime\Cache\Home\66dadb323f99d0d243405610bc612d75.php 第 117 行.
NOTIC: [8] Use of undefined constant Aboutus - assumed 'Aboutus' F:\wamp\www\guanwang\qwadmin\App\Runtime\Cache\Home\66dadb323f99d0d243405610bc612d75.php 第 118 行.
INFO: Run Behavior\ParseTemplateBehavior [ RunTime:0.196062s ]
INFO: [ view_parse ] --END-- [ RunTime:0.196322s ]
INFO: [ view_filter ] --START--
INFO: Run Behavior\WriteHtmlCacheBehavior [ RunTime:0.048657s ]
INFO: [ view_filter ] --END-- [ RunTime:0.048946s ]
INFO: [ app_end ] --START--
INFO: Run Behavior\ShowPageTraceBehavior [ RunTime:0.004327s ]
INFO: [ app_end ] --END-- [ RunTime:0.004518s ]

[ 2017-05-02T17:17:32+08:00 ] ::1 /guanwang/qwadmin/index.php/Home/Supportservicesdemo/Index.html
INFO: [ app_init ] --START--
INFO: Run Behavior\BuildLiteBehavior [ RunTime:0.000042s ]
INFO: [ app_init ] --END-- [ RunTime:0.000650s ]
INFO: [ app_begin ] --START--
INFO: Run Behavior\ReadHtmlCacheBehavior [ RunTime:0.000676s ]
INFO: Run Behavior\CheckLangBehavior [ RunTime:0.001407s ]
INFO: [ app_begin ] --END-- [ RunTime:0.002353s ]
SQL: SHOW COLUMNS FROM `qw_setting` [ RunTime:0.0047s ]
SQL: SELECT `k`,`v` FROM `qw_setting`  [ RunTime:0.0003s ]
SQL: SHOW COLUMNS FROM `qw_felgproduct` [ RunTime:0.0045s ]
SQL: SHOW COLUMNS FROM `qw_rflinkerproduct` [ RunTime:0.0055s ]
SQL: SELECT `id`,en_ftname as name,`xl_type` FROM `qw_felgproduct` WHERE ( search = 1 ) UNION SELECT id,en_rrname as name,xl_type FROM qw_rflinkerproduct where search=1 [ RunTime:0.0007s ]
SQL: SELECT `id`,en_ftname as name,`xl_type` FROM `qw_felgproduct` UNION SELECT id,en_rrname as name,xl_type FROM qw_rflinkerproduct  [ RunTime:0.0008s ]
SQL: SHOW COLUMNS FROM `qw_support` [ RunTime:0.0055s ]
SQL: SELECT `id`,en_stname as stname,en_sttitle as sttitle,en_file as file,en_sttype as sttype,`stsort` FROM `qw_support` WHERE ( en_sttype = 2 ) ORDER BY stsort  [ RunTime:0.0004s ]
INFO: [ view_parse ] --START--
INFO: [ template_filter ] --START--
INFO: Run Behavior\ContentReplaceBehavior [ RunTime:0.000173s ]
INFO: [ template_filter ] --END-- [ RunTime:0.000379s ]
NOTIC: [8] Use of undefined constant Index - assumed 'Index' F:\wamp\www\guanwang\qwadmin\App\Runtime\Cache\Home\20a914ea73fb563721609475ba0c3a79.php 第 114 行.
NOTIC: [8] Use of undefined constant Felg - assumed 'Felg' F:\wamp\www\guanwang\qwadmin\App\Runtime\Cache\Home\20a914ea73fb563721609475ba0c3a79.php 第 115 行.
NOTIC: [8] Use of undefined constant Rflinker - assumed 'Rflinker' F:\wamp\www\guanwang\qwadmin\App\Runtime\Cache\Home\20a914ea73fb563721609475ba0c3a79.php 第 115 行.
NOTIC: [8] Use of undefined constant Vocationlist - assumed 'Vocationlist' F:\wamp\www\guanwang\qwadmin\App\Runtime\Cache\Home\20a914ea73fb563721609475ba0c3a79.php 第 116 行.
NOTIC: [8] Use of undefined constant Codeinput - assumed 'Codeinput' F:\wamp\www\guanwang\qwadmin\App\Runtime\Cache\Home\20a914ea73fb563721609475ba0c3a79.php 第 117 行.
NOTIC: [8] Use of undefined constant Aboutus - assumed 'Aboutus' F:\wamp\www\guanwang\qwadmin\App\Runtime\Cache\Home\20a914ea73fb563721609475ba0c3a79.php 第 118 行.
INFO: Run Behavior\ParseTemplateBehavior [ RunTime:0.059811s ]
INFO: [ view_parse ] --END-- [ RunTime:0.059985s ]
INFO: [ view_filter ] --START--
INFO: Run Behavior\WriteHtmlCacheBehavior [ RunTime:0.000493s ]
INFO: [ view_filter ] --END-- [ RunTime:0.000658s ]
INFO: [ app_end ] --START--
INFO: Run Behavior\ShowPageTraceBehavior [ RunTime:0.000663s ]
INFO: [ app_end ] --END-- [ RunTime:0.000874s ]

[ 2017-05-02T17:20:56+08:00 ] ::1 /guanwang/qwadmin/index.php/Home/Supportservicesdemo/Index.html
INFO: [ app_init ] --START--
INFO: Run Behavior\BuildLiteBehavior [ RunTime:0.000038s ]
INFO: [ app_init ] --END-- [ RunTime:0.000621s ]
INFO: [ app_begin ] --START--
INFO: Run Behavior\ReadHtmlCacheBehavior [ RunTime:0.000805s ]
INFO: Run Behavior\CheckLangBehavior [ RunTime:0.002087s ]
INFO: [ app_begin ] --END-- [ RunTime:0.003210s ]
SQL: SHOW COLUMNS FROM `qw_setting` [ RunTime:0.0046s ]
SQL: SELECT `k`,`v` FROM `qw_setting`  [ RunTime:0.0003s ]
SQL: SHOW COLUMNS FROM `qw_felgproduct` [ RunTime:0.0056s ]
SQL: SHOW COLUMNS FROM `qw_rflinkerproduct` [ RunTime:0.0048s ]
SQL: SELECT `id`,en_ftname as name,`xl_type` FROM `qw_felgproduct` WHERE ( search = 1 ) UNION SELECT id,en_rrname as name,xl_type FROM qw_rflinkerproduct where search=1 [ RunTime:0.0007s ]
SQL: SELECT `id`,en_ftname as name,`xl_type` FROM `qw_felgproduct` UNION SELECT id,en_rrname as name,xl_type FROM qw_rflinkerproduct  [ RunTime:0.0009s ]
SQL: SHOW COLUMNS FROM `qw_support` [ RunTime:0.0050s ]
SQL: SELECT `id`,en_stname as stname,en_sttitle as sttitle,en_file as file,en_sttype as sttype,`stsort` FROM `qw_support` WHERE ( en_sttype = 2 ) ORDER BY stsort  [ RunTime:0.0003s ]
INFO: [ view_parse ] --START--
INFO: [ template_filter ] --START--
INFO: Run Behavior\ContentReplaceBehavior [ RunTime:0.000247s ]
INFO: [ template_filter ] --END-- [ RunTime:0.000552s ]
NOTIC: [8] Use of undefined constant Index - assumed 'Index' F:\wamp\www\guanwang\qwadmin\App\Runtime\Cache\Home\20a914ea73fb563721609475ba0c3a79.php 第 114 行.
NOTIC: [8] Use of undefined constant Felg - assumed 'Felg' F:\wamp\www\guanwang\qwadmin\App\Runtime\Cache\Home\20a914ea73fb563721609475ba0c3a79.php 第 115 行.
NOTIC: [8] Use of undefined constant Rflinker - assumed 'Rflinker' F:\wamp\www\guanwang\qwadmin\App\Runtime\Cache\Home\20a914ea73fb563721609475ba0c3a79.php 第 115 行.
NOTIC: [8] Use of undefined constant Vocationlist - assumed 'Vocationlist' F:\wamp\www\guanwang\qwadmin\App\Runtime\Cache\Home\20a914ea73fb563721609475ba0c3a79.php 第 116 行.
NOTIC: [8] Use of undefined constant Codeinput - assumed 'Codeinput' F:\wamp\www\guanwang\qwadmin\App\Runtime\Cache\Home\20a914ea73fb563721609475ba0c3a79.php 第 117 行.
NOTIC: [8] Use of undefined constant Aboutus - assumed 'Aboutus' F:\wamp\www\guanwang\qwadmin\App\Runtime\Cache\Home\20a914ea73fb563721609475ba0c3a79.php 第 118 行.
INFO: Run Behavior\ParseTemplateBehavior [ RunTime:0.024339s ]
INFO: [ view_parse ] --END-- [ RunTime:0.024512s ]
INFO: [ view_filter ] --START--
INFO: Run Behavior\WriteHtmlCacheBehavior [ RunTime:0.000501s ]
INFO: [ view_filter ] --END-- [ RunTime:0.000653s ]
INFO: [ app_end ] --START--
INFO: Run Behavior\ShowPageTraceBehavior [ RunTime:0.000786s ]
INFO: [ app_end ] --END-- [ RunTime:0.000941s ]

[ 2017-05-02T17:20:59+08:00 ] ::1 /guanwang/qwadmin/index.php/Home/Supportservices/Index.html
INFO: [ app_init ] --START--
INFO: Run Behavior\BuildLiteBehavior [ RunTime:0.000042s ]
INFO: [ app_init ] --END-- [ RunTime:0.000600s ]
INFO: [ app_begin ] --START--
INFO: Run Behavior\ReadHtmlCacheBehavior [ RunTime:0.000719s ]
INFO: Run Behavior\CheckLangBehavior [ RunTime:0.001503s ]
INFO: [ app_begin ] --END-- [ RunTime:0.002607s ]
SQL: SHOW COLUMNS FROM `qw_setting` [ RunTime:0.2124s ]
SQL: SELECT `k`,`v` FROM `qw_setting`  [ RunTime:0.0005s ]
SQL: SHOW COLUMNS FROM `qw_felgproduct` [ RunTime:0.0058s ]
SQL: SHOW COLUMNS FROM `qw_rflinkerproduct` [ RunTime:0.0046s ]
SQL: SELECT `id`,en_ftname as name,`xl_type` FROM `qw_felgproduct` WHERE ( search = 1 ) UNION SELECT id,en_rrname as name,xl_type FROM qw_rflinkerproduct where search=1 [ RunTime:0.0007s ]
SQL: SELECT `id`,en_ftname as name,`xl_type` FROM `qw_felgproduct` UNION SELECT id,en_rrname as name,xl_type FROM qw_rflinkerproduct  [ RunTime:0.0008s ]
SQL: SHOW COLUMNS FROM `qw_support` [ RunTime:0.0051s ]
SQL: SELECT `id`,en_stname as stname,en_sttitle as sttitle,en_file as file,en_sttype as sttype,`stsort` FROM `qw_support` WHERE ( en_sttype = 1 ) ORDER BY stsort  [ RunTime:0.0004s ]
INFO: [ view_parse ] --START--
INFO: [ template_filter ] --START--
INFO: Run Behavior\ContentReplaceBehavior [ RunTime:0.000153s ]
INFO: [ template_filter ] --END-- [ RunTime:0.000331s ]
NOTIC: [8] Use of undefined constant Index - assumed 'Index' F:\wamp\www\guanwang\qwadmin\App\Runtime\Cache\Home\66dadb323f99d0d243405610bc612d75.php 第 114 行.
NOTIC: [8] Use of undefined constant Felg - assumed 'Felg' F:\wamp\www\guanwang\qwadmin\App\Runtime\Cache\Home\66dadb323f99d0d243405610bc612d75.php 第 115 行.
NOTIC: [8] Use of undefined constant Rflinker - assumed 'Rflinker' F:\wamp\www\guanwang\qwadmin\App\Runtime\Cache\Home\66dadb323f99d0d243405610bc612d75.php 第 115 行.
NOTIC: [8] Use of undefined constant Vocationlist - assumed 'Vocationlist' F:\wamp\www\guanwang\qwadmin\App\Runtime\Cache\Home\66dadb323f99d0d243405610bc612d75.php 第 116 行.
NOTIC: [8] Use of undefined constant Codeinput - assumed 'Codeinput' F:\wamp\www\guanwang\qwadmin\App\Runtime\Cache\Home\66dadb323f99d0d243405610bc612d75.php 第 117 行.
NOTIC: [8] Use of undefined constant Aboutus - assumed 'Aboutus' F:\wamp\www\guanwang\qwadmin\App\Runtime\Cache\Home\66dadb323f99d0d243405610bc612d75.php 第 118 行.
INFO: Run Behavior\ParseTemplateBehavior [ RunTime:0.025547s ]
INFO: [ view_parse ] --END-- [ RunTime:0.025722s ]
INFO: [ view_filter ] --START--
INFO: Run Behavior\WriteHtmlCacheBehavior [ RunTime:0.000489s ]
INFO: [ view_filter ] --END-- [ RunTime:0.000657s ]
INFO: [ app_end ] --START--
INFO: Run Behavior\ShowPageTraceBehavior [ RunTime:0.000702s ]
INFO: [ app_end ] --END-- [ RunTime:0.000872s ]

[ 2017-05-02T17:21:10+08:00 ] ::1 /guanwang/qwadmin/index.php/Home/Supportservices/Index.html
INFO: [ app_init ] --START--
INFO: Run Behavior\BuildLiteBehavior [ RunTime:0.000041s ]
INFO: [ app_init ] --END-- [ RunTime:0.000575s ]
INFO: [ app_begin ] --START--
INFO: Run Behavior\ReadHtmlCacheBehavior [ RunTime:0.000993s ]
INFO: Run Behavior\CheckLangBehavior [ RunTime:0.002252s ]
INFO: [ app_begin ] --END-- [ RunTime:0.003761s ]
SQL: SHOW COLUMNS FROM `qw_setting` [ RunTime:0.0165s ]
SQL: SELECT `k`,`v` FROM `qw_setting`  [ RunTime:0.0004s ]
SQL: SHOW COLUMNS FROM `qw_felgproduct` [ RunTime:0.0057s ]
SQL: SHOW COLUMNS FROM `qw_rflinkerproduct` [ RunTime:0.0052s ]
SQL: SELECT `id`,en_ftname as name,`xl_type` FROM `qw_felgproduct` WHERE ( search = 1 ) UNION SELECT id,en_rrname as name,xl_type FROM qw_rflinkerproduct where search=1 [ RunTime:0.0008s ]
SQL: SELECT `id`,en_ftname as name,`xl_type` FROM `qw_felgproduct` UNION SELECT id,en_rrname as name,xl_type FROM qw_rflinkerproduct  [ RunTime:0.0012s ]
SQL: SHOW COLUMNS FROM `qw_support` [ RunTime:0.0059s ]
SQL: SELECT `id`,en_stname as stname,en_sttitle as sttitle,en_file as file,en_sttype as sttype,`stsort` FROM `qw_support` WHERE ( en_sttype = 1 ) ORDER BY stsort  [ RunTime:0.0004s ]
INFO: [ view_parse ] --START--
INFO: [ template_filter ] --START--
INFO: Run Behavior\ContentReplaceBehavior [ RunTime:0.000156s ]
INFO: [ template_filter ] --END-- [ RunTime:0.000345s ]
NOTIC: [8] Use of undefined constant Index - assumed 'Index' F:\wamp\www\guanwang\qwadmin\App\Runtime\Cache\Home\66dadb323f99d0d243405610bc612d75.php 第 114 行.
NOTIC: [8] Use of undefined constant Felg - assumed 'Felg' F:\wamp\www\guanwang\qwadmin\App\Runtime\Cache\Home\66dadb323f99d0d243405610bc612d75.php 第 115 行.
NOTIC: [8] Use of undefined constant Rflinker - assumed 'Rflinker' F:\wamp\www\guanwang\qwadmin\App\Runtime\Cache\Home\66dadb323f99d0d243405610bc612d75.php 第 115 行.
NOTIC: [8] Use of undefined constant Vocationlist - assumed 'Vocationlist' F:\wamp\www\guanwang\qwadmin\App\Runtime\Cache\Home\66dadb323f99d0d243405610bc612d75.php 第 116 行.
NOTIC: [8] Use of undefined constant Codeinput - assumed 'Codeinput' F:\wamp\www\guanwang\qwadmin\App\Runtime\Cache\Home\66dadb323f99d0d243405610bc612d75.php 第 117 行.
NOTIC: [8] Use of undefined constant Aboutus - assumed 'Aboutus' F:\wamp\www\guanwang\qwadmin\App\Runtime\Cache\Home\66dadb323f99d0d243405610bc612d75.php 第 118 行.
INFO: Run Behavior\ParseTemplateBehavior [ RunTime:0.029543s ]
INFO: [ view_parse ] --END-- [ RunTime:0.029778s ]
INFO: [ view_filter ] --START--
INFO: Run Behavior\WriteHtmlCacheBehavior [ RunTime:0.000650s ]
INFO: [ view_filter ] --END-- [ RunTime:0.000961s ]
INFO: [ app_end ] --START--
INFO: Run Behavior\ShowPageTraceBehavior [ RunTime:0.001007s ]
INFO: [ app_end ] --END-- [ RunTime:0.001310s ]

[ 2017-05-02T17:22:51+08:00 ] ::1 /guanwang/qwadmin/index.php/Home/Supportservices/Index.html
INFO: [ app_init ] --START--
INFO: Run Behavior\BuildLiteBehavior [ RunTime:0.000046s ]
INFO: [ app_init ] --END-- [ RunTime:0.001358s ]
INFO: [ app_begin ] --START--
INFO: Run Behavior\ReadHtmlCacheBehavior [ RunTime:0.002100s ]
INFO: Run Behavior\CheckLangBehavior [ RunTime:0.004263s ]
INFO: [ app_begin ] --END-- [ RunTime:0.006862s ]
SQL: SHOW COLUMNS FROM `qw_setting` [ RunTime:0.0042s ]
SQL: SELECT `k`,`v` FROM `qw_setting`  [ RunTime:0.0003s ]
SQL: SHOW COLUMNS FROM `qw_felgproduct` [ RunTime:0.0043s ]
SQL: SHOW COLUMNS FROM `qw_rflinkerproduct` [ RunTime:0.0055s ]
SQL: SELECT `id`,en_ftname as name,`xl_type` FROM `qw_felgproduct` WHERE ( search = 1 ) UNION SELECT id,en_rrname as name,xl_type FROM qw_rflinkerproduct where search=1 [ RunTime:0.0012s ]
SQL: SELECT `id`,en_ftname as name,`xl_type` FROM `qw_felgproduct` UNION SELECT id,en_rrname as name,xl_type FROM qw_rflinkerproduct  [ RunTime:0.0009s ]
SQL: SHOW COLUMNS FROM `qw_support` [ RunTime:0.0071s ]
SQL: SELECT `id`,en_stname as stname,en_sttitle as sttitle,en_file as file,en_sttype as sttype,`stsort` FROM `qw_support` WHERE ( en_sttype = 1 ) ORDER BY stsort  [ RunTime:0.0004s ]
INFO: [ view_parse ] --START--
INFO: [ template_filter ] --START--
INFO: Run Behavior\ContentReplaceBehavior [ RunTime:0.000151s ]
INFO: [ template_filter ] --END-- [ RunTime:0.000337s ]
NOTIC: [8] Use of undefined constant Index - assumed 'Index' F:\wamp\www\guanwang\qwadmin\App\Runtime\Cache\Home\66dadb323f99d0d243405610bc612d75.php 第 114 行.
NOTIC: [8] Use of undefined constant Felg - assumed 'Felg' F:\wamp\www\guanwang\qwadmin\App\Runtime\Cache\Home\66dadb323f99d0d243405610bc612d75.php 第 115 行.
NOTIC: [8] Use of undefined constant Rflinker - assumed 'Rflinker' F:\wamp\www\guanwang\qwadmin\App\Runtime\Cache\Home\66dadb323f99d0d243405610bc612d75.php 第 115 行.
NOTIC: [8] Use of undefined constant Vocationlist - assumed 'Vocationlist' F:\wamp\www\guanwang\qwadmin\App\Runtime\Cache\Home\66dadb323f99d0d243405610bc612d75.php 第 116 行.
NOTIC: [8] Use of undefined constant Codeinput - assumed 'Codeinput' F:\wamp\www\guanwang\qwadmin\App\Runtime\Cache\Home\66dadb323f99d0d243405610bc612d75.php 第 117 行.
NOTIC: [8] Use of undefined constant Aboutus - assumed 'Aboutus' F:\wamp\www\guanwang\qwadmin\App\Runtime\Cache\Home\66dadb323f99d0d243405610bc612d75.php 第 118 行.
INFO: Run Behavior\ParseTemplateBehavior [ RunTime:0.030692s ]
INFO: [ view_parse ] --END-- [ RunTime:0.030876s ]
INFO: [ view_filter ] --START--
INFO: Run Behavior\WriteHtmlCacheBehavior [ RunTime:0.001691s ]
INFO: [ view_filter ] --END-- [ RunTime:0.001862s ]
INFO: [ app_end ] --START--
INFO: Run Behavior\ShowPageTraceBehavior [ RunTime:0.001911s ]
INFO: [ app_end ] --END-- [ RunTime:0.002088s ]

[ 2017-05-02T17:22:54+08:00 ] ::1 /guanwang/qwadmin/index.php/Home/Supportservicesdemo/Index.html
INFO: [ app_init ] --START--
INFO: Run Behavior\BuildLiteBehavior [ RunTime:0.000042s ]
INFO: [ app_init ] --END-- [ RunTime:0.000734s ]
INFO: [ app_begin ] --START--
INFO: Run Behavior\ReadHtmlCacheBehavior [ RunTime:0.000851s ]
INFO: Run Behavior\CheckLangBehavior [ RunTime:0.001649s ]
INFO: [ app_begin ] --END-- [ RunTime:0.002772s ]
SQL: SHOW COLUMNS FROM `qw_setting` [ RunTime:0.0053s ]
SQL: SELECT `k`,`v` FROM `qw_setting`  [ RunTime:0.0004s ]
SQL: SHOW COLUMNS FROM `qw_felgproduct` [ RunTime:0.0052s ]
SQL: SHOW COLUMNS FROM `qw_rflinkerproduct` [ RunTime:0.0045s ]
SQL: SELECT `id`,en_ftname as name,`xl_type` FROM `qw_felgproduct` WHERE ( search = 1 ) UNION SELECT id,en_rrname as name,xl_type FROM qw_rflinkerproduct where search=1 [ RunTime:0.0007s ]
SQL: SELECT `id`,en_ftname as name,`xl_type` FROM `qw_felgproduct` UNION SELECT id,en_rrname as name,xl_type FROM qw_rflinkerproduct  [ RunTime:0.0008s ]
SQL: SHOW COLUMNS FROM `qw_support` [ RunTime:0.0047s ]
SQL: SELECT `id`,en_stname as stname,en_sttitle as sttitle,en_file as file,en_sttype as sttype,`stsort` FROM `qw_support` WHERE ( en_sttype = 2 ) ORDER BY stsort  [ RunTime:0.0004s ]
INFO: [ view_parse ] --START--
INFO: [ template_filter ] --START--
INFO: Run Behavior\ContentReplaceBehavior [ RunTime:0.000143s ]
INFO: [ template_filter ] --END-- [ RunTime:0.000344s ]
NOTIC: [8] Use of undefined constant Index - assumed 'Index' F:\wamp\www\guanwang\qwadmin\App\Runtime\Cache\Home\20a914ea73fb563721609475ba0c3a79.php 第 114 行.
NOTIC: [8] Use of undefined constant Felg - assumed 'Felg' F:\wamp\www\guanwang\qwadmin\App\Runtime\Cache\Home\20a914ea73fb563721609475ba0c3a79.php 第 115 行.
NOTIC: [8] Use of undefined constant Rflinker - assumed 'Rflinker' F:\wamp\www\guanwang\qwadmin\App\Runtime\Cache\Home\20a914ea73fb563721609475ba0c3a79.php 第 115 行.
NOTIC: [8] Use of undefined constant Vocationlist - assumed 'Vocationlist' F:\wamp\www\guanwang\qwadmin\App\Runtime\Cache\Home\20a914ea73fb563721609475ba0c3a79.php 第 116 行.
NOTIC: [8] Use of undefined constant Codeinput - assumed 'Codeinput' F:\wamp\www\guanwang\qwadmin\App\Runtime\Cache\Home\20a914ea73fb563721609475ba0c3a79.php 第 117 行.
NOTIC: [8] Use of undefined constant Aboutus - assumed 'Aboutus' F:\wamp\www\guanwang\qwadmin\App\Runtime\Cache\Home\20a914ea73fb563721609475ba0c3a79.php 第 118 行.
INFO: Run Behavior\ParseTemplateBehavior [ RunTime:0.023492s ]
INFO: [ view_parse ] --END-- [ RunTime:0.023680s ]
INFO: [ view_filter ] --START--
INFO: Run Behavior\WriteHtmlCacheBehavior [ RunTime:0.000554s ]
INFO: [ view_filter ] --END-- [ RunTime:0.000717s ]
INFO: [ app_end ] --START--
INFO: Run Behavior\ShowPageTraceBehavior [ RunTime:0.000815s ]
INFO: [ app_end ] --END-- [ RunTime:0.000989s ]

[ 2017-05-02T17:22:57+08:00 ] ::1 /guanwang/qwadmin/index.php/Home/Supportservices/Index.html
INFO: [ app_init ] --START--
INFO: Run Behavior\BuildLiteBehavior [ RunTime:0.000054s ]
INFO: [ app_init ] --END-- [ RunTime:0.000555s ]
INFO: [ app_begin ] --START--
INFO: Run Behavior\ReadHtmlCacheBehavior [ RunTime:0.000658s ]
INFO: Run Behavior\CheckLangBehavior [ RunTime:0.001358s ]
INFO: [ app_begin ] --END-- [ RunTime:0.002340s ]
SQL: SHOW COLUMNS FROM `qw_setting` [ RunTime:0.0043s ]
SQL: SELECT `k`,`v` FROM `qw_setting`  [ RunTime:0.0003s ]
SQL: SHOW COLUMNS FROM `qw_felgproduct` [ RunTime:0.0050s ]
SQL: SHOW COLUMNS FROM `qw_rflinkerproduct` [ RunTime:0.0043s ]
SQL: SELECT `id`,en_ftname as name,`xl_type` FROM `qw_felgproduct` WHERE ( search = 1 ) UNION SELECT id,en_rrname as name,xl_type FROM qw_rflinkerproduct where search=1 [ RunTime:0.0006s ]
SQL: SELECT `id`,en_ftname as name,`xl_type` FROM `qw_felgproduct` UNION SELECT id,en_rrname as name,xl_type FROM qw_rflinkerproduct  [ RunTime:0.0012s ]
SQL: SHOW COLUMNS FROM `qw_support` [ RunTime:0.0043s ]
SQL: SELECT `id`,en_stname as stname,en_sttitle as sttitle,en_file as file,en_sttype as sttype,`stsort` FROM `qw_support` WHERE ( en_sttype = 1 ) ORDER BY stsort  [ RunTime:0.0005s ]
INFO: [ view_parse ] --START--
INFO: [ template_filter ] --START--
INFO: Run Behavior\ContentReplaceBehavior [ RunTime:0.000226s ]
INFO: [ template_filter ] --END-- [ RunTime:0.000457s ]
NOTIC: [8] Use of undefined constant Index - assumed 'Index' F:\wamp\www\guanwang\qwadmin\App\Runtime\Cache\Home\66dadb323f99d0d243405610bc612d75.php 第 114 行.
NOTIC: [8] Use of undefined constant Felg - assumed 'Felg' F:\wamp\www\guanwang\qwadmin\App\Runtime\Cache\Home\66dadb323f99d0d243405610bc612d75.php 第 115 行.
NOTIC: [8] Use of undefined constant Rflinker - assumed 'Rflinker' F:\wamp\www\guanwang\qwadmin\App\Runtime\Cache\Home\66dadb323f99d0d243405610bc612d75.php 第 115 行.
NOTIC: [8] Use of undefined constant Vocationlist - assumed 'Vocationlist' F:\wamp\www\guanwang\qwadmin\App\Runtime\Cache\Home\66dadb323f99d0d243405610bc612d75.php 第 116 行.
NOTIC: [8] Use of undefined constant Codeinput - assumed 'Codeinput' F:\wamp\www\guanwang\qwadmin\App\Runtime\Cache\Home\66dadb323f99d0d243405610bc612d75.php 第 117 行.
NOTIC: [8] Use of undefined constant Aboutus - assumed 'Aboutus' F:\wamp\www\guanwang\qwadmin\App\Runtime\Cache\Home\66dadb323f99d0d243405610bc612d75.php 第 118 行.
INFO: Run Behavior\ParseTemplateBehavior [ RunTime:0.024988s ]
INFO: [ view_parse ] --END-- [ RunTime:0.025268s ]
INFO: [ view_filter ] --START--
INFO: Run Behavior\WriteHtmlCacheBehavior [ RunTime:0.000548s ]
INFO: [ view_filter ] --END-- [ RunTime:0.000773s ]
INFO: [ app_end ] --START--
INFO: Run Behavior\ShowPageTraceBehavior [ RunTime:0.000687s ]
INFO: [ app_end ] --END-- [ RunTime:0.000857s ]

[ 2017-05-02T17:23:00+08:00 ] ::1 /guanwang/qwadmin/index.php/Home/Supportservicesdemo/Index.html
INFO: [ app_init ] --START--
INFO: Run Behavior\BuildLiteBehavior [ RunTime:0.000068s ]
INFO: [ app_init ] --END-- [ RunTime:0.000937s ]
INFO: [ app_begin ] --START--
INFO: Run Behavior\ReadHtmlCacheBehavior [ RunTime:0.000881s ]
INFO: Run Behavior\CheckLangBehavior [ RunTime:0.001488s ]
INFO: [ app_begin ] --END-- [ RunTime:0.002717s ]
SQL: SHOW COLUMNS FROM `qw_setting` [ RunTime:0.0043s ]
SQL: SELECT `k`,`v` FROM `qw_setting`  [ RunTime:0.0003s ]
SQL: SHOW COLUMNS FROM `qw_felgproduct` [ RunTime:0.0055s ]
SQL: SHOW COLUMNS FROM `qw_rflinkerproduct` [ RunTime:0.0055s ]
SQL: SELECT `id`,en_ftname as name,`xl_type` FROM `qw_felgproduct` WHERE ( search = 1 ) UNION SELECT id,en_rrname as name,xl_type FROM qw_rflinkerproduct where search=1 [ RunTime:0.0012s ]
SQL: SELECT `id`,en_ftname as name,`xl_type` FROM `qw_felgproduct` UNION SELECT id,en_rrname as name,xl_type FROM qw_rflinkerproduct  [ RunTime:0.0009s ]
SQL: SHOW COLUMNS FROM `qw_support` [ RunTime:0.0047s ]
SQL: SELECT `id`,en_stname as stname,en_sttitle as sttitle,en_file as file,en_sttype as sttype,`stsort` FROM `qw_support` WHERE ( en_sttype = 2 ) ORDER BY stsort  [ RunTime:0.0004s ]
INFO: [ view_parse ] --START--
INFO: [ template_filter ] --START--
INFO: Run Behavior\ContentReplaceBehavior [ RunTime:0.000168s ]
INFO: [ template_filter ] --END-- [ RunTime:0.000340s ]
NOTIC: [8] Use of undefined constant Index - assumed 'Index' F:\wamp\www\guanwang\qwadmin\App\Runtime\Cache\Home\20a914ea73fb563721609475ba0c3a79.php 第 114 行.
NOTIC: [8] Use of undefined constant Felg - assumed 'Felg' F:\wamp\www\guanwang\qwadmin\App\Runtime\Cache\Home\20a914ea73fb563721609475ba0c3a79.php 第 115 行.
NOTIC: [8] Use of undefined constant Rflinker - assumed 'Rflinker' F:\wamp\www\guanwang\qwadmin\App\Runtime\Cache\Home\20a914ea73fb563721609475ba0c3a79.php 第 115 行.
NOTIC: [8] Use of undefined constant Vocationlist - assumed 'Vocationlist' F:\wamp\www\guanwang\qwadmin\App\Runtime\Cache\Home\20a914ea73fb563721609475ba0c3a79.php 第 116 行.
NOTIC: [8] Use of undefined constant Codeinput - assumed 'Codeinput' F:\wamp\www\guanwang\qwadmin\App\Runtime\Cache\Home\20a914ea73fb563721609475ba0c3a79.php 第 117 行.
NOTIC: [8] Use of undefined constant Aboutus - assumed 'Aboutus' F:\wamp\www\guanwang\qwadmin\App\Runtime\Cache\Home\20a914ea73fb563721609475ba0c3a79.php 第 118 行.
INFO: Run Behavior\ParseTemplateBehavior [ RunTime:0.022363s ]
INFO: [ view_parse ] --END-- [ RunTime:0.022623s ]
INFO: [ view_filter ] --START--
INFO: Run Behavior\WriteHtmlCacheBehavior [ RunTime:0.000456s ]
INFO: [ view_filter ] --END-- [ RunTime:0.000631s ]
INFO: [ app_end ] --START--
INFO: Run Behavior\ShowPageTraceBehavior [ RunTime:0.001043s ]
INFO: [ app_end ] --END-- [ RunTime:0.001302s ]

