[ 2017-04-24T16:24:49+08:00 ] ::1 /guanwang/qwadmin/
INFO: [ app_init ] --START--
INFO: Run Behavior\BuildLiteBehavior [ RunTime:0.000075s ]
INFO: [ app_init ] --END-- [ RunTime:0.049106s ]
INFO: [ app_begin ] --START--
INFO: Run Behavior\ReadHtmlCacheBehavior [ RunTime:0.012652s ]
INFO: Run Behavior\CheckLangBehavior [ RunTime:0.029762s ]
INFO: [ app_begin ] --END-- [ RunTime:0.043003s ]
SQL: SHOW COLUMNS FROM `qw_setting` [ RunTime:0.1944s ]
SQL: SELECT `k`,`v` FROM `qw_setting`  [ RunTime:0.2685s ]
SQL: SHOW COLUMNS FROM `qw_felgproduct` [ RunTime:0.0283s ]
SQL: SHOW COLUMNS FROM `qw_rflinkerproduct` [ RunTime:0.0435s ]
SQL: SELECT `id`,cn_ftname as name,`xl_type` FROM `qw_felgproduct` WHERE ( search = 1 ) UNION SELECT id,cn_rrname as name,xl_type FROM qw_rflinkerproduct where search=1 [ RunTime:0.0636s ]
SQL: SELECT `id`,cn_ftname as name,`xl_type` FROM `qw_felgproduct` UNION SELECT id,cn_rrname as name,xl_type FROM qw_rflinkerproduct  [ RunTime:0.0009s ]
SQL: SHOW COLUMNS FROM `qw_indexshow` [ RunTime:0.0337s ]
SQL: SELECT `id`,cn_fghzname as fghzname,cn_fghzshow as fghzshow,cn_rrhzname as rrhzname,cn_rrhzshow as rrhzshow,cn_tjhzname as tjhzname,cn_tjhzshow as tjhzshow FROM `qw_indexshow` LIMIT 1   [ RunTime:0.0005s ]
SQL: SHOW COLUMNS FROM `qw_flashview` [ RunTime:0.0473s ]
SQL: SELECT `id`,cn_flashviewpc as flashviewpc,cn_title as title,cn_fwshowpc as fwshowpc,cn_fwlink as fwlink,`fwsort` FROM `qw_flashview` ORDER BY fwsort  [ RunTime:0.0006s ]
SQL: SHOW COLUMNS FROM `qw_felghz` [ RunTime:0.0285s ]
SQL: SELECT `id`,cn_fghz as fghz,cn_fghztitle as fghztitle,cn_fghzimg as fghzimg,`fghzsort` FROM `qw_felghz` ORDER BY fghzsort LIMIT 4   [ RunTime:0.0005s ]
SQL: SHOW COLUMNS FROM `qw_rflinkerhz` [ RunTime:0.0128s ]
SQL: SELECT `id`,cn_rflinkerhz as rflinkerhz,cn_rrtitle as rrtitle,cn_rrimg as rrimg,`rrsort` FROM `qw_rflinkerhz` ORDER BY rrsort LIMIT 4   [ RunTime:0.0004s ]
SQL: SHOW COLUMNS FROM `qw_tuijian` [ RunTime:0.0276s ]
SQL: SELECT `id`,cn_felgname as felgname,cn_rrname as rrname,`type`,`tjsotr` FROM `qw_tuijian` ORDER BY tjsotr  [ RunTime:0.0005s ]
SQL: SHOW COLUMNS FROM `qw_industry` [ RunTime:0.0272s ]
SQL: SELECT `id`,cn_imgiy as imgiy,`iysort` FROM `qw_industry` ORDER BY iysort LIMIT 4   [ RunTime:0.0006s ]
INFO: [ view_parse ] --START--
INFO: [ template_filter ] --START--
INFO: Run Behavior\ContentReplaceBehavior [ RunTime:0.000236s ]
INFO: [ template_filter ] --END-- [ RunTime:0.000449s ]
NOTIC: [8] Use of undefined constant Index - assumed 'Index' F:\wamp\www\guanwang\qwadmin\App\Runtime\Cache\Home\00e52909bed743ea261af4b6823297ff.php 第 75 行.
NOTIC: [8] Use of undefined constant Felg - assumed 'Felg' F:\wamp\www\guanwang\qwadmin\App\Runtime\Cache\Home\00e52909bed743ea261af4b6823297ff.php 第 76 行.
NOTIC: [8] Use of undefined constant Rflinker - assumed 'Rflinker' F:\wamp\www\guanwang\qwadmin\App\Runtime\Cache\Home\00e52909bed743ea261af4b6823297ff.php 第 76 行.
NOTIC: [8] Use of undefined constant Vocationlist - assumed 'Vocationlist' F:\wamp\www\guanwang\qwadmin\App\Runtime\Cache\Home\00e52909bed743ea261af4b6823297ff.php 第 77 行.
NOTIC: [8] Use of undefined constant Codeinput - assumed 'Codeinput' F:\wamp\www\guanwang\qwadmin\App\Runtime\Cache\Home\00e52909bed743ea261af4b6823297ff.php 第 78 行.
NOTIC: [8] Use of undefined constant Aboutus - assumed 'Aboutus' F:\wamp\www\guanwang\qwadmin\App\Runtime\Cache\Home\00e52909bed743ea261af4b6823297ff.php 第 79 行.
NOTIC: [8] Undefined index: ftimg F:\wamp\www\guanwang\qwadmin\App\Runtime\Cache\Home\00e52909bed743ea261af4b6823297ff.php 第 194 行.
NOTIC: [8] Undefined index: ftname F:\wamp\www\guanwang\qwadmin\App\Runtime\Cache\Home\00e52909bed743ea261af4b6823297ff.php 第 197 行.
NOTIC: [8] Undefined index: fttitle F:\wamp\www\guanwang\qwadmin\App\Runtime\Cache\Home\00e52909bed743ea261af4b6823297ff.php 第 198 行.
INFO: Run Behavior\ParseTemplateBehavior [ RunTime:0.220670s ]
INFO: [ view_parse ] --END-- [ RunTime:0.220926s ]
INFO: [ view_filter ] --START--
INFO: Run Behavior\WriteHtmlCacheBehavior [ RunTime:0.067630s ]
INFO: [ view_filter ] --END-- [ RunTime:0.067833s ]
INFO: [ app_end ] --START--
INFO: Run Behavior\ShowPageTraceBehavior [ RunTime:0.006865s ]
INFO: [ app_end ] --END-- [ RunTime:0.007123s ]

[ 2017-04-24T16:24:50+08:00 ] ::1 /guanwang/qwadmin/
INFO: [ app_init ] --START--
INFO: Run Behavior\BuildLiteBehavior [ RunTime:0.000074s ]
INFO: [ app_init ] --END-- [ RunTime:0.000935s ]
INFO: [ app_begin ] --START--
INFO: Run Behavior\ReadHtmlCacheBehavior [ RunTime:0.001949s ]
INFO: Run Behavior\CheckLangBehavior [ RunTime:0.004456s ]
INFO: [ app_begin ] --END-- [ RunTime:0.007098s ]
SQL: SHOW COLUMNS FROM `qw_setting` [ RunTime:0.0051s ]
SQL: SELECT `k`,`v` FROM `qw_setting`  [ RunTime:0.0004s ]
SQL: SHOW COLUMNS FROM `qw_felgproduct` [ RunTime:0.0087s ]
SQL: SHOW COLUMNS FROM `qw_rflinkerproduct` [ RunTime:0.0059s ]
SQL: SELECT `id`,cn_ftname as name,`xl_type` FROM `qw_felgproduct` WHERE ( search = 1 ) UNION SELECT id,cn_rrname as name,xl_type FROM qw_rflinkerproduct where search=1 [ RunTime:0.0009s ]
SQL: SELECT `id`,cn_ftname as name,`xl_type` FROM `qw_felgproduct` UNION SELECT id,cn_rrname as name,xl_type FROM qw_rflinkerproduct  [ RunTime:0.0024s ]
SQL: SHOW COLUMNS FROM `qw_indexshow` [ RunTime:0.0052s ]
SQL: SELECT `id`,cn_fghzname as fghzname,cn_fghzshow as fghzshow,cn_rrhzname as rrhzname,cn_rrhzshow as rrhzshow,cn_tjhzname as tjhzname,cn_tjhzshow as tjhzshow FROM `qw_indexshow` LIMIT 1   [ RunTime:0.0005s ]
SQL: SHOW COLUMNS FROM `qw_flashview` [ RunTime:0.0061s ]
SQL: SELECT `id`,cn_flashviewpc as flashviewpc,cn_title as title,cn_fwshowpc as fwshowpc,cn_fwlink as fwlink,`fwsort` FROM `qw_flashview` ORDER BY fwsort  [ RunTime:0.0007s ]
SQL: SHOW COLUMNS FROM `qw_felghz` [ RunTime:0.0058s ]
SQL: SELECT `id`,cn_fghz as fghz,cn_fghztitle as fghztitle,cn_fghzimg as fghzimg,`fghzsort` FROM `qw_felghz` ORDER BY fghzsort LIMIT 4   [ RunTime:0.0005s ]
SQL: SHOW COLUMNS FROM `qw_rflinkerhz` [ RunTime:0.0059s ]
SQL: SELECT `id`,cn_rflinkerhz as rflinkerhz,cn_rrtitle as rrtitle,cn_rrimg as rrimg,`rrsort` FROM `qw_rflinkerhz` ORDER BY rrsort LIMIT 4   [ RunTime:0.0005s ]
SQL: SHOW COLUMNS FROM `qw_tuijian` [ RunTime:0.0056s ]
SQL: SELECT `id`,cn_felgname as felgname,cn_rrname as rrname,`type`,`tjsotr` FROM `qw_tuijian` ORDER BY tjsotr  [ RunTime:0.0004s ]
SQL: SHOW COLUMNS FROM `qw_industry` [ RunTime:0.0066s ]
SQL: SELECT `id`,cn_imgiy as imgiy,`iysort` FROM `qw_industry` ORDER BY iysort LIMIT 4   [ RunTime:0.0004s ]
INFO: [ view_parse ] --START--
INFO: [ template_filter ] --START--
INFO: Run Behavior\ContentReplaceBehavior [ RunTime:0.000243s ]
INFO: [ template_filter ] --END-- [ RunTime:0.000472s ]
NOTIC: [8] Use of undefined constant Index - assumed 'Index' F:\wamp\www\guanwang\qwadmin\App\Runtime\Cache\Home\00e52909bed743ea261af4b6823297ff.php 第 75 行.
NOTIC: [8] Use of undefined constant Felg - assumed 'Felg' F:\wamp\www\guanwang\qwadmin\App\Runtime\Cache\Home\00e52909bed743ea261af4b6823297ff.php 第 76 行.
NOTIC: [8] Use of undefined constant Rflinker - assumed 'Rflinker' F:\wamp\www\guanwang\qwadmin\App\Runtime\Cache\Home\00e52909bed743ea261af4b6823297ff.php 第 76 行.
NOTIC: [8] Use of undefined constant Vocationlist - assumed 'Vocationlist' F:\wamp\www\guanwang\qwadmin\App\Runtime\Cache\Home\00e52909bed743ea261af4b6823297ff.php 第 77 行.
NOTIC: [8] Use of undefined constant Codeinput - assumed 'Codeinput' F:\wamp\www\guanwang\qwadmin\App\Runtime\Cache\Home\00e52909bed743ea261af4b6823297ff.php 第 78 行.
NOTIC: [8] Use of undefined constant Aboutus - assumed 'Aboutus' F:\wamp\www\guanwang\qwadmin\App\Runtime\Cache\Home\00e52909bed743ea261af4b6823297ff.php 第 79 行.
NOTIC: [8] Undefined index: ftimg F:\wamp\www\guanwang\qwadmin\App\Runtime\Cache\Home\00e52909bed743ea261af4b6823297ff.php 第 194 行.
NOTIC: [8] Undefined index: ftname F:\wamp\www\guanwang\qwadmin\App\Runtime\Cache\Home\00e52909bed743ea261af4b6823297ff.php 第 197 行.
NOTIC: [8] Undefined index: fttitle F:\wamp\www\guanwang\qwadmin\App\Runtime\Cache\Home\00e52909bed743ea261af4b6823297ff.php 第 198 行.
INFO: Run Behavior\ParseTemplateBehavior [ RunTime:0.075876s ]
INFO: [ view_parse ] --END-- [ RunTime:0.076146s ]
INFO: [ view_filter ] --START--
INFO: Run Behavior\WriteHtmlCacheBehavior [ RunTime:0.000650s ]
INFO: [ view_filter ] --END-- [ RunTime:0.000860s ]
INFO: [ app_end ] --START--
INFO: Run Behavior\ShowPageTraceBehavior [ RunTime:0.001742s ]
INFO: [ app_end ] --END-- [ RunTime:0.002404s ]

[ 2017-04-24T16:25:00+08:00 ] ::1 /guanwang/qwadmin/
INFO: [ app_init ] --START--
INFO: Run Behavior\BuildLiteBehavior [ RunTime:0.000039s ]
INFO: [ app_init ] --END-- [ RunTime:0.000640s ]
INFO: [ app_begin ] --START--
INFO: Run Behavior\ReadHtmlCacheBehavior [ RunTime:0.001244s ]
INFO: Run Behavior\CheckLangBehavior [ RunTime:0.001284s ]
INFO: [ app_begin ] --END-- [ RunTime:0.002940s ]
SQL: SHOW COLUMNS FROM `qw_setting` [ RunTime:0.0077s ]
SQL: SELECT `k`,`v` FROM `qw_setting`  [ RunTime:0.0004s ]
SQL: SHOW COLUMNS FROM `qw_felgproduct` [ RunTime:0.1608s ]
SQL: SHOW COLUMNS FROM `qw_rflinkerproduct` [ RunTime:0.0453s ]
SQL: SELECT `id`,cn_ftname as name,`xl_type` FROM `qw_felgproduct` WHERE ( search = 1 ) UNION SELECT id,cn_rrname as name,xl_type FROM qw_rflinkerproduct where search=1 [ RunTime:0.0007s ]
SQL: SELECT `id`,cn_ftname as name,`xl_type` FROM `qw_felgproduct` UNION SELECT id,cn_rrname as name,xl_type FROM qw_rflinkerproduct  [ RunTime:0.0007s ]
SQL: SHOW COLUMNS FROM `qw_indexshow` [ RunTime:0.0048s ]
SQL: SELECT `id`,cn_fghzname as fghzname,cn_fghzshow as fghzshow,cn_rrhzname as rrhzname,cn_rrhzshow as rrhzshow,cn_tjhzname as tjhzname,cn_tjhzshow as tjhzshow FROM `qw_indexshow` LIMIT 1   [ RunTime:0.0004s ]
SQL: SHOW COLUMNS FROM `qw_flashview` [ RunTime:0.0040s ]
SQL: SELECT `id`,cn_flashviewpc as flashviewpc,cn_title as title,cn_fwshowpc as fwshowpc,cn_fwlink as fwlink,`fwsort` FROM `qw_flashview` ORDER BY fwsort  [ RunTime:0.0005s ]
SQL: SHOW COLUMNS FROM `qw_felghz` [ RunTime:0.0052s ]
SQL: SELECT `id`,cn_fghz as fghz,cn_fghztitle as fghztitle,cn_fghzimg as fghzimg,`fghzsort` FROM `qw_felghz` ORDER BY fghzsort LIMIT 4   [ RunTime:0.0007s ]
SQL: SHOW COLUMNS FROM `qw_rflinkerhz` [ RunTime:0.0057s ]
SQL: SELECT `id`,cn_rflinkerhz as rflinkerhz,cn_rrtitle as rrtitle,cn_rrimg as rrimg,`rrsort` FROM `qw_rflinkerhz` ORDER BY rrsort LIMIT 4   [ RunTime:0.0004s ]
SQL: SHOW COLUMNS FROM `qw_tuijian` [ RunTime:0.0050s ]
SQL: SELECT `id`,cn_felgname as felgname,cn_rrname as rrname,`type`,`tjsotr` FROM `qw_tuijian` ORDER BY tjsotr  [ RunTime:0.0004s ]
SQL: SHOW COLUMNS FROM `qw_industry` [ RunTime:0.0050s ]
SQL: SELECT `id`,cn_imgiy as imgiy,`iysort` FROM `qw_industry` ORDER BY iysort LIMIT 4   [ RunTime:0.0004s ]
INFO: [ view_parse ] --START--
INFO: [ template_filter ] --START--
INFO: Run Behavior\ContentReplaceBehavior [ RunTime:0.000218s ]
INFO: [ template_filter ] --END-- [ RunTime:0.000398s ]
NOTIC: [8] Use of undefined constant Index - assumed 'Index' F:\wamp\www\guanwang\qwadmin\App\Runtime\Cache\Home\00e52909bed743ea261af4b6823297ff.php 第 75 行.
NOTIC: [8] Use of undefined constant Felg - assumed 'Felg' F:\wamp\www\guanwang\qwadmin\App\Runtime\Cache\Home\00e52909bed743ea261af4b6823297ff.php 第 76 行.
NOTIC: [8] Use of undefined constant Rflinker - assumed 'Rflinker' F:\wamp\www\guanwang\qwadmin\App\Runtime\Cache\Home\00e52909bed743ea261af4b6823297ff.php 第 76 行.
NOTIC: [8] Use of undefined constant Vocationlist - assumed 'Vocationlist' F:\wamp\www\guanwang\qwadmin\App\Runtime\Cache\Home\00e52909bed743ea261af4b6823297ff.php 第 77 行.
NOTIC: [8] Use of undefined constant Codeinput - assumed 'Codeinput' F:\wamp\www\guanwang\qwadmin\App\Runtime\Cache\Home\00e52909bed743ea261af4b6823297ff.php 第 78 行.
NOTIC: [8] Use of undefined constant Aboutus - assumed 'Aboutus' F:\wamp\www\guanwang\qwadmin\App\Runtime\Cache\Home\00e52909bed743ea261af4b6823297ff.php 第 79 行.
NOTIC: [8] Undefined index: ftimg F:\wamp\www\guanwang\qwadmin\App\Runtime\Cache\Home\00e52909bed743ea261af4b6823297ff.php 第 194 行.
NOTIC: [8] Undefined index: ftname F:\wamp\www\guanwang\qwadmin\App\Runtime\Cache\Home\00e52909bed743ea261af4b6823297ff.php 第 197 行.
NOTIC: [8] Undefined index: fttitle F:\wamp\www\guanwang\qwadmin\App\Runtime\Cache\Home\00e52909bed743ea261af4b6823297ff.php 第 198 行.
INFO: Run Behavior\ParseTemplateBehavior [ RunTime:0.048481s ]
INFO: [ view_parse ] --END-- [ RunTime:0.048648s ]
INFO: [ view_filter ] --START--
INFO: Run Behavior\WriteHtmlCacheBehavior [ RunTime:0.000494s ]
INFO: [ view_filter ] --END-- [ RunTime:0.000656s ]
INFO: [ app_end ] --START--
INFO: Run Behavior\ShowPageTraceBehavior [ RunTime:0.000676s ]
INFO: [ app_end ] --END-- [ RunTime:0.000838s ]

[ 2017-04-24T16:25:00+08:00 ] ::1 /guanwang/qwadmin/
INFO: [ app_init ] --START--
INFO: Run Behavior\BuildLiteBehavior [ RunTime:0.000042s ]
INFO: [ app_init ] --END-- [ RunTime:0.000734s ]
INFO: [ app_begin ] --START--
INFO: Run Behavior\ReadHtmlCacheBehavior [ RunTime:0.000717s ]
INFO: Run Behavior\CheckLangBehavior [ RunTime:0.001300s ]
INFO: [ app_begin ] --END-- [ RunTime:0.002317s ]
SQL: SHOW COLUMNS FROM `qw_setting` [ RunTime:0.0062s ]
SQL: SELECT `k`,`v` FROM `qw_setting`  [ RunTime:0.0005s ]
SQL: SHOW COLUMNS FROM `qw_felgproduct` [ RunTime:0.0073s ]
SQL: SHOW COLUMNS FROM `qw_rflinkerproduct` [ RunTime:0.0063s ]
SQL: SELECT `id`,cn_ftname as name,`xl_type` FROM `qw_felgproduct` WHERE ( search = 1 ) UNION SELECT id,cn_rrname as name,xl_type FROM qw_rflinkerproduct where search=1 [ RunTime:0.0009s ]
SQL: SELECT `id`,cn_ftname as name,`xl_type` FROM `qw_felgproduct` UNION SELECT id,cn_rrname as name,xl_type FROM qw_rflinkerproduct  [ RunTime:0.0009s ]
SQL: SHOW COLUMNS FROM `qw_indexshow` [ RunTime:0.0050s ]
SQL: SELECT `id`,cn_fghzname as fghzname,cn_fghzshow as fghzshow,cn_rrhzname as rrhzname,cn_rrhzshow as rrhzshow,cn_tjhzname as tjhzname,cn_tjhzshow as tjhzshow FROM `qw_indexshow` LIMIT 1   [ RunTime:0.0010s ]
SQL: SHOW COLUMNS FROM `qw_flashview` [ RunTime:0.0062s ]
SQL: SELECT `id`,cn_flashviewpc as flashviewpc,cn_title as title,cn_fwshowpc as fwshowpc,cn_fwlink as fwlink,`fwsort` FROM `qw_flashview` ORDER BY fwsort  [ RunTime:0.0005s ]
SQL: SHOW COLUMNS FROM `qw_felghz` [ RunTime:0.0046s ]
SQL: SELECT `id`,cn_fghz as fghz,cn_fghztitle as fghztitle,cn_fghzimg as fghzimg,`fghzsort` FROM `qw_felghz` ORDER BY fghzsort LIMIT 4   [ RunTime:0.0005s ]
SQL: SHOW COLUMNS FROM `qw_rflinkerhz` [ RunTime:0.0058s ]
SQL: SELECT `id`,cn_rflinkerhz as rflinkerhz,cn_rrtitle as rrtitle,cn_rrimg as rrimg,`rrsort` FROM `qw_rflinkerhz` ORDER BY rrsort LIMIT 4   [ RunTime:0.0006s ]
SQL: SHOW COLUMNS FROM `qw_tuijian` [ RunTime:0.0049s ]
SQL: SELECT `id`,cn_felgname as felgname,cn_rrname as rrname,`type`,`tjsotr` FROM `qw_tuijian` ORDER BY tjsotr  [ RunTime:0.0006s ]
SQL: SHOW COLUMNS FROM `qw_industry` [ RunTime:0.0065s ]
SQL: SELECT `id`,cn_imgiy as imgiy,`iysort` FROM `qw_industry` ORDER BY iysort LIMIT 4   [ RunTime:0.0004s ]
INFO: [ view_parse ] --START--
INFO: [ template_filter ] --START--
INFO: Run Behavior\ContentReplaceBehavior [ RunTime:0.000364s ]
INFO: [ template_filter ] --END-- [ RunTime:0.000684s ]
NOTIC: [8] Use of undefined constant Index - assumed 'Index' F:\wamp\www\guanwang\qwadmin\App\Runtime\Cache\Home\00e52909bed743ea261af4b6823297ff.php 第 75 行.
NOTIC: [8] Use of undefined constant Felg - assumed 'Felg' F:\wamp\www\guanwang\qwadmin\App\Runtime\Cache\Home\00e52909bed743ea261af4b6823297ff.php 第 76 行.
NOTIC: [8] Use of undefined constant Rflinker - assumed 'Rflinker' F:\wamp\www\guanwang\qwadmin\App\Runtime\Cache\Home\00e52909bed743ea261af4b6823297ff.php 第 76 行.
NOTIC: [8] Use of undefined constant Vocationlist - assumed 'Vocationlist' F:\wamp\www\guanwang\qwadmin\App\Runtime\Cache\Home\00e52909bed743ea261af4b6823297ff.php 第 77 行.
NOTIC: [8] Use of undefined constant Codeinput - assumed 'Codeinput' F:\wamp\www\guanwang\qwadmin\App\Runtime\Cache\Home\00e52909bed743ea261af4b6823297ff.php 第 78 行.
NOTIC: [8] Use of undefined constant Aboutus - assumed 'Aboutus' F:\wamp\www\guanwang\qwadmin\App\Runtime\Cache\Home\00e52909bed743ea261af4b6823297ff.php 第 79 行.
NOTIC: [8] Undefined index: ftimg F:\wamp\www\guanwang\qwadmin\App\Runtime\Cache\Home\00e52909bed743ea261af4b6823297ff.php 第 194 行.
NOTIC: [8] Undefined index: ftname F:\wamp\www\guanwang\qwadmin\App\Runtime\Cache\Home\00e52909bed743ea261af4b6823297ff.php 第 197 行.
NOTIC: [8] Undefined index: fttitle F:\wamp\www\guanwang\qwadmin\App\Runtime\Cache\Home\00e52909bed743ea261af4b6823297ff.php 第 198 行.
INFO: Run Behavior\ParseTemplateBehavior [ RunTime:0.071212s ]
INFO: [ view_parse ] --END-- [ RunTime:0.071467s ]
INFO: [ view_filter ] --START--
INFO: Run Behavior\WriteHtmlCacheBehavior [ RunTime:0.000683s ]
INFO: [ view_filter ] --END-- [ RunTime:0.000973s ]
INFO: [ app_end ] --START--
INFO: Run Behavior\ShowPageTraceBehavior [ RunTime:0.001157s ]
INFO: [ app_end ] --END-- [ RunTime:0.003915s ]

[ 2017-04-24T16:25:07+08:00 ] ::1 /guanwang/qwadmin/index.php/Home/Aboutus/Index.html
INFO: [ app_init ] --START--
INFO: Run Behavior\BuildLiteBehavior [ RunTime:0.000075s ]
INFO: [ app_init ] --END-- [ RunTime:0.001150s ]
INFO: [ app_begin ] --START--
INFO: Run Behavior\ReadHtmlCacheBehavior [ RunTime:0.000821s ]
INFO: Run Behavior\CheckLangBehavior [ RunTime:0.001623s ]
INFO: [ app_begin ] --END-- [ RunTime:0.002843s ]
SQL: SHOW COLUMNS FROM `qw_setting` [ RunTime:0.0052s ]
SQL: SELECT `k`,`v` FROM `qw_setting`  [ RunTime:0.0003s ]
SQL: SHOW COLUMNS FROM `qw_felgproduct` [ RunTime:0.0044s ]
SQL: SHOW COLUMNS FROM `qw_rflinkerproduct` [ RunTime:0.0045s ]
SQL: SELECT `id`,cn_ftname as name,`xl_type` FROM `qw_felgproduct` WHERE ( search = 1 ) UNION SELECT id,cn_rrname as name,xl_type FROM qw_rflinkerproduct where search=1 [ RunTime:0.0011s ]
SQL: SELECT `id`,cn_ftname as name,`xl_type` FROM `qw_felgproduct` UNION SELECT id,cn_rrname as name,xl_type FROM qw_rflinkerproduct  [ RunTime:0.0010s ]
INFO: [ view_parse ] --START--
INFO: [ template_filter ] --START--
INFO: Run Behavior\ContentReplaceBehavior [ RunTime:0.000150s ]
INFO: [ template_filter ] --END-- [ RunTime:0.000329s ]
NOTIC: [8] Use of undefined constant Index - assumed 'Index' F:\wamp\www\guanwang\qwadmin\App\Runtime\Cache\Home\6d9195a7ccbe058f45cf16e69b231bd7.php 第 72 行.
NOTIC: [8] Use of undefined constant Felg - assumed 'Felg' F:\wamp\www\guanwang\qwadmin\App\Runtime\Cache\Home\6d9195a7ccbe058f45cf16e69b231bd7.php 第 73 行.
NOTIC: [8] Use of undefined constant Rflinker - assumed 'Rflinker' F:\wamp\www\guanwang\qwadmin\App\Runtime\Cache\Home\6d9195a7ccbe058f45cf16e69b231bd7.php 第 73 行.
NOTIC: [8] Use of undefined constant Vocationlist - assumed 'Vocationlist' F:\wamp\www\guanwang\qwadmin\App\Runtime\Cache\Home\6d9195a7ccbe058f45cf16e69b231bd7.php 第 74 行.
NOTIC: [8] Use of undefined constant Codeinput - assumed 'Codeinput' F:\wamp\www\guanwang\qwadmin\App\Runtime\Cache\Home\6d9195a7ccbe058f45cf16e69b231bd7.php 第 75 行.
NOTIC: [8] Use of undefined constant Aboutus - assumed 'Aboutus' F:\wamp\www\guanwang\qwadmin\App\Runtime\Cache\Home\6d9195a7ccbe058f45cf16e69b231bd7.php 第 76 行.
INFO: Run Behavior\ParseTemplateBehavior [ RunTime:0.120129s ]
INFO: [ view_parse ] --END-- [ RunTime:0.120535s ]
INFO: [ view_filter ] --START--
INFO: Run Behavior\WriteHtmlCacheBehavior [ RunTime:0.000567s ]
INFO: [ view_filter ] --END-- [ RunTime:0.000877s ]
INFO: [ app_end ] --START--
INFO: Run Behavior\ShowPageTraceBehavior [ RunTime:0.000703s ]
INFO: [ app_end ] --END-- [ RunTime:0.000891s ]

[ 2017-04-24T16:26:14+08:00 ] ::1 /guanwang/qwadmin/index.php/Home/Aboutus/Index.html
INFO: [ app_init ] --START--
INFO: Run Behavior\BuildLiteBehavior [ RunTime:0.000050s ]
INFO: [ app_init ] --END-- [ RunTime:0.000659s ]
INFO: [ app_begin ] --START--
INFO: Run Behavior\ReadHtmlCacheBehavior [ RunTime:0.001313s ]
INFO: Run Behavior\CheckLangBehavior [ RunTime:0.001786s ]
INFO: [ app_begin ] --END-- [ RunTime:0.003420s ]
SQL: SHOW COLUMNS FROM `qw_setting` [ RunTime:0.0053s ]
SQL: SELECT `k`,`v` FROM `qw_setting`  [ RunTime:0.0004s ]
SQL: SHOW COLUMNS FROM `qw_felgproduct` [ RunTime:0.0063s ]
SQL: SHOW COLUMNS FROM `qw_rflinkerproduct` [ RunTime:0.0051s ]
SQL: SELECT `id`,cn_ftname as name,`xl_type` FROM `qw_felgproduct` WHERE ( search = 1 ) UNION SELECT id,cn_rrname as name,xl_type FROM qw_rflinkerproduct where search=1 [ RunTime:0.0016s ]
SQL: SELECT `id`,cn_ftname as name,`xl_type` FROM `qw_felgproduct` UNION SELECT id,cn_rrname as name,xl_type FROM qw_rflinkerproduct  [ RunTime:0.0009s ]
INFO: [ view_parse ] --START--
INFO: [ template_filter ] --START--
INFO: Run Behavior\ContentReplaceBehavior [ RunTime:0.000155s ]
INFO: [ template_filter ] --END-- [ RunTime:0.000351s ]
NOTIC: [8] Use of undefined constant Index - assumed 'Index' F:\wamp\www\guanwang\qwadmin\App\Runtime\Cache\Home\6d9195a7ccbe058f45cf16e69b231bd7.php 第 72 行.
NOTIC: [8] Use of undefined constant Felg - assumed 'Felg' F:\wamp\www\guanwang\qwadmin\App\Runtime\Cache\Home\6d9195a7ccbe058f45cf16e69b231bd7.php 第 73 行.
NOTIC: [8] Use of undefined constant Rflinker - assumed 'Rflinker' F:\wamp\www\guanwang\qwadmin\App\Runtime\Cache\Home\6d9195a7ccbe058f45cf16e69b231bd7.php 第 73 行.
NOTIC: [8] Use of undefined constant Vocationlist - assumed 'Vocationlist' F:\wamp\www\guanwang\qwadmin\App\Runtime\Cache\Home\6d9195a7ccbe058f45cf16e69b231bd7.php 第 74 行.
NOTIC: [8] Use of undefined constant Codeinput - assumed 'Codeinput' F:\wamp\www\guanwang\qwadmin\App\Runtime\Cache\Home\6d9195a7ccbe058f45cf16e69b231bd7.php 第 75 行.
NOTIC: [8] Use of undefined constant Aboutus - assumed 'Aboutus' F:\wamp\www\guanwang\qwadmin\App\Runtime\Cache\Home\6d9195a7ccbe058f45cf16e69b231bd7.php 第 76 行.
INFO: Run Behavior\ParseTemplateBehavior [ RunTime:0.023210s ]
INFO: [ view_parse ] --END-- [ RunTime:0.023525s ]
INFO: [ view_filter ] --START--
INFO: Run Behavior\WriteHtmlCacheBehavior [ RunTime:0.001330s ]
INFO: [ view_filter ] --END-- [ RunTime:0.001733s ]
INFO: [ app_end ] --START--
INFO: Run Behavior\ShowPageTraceBehavior [ RunTime:0.001678s ]
INFO: [ app_end ] --END-- [ RunTime:0.001985s ]

[ 2017-04-24T16:26:51+08:00 ] ::1 /guanwang/qwadmin/index.php/Home/Index/Index.html
INFO: [ app_init ] --START--
INFO: Run Behavior\BuildLiteBehavior [ RunTime:0.000053s ]
INFO: [ app_init ] --END-- [ RunTime:0.000705s ]
INFO: [ app_begin ] --START--
INFO: Run Behavior\ReadHtmlCacheBehavior [ RunTime:0.001305s ]
INFO: Run Behavior\CheckLangBehavior [ RunTime:0.001704s ]
INFO: [ app_begin ] --END-- [ RunTime:0.003340s ]
SQL: SHOW COLUMNS FROM `qw_setting` [ RunTime:0.0054s ]
SQL: SELECT `k`,`v` FROM `qw_setting`  [ RunTime:0.0004s ]
SQL: SHOW COLUMNS FROM `qw_felgproduct` [ RunTime:0.0047s ]
SQL: SHOW COLUMNS FROM `qw_rflinkerproduct` [ RunTime:0.0040s ]
SQL: SELECT `id`,cn_ftname as name,`xl_type` FROM `qw_felgproduct` WHERE ( search = 1 ) UNION SELECT id,cn_rrname as name,xl_type FROM qw_rflinkerproduct where search=1 [ RunTime:0.0005s ]
SQL: SELECT `id`,cn_ftname as name,`xl_type` FROM `qw_felgproduct` UNION SELECT id,cn_rrname as name,xl_type FROM qw_rflinkerproduct  [ RunTime:0.0010s ]
SQL: SHOW COLUMNS FROM `qw_indexshow` [ RunTime:0.0044s ]
SQL: SELECT `id`,cn_fghzname as fghzname,cn_fghzshow as fghzshow,cn_rrhzname as rrhzname,cn_rrhzshow as rrhzshow,cn_tjhzname as tjhzname,cn_tjhzshow as tjhzshow FROM `qw_indexshow` LIMIT 1   [ RunTime:0.0004s ]
SQL: SHOW COLUMNS FROM `qw_flashview` [ RunTime:0.0063s ]
SQL: SELECT `id`,cn_flashviewpc as flashviewpc,cn_title as title,cn_fwshowpc as fwshowpc,cn_fwlink as fwlink,`fwsort` FROM `qw_flashview` ORDER BY fwsort  [ RunTime:0.0007s ]
SQL: SHOW COLUMNS FROM `qw_felghz` [ RunTime:0.0043s ]
SQL: SELECT `id`,cn_fghz as fghz,cn_fghztitle as fghztitle,cn_fghzimg as fghzimg,`fghzsort` FROM `qw_felghz` ORDER BY fghzsort LIMIT 4   [ RunTime:0.0004s ]
SQL: SHOW COLUMNS FROM `qw_rflinkerhz` [ RunTime:0.0042s ]
SQL: SELECT `id`,cn_rflinkerhz as rflinkerhz,cn_rrtitle as rrtitle,cn_rrimg as rrimg,`rrsort` FROM `qw_rflinkerhz` ORDER BY rrsort LIMIT 4   [ RunTime:0.0007s ]
SQL: SHOW COLUMNS FROM `qw_tuijian` [ RunTime:0.0048s ]
SQL: SELECT `id`,cn_felgname as felgname,cn_rrname as rrname,`type`,`tjsotr` FROM `qw_tuijian` ORDER BY tjsotr  [ RunTime:0.0004s ]
SQL: SHOW COLUMNS FROM `qw_industry` [ RunTime:0.0046s ]
SQL: SELECT `id`,cn_imgiy as imgiy,`iysort` FROM `qw_industry` ORDER BY iysort LIMIT 4   [ RunTime:0.0005s ]
INFO: [ view_parse ] --START--
INFO: [ template_filter ] --START--
INFO: Run Behavior\ContentReplaceBehavior [ RunTime:0.000233s ]
INFO: [ template_filter ] --END-- [ RunTime:0.000479s ]
NOTIC: [8] Use of undefined constant Index - assumed 'Index' F:\wamp\www\guanwang\qwadmin\App\Runtime\Cache\Home\3da8682377a51f4116c98bfda6b18a92.php 第 75 行.
NOTIC: [8] Use of undefined constant Felg - assumed 'Felg' F:\wamp\www\guanwang\qwadmin\App\Runtime\Cache\Home\3da8682377a51f4116c98bfda6b18a92.php 第 76 行.
NOTIC: [8] Use of undefined constant Rflinker - assumed 'Rflinker' F:\wamp\www\guanwang\qwadmin\App\Runtime\Cache\Home\3da8682377a51f4116c98bfda6b18a92.php 第 76 行.
NOTIC: [8] Use of undefined constant Vocationlist - assumed 'Vocationlist' F:\wamp\www\guanwang\qwadmin\App\Runtime\Cache\Home\3da8682377a51f4116c98bfda6b18a92.php 第 77 行.
NOTIC: [8] Use of undefined constant Codeinput - assumed 'Codeinput' F:\wamp\www\guanwang\qwadmin\App\Runtime\Cache\Home\3da8682377a51f4116c98bfda6b18a92.php 第 78 行.
NOTIC: [8] Use of undefined constant Aboutus - assumed 'Aboutus' F:\wamp\www\guanwang\qwadmin\App\Runtime\Cache\Home\3da8682377a51f4116c98bfda6b18a92.php 第 79 行.
NOTIC: [8] Undefined index: ftimg F:\wamp\www\guanwang\qwadmin\App\Runtime\Cache\Home\3da8682377a51f4116c98bfda6b18a92.php 第 194 行.
NOTIC: [8] Undefined index: ftname F:\wamp\www\guanwang\qwadmin\App\Runtime\Cache\Home\3da8682377a51f4116c98bfda6b18a92.php 第 197 行.
NOTIC: [8] Undefined index: fttitle F:\wamp\www\guanwang\qwadmin\App\Runtime\Cache\Home\3da8682377a51f4116c98bfda6b18a92.php 第 198 行.
INFO: Run Behavior\ParseTemplateBehavior [ RunTime:0.081871s ]
INFO: [ view_parse ] --END-- [ RunTime:0.082324s ]
INFO: [ view_filter ] --START--
INFO: Run Behavior\WriteHtmlCacheBehavior [ RunTime:0.001982s ]
INFO: [ view_filter ] --END-- [ RunTime:0.002368s ]
INFO: [ app_end ] --START--
INFO: Run Behavior\ShowPageTraceBehavior [ RunTime:0.001010s ]
INFO: [ app_end ] --END-- [ RunTime:0.001197s ]

[ 2017-04-24T16:26:51+08:00 ] ::1 /guanwang/qwadmin/
INFO: [ app_init ] --START--
INFO: Run Behavior\BuildLiteBehavior [ RunTime:0.000074s ]
INFO: [ app_init ] --END-- [ RunTime:0.001272s ]
INFO: [ app_begin ] --START--
INFO: Run Behavior\ReadHtmlCacheBehavior [ RunTime:0.001111s ]
INFO: Run Behavior\CheckLangBehavior [ RunTime:0.002027s ]
INFO: [ app_begin ] --END-- [ RunTime:0.003696s ]
SQL: SHOW COLUMNS FROM `qw_setting` [ RunTime:0.0051s ]
SQL: SELECT `k`,`v` FROM `qw_setting`  [ RunTime:0.0005s ]
SQL: SHOW COLUMNS FROM `qw_felgproduct` [ RunTime:0.0079s ]
SQL: SHOW COLUMNS FROM `qw_rflinkerproduct` [ RunTime:0.0066s ]
SQL: SELECT `id`,cn_ftname as name,`xl_type` FROM `qw_felgproduct` WHERE ( search = 1 ) UNION SELECT id,cn_rrname as name,xl_type FROM qw_rflinkerproduct where search=1 [ RunTime:0.0007s ]
SQL: SELECT `id`,cn_ftname as name,`xl_type` FROM `qw_felgproduct` UNION SELECT id,cn_rrname as name,xl_type FROM qw_rflinkerproduct  [ RunTime:0.0018s ]
SQL: SHOW COLUMNS FROM `qw_indexshow` [ RunTime:0.0057s ]
SQL: SELECT `id`,cn_fghzname as fghzname,cn_fghzshow as fghzshow,cn_rrhzname as rrhzname,cn_rrhzshow as rrhzshow,cn_tjhzname as tjhzname,cn_tjhzshow as tjhzshow FROM `qw_indexshow` LIMIT 1   [ RunTime:0.0005s ]
SQL: SHOW COLUMNS FROM `qw_flashview` [ RunTime:0.0083s ]
SQL: SELECT `id`,cn_flashviewpc as flashviewpc,cn_title as title,cn_fwshowpc as fwshowpc,cn_fwlink as fwlink,`fwsort` FROM `qw_flashview` ORDER BY fwsort  [ RunTime:0.0006s ]
SQL: SHOW COLUMNS FROM `qw_felghz` [ RunTime:0.0050s ]
SQL: SELECT `id`,cn_fghz as fghz,cn_fghztitle as fghztitle,cn_fghzimg as fghzimg,`fghzsort` FROM `qw_felghz` ORDER BY fghzsort LIMIT 4   [ RunTime:0.0006s ]
SQL: SHOW COLUMNS FROM `qw_rflinkerhz` [ RunTime:0.0075s ]
SQL: SELECT `id`,cn_rflinkerhz as rflinkerhz,cn_rrtitle as rrtitle,cn_rrimg as rrimg,`rrsort` FROM `qw_rflinkerhz` ORDER BY rrsort LIMIT 4   [ RunTime:0.0006s ]
SQL: SHOW COLUMNS FROM `qw_tuijian` [ RunTime:0.0051s ]
SQL: SELECT `id`,cn_felgname as felgname,cn_rrname as rrname,`type`,`tjsotr` FROM `qw_tuijian` ORDER BY tjsotr  [ RunTime:0.0005s ]
SQL: SHOW COLUMNS FROM `qw_industry` [ RunTime:0.0077s ]
SQL: SELECT `id`,cn_imgiy as imgiy,`iysort` FROM `qw_industry` ORDER BY iysort LIMIT 4   [ RunTime:0.0004s ]
INFO: [ view_parse ] --START--
INFO: [ template_filter ] --START--
INFO: Run Behavior\ContentReplaceBehavior [ RunTime:0.000426s ]
INFO: [ template_filter ] --END-- [ RunTime:0.000848s ]
NOTIC: [8] Use of undefined constant Index - assumed 'Index' F:\wamp\www\guanwang\qwadmin\App\Runtime\Cache\Home\00e52909bed743ea261af4b6823297ff.php 第 75 行.
NOTIC: [8] Use of undefined constant Felg - assumed 'Felg' F:\wamp\www\guanwang\qwadmin\App\Runtime\Cache\Home\00e52909bed743ea261af4b6823297ff.php 第 76 行.
NOTIC: [8] Use of undefined constant Rflinker - assumed 'Rflinker' F:\wamp\www\guanwang\qwadmin\App\Runtime\Cache\Home\00e52909bed743ea261af4b6823297ff.php 第 76 行.
NOTIC: [8] Use of undefined constant Vocationlist - assumed 'Vocationlist' F:\wamp\www\guanwang\qwadmin\App\Runtime\Cache\Home\00e52909bed743ea261af4b6823297ff.php 第 77 行.
NOTIC: [8] Use of undefined constant Codeinput - assumed 'Codeinput' F:\wamp\www\guanwang\qwadmin\App\Runtime\Cache\Home\00e52909bed743ea261af4b6823297ff.php 第 78 行.
NOTIC: [8] Use of undefined constant Aboutus - assumed 'Aboutus' F:\wamp\www\guanwang\qwadmin\App\Runtime\Cache\Home\00e52909bed743ea261af4b6823297ff.php 第 79 行.
NOTIC: [8] Undefined index: ftimg F:\wamp\www\guanwang\qwadmin\App\Runtime\Cache\Home\00e52909bed743ea261af4b6823297ff.php 第 194 行.
NOTIC: [8] Undefined index: ftname F:\wamp\www\guanwang\qwadmin\App\Runtime\Cache\Home\00e52909bed743ea261af4b6823297ff.php 第 197 行.
NOTIC: [8] Undefined index: fttitle F:\wamp\www\guanwang\qwadmin\App\Runtime\Cache\Home\00e52909bed743ea261af4b6823297ff.php 第 198 行.
INFO: Run Behavior\ParseTemplateBehavior [ RunTime:0.099911s ]
INFO: [ view_parse ] --END-- [ RunTime:0.100411s ]
INFO: [ view_filter ] --START--
INFO: Run Behavior\WriteHtmlCacheBehavior [ RunTime:0.001042s ]
INFO: [ view_filter ] --END-- [ RunTime:0.001551s ]
INFO: [ app_end ] --START--
INFO: Run Behavior\ShowPageTraceBehavior [ RunTime:0.000827s ]
INFO: [ app_end ] --END-- [ RunTime:0.001108s ]

[ 2017-04-24T16:26:57+08:00 ] ::1 /guanwang/qwadmin/
INFO: [ app_init ] --START--
INFO: Run Behavior\BuildLiteBehavior [ RunTime:0.000039s ]
INFO: [ app_init ] --END-- [ RunTime:0.000598s ]
INFO: [ app_begin ] --START--
INFO: Run Behavior\ReadHtmlCacheBehavior [ RunTime:0.000885s ]
INFO: Run Behavior\CheckLangBehavior [ RunTime:0.001385s ]
INFO: [ app_begin ] --END-- [ RunTime:0.002661s ]
SQL: SHOW COLUMNS FROM `qw_setting` [ RunTime:0.0059s ]
SQL: SELECT `k`,`v` FROM `qw_setting`  [ RunTime:0.0006s ]
SQL: SHOW COLUMNS FROM `qw_felgproduct` [ RunTime:0.0080s ]
SQL: SHOW COLUMNS FROM `qw_rflinkerproduct` [ RunTime:0.0059s ]
SQL: SELECT `id`,cn_ftname as name,`xl_type` FROM `qw_felgproduct` WHERE ( search = 1 ) UNION SELECT id,cn_rrname as name,xl_type FROM qw_rflinkerproduct where search=1 [ RunTime:0.0009s ]
SQL: SELECT `id`,cn_ftname as name,`xl_type` FROM `qw_felgproduct` UNION SELECT id,cn_rrname as name,xl_type FROM qw_rflinkerproduct  [ RunTime:0.0023s ]
SQL: SHOW COLUMNS FROM `qw_indexshow` [ RunTime:0.0051s ]
SQL: SELECT `id`,cn_fghzname as fghzname,cn_fghzshow as fghzshow,cn_rrhzname as rrhzname,cn_rrhzshow as rrhzshow,cn_tjhzname as tjhzname,cn_tjhzshow as tjhzshow FROM `qw_indexshow` LIMIT 1   [ RunTime:0.0005s ]
SQL: SHOW COLUMNS FROM `qw_flashview` [ RunTime:0.0060s ]
SQL: SELECT `id`,cn_flashviewpc as flashviewpc,cn_title as title,cn_fwshowpc as fwshowpc,cn_fwlink as fwlink,`fwsort` FROM `qw_flashview` ORDER BY fwsort  [ RunTime:0.0005s ]
SQL: SHOW COLUMNS FROM `qw_felghz` [ RunTime:0.0053s ]
SQL: SELECT `id`,cn_fghz as fghz,cn_fghztitle as fghztitle,cn_fghzimg as fghzimg,`fghzsort` FROM `qw_felghz` ORDER BY fghzsort LIMIT 4   [ RunTime:0.0005s ]
SQL: SHOW COLUMNS FROM `qw_rflinkerhz` [ RunTime:0.0073s ]
SQL: SELECT `id`,cn_rflinkerhz as rflinkerhz,cn_rrtitle as rrtitle,cn_rrimg as rrimg,`rrsort` FROM `qw_rflinkerhz` ORDER BY rrsort LIMIT 4   [ RunTime:0.0008s ]
SQL: SHOW COLUMNS FROM `qw_tuijian` [ RunTime:0.0071s ]
SQL: SELECT `id`,cn_felgname as felgname,cn_rrname as rrname,`type`,`tjsotr` FROM `qw_tuijian` ORDER BY tjsotr  [ RunTime:0.0006s ]
SQL: SHOW COLUMNS FROM `qw_industry` [ RunTime:0.0088s ]
SQL: SELECT `id`,cn_imgiy as imgiy,`iysort` FROM `qw_industry` ORDER BY iysort LIMIT 4   [ RunTime:0.0005s ]
INFO: [ view_parse ] --START--
INFO: [ template_filter ] --START--
INFO: Run Behavior\ContentReplaceBehavior [ RunTime:0.000356s ]
INFO: [ template_filter ] --END-- [ RunTime:0.000687s ]
NOTIC: [8] Use of undefined constant Index - assumed 'Index' F:\wamp\www\guanwang\qwadmin\App\Runtime\Cache\Home\00e52909bed743ea261af4b6823297ff.php 第 75 行.
NOTIC: [8] Use of undefined constant Felg - assumed 'Felg' F:\wamp\www\guanwang\qwadmin\App\Runtime\Cache\Home\00e52909bed743ea261af4b6823297ff.php 第 76 行.
NOTIC: [8] Use of undefined constant Rflinker - assumed 'Rflinker' F:\wamp\www\guanwang\qwadmin\App\Runtime\Cache\Home\00e52909bed743ea261af4b6823297ff.php 第 76 行.
NOTIC: [8] Use of undefined constant Vocationlist - assumed 'Vocationlist' F:\wamp\www\guanwang\qwadmin\App\Runtime\Cache\Home\00e52909bed743ea261af4b6823297ff.php 第 77 行.
NOTIC: [8] Use of undefined constant Codeinput - assumed 'Codeinput' F:\wamp\www\guanwang\qwadmin\App\Runtime\Cache\Home\00e52909bed743ea261af4b6823297ff.php 第 78 行.
NOTIC: [8] Use of undefined constant Aboutus - assumed 'Aboutus' F:\wamp\www\guanwang\qwadmin\App\Runtime\Cache\Home\00e52909bed743ea261af4b6823297ff.php 第 79 行.
NOTIC: [8] Undefined index: ftimg F:\wamp\www\guanwang\qwadmin\App\Runtime\Cache\Home\00e52909bed743ea261af4b6823297ff.php 第 194 行.
NOTIC: [8] Undefined index: ftname F:\wamp\www\guanwang\qwadmin\App\Runtime\Cache\Home\00e52909bed743ea261af4b6823297ff.php 第 197 行.
NOTIC: [8] Undefined index: fttitle F:\wamp\www\guanwang\qwadmin\App\Runtime\Cache\Home\00e52909bed743ea261af4b6823297ff.php 第 198 行.
INFO: Run Behavior\ParseTemplateBehavior [ RunTime:0.111487s ]
INFO: [ view_parse ] --END-- [ RunTime:0.112237s ]
INFO: [ view_filter ] --START--
INFO: Run Behavior\WriteHtmlCacheBehavior [ RunTime:0.000471s ]
INFO: [ view_filter ] --END-- [ RunTime:0.000665s ]
INFO: [ app_end ] --START--
INFO: Run Behavior\ShowPageTraceBehavior [ RunTime:0.001188s ]
INFO: [ app_end ] --END-- [ RunTime:0.001480s ]

