[ 2017-09-03T19:24:51+08:00 ] ::1 /zhanggw/
INFO: [ app_init ] --START--
INFO: Run Behavior\BuildLiteBehavior [ RunTime:0.000059s ]
INFO: [ app_init ] --END-- [ RunTime:0.098828s ]
INFO: [ app_begin ] --START--
INFO: Run Behavior\ReadHtmlCacheBehavior [ RunTime:0.008174s ]
INFO: Run Behavior\CheckLangBehavior [ RunTime:0.024522s ]
INFO: [ app_begin ] --END-- [ RunTime:0.033243s ]
SQL: SHOW COLUMNS FROM `qw_setting` [ RunTime:0.1951s ]
SQL: SELECT `k`,`v` FROM `qw_setting`  [ RunTime:0.0524s ]
SQL: SHOW COLUMNS FROM `qw_felgproduct` [ RunTime:0.0412s ]
SQL: SHOW COLUMNS FROM `qw_rflinkerproduct` [ RunTime:0.0060s ]
SQL: SELECT `id`,cn_ftname as name,`xl_type` FROM `qw_felgproduct` WHERE ( search = 1 ) UNION SELECT id,cn_rrname as name,xl_type FROM qw_rflinkerproduct where search=1 [ RunTime:0.0241s ]
SQL: SELECT `id`,cn_ftname as name,`xl_type` FROM `qw_felgproduct` UNION SELECT id,cn_rrname as name,xl_type FROM qw_rflinkerproduct  [ RunTime:0.0012s ]
SQL: SHOW COLUMNS FROM `qw_indexshow` [ RunTime:0.0071s ]
SQL: SELECT `id`,cn_fghzname as fghzname,cn_fghzshow as fghzshow,cn_rrhzname as rrhzname,cn_rrhzshow as rrhzshow,cn_tjhzname as tjhzname,cn_tjhzshow as tjhzshow FROM `qw_indexshow` LIMIT 1   [ RunTime:0.0042s ]
SQL: SHOW COLUMNS FROM `qw_flashview` [ RunTime:0.0054s ]
SQL: SELECT `id`,cn_flashviewpc as flashviewpc,cn_title as title,cn_fwshowpc as fwshowpc,cn_fwlink as fwlink,`fwsort` FROM `qw_flashview` ORDER BY fwsort  [ RunTime:0.0121s ]
SQL: SHOW COLUMNS FROM `qw_felghz` [ RunTime:0.0056s ]
SQL: SELECT `id`,cn_fghz as fghz,cn_fghztitle as fghztitle,cn_fghzimg as fghzimg,`fghzsort` FROM `qw_felghz` ORDER BY fghzsort LIMIT 4   [ RunTime:0.0005s ]
SQL: SHOW COLUMNS FROM `qw_rflinkerhz` [ RunTime:0.0049s ]
SQL: SELECT `id`,cn_rflinkerhz as rflinkerhz,cn_rrtitle as rrtitle,cn_rrimg as rrimg,`rrsort` FROM `qw_rflinkerhz` ORDER BY rrsort LIMIT 4   [ RunTime:0.0004s ]
SQL: SHOW COLUMNS FROM `qw_tuijian` [ RunTime:0.0048s ]
SQL: SELECT `id`,cn_felgname as felgname,cn_rrname as rrname,`type`,`tjsotr` FROM `qw_tuijian` ORDER BY tjsotr  [ RunTime:0.0005s ]
SQL: SHOW COLUMNS FROM `qw_industry` [ RunTime:0.0058s ]
SQL: SELECT `id`,cn_imgiy as imgiy,`iysort` FROM `qw_industry` ORDER BY iysort LIMIT 4   [ RunTime:0.0005s ]
INFO: [ view_parse ] --START--
INFO: [ template_filter ] --START--
INFO: Run Behavior\ContentReplaceBehavior [ RunTime:0.000904s ]
INFO: [ template_filter ] --END-- [ RunTime:0.001379s ]
NOTIC: [8] Use of undefined constant Index - assumed 'Index' E:\wamp\www\zhanggw\App\Runtime\Cache\Home\3da8682377a51f4116c98bfda6b18a92.php 第 144 行.
NOTIC: [8] Use of undefined constant Feig - assumed 'Feig' E:\wamp\www\zhanggw\App\Runtime\Cache\Home\3da8682377a51f4116c98bfda6b18a92.php 第 145 行.
NOTIC: [8] Use of undefined constant Rflinker - assumed 'Rflinker' E:\wamp\www\zhanggw\App\Runtime\Cache\Home\3da8682377a51f4116c98bfda6b18a92.php 第 145 行.
NOTIC: [8] Use of undefined constant Vocationlist - assumed 'Vocationlist' E:\wamp\www\zhanggw\App\Runtime\Cache\Home\3da8682377a51f4116c98bfda6b18a92.php 第 146 行.
NOTIC: [8] Use of undefined constant Codeinput - assumed 'Codeinput' E:\wamp\www\zhanggw\App\Runtime\Cache\Home\3da8682377a51f4116c98bfda6b18a92.php 第 147 行.
NOTIC: [8] Use of undefined constant Supportservices - assumed 'Supportservices' E:\wamp\www\zhanggw\App\Runtime\Cache\Home\3da8682377a51f4116c98bfda6b18a92.php 第 147 行.
NOTIC: [8] Use of undefined constant Aboutus - assumed 'Aboutus' E:\wamp\www\zhanggw\App\Runtime\Cache\Home\3da8682377a51f4116c98bfda6b18a92.php 第 148 行.
INFO: Run Behavior\ParseTemplateBehavior [ RunTime:0.715229s ]
INFO: [ view_parse ] --END-- [ RunTime:0.715655s ]
INFO: [ view_filter ] --START--
INFO: Run Behavior\WriteHtmlCacheBehavior [ RunTime:0.065979s ]
INFO: [ view_filter ] --END-- [ RunTime:0.066250s ]
INFO: [ app_end ] --START--
INFO: Run Behavior\ShowPageTraceBehavior [ RunTime:0.106587s ]
INFO: [ app_end ] --END-- [ RunTime:0.106902s ]

[ 2017-09-03T19:26:01+08:00 ] ::1 /zhanggw/index.php/Home/Index/Index.html
INFO: [ app_init ] --START--
INFO: Run Behavior\BuildLiteBehavior [ RunTime:0.000042s ]
INFO: [ app_init ] --END-- [ RunTime:0.000700s ]
INFO: [ app_begin ] --START--
INFO: Run Behavior\ReadHtmlCacheBehavior [ RunTime:0.001165s ]
INFO: Run Behavior\CheckLangBehavior [ RunTime:0.001907s ]
INFO: [ app_begin ] --END-- [ RunTime:0.003544s ]
SQL: SHOW COLUMNS FROM `qw_setting` [ RunTime:0.0059s ]
SQL: SELECT `k`,`v` FROM `qw_setting`  [ RunTime:0.0003s ]
SQL: SHOW COLUMNS FROM `qw_felgproduct` [ RunTime:0.0050s ]
SQL: SHOW COLUMNS FROM `qw_rflinkerproduct` [ RunTime:0.0053s ]
SQL: SELECT `id`,cn_ftname as name,`xl_type` FROM `qw_felgproduct` WHERE ( search = 1 ) UNION SELECT id,cn_rrname as name,xl_type FROM qw_rflinkerproduct where search=1 [ RunTime:0.0012s ]
SQL: SELECT `id`,cn_ftname as name,`xl_type` FROM `qw_felgproduct` UNION SELECT id,cn_rrname as name,xl_type FROM qw_rflinkerproduct  [ RunTime:0.0010s ]
SQL: SHOW COLUMNS FROM `qw_indexshow` [ RunTime:0.0068s ]
SQL: SELECT `id`,cn_fghzname as fghzname,cn_fghzshow as fghzshow,cn_rrhzname as rrhzname,cn_rrhzshow as rrhzshow,cn_tjhzname as tjhzname,cn_tjhzshow as tjhzshow FROM `qw_indexshow` LIMIT 1   [ RunTime:0.0005s ]
SQL: SHOW COLUMNS FROM `qw_flashview` [ RunTime:0.0078s ]
SQL: SELECT `id`,cn_flashviewpc as flashviewpc,cn_title as title,cn_fwshowpc as fwshowpc,cn_fwlink as fwlink,`fwsort` FROM `qw_flashview` ORDER BY fwsort  [ RunTime:0.0006s ]
SQL: SHOW COLUMNS FROM `qw_felghz` [ RunTime:0.0068s ]
SQL: SELECT `id`,cn_fghz as fghz,cn_fghztitle as fghztitle,cn_fghzimg as fghzimg,`fghzsort` FROM `qw_felghz` ORDER BY fghzsort LIMIT 4   [ RunTime:0.0004s ]
SQL: SHOW COLUMNS FROM `qw_rflinkerhz` [ RunTime:0.0071s ]
SQL: SELECT `id`,cn_rflinkerhz as rflinkerhz,cn_rrtitle as rrtitle,cn_rrimg as rrimg,`rrsort` FROM `qw_rflinkerhz` ORDER BY rrsort LIMIT 4   [ RunTime:0.0004s ]
SQL: SHOW COLUMNS FROM `qw_tuijian` [ RunTime:0.0057s ]
SQL: SELECT `id`,cn_felgname as felgname,cn_rrname as rrname,`type`,`tjsotr` FROM `qw_tuijian` ORDER BY tjsotr  [ RunTime:0.0004s ]
SQL: SHOW COLUMNS FROM `qw_industry` [ RunTime:0.0062s ]
SQL: SELECT `id`,cn_imgiy as imgiy,`iysort` FROM `qw_industry` ORDER BY iysort LIMIT 4   [ RunTime:0.0004s ]
INFO: [ view_parse ] --START--
INFO: [ template_filter ] --START--
INFO: Run Behavior\ContentReplaceBehavior [ RunTime:0.000224s ]
INFO: [ template_filter ] --END-- [ RunTime:0.000419s ]
NOTIC: [8] Use of undefined constant Index - assumed 'Index' E:\wamp\www\zhanggw\App\Runtime\Cache\Home\3da8682377a51f4116c98bfda6b18a92.php 第 144 行.
NOTIC: [8] Use of undefined constant Feig - assumed 'Feig' E:\wamp\www\zhanggw\App\Runtime\Cache\Home\3da8682377a51f4116c98bfda6b18a92.php 第 145 行.
NOTIC: [8] Use of undefined constant Rflinker - assumed 'Rflinker' E:\wamp\www\zhanggw\App\Runtime\Cache\Home\3da8682377a51f4116c98bfda6b18a92.php 第 145 行.
NOTIC: [8] Use of undefined constant Vocationlist - assumed 'Vocationlist' E:\wamp\www\zhanggw\App\Runtime\Cache\Home\3da8682377a51f4116c98bfda6b18a92.php 第 146 行.
NOTIC: [8] Use of undefined constant Codeinput - assumed 'Codeinput' E:\wamp\www\zhanggw\App\Runtime\Cache\Home\3da8682377a51f4116c98bfda6b18a92.php 第 147 行.
NOTIC: [8] Use of undefined constant Supportservices - assumed 'Supportservices' E:\wamp\www\zhanggw\App\Runtime\Cache\Home\3da8682377a51f4116c98bfda6b18a92.php 第 147 行.
NOTIC: [8] Use of undefined constant Aboutus - assumed 'Aboutus' E:\wamp\www\zhanggw\App\Runtime\Cache\Home\3da8682377a51f4116c98bfda6b18a92.php 第 148 行.
INFO: Run Behavior\ParseTemplateBehavior [ RunTime:0.055199s ]
INFO: [ view_parse ] --END-- [ RunTime:0.055390s ]
INFO: [ view_filter ] --START--
INFO: Run Behavior\WriteHtmlCacheBehavior [ RunTime:0.000613s ]
INFO: [ view_filter ] --END-- [ RunTime:0.000778s ]
INFO: [ app_end ] --START--
INFO: Run Behavior\ShowPageTraceBehavior [ RunTime:0.000825s ]
INFO: [ app_end ] --END-- [ RunTime:0.000993s ]

[ 2017-09-03T19:48:01+08:00 ] ::1 /zhanggw/index.php/Home/Index/Index.html
INFO: [ app_init ] --START--
INFO: Run Behavior\BuildLiteBehavior [ RunTime:0.000041s ]
INFO: [ app_init ] --END-- [ RunTime:0.000613s ]
INFO: [ app_begin ] --START--
INFO: Run Behavior\ReadHtmlCacheBehavior [ RunTime:0.000697s ]
INFO: Run Behavior\CheckLangBehavior [ RunTime:0.001683s ]
INFO: [ app_begin ] --END-- [ RunTime:0.002685s ]
SQL: SHOW COLUMNS FROM `qw_setting` [ RunTime:0.0045s ]
SQL: SELECT `k`,`v` FROM `qw_setting`  [ RunTime:0.0004s ]
SQL: SHOW COLUMNS FROM `qw_felgproduct` [ RunTime:0.0075s ]
SQL: SHOW COLUMNS FROM `qw_rflinkerproduct` [ RunTime:0.0058s ]
SQL: SELECT `id`,cn_ftname as name,`xl_type` FROM `qw_felgproduct` WHERE ( search = 1 ) UNION SELECT id,cn_rrname as name,xl_type FROM qw_rflinkerproduct where search=1 [ RunTime:0.0013s ]
SQL: SELECT `id`,cn_ftname as name,`xl_type` FROM `qw_felgproduct` UNION SELECT id,cn_rrname as name,xl_type FROM qw_rflinkerproduct  [ RunTime:0.0013s ]
SQL: SHOW COLUMNS FROM `qw_indexshow` [ RunTime:0.0057s ]
SQL: SELECT `id`,cn_fghzname as fghzname,cn_fghzshow as fghzshow,cn_rrhzname as rrhzname,cn_rrhzshow as rrhzshow,cn_tjhzname as tjhzname,cn_tjhzshow as tjhzshow FROM `qw_indexshow` LIMIT 1   [ RunTime:0.0004s ]
SQL: SHOW COLUMNS FROM `qw_flashview` [ RunTime:0.0062s ]
SQL: SELECT `id`,cn_flashviewpc as flashviewpc,cn_title as title,cn_fwshowpc as fwshowpc,cn_fwlink as fwlink,`fwsort` FROM `qw_flashview` ORDER BY fwsort  [ RunTime:0.0005s ]
SQL: SHOW COLUMNS FROM `qw_felghz` [ RunTime:0.0061s ]
SQL: SELECT `id`,cn_fghz as fghz,cn_fghztitle as fghztitle,cn_fghzimg as fghzimg,`fghzsort` FROM `qw_felghz` ORDER BY fghzsort LIMIT 4   [ RunTime:0.0006s ]
SQL: SHOW COLUMNS FROM `qw_rflinkerhz` [ RunTime:0.0071s ]
SQL: SELECT `id`,cn_rflinkerhz as rflinkerhz,cn_rrtitle as rrtitle,cn_rrimg as rrimg,`rrsort` FROM `qw_rflinkerhz` ORDER BY rrsort LIMIT 4   [ RunTime:0.0006s ]
SQL: SHOW COLUMNS FROM `qw_tuijian` [ RunTime:0.0055s ]
SQL: SELECT `id`,cn_felgname as felgname,cn_rrname as rrname,`type`,`tjsotr` FROM `qw_tuijian` ORDER BY tjsotr  [ RunTime:0.0004s ]
SQL: SHOW COLUMNS FROM `qw_industry` [ RunTime:0.0065s ]
SQL: SELECT `id`,cn_imgiy as imgiy,`iysort` FROM `qw_industry` ORDER BY iysort LIMIT 4   [ RunTime:0.0005s ]
INFO: [ view_parse ] --START--
INFO: [ template_filter ] --START--
INFO: Run Behavior\ContentReplaceBehavior [ RunTime:0.001056s ]
INFO: [ template_filter ] --END-- [ RunTime:0.001628s ]
NOTIC: [8] Use of undefined constant Index - assumed 'Index' E:\wamp\www\zhanggw\App\Runtime\Cache\Home\3da8682377a51f4116c98bfda6b18a92.php 第 144 行.
NOTIC: [8] Use of undefined constant Feig - assumed 'Feig' E:\wamp\www\zhanggw\App\Runtime\Cache\Home\3da8682377a51f4116c98bfda6b18a92.php 第 145 行.
NOTIC: [8] Use of undefined constant Rflinker - assumed 'Rflinker' E:\wamp\www\zhanggw\App\Runtime\Cache\Home\3da8682377a51f4116c98bfda6b18a92.php 第 145 行.
NOTIC: [8] Use of undefined constant Vocationlist - assumed 'Vocationlist' E:\wamp\www\zhanggw\App\Runtime\Cache\Home\3da8682377a51f4116c98bfda6b18a92.php 第 146 行.
NOTIC: [8] Use of undefined constant Codeinput - assumed 'Codeinput' E:\wamp\www\zhanggw\App\Runtime\Cache\Home\3da8682377a51f4116c98bfda6b18a92.php 第 147 行.
NOTIC: [8] Use of undefined constant Supportservices - assumed 'Supportservices' E:\wamp\www\zhanggw\App\Runtime\Cache\Home\3da8682377a51f4116c98bfda6b18a92.php 第 147 行.
NOTIC: [8] Use of undefined constant Aboutus - assumed 'Aboutus' E:\wamp\www\zhanggw\App\Runtime\Cache\Home\3da8682377a51f4116c98bfda6b18a92.php 第 148 行.
INFO: Run Behavior\ParseTemplateBehavior [ RunTime:0.050675s ]
INFO: [ view_parse ] --END-- [ RunTime:0.050856s ]
INFO: [ view_filter ] --START--
INFO: Run Behavior\WriteHtmlCacheBehavior [ RunTime:0.000481s ]
INFO: [ view_filter ] --END-- [ RunTime:0.000645s ]
INFO: [ app_end ] --START--
INFO: Run Behavior\ShowPageTraceBehavior [ RunTime:0.000690s ]
INFO: [ app_end ] --END-- [ RunTime:0.000898s ]

[ 2017-09-03T20:08:42+08:00 ] ::1 /zhanggw/index.php/Home/Index/Index.html
INFO: [ app_init ] --START--
INFO: Run Behavior\BuildLiteBehavior [ RunTime:0.000077s ]
INFO: [ app_init ] --END-- [ RunTime:0.000815s ]
INFO: [ app_begin ] --START--
INFO: Run Behavior\ReadHtmlCacheBehavior [ RunTime:0.001028s ]
INFO: Run Behavior\CheckLangBehavior [ RunTime:0.002637s ]
INFO: [ app_begin ] --END-- [ RunTime:0.006895s ]
SQL: SHOW COLUMNS FROM `qw_setting` [ RunTime:0.0059s ]
SQL: SELECT `k`,`v` FROM `qw_setting`  [ RunTime:0.0003s ]
SQL: SHOW COLUMNS FROM `qw_felgproduct` [ RunTime:0.0050s ]
SQL: SHOW COLUMNS FROM `qw_rflinkerproduct` [ RunTime:0.0046s ]
SQL: SELECT `id`,cn_ftname as name,`xl_type` FROM `qw_felgproduct` WHERE ( search = 1 ) UNION SELECT id,cn_rrname as name,xl_type FROM qw_rflinkerproduct where search=1 [ RunTime:0.0016s ]
SQL: SELECT `id`,cn_ftname as name,`xl_type` FROM `qw_felgproduct` UNION SELECT id,cn_rrname as name,xl_type FROM qw_rflinkerproduct  [ RunTime:0.0012s ]
SQL: SHOW COLUMNS FROM `qw_indexshow` [ RunTime:0.0061s ]
SQL: SELECT `id`,cn_fghzname as fghzname,cn_fghzshow as fghzshow,cn_rrhzname as rrhzname,cn_rrhzshow as rrhzshow,cn_tjhzname as tjhzname,cn_tjhzshow as tjhzshow FROM `qw_indexshow` LIMIT 1   [ RunTime:0.0005s ]
SQL: SHOW COLUMNS FROM `qw_flashview` [ RunTime:0.0047s ]
SQL: SELECT `id`,cn_flashviewpc as flashviewpc,cn_title as title,cn_fwshowpc as fwshowpc,cn_fwlink as fwlink,`fwsort` FROM `qw_flashview` ORDER BY fwsort  [ RunTime:0.0003s ]
SQL: SHOW COLUMNS FROM `qw_felghz` [ RunTime:0.0061s ]
SQL: SELECT `id`,cn_fghz as fghz,cn_fghztitle as fghztitle,cn_fghzimg as fghzimg,`fghzsort` FROM `qw_felghz` ORDER BY fghzsort LIMIT 4   [ RunTime:0.0006s ]
SQL: SHOW COLUMNS FROM `qw_rflinkerhz` [ RunTime:0.0053s ]
SQL: SELECT `id`,cn_rflinkerhz as rflinkerhz,cn_rrtitle as rrtitle,cn_rrimg as rrimg,`rrsort` FROM `qw_rflinkerhz` ORDER BY rrsort LIMIT 4   [ RunTime:0.0003s ]
SQL: SHOW COLUMNS FROM `qw_tuijian` [ RunTime:0.0049s ]
SQL: SELECT `id`,cn_felgname as felgname,cn_rrname as rrname,`type`,`tjsotr` FROM `qw_tuijian` ORDER BY tjsotr  [ RunTime:0.0003s ]
SQL: SHOW COLUMNS FROM `qw_industry` [ RunTime:0.0074s ]
SQL: SELECT `id`,cn_imgiy as imgiy,`iysort` FROM `qw_industry` ORDER BY iysort LIMIT 4   [ RunTime:0.0003s ]
INFO: [ view_parse ] --START--
INFO: [ template_filter ] --START--
INFO: Run Behavior\ContentReplaceBehavior [ RunTime:0.000222s ]
INFO: [ template_filter ] --END-- [ RunTime:0.000407s ]
NOTIC: [8] Use of undefined constant Index - assumed 'Index' E:\wamp\www\zhanggw\App\Runtime\Cache\Home\3da8682377a51f4116c98bfda6b18a92.php 第 144 行.
NOTIC: [8] Use of undefined constant Feig - assumed 'Feig' E:\wamp\www\zhanggw\App\Runtime\Cache\Home\3da8682377a51f4116c98bfda6b18a92.php 第 145 行.
NOTIC: [8] Use of undefined constant Rflinker - assumed 'Rflinker' E:\wamp\www\zhanggw\App\Runtime\Cache\Home\3da8682377a51f4116c98bfda6b18a92.php 第 145 行.
NOTIC: [8] Use of undefined constant Vocationlist - assumed 'Vocationlist' E:\wamp\www\zhanggw\App\Runtime\Cache\Home\3da8682377a51f4116c98bfda6b18a92.php 第 146 行.
NOTIC: [8] Use of undefined constant Codeinput - assumed 'Codeinput' E:\wamp\www\zhanggw\App\Runtime\Cache\Home\3da8682377a51f4116c98bfda6b18a92.php 第 147 行.
NOTIC: [8] Use of undefined constant Supportservices - assumed 'Supportservices' E:\wamp\www\zhanggw\App\Runtime\Cache\Home\3da8682377a51f4116c98bfda6b18a92.php 第 147 行.
NOTIC: [8] Use of undefined constant Aboutus - assumed 'Aboutus' E:\wamp\www\zhanggw\App\Runtime\Cache\Home\3da8682377a51f4116c98bfda6b18a92.php 第 148 行.
INFO: Run Behavior\ParseTemplateBehavior [ RunTime:0.052311s ]
INFO: [ view_parse ] --END-- [ RunTime:0.052501s ]
INFO: [ view_filter ] --START--
INFO: Run Behavior\WriteHtmlCacheBehavior [ RunTime:0.000724s ]
INFO: [ view_filter ] --END-- [ RunTime:0.000975s ]
INFO: [ app_end ] --START--
INFO: Run Behavior\ShowPageTraceBehavior [ RunTime:0.001094s ]
INFO: [ app_end ] --END-- [ RunTime:0.001341s ]

