[ 2017-04-30T01:32:42+08:00 ] 140.205.253.138 /
INFO: [ app_init ] --START--
INFO: Run Behavior\BuildLiteBehavior [ RunTime:0.000014s ]
INFO: [ app_init ] --END-- [ RunTime:0.000309s ]
INFO: [ app_begin ] --START--
INFO: Run Behavior\ReadHtmlCacheBehavior [ RunTime:0.000393s ]
INFO: Run Behavior\CheckLangBehavior [ RunTime:0.000659s ]
INFO: [ app_begin ] --END-- [ RunTime:0.001119s ]
SQL: SHOW COLUMNS FROM `qw_setting` [ RunTime:0.0007s ]
SQL: SELECT `k`,`v` FROM `qw_setting`  [ RunTime:0.0002s ]
SQL: SHOW COLUMNS FROM `qw_felgproduct` [ RunTime:0.0006s ]
SQL: SHOW COLUMNS FROM `qw_rflinkerproduct` [ RunTime:0.0006s ]
SQL: SELECT `id`,cn_ftname as name,`xl_type` FROM `qw_felgproduct` WHERE ( search = 1 ) UNION SELECT id,cn_rrname as name,xl_type FROM qw_rflinkerproduct where search=1 [ RunTime:0.0003s ]
SQL: SELECT `id`,cn_ftname as name,`xl_type` FROM `qw_felgproduct` UNION SELECT id,cn_rrname as name,xl_type FROM qw_rflinkerproduct  [ RunTime:0.0004s ]
SQL: SHOW COLUMNS FROM `qw_indexshow` [ RunTime:0.0005s ]
SQL: SELECT `id`,cn_fghzname as fghzname,cn_fghzshow as fghzshow,cn_rrhzname as rrhzname,cn_rrhzshow as rrhzshow,cn_tjhzname as tjhzname,cn_tjhzshow as tjhzshow FROM `qw_indexshow` LIMIT 1   [ RunTime:0.0002s ]
SQL: SHOW COLUMNS FROM `qw_flashview` [ RunTime:0.0005s ]
SQL: SELECT `id`,cn_flashviewpc as flashviewpc,cn_title as title,cn_fwshowpc as fwshowpc,cn_fwlink as fwlink,`fwsort` FROM `qw_flashview` ORDER BY fwsort  [ RunTime:0.0002s ]
SQL: SHOW COLUMNS FROM `qw_felghz` [ RunTime:0.0005s ]
SQL: SELECT `id`,cn_fghz as fghz,cn_fghztitle as fghztitle,cn_fghzimg as fghzimg,`fghzsort` FROM `qw_felghz` ORDER BY fghzsort LIMIT 4   [ RunTime:0.0002s ]
SQL: SHOW COLUMNS FROM `qw_rflinkerhz` [ RunTime:0.0005s ]
SQL: SELECT `id`,cn_rflinkerhz as rflinkerhz,cn_rrtitle as rrtitle,cn_rrimg as rrimg,`rrsort` FROM `qw_rflinkerhz` ORDER BY rrsort LIMIT 4   [ RunTime:0.0002s ]
SQL: SHOW COLUMNS FROM `qw_tuijian` [ RunTime:0.0005s ]
SQL: SELECT `id`,cn_felgname as felgname,cn_rrname as rrname,`type`,`tjsotr` FROM `qw_tuijian` ORDER BY tjsotr  [ RunTime:0.0002s ]
SQL: SHOW COLUMNS FROM `qw_industry` [ RunTime:0.0006s ]
SQL: SELECT `id`,cn_imgiy as imgiy,`iysort` FROM `qw_industry` ORDER BY iysort LIMIT 4   [ RunTime:0.0002s ]
INFO: [ view_parse ] --START--
INFO: [ template_filter ] --START--
INFO: Run Behavior\ContentReplaceBehavior [ RunTime:0.000087s ]
INFO: [ template_filter ] --END-- [ RunTime:0.000131s ]
NOTIC: [8] Use of undefined constant Index - assumed 'Index' /www/web/rflinker_com/public_html/App/Runtime/Cache/Home/00e52909bed743ea261af4b6823297ff.php 第 75 行.
NOTIC: [8] Use of undefined constant Felg - assumed 'Felg' /www/web/rflinker_com/public_html/App/Runtime/Cache/Home/00e52909bed743ea261af4b6823297ff.php 第 76 行.
NOTIC: [8] Use of undefined constant Rflinker - assumed 'Rflinker' /www/web/rflinker_com/public_html/App/Runtime/Cache/Home/00e52909bed743ea261af4b6823297ff.php 第 76 行.
NOTIC: [8] Use of undefined constant Vocationlist - assumed 'Vocationlist' /www/web/rflinker_com/public_html/App/Runtime/Cache/Home/00e52909bed743ea261af4b6823297ff.php 第 77 行.
NOTIC: [8] Use of undefined constant Codeinput - assumed 'Codeinput' /www/web/rflinker_com/public_html/App/Runtime/Cache/Home/00e52909bed743ea261af4b6823297ff.php 第 78 行.
NOTIC: [8] Use of undefined constant Aboutus - assumed 'Aboutus' /www/web/rflinker_com/public_html/App/Runtime/Cache/Home/00e52909bed743ea261af4b6823297ff.php 第 79 行.
INFO: Run Behavior\ParseTemplateBehavior [ RunTime:0.015341s ]
INFO: [ view_parse ] --END-- [ RunTime:0.015376s ]
INFO: [ view_filter ] --START--
INFO: Run Behavior\WriteHtmlCacheBehavior [ RunTime:0.000208s ]
INFO: [ view_filter ] --END-- [ RunTime:0.000241s ]
INFO: [ app_end ] --START--
INFO: Run Behavior\ShowPageTraceBehavior [ RunTime:0.000535s ]
INFO: [ app_end ] --END-- [ RunTime:0.000578s ]

[ 2017-04-30T04:10:44+08:00 ] 140.205.253.138 /
INFO: [ app_init ] --START--
INFO: Run Behavior\BuildLiteBehavior [ RunTime:0.000028s ]
INFO: [ app_init ] --END-- [ RunTime:0.000348s ]
INFO: [ app_begin ] --START--
INFO: Run Behavior\ReadHtmlCacheBehavior [ RunTime:0.000398s ]
INFO: Run Behavior\CheckLangBehavior [ RunTime:0.000735s ]
INFO: [ app_begin ] --END-- [ RunTime:0.001223s ]
SQL: SHOW COLUMNS FROM `qw_setting` [ RunTime:0.0037s ]
SQL: SELECT `k`,`v` FROM `qw_setting`  [ RunTime:0.0002s ]
SQL: SHOW COLUMNS FROM `qw_felgproduct` [ RunTime:0.0007s ]
SQL: SHOW COLUMNS FROM `qw_rflinkerproduct` [ RunTime:0.0007s ]
SQL: SELECT `id`,cn_ftname as name,`xl_type` FROM `qw_felgproduct` WHERE ( search = 1 ) UNION SELECT id,cn_rrname as name,xl_type FROM qw_rflinkerproduct where search=1 [ RunTime:0.0004s ]
SQL: SELECT `id`,cn_ftname as name,`xl_type` FROM `qw_felgproduct` UNION SELECT id,cn_rrname as name,xl_type FROM qw_rflinkerproduct  [ RunTime:0.0004s ]
SQL: SHOW COLUMNS FROM `qw_indexshow` [ RunTime:0.0005s ]
SQL: SELECT `id`,cn_fghzname as fghzname,cn_fghzshow as fghzshow,cn_rrhzname as rrhzname,cn_rrhzshow as rrhzshow,cn_tjhzname as tjhzname,cn_tjhzshow as tjhzshow FROM `qw_indexshow` LIMIT 1   [ RunTime:0.0002s ]
SQL: SHOW COLUMNS FROM `qw_flashview` [ RunTime:0.0005s ]
SQL: SELECT `id`,cn_flashviewpc as flashviewpc,cn_title as title,cn_fwshowpc as fwshowpc,cn_fwlink as fwlink,`fwsort` FROM `qw_flashview` ORDER BY fwsort  [ RunTime:0.0002s ]
SQL: SHOW COLUMNS FROM `qw_felghz` [ RunTime:0.0005s ]
SQL: SELECT `id`,cn_fghz as fghz,cn_fghztitle as fghztitle,cn_fghzimg as fghzimg,`fghzsort` FROM `qw_felghz` ORDER BY fghzsort LIMIT 4   [ RunTime:0.0003s ]
SQL: SHOW COLUMNS FROM `qw_rflinkerhz` [ RunTime:0.0005s ]
SQL: SELECT `id`,cn_rflinkerhz as rflinkerhz,cn_rrtitle as rrtitle,cn_rrimg as rrimg,`rrsort` FROM `qw_rflinkerhz` ORDER BY rrsort LIMIT 4   [ RunTime:0.0002s ]
SQL: SHOW COLUMNS FROM `qw_tuijian` [ RunTime:0.0005s ]
SQL: SELECT `id`,cn_felgname as felgname,cn_rrname as rrname,`type`,`tjsotr` FROM `qw_tuijian` ORDER BY tjsotr  [ RunTime:0.0002s ]
SQL: SHOW COLUMNS FROM `qw_industry` [ RunTime:0.0006s ]
SQL: SELECT `id`,cn_imgiy as imgiy,`iysort` FROM `qw_industry` ORDER BY iysort LIMIT 4   [ RunTime:0.0002s ]
INFO: [ view_parse ] --START--
INFO: [ template_filter ] --START--
INFO: Run Behavior\ContentReplaceBehavior [ RunTime:0.000094s ]
INFO: [ template_filter ] --END-- [ RunTime:0.000147s ]
NOTIC: [8] Use of undefined constant Index - assumed 'Index' /www/web/rflinker_com/public_html/App/Runtime/Cache/Home/00e52909bed743ea261af4b6823297ff.php 第 75 行.
NOTIC: [8] Use of undefined constant Felg - assumed 'Felg' /www/web/rflinker_com/public_html/App/Runtime/Cache/Home/00e52909bed743ea261af4b6823297ff.php 第 76 行.
NOTIC: [8] Use of undefined constant Rflinker - assumed 'Rflinker' /www/web/rflinker_com/public_html/App/Runtime/Cache/Home/00e52909bed743ea261af4b6823297ff.php 第 76 行.
NOTIC: [8] Use of undefined constant Vocationlist - assumed 'Vocationlist' /www/web/rflinker_com/public_html/App/Runtime/Cache/Home/00e52909bed743ea261af4b6823297ff.php 第 77 行.
NOTIC: [8] Use of undefined constant Codeinput - assumed 'Codeinput' /www/web/rflinker_com/public_html/App/Runtime/Cache/Home/00e52909bed743ea261af4b6823297ff.php 第 78 行.
NOTIC: [8] Use of undefined constant Aboutus - assumed 'Aboutus' /www/web/rflinker_com/public_html/App/Runtime/Cache/Home/00e52909bed743ea261af4b6823297ff.php 第 79 行.
INFO: Run Behavior\ParseTemplateBehavior [ RunTime:0.014936s ]
INFO: [ view_parse ] --END-- [ RunTime:0.014972s ]
INFO: [ view_filter ] --START--
INFO: Run Behavior\WriteHtmlCacheBehavior [ RunTime:0.000234s ]
INFO: [ view_filter ] --END-- [ RunTime:0.000274s ]
INFO: [ app_end ] --START--
INFO: Run Behavior\ShowPageTraceBehavior [ RunTime:0.000426s ]
INFO: [ app_end ] --END-- [ RunTime:0.000470s ]

[ 2017-04-30T05:00:31+08:00 ] 123.57.117.77 //
INFO: [ app_init ] --START--
INFO: Run Behavior\BuildLiteBehavior [ RunTime:0.000023s ]
INFO: [ app_init ] --END-- [ RunTime:0.000380s ]
INFO: [ app_begin ] --START--
INFO: Run Behavior\ReadHtmlCacheBehavior [ RunTime:0.000414s ]
INFO: Run Behavior\CheckLangBehavior [ RunTime:0.000670s ]
INFO: [ app_begin ] --END-- [ RunTime:0.001165s ]
SQL: SHOW COLUMNS FROM `qw_setting` [ RunTime:0.0010s ]
SQL: SELECT `k`,`v` FROM `qw_setting`  [ RunTime:0.0002s ]
SQL: SHOW COLUMNS FROM `qw_felgproduct` [ RunTime:0.0006s ]
SQL: SHOW COLUMNS FROM `qw_rflinkerproduct` [ RunTime:0.0006s ]
SQL: SELECT `id`,cn_ftname as name,`xl_type` FROM `qw_felgproduct` WHERE ( search = 1 ) UNION SELECT id,cn_rrname as name,xl_type FROM qw_rflinkerproduct where search=1 [ RunTime:0.0004s ]
SQL: SELECT `id`,cn_ftname as name,`xl_type` FROM `qw_felgproduct` UNION SELECT id,cn_rrname as name,xl_type FROM qw_rflinkerproduct  [ RunTime:0.0005s ]
SQL: SHOW COLUMNS FROM `qw_indexshow` [ RunTime:0.0005s ]
SQL: SELECT `id`,cn_fghzname as fghzname,cn_fghzshow as fghzshow,cn_rrhzname as rrhzname,cn_rrhzshow as rrhzshow,cn_tjhzname as tjhzname,cn_tjhzshow as tjhzshow FROM `qw_indexshow` LIMIT 1   [ RunTime:0.0002s ]
SQL: SHOW COLUMNS FROM `qw_flashview` [ RunTime:0.0006s ]
SQL: SELECT `id`,cn_flashviewpc as flashviewpc,cn_title as title,cn_fwshowpc as fwshowpc,cn_fwlink as fwlink,`fwsort` FROM `qw_flashview` ORDER BY fwsort  [ RunTime:0.0002s ]
SQL: SHOW COLUMNS FROM `qw_felghz` [ RunTime:0.0005s ]
SQL: SELECT `id`,cn_fghz as fghz,cn_fghztitle as fghztitle,cn_fghzimg as fghzimg,`fghzsort` FROM `qw_felghz` ORDER BY fghzsort LIMIT 4   [ RunTime:0.0002s ]
SQL: SHOW COLUMNS FROM `qw_rflinkerhz` [ RunTime:0.0005s ]
SQL: SELECT `id`,cn_rflinkerhz as rflinkerhz,cn_rrtitle as rrtitle,cn_rrimg as rrimg,`rrsort` FROM `qw_rflinkerhz` ORDER BY rrsort LIMIT 4   [ RunTime:0.0002s ]
SQL: SHOW COLUMNS FROM `qw_tuijian` [ RunTime:0.0005s ]
SQL: SELECT `id`,cn_felgname as felgname,cn_rrname as rrname,`type`,`tjsotr` FROM `qw_tuijian` ORDER BY tjsotr  [ RunTime:0.0002s ]
SQL: SHOW COLUMNS FROM `qw_industry` [ RunTime:0.0006s ]
SQL: SELECT `id`,cn_imgiy as imgiy,`iysort` FROM `qw_industry` ORDER BY iysort LIMIT 4   [ RunTime:0.0002s ]
INFO: [ view_parse ] --START--
INFO: [ template_filter ] --START--
INFO: Run Behavior\ContentReplaceBehavior [ RunTime:0.000092s ]
INFO: [ template_filter ] --END-- [ RunTime:0.000140s ]
NOTIC: [8] Use of undefined constant Index - assumed 'Index' /www/web/rflinker_com/public_html/App/Runtime/Cache/Home/00e52909bed743ea261af4b6823297ff.php 第 75 行.
NOTIC: [8] Use of undefined constant Felg - assumed 'Felg' /www/web/rflinker_com/public_html/App/Runtime/Cache/Home/00e52909bed743ea261af4b6823297ff.php 第 76 行.
NOTIC: [8] Use of undefined constant Rflinker - assumed 'Rflinker' /www/web/rflinker_com/public_html/App/Runtime/Cache/Home/00e52909bed743ea261af4b6823297ff.php 第 76 行.
NOTIC: [8] Use of undefined constant Vocationlist - assumed 'Vocationlist' /www/web/rflinker_com/public_html/App/Runtime/Cache/Home/00e52909bed743ea261af4b6823297ff.php 第 77 行.
NOTIC: [8] Use of undefined constant Codeinput - assumed 'Codeinput' /www/web/rflinker_com/public_html/App/Runtime/Cache/Home/00e52909bed743ea261af4b6823297ff.php 第 78 行.
NOTIC: [8] Use of undefined constant Aboutus - assumed 'Aboutus' /www/web/rflinker_com/public_html/App/Runtime/Cache/Home/00e52909bed743ea261af4b6823297ff.php 第 79 行.
INFO: Run Behavior\ParseTemplateBehavior [ RunTime:0.015063s ]
INFO: [ view_parse ] --END-- [ RunTime:0.015116s ]
INFO: [ view_filter ] --START--
INFO: Run Behavior\WriteHtmlCacheBehavior [ RunTime:0.000199s ]
INFO: [ view_filter ] --END-- [ RunTime:0.000258s ]
INFO: [ app_end ] --START--
INFO: Run Behavior\ShowPageTraceBehavior [ RunTime:0.000451s ]
INFO: [ app_end ] --END-- [ RunTime:0.000499s ]

[ 2017-04-30T05:00:31+08:00 ] 123.57.117.74 /
INFO: [ app_init ] --START--
INFO: Run Behavior\BuildLiteBehavior [ RunTime:0.000015s ]
INFO: [ app_init ] --END-- [ RunTime:0.000318s ]
INFO: [ app_begin ] --START--
INFO: Run Behavior\ReadHtmlCacheBehavior [ RunTime:0.000483s ]
INFO: Run Behavior\CheckLangBehavior [ RunTime:0.000651s ]
INFO: [ app_begin ] --END-- [ RunTime:0.001211s ]
SQL: SHOW COLUMNS FROM `qw_setting` [ RunTime:0.0007s ]
SQL: SELECT `k`,`v` FROM `qw_setting`  [ RunTime:0.0002s ]
SQL: SHOW COLUMNS FROM `qw_felgproduct` [ RunTime:0.0006s ]
SQL: SHOW COLUMNS FROM `qw_rflinkerproduct` [ RunTime:0.0006s ]
SQL: SELECT `id`,cn_ftname as name,`xl_type` FROM `qw_felgproduct` WHERE ( search = 1 ) UNION SELECT id,cn_rrname as name,xl_type FROM qw_rflinkerproduct where search=1 [ RunTime:0.0004s ]
SQL: SELECT `id`,cn_ftname as name,`xl_type` FROM `qw_felgproduct` UNION SELECT id,cn_rrname as name,xl_type FROM qw_rflinkerproduct  [ RunTime:0.0005s ]
SQL: SHOW COLUMNS FROM `qw_indexshow` [ RunTime:0.0005s ]
SQL: SELECT `id`,cn_fghzname as fghzname,cn_fghzshow as fghzshow,cn_rrhzname as rrhzname,cn_rrhzshow as rrhzshow,cn_tjhzname as tjhzname,cn_tjhzshow as tjhzshow FROM `qw_indexshow` LIMIT 1   [ RunTime:0.0002s ]
SQL: SHOW COLUMNS FROM `qw_flashview` [ RunTime:0.0006s ]
SQL: SELECT `id`,cn_flashviewpc as flashviewpc,cn_title as title,cn_fwshowpc as fwshowpc,cn_fwlink as fwlink,`fwsort` FROM `qw_flashview` ORDER BY fwsort  [ RunTime:0.0002s ]
SQL: SHOW COLUMNS FROM `qw_felghz` [ RunTime:0.0006s ]
SQL: SELECT `id`,cn_fghz as fghz,cn_fghztitle as fghztitle,cn_fghzimg as fghzimg,`fghzsort` FROM `qw_felghz` ORDER BY fghzsort LIMIT 4   [ RunTime:0.0002s ]
SQL: SHOW COLUMNS FROM `qw_rflinkerhz` [ RunTime:0.0005s ]
SQL: SELECT `id`,cn_rflinkerhz as rflinkerhz,cn_rrtitle as rrtitle,cn_rrimg as rrimg,`rrsort` FROM `qw_rflinkerhz` ORDER BY rrsort LIMIT 4   [ RunTime:0.0002s ]
SQL: SHOW COLUMNS FROM `qw_tuijian` [ RunTime:0.0005s ]
SQL: SELECT `id`,cn_felgname as felgname,cn_rrname as rrname,`type`,`tjsotr` FROM `qw_tuijian` ORDER BY tjsotr  [ RunTime:0.0103s ]
SQL: SHOW COLUMNS FROM `qw_industry` [ RunTime:0.0008s ]
SQL: SELECT `id`,cn_imgiy as imgiy,`iysort` FROM `qw_industry` ORDER BY iysort LIMIT 4   [ RunTime:0.0002s ]
INFO: [ view_parse ] --START--
INFO: [ template_filter ] --START--
INFO: Run Behavior\ContentReplaceBehavior [ RunTime:0.000095s ]
INFO: [ template_filter ] --END-- [ RunTime:0.000137s ]
NOTIC: [8] Use of undefined constant Index - assumed 'Index' /www/web/rflinker_com/public_html/App/Runtime/Cache/Home/00e52909bed743ea261af4b6823297ff.php 第 75 行.
NOTIC: [8] Use of undefined constant Felg - assumed 'Felg' /www/web/rflinker_com/public_html/App/Runtime/Cache/Home/00e52909bed743ea261af4b6823297ff.php 第 76 行.
NOTIC: [8] Use of undefined constant Rflinker - assumed 'Rflinker' /www/web/rflinker_com/public_html/App/Runtime/Cache/Home/00e52909bed743ea261af4b6823297ff.php 第 76 行.
NOTIC: [8] Use of undefined constant Vocationlist - assumed 'Vocationlist' /www/web/rflinker_com/public_html/App/Runtime/Cache/Home/00e52909bed743ea261af4b6823297ff.php 第 77 行.
NOTIC: [8] Use of undefined constant Codeinput - assumed 'Codeinput' /www/web/rflinker_com/public_html/App/Runtime/Cache/Home/00e52909bed743ea261af4b6823297ff.php 第 78 行.
NOTIC: [8] Use of undefined constant Aboutus - assumed 'Aboutus' /www/web/rflinker_com/public_html/App/Runtime/Cache/Home/00e52909bed743ea261af4b6823297ff.php 第 79 行.
INFO: Run Behavior\ParseTemplateBehavior [ RunTime:0.014565s ]
INFO: [ view_parse ] --END-- [ RunTime:0.014602s ]
INFO: [ view_filter ] --START--
INFO: Run Behavior\WriteHtmlCacheBehavior [ RunTime:0.000182s ]
INFO: [ view_filter ] --END-- [ RunTime:0.000231s ]
INFO: [ app_end ] --START--
INFO: Run Behavior\ShowPageTraceBehavior [ RunTime:0.000423s ]
INFO: [ app_end ] --END-- [ RunTime:0.000472s ]

[ 2017-04-30T06:17:10+08:00 ] 106.11.144.145 /
INFO: [ app_init ] --START--
INFO: Run Behavior\BuildLiteBehavior [ RunTime:0.000014s ]
INFO: [ app_init ] --END-- [ RunTime:0.000336s ]
INFO: [ app_begin ] --START--
INFO: Run Behavior\ReadHtmlCacheBehavior [ RunTime:0.000387s ]
INFO: Run Behavior\CheckLangBehavior [ RunTime:0.000732s ]
INFO: [ app_begin ] --END-- [ RunTime:0.001188s ]
SQL: SHOW COLUMNS FROM `qw_setting` [ RunTime:0.0008s ]
SQL: SELECT `k`,`v` FROM `qw_setting`  [ RunTime:0.0002s ]
SQL: SHOW COLUMNS FROM `qw_felgproduct` [ RunTime:0.0007s ]
SQL: SHOW COLUMNS FROM `qw_rflinkerproduct` [ RunTime:0.0007s ]
SQL: SELECT `id`,cn_ftname as name,`xl_type` FROM `qw_felgproduct` WHERE ( search = 1 ) UNION SELECT id,cn_rrname as name,xl_type FROM qw_rflinkerproduct where search=1 [ RunTime:0.0004s ]
SQL: SELECT `id`,cn_ftname as name,`xl_type` FROM `qw_felgproduct` UNION SELECT id,cn_rrname as name,xl_type FROM qw_rflinkerproduct  [ RunTime:0.0005s ]
SQL: SHOW COLUMNS FROM `qw_indexshow` [ RunTime:0.0006s ]
SQL: SELECT `id`,cn_fghzname as fghzname,cn_fghzshow as fghzshow,cn_rrhzname as rrhzname,cn_rrhzshow as rrhzshow,cn_tjhzname as tjhzname,cn_tjhzshow as tjhzshow FROM `qw_indexshow` LIMIT 1   [ RunTime:0.0002s ]
SQL: SHOW COLUMNS FROM `qw_flashview` [ RunTime:0.0006s ]
SQL: SELECT `id`,cn_flashviewpc as flashviewpc,cn_title as title,cn_fwshowpc as fwshowpc,cn_fwlink as fwlink,`fwsort` FROM `qw_flashview` ORDER BY fwsort  [ RunTime:0.0002s ]
SQL: SHOW COLUMNS FROM `qw_felghz` [ RunTime:0.0006s ]
SQL: SELECT `id`,cn_fghz as fghz,cn_fghztitle as fghztitle,cn_fghzimg as fghzimg,`fghzsort` FROM `qw_felghz` ORDER BY fghzsort LIMIT 4   [ RunTime:0.0002s ]
SQL: SHOW COLUMNS FROM `qw_rflinkerhz` [ RunTime:0.0006s ]
SQL: SELECT `id`,cn_rflinkerhz as rflinkerhz,cn_rrtitle as rrtitle,cn_rrimg as rrimg,`rrsort` FROM `qw_rflinkerhz` ORDER BY rrsort LIMIT 4   [ RunTime:0.0002s ]
SQL: SHOW COLUMNS FROM `qw_tuijian` [ RunTime:0.0005s ]
SQL: SELECT `id`,cn_felgname as felgname,cn_rrname as rrname,`type`,`tjsotr` FROM `qw_tuijian` ORDER BY tjsotr  [ RunTime:0.0002s ]
SQL: SHOW COLUMNS FROM `qw_industry` [ RunTime:0.0007s ]
SQL: SELECT `id`,cn_imgiy as imgiy,`iysort` FROM `qw_industry` ORDER BY iysort LIMIT 4   [ RunTime:0.0002s ]
INFO: [ view_parse ] --START--
INFO: [ template_filter ] --START--
INFO: Run Behavior\ContentReplaceBehavior [ RunTime:0.000090s ]
INFO: [ template_filter ] --END-- [ RunTime:0.000130s ]
NOTIC: [8] Use of undefined constant Index - assumed 'Index' /www/web/rflinker_com/public_html/App/Runtime/Cache/Home/00e52909bed743ea261af4b6823297ff.php 第 75 行.
NOTIC: [8] Use of undefined constant Felg - assumed 'Felg' /www/web/rflinker_com/public_html/App/Runtime/Cache/Home/00e52909bed743ea261af4b6823297ff.php 第 76 行.
NOTIC: [8] Use of undefined constant Rflinker - assumed 'Rflinker' /www/web/rflinker_com/public_html/App/Runtime/Cache/Home/00e52909bed743ea261af4b6823297ff.php 第 76 行.
NOTIC: [8] Use of undefined constant Vocationlist - assumed 'Vocationlist' /www/web/rflinker_com/public_html/App/Runtime/Cache/Home/00e52909bed743ea261af4b6823297ff.php 第 77 行.
NOTIC: [8] Use of undefined constant Codeinput - assumed 'Codeinput' /www/web/rflinker_com/public_html/App/Runtime/Cache/Home/00e52909bed743ea261af4b6823297ff.php 第 78 行.
NOTIC: [8] Use of undefined constant Aboutus - assumed 'Aboutus' /www/web/rflinker_com/public_html/App/Runtime/Cache/Home/00e52909bed743ea261af4b6823297ff.php 第 79 行.
INFO: Run Behavior\ParseTemplateBehavior [ RunTime:0.014498s ]
INFO: [ view_parse ] --END-- [ RunTime:0.014536s ]
INFO: [ view_filter ] --START--
INFO: Run Behavior\WriteHtmlCacheBehavior [ RunTime:0.000230s ]
INFO: [ view_filter ] --END-- [ RunTime:0.000263s ]
INFO: [ app_end ] --START--
INFO: Run Behavior\ShowPageTraceBehavior [ RunTime:0.000438s ]
INFO: [ app_end ] --END-- [ RunTime:0.000483s ]

[ 2017-04-30T06:17:10+08:00 ] 140.205.253.138 /
INFO: [ app_init ] --START--
INFO: Run Behavior\BuildLiteBehavior [ RunTime:0.000014s ]
INFO: [ app_init ] --END-- [ RunTime:0.000364s ]
INFO: [ app_begin ] --START--
INFO: Run Behavior\ReadHtmlCacheBehavior [ RunTime:0.000423s ]
INFO: Run Behavior\CheckLangBehavior [ RunTime:0.000718s ]
INFO: [ app_begin ] --END-- [ RunTime:0.001209s ]
SQL: SHOW COLUMNS FROM `qw_setting` [ RunTime:0.0008s ]
SQL: SELECT `k`,`v` FROM `qw_setting`  [ RunTime:0.0002s ]
SQL: SHOW COLUMNS FROM `qw_felgproduct` [ RunTime:0.0006s ]
SQL: SHOW COLUMNS FROM `qw_rflinkerproduct` [ RunTime:0.0006s ]
SQL: SELECT `id`,cn_ftname as name,`xl_type` FROM `qw_felgproduct` WHERE ( search = 1 ) UNION SELECT id,cn_rrname as name,xl_type FROM qw_rflinkerproduct where search=1 [ RunTime:0.0004s ]
SQL: SELECT `id`,cn_ftname as name,`xl_type` FROM `qw_felgproduct` UNION SELECT id,cn_rrname as name,xl_type FROM qw_rflinkerproduct  [ RunTime:0.0004s ]
SQL: SHOW COLUMNS FROM `qw_indexshow` [ RunTime:0.0006s ]
SQL: SELECT `id`,cn_fghzname as fghzname,cn_fghzshow as fghzshow,cn_rrhzname as rrhzname,cn_rrhzshow as rrhzshow,cn_tjhzname as tjhzname,cn_tjhzshow as tjhzshow FROM `qw_indexshow` LIMIT 1   [ RunTime:0.0002s ]
SQL: SHOW COLUMNS FROM `qw_flashview` [ RunTime:0.0006s ]
SQL: SELECT `id`,cn_flashviewpc as flashviewpc,cn_title as title,cn_fwshowpc as fwshowpc,cn_fwlink as fwlink,`fwsort` FROM `qw_flashview` ORDER BY fwsort  [ RunTime:0.0002s ]
SQL: SHOW COLUMNS FROM `qw_felghz` [ RunTime:0.0005s ]
SQL: SELECT `id`,cn_fghz as fghz,cn_fghztitle as fghztitle,cn_fghzimg as fghzimg,`fghzsort` FROM `qw_felghz` ORDER BY fghzsort LIMIT 4   [ RunTime:0.0002s ]
SQL: SHOW COLUMNS FROM `qw_rflinkerhz` [ RunTime:0.0006s ]
SQL: SELECT `id`,cn_rflinkerhz as rflinkerhz,cn_rrtitle as rrtitle,cn_rrimg as rrimg,`rrsort` FROM `qw_rflinkerhz` ORDER BY rrsort LIMIT 4   [ RunTime:0.0002s ]
SQL: SHOW COLUMNS FROM `qw_tuijian` [ RunTime:0.0006s ]
SQL: SELECT `id`,cn_felgname as felgname,cn_rrname as rrname,`type`,`tjsotr` FROM `qw_tuijian` ORDER BY tjsotr  [ RunTime:0.0002s ]
SQL: SHOW COLUMNS FROM `qw_industry` [ RunTime:0.0007s ]
SQL: SELECT `id`,cn_imgiy as imgiy,`iysort` FROM `qw_industry` ORDER BY iysort LIMIT 4   [ RunTime:0.0002s ]
INFO: [ view_parse ] --START--
INFO: [ template_filter ] --START--
INFO: Run Behavior\ContentReplaceBehavior [ RunTime:0.000100s ]
INFO: [ template_filter ] --END-- [ RunTime:0.000176s ]
NOTIC: [8] Use of undefined constant Index - assumed 'Index' /www/web/rflinker_com/public_html/App/Runtime/Cache/Home/00e52909bed743ea261af4b6823297ff.php 第 75 行.
NOTIC: [8] Use of undefined constant Felg - assumed 'Felg' /www/web/rflinker_com/public_html/App/Runtime/Cache/Home/00e52909bed743ea261af4b6823297ff.php 第 76 行.
NOTIC: [8] Use of undefined constant Rflinker - assumed 'Rflinker' /www/web/rflinker_com/public_html/App/Runtime/Cache/Home/00e52909bed743ea261af4b6823297ff.php 第 76 行.
NOTIC: [8] Use of undefined constant Vocationlist - assumed 'Vocationlist' /www/web/rflinker_com/public_html/App/Runtime/Cache/Home/00e52909bed743ea261af4b6823297ff.php 第 77 行.
NOTIC: [8] Use of undefined constant Codeinput - assumed 'Codeinput' /www/web/rflinker_com/public_html/App/Runtime/Cache/Home/00e52909bed743ea261af4b6823297ff.php 第 78 行.
NOTIC: [8] Use of undefined constant Aboutus - assumed 'Aboutus' /www/web/rflinker_com/public_html/App/Runtime/Cache/Home/00e52909bed743ea261af4b6823297ff.php 第 79 行.
INFO: Run Behavior\ParseTemplateBehavior [ RunTime:0.015087s ]
INFO: [ view_parse ] --END-- [ RunTime:0.015123s ]
INFO: [ view_filter ] --START--
INFO: Run Behavior\WriteHtmlCacheBehavior [ RunTime:0.000206s ]
INFO: [ view_filter ] --END-- [ RunTime:0.000244s ]
INFO: [ app_end ] --START--
INFO: Run Behavior\ShowPageTraceBehavior [ RunTime:0.000489s ]
INFO: [ app_end ] --END-- [ RunTime:0.000531s ]

[ 2017-04-30T07:07:40+08:00 ] 106.11.144.145 /
INFO: [ app_init ] --START--
INFO: Run Behavior\BuildLiteBehavior [ RunTime:0.000019s ]
INFO: [ app_init ] --END-- [ RunTime:0.000420s ]
INFO: [ app_begin ] --START--
INFO: Run Behavior\ReadHtmlCacheBehavior [ RunTime:0.000682s ]
INFO: Run Behavior\CheckLangBehavior [ RunTime:0.000883s ]
INFO: [ app_begin ] --END-- [ RunTime:0.001673s ]
SQL: SHOW COLUMNS FROM `qw_setting` [ RunTime:0.0008s ]
SQL: SELECT `k`,`v` FROM `qw_setting`  [ RunTime:0.0002s ]
SQL: SHOW COLUMNS FROM `qw_felgproduct` [ RunTime:0.0006s ]
SQL: SHOW COLUMNS FROM `qw_rflinkerproduct` [ RunTime:0.0006s ]
SQL: SELECT `id`,en_ftname as name,`xl_type` FROM `qw_felgproduct` WHERE ( search = 1 ) UNION SELECT id,en_rrname as name,xl_type FROM qw_rflinkerproduct where search=1 [ RunTime:0.0004s ]
SQL: SELECT `id`,en_ftname as name,`xl_type` FROM `qw_felgproduct` UNION SELECT id,en_rrname as name,xl_type FROM qw_rflinkerproduct  [ RunTime:0.0005s ]
SQL: SHOW COLUMNS FROM `qw_indexshow` [ RunTime:0.0006s ]
SQL: SELECT `id`,en_fghzname as fghzname,en_fghzshow as fghzshow,en_rrhzname as rrhzname,en_rrhzshow as rrhzshow,en_tjhzname as tjhzname,en_tjhzshow as tjhzshow FROM `qw_indexshow` LIMIT 1   [ RunTime:0.0031s ]
SQL: SHOW COLUMNS FROM `qw_flashview` [ RunTime:0.0007s ]
SQL: SELECT `id`,en_flashviewpc as flashviewpc,en_title as title,en_fwshowpc as fwshowpc,en_fwlink as fwlink,`fwsort` FROM `qw_flashview` ORDER BY fwsort  [ RunTime:0.0002s ]
SQL: SHOW COLUMNS FROM `qw_felghz` [ RunTime:0.0006s ]
SQL: SELECT `id`,en_fghz as fghz,en_fghztitle as fghztitle,en_fghzimg as fghzimg,`fghzsort` FROM `qw_felghz` ORDER BY fghzsort LIMIT 4   [ RunTime:0.0002s ]
SQL: SHOW COLUMNS FROM `qw_rflinkerhz` [ RunTime:0.0006s ]
SQL: SELECT `id`,en_rflinkerhz as rflinkerhz,en_rrtitle as rrtitle,en_rrimg as rrimg,`rrsort` FROM `qw_rflinkerhz` ORDER BY rrsort LIMIT 4   [ RunTime:0.0002s ]
SQL: SHOW COLUMNS FROM `qw_tuijian` [ RunTime:0.0006s ]
SQL: SELECT `id`,en_felgname as felgname,en_rrname as rrname,`type`,`tjsotr` FROM `qw_tuijian` ORDER BY tjsotr  [ RunTime:0.0003s ]
SQL: SHOW COLUMNS FROM `qw_industry` [ RunTime:0.0007s ]
SQL: SELECT `id`,en_imgiy as imgiy,`iysort` FROM `qw_industry` ORDER BY iysort LIMIT 4   [ RunTime:0.0002s ]
INFO: [ view_parse ] --START--
INFO: [ template_filter ] --START--
INFO: Run Behavior\ContentReplaceBehavior [ RunTime:0.000088s ]
INFO: [ template_filter ] --END-- [ RunTime:0.000129s ]
NOTIC: [8] Use of undefined constant Index - assumed 'Index' /www/web/rflinker_com/public_html/App/Runtime/Cache/Home/00e52909bed743ea261af4b6823297ff.php 第 75 行.
NOTIC: [8] Use of undefined constant Felg - assumed 'Felg' /www/web/rflinker_com/public_html/App/Runtime/Cache/Home/00e52909bed743ea261af4b6823297ff.php 第 76 行.
NOTIC: [8] Use of undefined constant Rflinker - assumed 'Rflinker' /www/web/rflinker_com/public_html/App/Runtime/Cache/Home/00e52909bed743ea261af4b6823297ff.php 第 76 行.
NOTIC: [8] Use of undefined constant Vocationlist - assumed 'Vocationlist' /www/web/rflinker_com/public_html/App/Runtime/Cache/Home/00e52909bed743ea261af4b6823297ff.php 第 77 行.
NOTIC: [8] Use of undefined constant Codeinput - assumed 'Codeinput' /www/web/rflinker_com/public_html/App/Runtime/Cache/Home/00e52909bed743ea261af4b6823297ff.php 第 78 行.
NOTIC: [8] Use of undefined constant Aboutus - assumed 'Aboutus' /www/web/rflinker_com/public_html/App/Runtime/Cache/Home/00e52909bed743ea261af4b6823297ff.php 第 79 行.
NOTIC: [8] Undefined index: ftimg /www/web/rflinker_com/public_html/App/Runtime/Cache/Home/00e52909bed743ea261af4b6823297ff.php 第 194 行.
NOTIC: [8] Undefined index: ftname /www/web/rflinker_com/public_html/App/Runtime/Cache/Home/00e52909bed743ea261af4b6823297ff.php 第 197 行.
NOTIC: [8] Undefined index: fttitle /www/web/rflinker_com/public_html/App/Runtime/Cache/Home/00e52909bed743ea261af4b6823297ff.php 第 198 行.
INFO: Run Behavior\ParseTemplateBehavior [ RunTime:0.015516s ]
INFO: [ view_parse ] --END-- [ RunTime:0.015567s ]
INFO: [ view_filter ] --START--
INFO: Run Behavior\WriteHtmlCacheBehavior [ RunTime:0.000211s ]
INFO: [ view_filter ] --END-- [ RunTime:0.000246s ]
INFO: [ app_end ] --START--
INFO: Run Behavior\ShowPageTraceBehavior [ RunTime:0.000420s ]
INFO: [ app_end ] --END-- [ RunTime:0.000469s ]

[ 2017-04-30T08:10:38+08:00 ] 106.11.144.145 /
INFO: [ app_init ] --START--
INFO: Run Behavior\BuildLiteBehavior [ RunTime:0.000014s ]
INFO: [ app_init ] --END-- [ RunTime:0.000316s ]
INFO: [ app_begin ] --START--
INFO: Run Behavior\ReadHtmlCacheBehavior [ RunTime:0.000388s ]
INFO: Run Behavior\CheckLangBehavior [ RunTime:0.000694s ]
INFO: [ app_begin ] --END-- [ RunTime:0.001153s ]
SQL: SHOW COLUMNS FROM `qw_setting` [ RunTime:0.0008s ]
SQL: SELECT `k`,`v` FROM `qw_setting`  [ RunTime:0.0002s ]
SQL: SHOW COLUMNS FROM `qw_felgproduct` [ RunTime:0.0006s ]
SQL: SHOW COLUMNS FROM `qw_rflinkerproduct` [ RunTime:0.0006s ]
SQL: SELECT `id`,cn_ftname as name,`xl_type` FROM `qw_felgproduct` WHERE ( search = 1 ) UNION SELECT id,cn_rrname as name,xl_type FROM qw_rflinkerproduct where search=1 [ RunTime:0.0004s ]
SQL: SELECT `id`,cn_ftname as name,`xl_type` FROM `qw_felgproduct` UNION SELECT id,cn_rrname as name,xl_type FROM qw_rflinkerproduct  [ RunTime:0.0005s ]
SQL: SHOW COLUMNS FROM `qw_indexshow` [ RunTime:0.0007s ]
SQL: SELECT `id`,cn_fghzname as fghzname,cn_fghzshow as fghzshow,cn_rrhzname as rrhzname,cn_rrhzshow as rrhzshow,cn_tjhzname as tjhzname,cn_tjhzshow as tjhzshow FROM `qw_indexshow` LIMIT 1   [ RunTime:0.0002s ]
SQL: SHOW COLUMNS FROM `qw_flashview` [ RunTime:0.0006s ]
SQL: SELECT `id`,cn_flashviewpc as flashviewpc,cn_title as title,cn_fwshowpc as fwshowpc,cn_fwlink as fwlink,`fwsort` FROM `qw_flashview` ORDER BY fwsort  [ RunTime:0.0002s ]
SQL: SHOW COLUMNS FROM `qw_felghz` [ RunTime:0.0005s ]
SQL: SELECT `id`,cn_fghz as fghz,cn_fghztitle as fghztitle,cn_fghzimg as fghzimg,`fghzsort` FROM `qw_felghz` ORDER BY fghzsort LIMIT 4   [ RunTime:0.0002s ]
SQL: SHOW COLUMNS FROM `qw_rflinkerhz` [ RunTime:0.0005s ]
SQL: SELECT `id`,cn_rflinkerhz as rflinkerhz,cn_rrtitle as rrtitle,cn_rrimg as rrimg,`rrsort` FROM `qw_rflinkerhz` ORDER BY rrsort LIMIT 4   [ RunTime:0.0002s ]
SQL: SHOW COLUMNS FROM `qw_tuijian` [ RunTime:0.0006s ]
SQL: SELECT `id`,cn_felgname as felgname,cn_rrname as rrname,`type`,`tjsotr` FROM `qw_tuijian` ORDER BY tjsotr  [ RunTime:0.0002s ]
SQL: SHOW COLUMNS FROM `qw_industry` [ RunTime:0.0007s ]
SQL: SELECT `id`,cn_imgiy as imgiy,`iysort` FROM `qw_industry` ORDER BY iysort LIMIT 4   [ RunTime:0.0002s ]
INFO: [ view_parse ] --START--
INFO: [ template_filter ] --START--
INFO: Run Behavior\ContentReplaceBehavior [ RunTime:0.000084s ]
INFO: [ template_filter ] --END-- [ RunTime:0.000126s ]
NOTIC: [8] Use of undefined constant Index - assumed 'Index' /www/web/rflinker_com/public_html/App/Runtime/Cache/Home/00e52909bed743ea261af4b6823297ff.php 第 75 行.
NOTIC: [8] Use of undefined constant Felg - assumed 'Felg' /www/web/rflinker_com/public_html/App/Runtime/Cache/Home/00e52909bed743ea261af4b6823297ff.php 第 76 行.
NOTIC: [8] Use of undefined constant Rflinker - assumed 'Rflinker' /www/web/rflinker_com/public_html/App/Runtime/Cache/Home/00e52909bed743ea261af4b6823297ff.php 第 76 行.
NOTIC: [8] Use of undefined constant Vocationlist - assumed 'Vocationlist' /www/web/rflinker_com/public_html/App/Runtime/Cache/Home/00e52909bed743ea261af4b6823297ff.php 第 77 行.
NOTIC: [8] Use of undefined constant Codeinput - assumed 'Codeinput' /www/web/rflinker_com/public_html/App/Runtime/Cache/Home/00e52909bed743ea261af4b6823297ff.php 第 78 行.
NOTIC: [8] Use of undefined constant Aboutus - assumed 'Aboutus' /www/web/rflinker_com/public_html/App/Runtime/Cache/Home/00e52909bed743ea261af4b6823297ff.php 第 79 行.
INFO: Run Behavior\ParseTemplateBehavior [ RunTime:0.014677s ]
INFO: [ view_parse ] --END-- [ RunTime:0.014723s ]
INFO: [ view_filter ] --START--
INFO: Run Behavior\WriteHtmlCacheBehavior [ RunTime:0.000257s ]
INFO: [ view_filter ] --END-- [ RunTime:0.000307s ]
INFO: [ app_end ] --START--
INFO: Run Behavior\ShowPageTraceBehavior [ RunTime:0.000415s ]
INFO: [ app_end ] --END-- [ RunTime:0.000460s ]

[ 2017-04-30T08:52:49+08:00 ] 140.205.253.138 /
INFO: [ app_init ] --START--
INFO: Run Behavior\BuildLiteBehavior [ RunTime:0.000014s ]
INFO: [ app_init ] --END-- [ RunTime:0.000308s ]
INFO: [ app_begin ] --START--
INFO: Run Behavior\ReadHtmlCacheBehavior [ RunTime:0.000404s ]
INFO: Run Behavior\CheckLangBehavior [ RunTime:0.006983s ]
INFO: [ app_begin ] --END-- [ RunTime:0.007476s ]
SQL: SHOW COLUMNS FROM `qw_setting` [ RunTime:0.0007s ]
SQL: SELECT `k`,`v` FROM `qw_setting`  [ RunTime:0.0002s ]
SQL: SHOW COLUMNS FROM `qw_felgproduct` [ RunTime:0.0006s ]
SQL: SHOW COLUMNS FROM `qw_rflinkerproduct` [ RunTime:0.0006s ]
SQL: SELECT `id`,en_ftname as name,`xl_type` FROM `qw_felgproduct` WHERE ( search = 1 ) UNION SELECT id,en_rrname as name,xl_type FROM qw_rflinkerproduct where search=1 [ RunTime:0.0004s ]
SQL: SELECT `id`,en_ftname as name,`xl_type` FROM `qw_felgproduct` UNION SELECT id,en_rrname as name,xl_type FROM qw_rflinkerproduct  [ RunTime:0.0006s ]
SQL: SHOW COLUMNS FROM `qw_indexshow` [ RunTime:0.0006s ]
SQL: SELECT `id`,en_fghzname as fghzname,en_fghzshow as fghzshow,en_rrhzname as rrhzname,en_rrhzshow as rrhzshow,en_tjhzname as tjhzname,en_tjhzshow as tjhzshow FROM `qw_indexshow` LIMIT 1   [ RunTime:0.0002s ]
SQL: SHOW COLUMNS FROM `qw_flashview` [ RunTime:0.0006s ]
SQL: SELECT `id`,en_flashviewpc as flashviewpc,en_title as title,en_fwshowpc as fwshowpc,en_fwlink as fwlink,`fwsort` FROM `qw_flashview` ORDER BY fwsort  [ RunTime:0.0002s ]
SQL: SHOW COLUMNS FROM `qw_felghz` [ RunTime:0.0006s ]
SQL: SELECT `id`,en_fghz as fghz,en_fghztitle as fghztitle,en_fghzimg as fghzimg,`fghzsort` FROM `qw_felghz` ORDER BY fghzsort LIMIT 4   [ RunTime:0.0002s ]
SQL: SHOW COLUMNS FROM `qw_rflinkerhz` [ RunTime:0.0006s ]
SQL: SELECT `id`,en_rflinkerhz as rflinkerhz,en_rrtitle as rrtitle,en_rrimg as rrimg,`rrsort` FROM `qw_rflinkerhz` ORDER BY rrsort LIMIT 4   [ RunTime:0.0002s ]
SQL: SHOW COLUMNS FROM `qw_tuijian` [ RunTime:0.0006s ]
SQL: SELECT `id`,en_felgname as felgname,en_rrname as rrname,`type`,`tjsotr` FROM `qw_tuijian` ORDER BY tjsotr  [ RunTime:0.0002s ]
SQL: SHOW COLUMNS FROM `qw_industry` [ RunTime:0.0007s ]
SQL: SELECT `id`,en_imgiy as imgiy,`iysort` FROM `qw_industry` ORDER BY iysort LIMIT 4   [ RunTime:0.0002s ]
INFO: [ view_parse ] --START--
INFO: [ template_filter ] --START--
INFO: Run Behavior\ContentReplaceBehavior [ RunTime:0.000083s ]
INFO: [ template_filter ] --END-- [ RunTime:0.000124s ]
NOTIC: [8] Use of undefined constant Index - assumed 'Index' /www/web/rflinker_com/public_html/App/Runtime/Cache/Home/00e52909bed743ea261af4b6823297ff.php 第 75 行.
NOTIC: [8] Use of undefined constant Felg - assumed 'Felg' /www/web/rflinker_com/public_html/App/Runtime/Cache/Home/00e52909bed743ea261af4b6823297ff.php 第 76 行.
NOTIC: [8] Use of undefined constant Rflinker - assumed 'Rflinker' /www/web/rflinker_com/public_html/App/Runtime/Cache/Home/00e52909bed743ea261af4b6823297ff.php 第 76 行.
NOTIC: [8] Use of undefined constant Vocationlist - assumed 'Vocationlist' /www/web/rflinker_com/public_html/App/Runtime/Cache/Home/00e52909bed743ea261af4b6823297ff.php 第 77 行.
NOTIC: [8] Use of undefined constant Codeinput - assumed 'Codeinput' /www/web/rflinker_com/public_html/App/Runtime/Cache/Home/00e52909bed743ea261af4b6823297ff.php 第 78 行.
NOTIC: [8] Use of undefined constant Aboutus - assumed 'Aboutus' /www/web/rflinker_com/public_html/App/Runtime/Cache/Home/00e52909bed743ea261af4b6823297ff.php 第 79 行.
NOTIC: [8] Undefined index: ftimg /www/web/rflinker_com/public_html/App/Runtime/Cache/Home/00e52909bed743ea261af4b6823297ff.php 第 194 行.
NOTIC: [8] Undefined index: ftname /www/web/rflinker_com/public_html/App/Runtime/Cache/Home/00e52909bed743ea261af4b6823297ff.php 第 197 行.
NOTIC: [8] Undefined index: fttitle /www/web/rflinker_com/public_html/App/Runtime/Cache/Home/00e52909bed743ea261af4b6823297ff.php 第 198 行.
INFO: Run Behavior\ParseTemplateBehavior [ RunTime:0.014873s ]
INFO: [ view_parse ] --END-- [ RunTime:0.014922s ]
INFO: [ view_filter ] --START--
INFO: Run Behavior\WriteHtmlCacheBehavior [ RunTime:0.000183s ]
INFO: [ view_filter ] --END-- [ RunTime:0.000215s ]
INFO: [ app_end ] --START--
INFO: Run Behavior\ShowPageTraceBehavior [ RunTime:0.000411s ]
INFO: [ app_end ] --END-- [ RunTime:0.000455s ]

[ 2017-04-30T09:30:50+08:00 ] 140.205.253.147 //
INFO: [ app_init ] --START--
INFO: Run Behavior\BuildLiteBehavior [ RunTime:0.000014s ]
INFO: [ app_init ] --END-- [ RunTime:0.000330s ]
INFO: [ app_begin ] --START--
INFO: Run Behavior\ReadHtmlCacheBehavior [ RunTime:0.000435s ]
INFO: Run Behavior\CheckLangBehavior [ RunTime:0.000618s ]
INFO: [ app_begin ] --END-- [ RunTime:0.001148s ]
SQL: SHOW COLUMNS FROM `qw_setting` [ RunTime:0.0008s ]
SQL: SELECT `k`,`v` FROM `qw_setting`  [ RunTime:0.0002s ]
SQL: SHOW COLUMNS FROM `qw_felgproduct` [ RunTime:0.0007s ]
SQL: SHOW COLUMNS FROM `qw_rflinkerproduct` [ RunTime:0.0006s ]
ERR: SQLSTATE[42S22]: Column not found: 1054 Unknown column 'LANGUAGEftname' in 'field list'

[ 2017-04-30T12:55:13+08:00 ] 140.205.253.137 /index.php/Home/Productdetails/index/lang/en-us.html
INFO: [ app_init ] --START--
INFO: Run Behavior\BuildLiteBehavior [ RunTime:0.000016s ]
INFO: [ app_init ] --END-- [ RunTime:0.000314s ]
INFO: [ app_begin ] --START--
INFO: Run Behavior\ReadHtmlCacheBehavior [ RunTime:0.000377s ]
INFO: Run Behavior\CheckLangBehavior [ RunTime:0.000877s ]
INFO: [ app_begin ] --END-- [ RunTime:0.001324s ]
SQL: SHOW COLUMNS FROM `qw_setting` [ RunTime:0.0008s ]
SQL: SELECT `k`,`v` FROM `qw_setting`  [ RunTime:0.0002s ]
SQL: SHOW COLUMNS FROM `qw_felgproduct` [ RunTime:0.0006s ]
SQL: SHOW COLUMNS FROM `qw_rflinkerproduct` [ RunTime:0.0006s ]
SQL: SELECT `id`,en_ftname as name,`xl_type` FROM `qw_felgproduct` WHERE ( search = 1 ) UNION SELECT id,en_rrname as name,xl_type FROM qw_rflinkerproduct where search=1 [ RunTime:0.0004s ]
SQL: SELECT `id`,en_ftname as name,`xl_type` FROM `qw_felgproduct` UNION SELECT id,en_rrname as name,xl_type FROM qw_rflinkerproduct  [ RunTime:0.0006s ]
NOTIC: [8] Undefined index: id /www/web/rflinker_com/public_html/App/Home/Controller/ProductdetailsController.class.php 第 17 行.
INFO: [ view_parse ] --START--
INFO: [ template_filter ] --START--
INFO: Run Behavior\ContentReplaceBehavior [ RunTime:0.000066s ]
INFO: [ template_filter ] --END-- [ RunTime:0.000123s ]
NOTIC: [8] Use of undefined constant Index - assumed 'Index' /www/web/rflinker_com/public_html/App/Runtime/Cache/Home/4722ce9f6893de4df1acc80e009cbd5a.php 第 103 行.
NOTIC: [8] Use of undefined constant Felg - assumed 'Felg' /www/web/rflinker_com/public_html/App/Runtime/Cache/Home/4722ce9f6893de4df1acc80e009cbd5a.php 第 104 行.
NOTIC: [8] Use of undefined constant Rflinker - assumed 'Rflinker' /www/web/rflinker_com/public_html/App/Runtime/Cache/Home/4722ce9f6893de4df1acc80e009cbd5a.php 第 104 行.
NOTIC: [8] Use of undefined constant Vocationlist - assumed 'Vocationlist' /www/web/rflinker_com/public_html/App/Runtime/Cache/Home/4722ce9f6893de4df1acc80e009cbd5a.php 第 105 行.
NOTIC: [8] Use of undefined constant Codeinput - assumed 'Codeinput' /www/web/rflinker_com/public_html/App/Runtime/Cache/Home/4722ce9f6893de4df1acc80e009cbd5a.php 第 106 行.
NOTIC: [8] Use of undefined constant Aboutus - assumed 'Aboutus' /www/web/rflinker_com/public_html/App/Runtime/Cache/Home/4722ce9f6893de4df1acc80e009cbd5a.php 第 107 行.
NOTIC: [8] Undefined variable: felgxiangqing /www/web/rflinker_com/public_html/App/Runtime/Cache/Home/4722ce9f6893de4df1acc80e009cbd5a.php 第 129 行.
NOTIC: [8] Undefined variable: felgxiangqing /www/web/rflinker_com/public_html/App/Runtime/Cache/Home/4722ce9f6893de4df1acc80e009cbd5a.php 第 134 行.
NOTIC: [8] Undefined variable: felgxiangqing /www/web/rflinker_com/public_html/App/Runtime/Cache/Home/4722ce9f6893de4df1acc80e009cbd5a.php 第 135 行.
NOTIC: [8] Undefined variable: felgxiangqing /www/web/rflinker_com/public_html/App/Runtime/Cache/Home/4722ce9f6893de4df1acc80e009cbd5a.php 第 139 行.
NOTIC: [8] Undefined variable: felgptdowns /www/web/rflinker_com/public_html/App/Runtime/Cache/Home/4722ce9f6893de4df1acc80e009cbd5a.php 第 147 行.
NOTIC: [8] Undefined variable: felgxiangqing /www/web/rflinker_com/public_html/App/Runtime/Cache/Home/4722ce9f6893de4df1acc80e009cbd5a.php 第 155 行.
NOTIC: [8] Undefined variable: mfelg /www/web/rflinker_com/public_html/App/Runtime/Cache/Home/4722ce9f6893de4df1acc80e009cbd5a.php 第 168 行.
INFO: Run Behavior\ParseTemplateBehavior [ RunTime:0.010408s ]
INFO: [ view_parse ] --END-- [ RunTime:0.010443s ]
INFO: [ view_filter ] --START--
INFO: Run Behavior\WriteHtmlCacheBehavior [ RunTime:0.000207s ]
INFO: [ view_filter ] --END-- [ RunTime:0.000240s ]
INFO: [ app_end ] --START--
INFO: Run Behavior\ShowPageTraceBehavior [ RunTime:0.000448s ]
INFO: [ app_end ] --END-- [ RunTime:0.000494s ]

[ 2017-04-30T20:59:45+08:00 ] 140.205.253.138 /
INFO: [ app_init ] --START--
INFO: Run Behavior\BuildLiteBehavior [ RunTime:0.000013s ]
INFO: [ app_init ] --END-- [ RunTime:0.000299s ]
INFO: [ app_begin ] --START--
INFO: Run Behavior\ReadHtmlCacheBehavior [ RunTime:0.000394s ]
INFO: Run Behavior\CheckLangBehavior [ RunTime:0.000686s ]
INFO: [ app_begin ] --END-- [ RunTime:0.001160s ]
SQL: SHOW COLUMNS FROM `qw_setting` [ RunTime:0.0008s ]
SQL: SELECT `k`,`v` FROM `qw_setting`  [ RunTime:0.0002s ]
SQL: SHOW COLUMNS FROM `qw_felgproduct` [ RunTime:0.0006s ]
SQL: SHOW COLUMNS FROM `qw_rflinkerproduct` [ RunTime:0.0007s ]
SQL: SELECT `id`,cn_ftname as name,`xl_type` FROM `qw_felgproduct` WHERE ( search = 1 ) UNION SELECT id,cn_rrname as name,xl_type FROM qw_rflinkerproduct where search=1 [ RunTime:0.0004s ]
SQL: SELECT `id`,cn_ftname as name,`xl_type` FROM `qw_felgproduct` UNION SELECT id,cn_rrname as name,xl_type FROM qw_rflinkerproduct  [ RunTime:0.0005s ]
SQL: SHOW COLUMNS FROM `qw_indexshow` [ RunTime:0.0006s ]
SQL: SELECT `id`,cn_fghzname as fghzname,cn_fghzshow as fghzshow,cn_rrhzname as rrhzname,cn_rrhzshow as rrhzshow,cn_tjhzname as tjhzname,cn_tjhzshow as tjhzshow FROM `qw_indexshow` LIMIT 1   [ RunTime:0.0002s ]
SQL: SHOW COLUMNS FROM `qw_flashview` [ RunTime:0.0005s ]
SQL: SELECT `id`,cn_flashviewpc as flashviewpc,cn_title as title,cn_fwshowpc as fwshowpc,cn_fwlink as fwlink,`fwsort` FROM `qw_flashview` ORDER BY fwsort  [ RunTime:0.0002s ]
SQL: SHOW COLUMNS FROM `qw_felghz` [ RunTime:0.0005s ]
SQL: SELECT `id`,cn_fghz as fghz,cn_fghztitle as fghztitle,cn_fghzimg as fghzimg,`fghzsort` FROM `qw_felghz` ORDER BY fghzsort LIMIT 4   [ RunTime:0.0002s ]
SQL: SHOW COLUMNS FROM `qw_rflinkerhz` [ RunTime:0.0005s ]
SQL: SELECT `id`,cn_rflinkerhz as rflinkerhz,cn_rrtitle as rrtitle,cn_rrimg as rrimg,`rrsort` FROM `qw_rflinkerhz` ORDER BY rrsort LIMIT 4   [ RunTime:0.0002s ]
SQL: SHOW COLUMNS FROM `qw_tuijian` [ RunTime:0.0005s ]
SQL: SELECT `id`,cn_felgname as felgname,cn_rrname as rrname,`type`,`tjsotr` FROM `qw_tuijian` ORDER BY tjsotr  [ RunTime:0.0002s ]
SQL: SHOW COLUMNS FROM `qw_industry` [ RunTime:0.0006s ]
SQL: SELECT `id`,cn_imgiy as imgiy,`iysort` FROM `qw_industry` ORDER BY iysort LIMIT 4   [ RunTime:0.0002s ]
INFO: [ view_parse ] --START--
INFO: [ template_filter ] --START--
INFO: Run Behavior\ContentReplaceBehavior [ RunTime:0.000086s ]
INFO: [ template_filter ] --END-- [ RunTime:0.000128s ]
NOTIC: [8] Use of undefined constant Index - assumed 'Index' /www/web/rflinker_com/public_html/App/Runtime/Cache/Home/00e52909bed743ea261af4b6823297ff.php 第 75 行.
NOTIC: [8] Use of undefined constant Felg - assumed 'Felg' /www/web/rflinker_com/public_html/App/Runtime/Cache/Home/00e52909bed743ea261af4b6823297ff.php 第 76 行.
NOTIC: [8] Use of undefined constant Rflinker - assumed 'Rflinker' /www/web/rflinker_com/public_html/App/Runtime/Cache/Home/00e52909bed743ea261af4b6823297ff.php 第 76 行.
NOTIC: [8] Use of undefined constant Vocationlist - assumed 'Vocationlist' /www/web/rflinker_com/public_html/App/Runtime/Cache/Home/00e52909bed743ea261af4b6823297ff.php 第 77 行.
NOTIC: [8] Use of undefined constant Codeinput - assumed 'Codeinput' /www/web/rflinker_com/public_html/App/Runtime/Cache/Home/00e52909bed743ea261af4b6823297ff.php 第 78 行.
NOTIC: [8] Use of undefined constant Aboutus - assumed 'Aboutus' /www/web/rflinker_com/public_html/App/Runtime/Cache/Home/00e52909bed743ea261af4b6823297ff.php 第 79 行.
INFO: Run Behavior\ParseTemplateBehavior [ RunTime:0.013571s ]
INFO: [ view_parse ] --END-- [ RunTime:0.013607s ]
INFO: [ view_filter ] --START--
INFO: Run Behavior\WriteHtmlCacheBehavior [ RunTime:0.000198s ]
INFO: [ view_filter ] --END-- [ RunTime:0.000230s ]
INFO: [ app_end ] --START--
INFO: Run Behavior\ShowPageTraceBehavior [ RunTime:0.000421s ]
INFO: [ app_end ] --END-- [ RunTime:0.000466s ]

[ 2017-04-30T21:33:02+08:00 ] 139.196.128.71 /index.php/Home/Index/index/lang/en-us.html
INFO: [ app_init ] --START--
INFO: Run Behavior\BuildLiteBehavior [ RunTime:0.000014s ]
INFO: [ app_init ] --END-- [ RunTime:0.000340s ]
INFO: [ app_begin ] --START--
INFO: Run Behavior\ReadHtmlCacheBehavior [ RunTime:0.000410s ]
INFO: Run Behavior\CheckLangBehavior [ RunTime:0.000860s ]
INFO: [ app_begin ] --END-- [ RunTime:0.001341s ]
SQL: SHOW COLUMNS FROM `qw_setting` [ RunTime:0.0008s ]
SQL: SELECT `k`,`v` FROM `qw_setting`  [ RunTime:0.0002s ]
SQL: SHOW COLUMNS FROM `qw_felgproduct` [ RunTime:0.0006s ]
SQL: SHOW COLUMNS FROM `qw_rflinkerproduct` [ RunTime:0.0006s ]
SQL: SELECT `id`,en_ftname as name,`xl_type` FROM `qw_felgproduct` WHERE ( search = 1 ) UNION SELECT id,en_rrname as name,xl_type FROM qw_rflinkerproduct where search=1 [ RunTime:0.0004s ]
SQL: SELECT `id`,en_ftname as name,`xl_type` FROM `qw_felgproduct` UNION SELECT id,en_rrname as name,xl_type FROM qw_rflinkerproduct  [ RunTime:0.0005s ]
SQL: SHOW COLUMNS FROM `qw_indexshow` [ RunTime:0.0006s ]
SQL: SELECT `id`,en_fghzname as fghzname,en_fghzshow as fghzshow,en_rrhzname as rrhzname,en_rrhzshow as rrhzshow,en_tjhzname as tjhzname,en_tjhzshow as tjhzshow FROM `qw_indexshow` LIMIT 1   [ RunTime:0.0002s ]
SQL: SHOW COLUMNS FROM `qw_flashview` [ RunTime:0.0006s ]
SQL: SELECT `id`,en_flashviewpc as flashviewpc,en_title as title,en_fwshowpc as fwshowpc,en_fwlink as fwlink,`fwsort` FROM `qw_flashview` ORDER BY fwsort  [ RunTime:0.0002s ]
SQL: SHOW COLUMNS FROM `qw_felghz` [ RunTime:0.0005s ]
SQL: SELECT `id`,en_fghz as fghz,en_fghztitle as fghztitle,en_fghzimg as fghzimg,`fghzsort` FROM `qw_felghz` ORDER BY fghzsort LIMIT 4   [ RunTime:0.0002s ]
SQL: SHOW COLUMNS FROM `qw_rflinkerhz` [ RunTime:0.0005s ]
SQL: SELECT `id`,en_rflinkerhz as rflinkerhz,en_rrtitle as rrtitle,en_rrimg as rrimg,`rrsort` FROM `qw_rflinkerhz` ORDER BY rrsort LIMIT 4   [ RunTime:0.0002s ]
SQL: SHOW COLUMNS FROM `qw_tuijian` [ RunTime:0.0005s ]
SQL: SELECT `id`,en_felgname as felgname,en_rrname as rrname,`type`,`tjsotr` FROM `qw_tuijian` ORDER BY tjsotr  [ RunTime:0.0002s ]
SQL: SHOW COLUMNS FROM `qw_industry` [ RunTime:0.0006s ]
SQL: SELECT `id`,en_imgiy as imgiy,`iysort` FROM `qw_industry` ORDER BY iysort LIMIT 4   [ RunTime:0.0002s ]
INFO: [ view_parse ] --START--
INFO: [ template_filter ] --START--
INFO: Run Behavior\ContentReplaceBehavior [ RunTime:0.000110s ]
INFO: [ template_filter ] --END-- [ RunTime:0.000171s ]
NOTIC: [8] Use of undefined constant Index - assumed 'Index' /www/web/rflinker_com/public_html/App/Runtime/Cache/Home/00e52909bed743ea261af4b6823297ff.php 第 75 行.
NOTIC: [8] Use of undefined constant Felg - assumed 'Felg' /www/web/rflinker_com/public_html/App/Runtime/Cache/Home/00e52909bed743ea261af4b6823297ff.php 第 76 行.
NOTIC: [8] Use of undefined constant Rflinker - assumed 'Rflinker' /www/web/rflinker_com/public_html/App/Runtime/Cache/Home/00e52909bed743ea261af4b6823297ff.php 第 76 行.
NOTIC: [8] Use of undefined constant Vocationlist - assumed 'Vocationlist' /www/web/rflinker_com/public_html/App/Runtime/Cache/Home/00e52909bed743ea261af4b6823297ff.php 第 77 行.
NOTIC: [8] Use of undefined constant Codeinput - assumed 'Codeinput' /www/web/rflinker_com/public_html/App/Runtime/Cache/Home/00e52909bed743ea261af4b6823297ff.php 第 78 行.
NOTIC: [8] Use of undefined constant Aboutus - assumed 'Aboutus' /www/web/rflinker_com/public_html/App/Runtime/Cache/Home/00e52909bed743ea261af4b6823297ff.php 第 79 行.
NOTIC: [8] Undefined index: ftimg /www/web/rflinker_com/public_html/App/Runtime/Cache/Home/00e52909bed743ea261af4b6823297ff.php 第 194 行.
NOTIC: [8] Undefined index: ftname /www/web/rflinker_com/public_html/App/Runtime/Cache/Home/00e52909bed743ea261af4b6823297ff.php 第 197 行.
NOTIC: [8] Undefined index: fttitle /www/web/rflinker_com/public_html/App/Runtime/Cache/Home/00e52909bed743ea261af4b6823297ff.php 第 198 行.
INFO: Run Behavior\ParseTemplateBehavior [ RunTime:0.014050s ]
INFO: [ view_parse ] --END-- [ RunTime:0.014086s ]
INFO: [ view_filter ] --START--
INFO: Run Behavior\WriteHtmlCacheBehavior [ RunTime:0.000210s ]
INFO: [ view_filter ] --END-- [ RunTime:0.000244s ]
INFO: [ app_end ] --START--
INFO: Run Behavior\ShowPageTraceBehavior [ RunTime:0.000436s ]
INFO: [ app_end ] --END-- [ RunTime:0.000480s ]

[ 2017-04-30T23:30:16+08:00 ] 123.57.117.78 /index.php/Home/Vocationlistmain/index.html?id=12
INFO: [ app_init ] --START--
INFO: Run Behavior\BuildLiteBehavior [ RunTime:0.000014s ]
INFO: [ app_init ] --END-- [ RunTime:0.000362s ]
INFO: [ app_begin ] --START--
INFO: Run Behavior\ReadHtmlCacheBehavior [ RunTime:0.000389s ]
INFO: Run Behavior\CheckLangBehavior [ RunTime:0.000795s ]
INFO: [ app_begin ] --END-- [ RunTime:0.001273s ]
SQL: SHOW COLUMNS FROM `qw_setting` [ RunTime:0.0007s ]
SQL: SELECT `k`,`v` FROM `qw_setting`  [ RunTime:0.0002s ]
SQL: SHOW COLUMNS FROM `qw_felgproduct` [ RunTime:0.0006s ]
SQL: SHOW COLUMNS FROM `qw_rflinkerproduct` [ RunTime:0.0006s ]
SQL: SELECT `id`,en_ftname as name,`xl_type` FROM `qw_felgproduct` WHERE ( search = 1 ) UNION SELECT id,en_rrname as name,xl_type FROM qw_rflinkerproduct where search=1 [ RunTime:0.0004s ]
SQL: SELECT `id`,en_ftname as name,`xl_type` FROM `qw_felgproduct` UNION SELECT id,en_rrname as name,xl_type FROM qw_rflinkerproduct  [ RunTime:0.0005s ]
SQL: SHOW COLUMNS FROM `qw_industry` [ RunTime:0.0007s ]
SQL: SELECT `id`,en_nameiy as nameiy,en_iycontent as iycontent,en_iylogo as iylogo,en_logoshow as logoshow,en_anli1 as anli1,en_anli2 as anli2,en_anli3 as anli3,en_anli1show as anli1show,en_anli2show as anli2show,en_anli3show as anli3show,en_linksiy as linksiy,`en_logoshow`,en_anliname1 as anliname1,en_anliname2 as anliname2,en_anliname3 as anliname3 FROM `qw_industry` WHERE `id` = 12 LIMIT 1   [ RunTime:0.0874s ]
SQL: SHOW COLUMNS FROM `qw_industryimgs` [ RunTime:0.0008s ]
SQL: SELECT `id`,en_iyimgs as iyimgs FROM `qw_industryimgs` WHERE `iyid` = 12 ORDER BY iyimgssort  [ RunTime:0.0003s ]
INFO: [ view_parse ] --START--
INFO: [ template_filter ] --START--
INFO: Run Behavior\ContentReplaceBehavior [ RunTime:0.000063s ]
INFO: [ template_filter ] --END-- [ RunTime:0.000125s ]
NOTIC: [8] Use of undefined constant Index - assumed 'Index' /www/web/rflinker_com/public_html/App/Runtime/Cache/Home/6caa58430904c3fc15e164a15e4ff995.php 第 104 行.
NOTIC: [8] Use of undefined constant Felg - assumed 'Felg' /www/web/rflinker_com/public_html/App/Runtime/Cache/Home/6caa58430904c3fc15e164a15e4ff995.php 第 105 行.
NOTIC: [8] Use of undefined constant Rflinker - assumed 'Rflinker' /www/web/rflinker_com/public_html/App/Runtime/Cache/Home/6caa58430904c3fc15e164a15e4ff995.php 第 105 行.
NOTIC: [8] Use of undefined constant Vocationlist - assumed 'Vocationlist' /www/web/rflinker_com/public_html/App/Runtime/Cache/Home/6caa58430904c3fc15e164a15e4ff995.php 第 106 行.
NOTIC: [8] Use of undefined constant Codeinput - assumed 'Codeinput' /www/web/rflinker_com/public_html/App/Runtime/Cache/Home/6caa58430904c3fc15e164a15e4ff995.php 第 107 行.
NOTIC: [8] Use of undefined constant Aboutus - assumed 'Aboutus' /www/web/rflinker_com/public_html/App/Runtime/Cache/Home/6caa58430904c3fc15e164a15e4ff995.php 第 108 行.
INFO: Run Behavior\ParseTemplateBehavior [ RunTime:0.065463s ]
INFO: [ view_parse ] --END-- [ RunTime:0.065515s ]
INFO: [ view_filter ] --START--
INFO: Run Behavior\WriteHtmlCacheBehavior [ RunTime:0.000237s ]
INFO: [ view_filter ] --END-- [ RunTime:0.000274s ]
INFO: [ app_end ] --START--
INFO: Run Behavior\ShowPageTraceBehavior [ RunTime:0.000477s ]
INFO: [ app_end ] --END-- [ RunTime:0.000528s ]

