[ 2017-06-08T01:40:00+08:00 ] 140.205.253.138 /
INFO: [ app_init ] --START--
INFO: Run Behavior\BuildLiteBehavior [ RunTime:0.000013s ]
INFO: [ app_init ] --END-- [ RunTime:0.000418s ]
INFO: [ app_begin ] --START--
INFO: Run Behavior\ReadHtmlCacheBehavior [ RunTime:0.000435s ]
INFO: Run Behavior\CheckLangBehavior [ RunTime:0.000880s ]
INFO: [ app_begin ] --END-- [ RunTime:0.001386s ]
SQL: SHOW COLUMNS FROM `qw_setting` [ RunTime:0.0007s ]
SQL: SELECT `k`,`v` FROM `qw_setting`  [ RunTime:0.0002s ]
SQL: SHOW COLUMNS FROM `qw_felgproduct` [ RunTime:0.0006s ]
SQL: SHOW COLUMNS FROM `qw_rflinkerproduct` [ RunTime:0.0006s ]
SQL: SELECT `id`,en_ftname as name,`xl_type` FROM `qw_felgproduct` WHERE ( search = 1 ) UNION SELECT id,en_rrname as name,xl_type FROM qw_rflinkerproduct where search=1 [ RunTime:0.0004s ]
SQL: SELECT `id`,en_ftname as name,`xl_type` FROM `qw_felgproduct` UNION SELECT id,en_rrname as name,xl_type FROM qw_rflinkerproduct  [ RunTime:0.0005s ]
SQL: SHOW COLUMNS FROM `qw_indexshow` [ RunTime:0.0006s ]
SQL: SELECT `id`,en_fghzname as fghzname,en_fghzshow as fghzshow,en_rrhzname as rrhzname,en_rrhzshow as rrhzshow,en_tjhzname as tjhzname,en_tjhzshow as tjhzshow FROM `qw_indexshow` LIMIT 1   [ RunTime:0.0002s ]
SQL: SHOW COLUMNS FROM `qw_flashview` [ RunTime:0.0006s ]
SQL: SELECT `id`,en_flashviewpc as flashviewpc,en_title as title,en_fwshowpc as fwshowpc,en_fwlink as fwlink,`fwsort` FROM `qw_flashview` ORDER BY fwsort  [ RunTime:0.0002s ]
SQL: SHOW COLUMNS FROM `qw_felghz` [ RunTime:0.0005s ]
SQL: SELECT `id`,en_fghz as fghz,en_fghztitle as fghztitle,en_fghzimg as fghzimg,`fghzsort` FROM `qw_felghz` ORDER BY fghzsort LIMIT 4   [ RunTime:0.0002s ]
SQL: SHOW COLUMNS FROM `qw_rflinkerhz` [ RunTime:0.0005s ]
SQL: SELECT `id`,en_rflinkerhz as rflinkerhz,en_rrtitle as rrtitle,en_rrimg as rrimg,`rrsort` FROM `qw_rflinkerhz` ORDER BY rrsort LIMIT 4   [ RunTime:0.0002s ]
SQL: SHOW COLUMNS FROM `qw_tuijian` [ RunTime:0.0005s ]
SQL: SELECT `id`,en_felgname as felgname,en_rrname as rrname,`type`,`tjsotr` FROM `qw_tuijian` ORDER BY tjsotr  [ RunTime:0.0002s ]
SQL: SHOW COLUMNS FROM `qw_industry` [ RunTime:0.0006s ]
SQL: SELECT `id`,en_imgiy as imgiy,`iysort` FROM `qw_industry` ORDER BY iysort LIMIT 4   [ RunTime:0.0002s ]
INFO: [ view_parse ] --START--
INFO: [ template_filter ] --START--
INFO: Run Behavior\ContentReplaceBehavior [ RunTime:0.000113s ]
INFO: [ template_filter ] --END-- [ RunTime:0.000157s ]
NOTIC: [8] Use of undefined constant Index - assumed 'Index' /www/web/rflinker_com/public_html/App/Runtime/Cache/Home/3da8682377a51f4116c98bfda6b18a92.php 第 144 行.
NOTIC: [8] Use of undefined constant Feig - assumed 'Feig' /www/web/rflinker_com/public_html/App/Runtime/Cache/Home/3da8682377a51f4116c98bfda6b18a92.php 第 145 行.
NOTIC: [8] Use of undefined constant Rflinker - assumed 'Rflinker' /www/web/rflinker_com/public_html/App/Runtime/Cache/Home/3da8682377a51f4116c98bfda6b18a92.php 第 145 行.
NOTIC: [8] Use of undefined constant Vocationlist - assumed 'Vocationlist' /www/web/rflinker_com/public_html/App/Runtime/Cache/Home/3da8682377a51f4116c98bfda6b18a92.php 第 146 行.
NOTIC: [8] Use of undefined constant Codeinput - assumed 'Codeinput' /www/web/rflinker_com/public_html/App/Runtime/Cache/Home/3da8682377a51f4116c98bfda6b18a92.php 第 147 行.
NOTIC: [8] Use of undefined constant Aboutus - assumed 'Aboutus' /www/web/rflinker_com/public_html/App/Runtime/Cache/Home/3da8682377a51f4116c98bfda6b18a92.php 第 148 行.
INFO: Run Behavior\ParseTemplateBehavior [ RunTime:0.014717s ]
INFO: [ view_parse ] --END-- [ RunTime:0.014755s ]
INFO: [ view_filter ] --START--
INFO: Run Behavior\WriteHtmlCacheBehavior [ RunTime:0.000225s ]
INFO: [ view_filter ] --END-- [ RunTime:0.000266s ]
INFO: [ app_end ] --START--
INFO: Run Behavior\ShowPageTraceBehavior [ RunTime:0.000393s ]
INFO: [ app_end ] --END-- [ RunTime:0.000439s ]

[ 2017-06-08T01:40:53+08:00 ] 140.205.253.138 /
INFO: [ app_init ] --START--
INFO: Run Behavior\BuildLiteBehavior [ RunTime:0.000014s ]
INFO: [ app_init ] --END-- [ RunTime:0.000308s ]
INFO: [ app_begin ] --START--
INFO: Run Behavior\ReadHtmlCacheBehavior [ RunTime:0.000385s ]
INFO: Run Behavior\CheckLangBehavior [ RunTime:0.000884s ]
INFO: [ app_begin ] --END-- [ RunTime:0.001356s ]
SQL: SHOW COLUMNS FROM `qw_setting` [ RunTime:0.0007s ]
SQL: SELECT `k`,`v` FROM `qw_setting`  [ RunTime:0.0002s ]
SQL: SHOW COLUMNS FROM `qw_felgproduct` [ RunTime:0.0006s ]
SQL: SHOW COLUMNS FROM `qw_rflinkerproduct` [ RunTime:0.0006s ]
SQL: SELECT `id`,en_ftname as name,`xl_type` FROM `qw_felgproduct` WHERE ( search = 1 ) UNION SELECT id,en_rrname as name,xl_type FROM qw_rflinkerproduct where search=1 [ RunTime:0.0004s ]
SQL: SELECT `id`,en_ftname as name,`xl_type` FROM `qw_felgproduct` UNION SELECT id,en_rrname as name,xl_type FROM qw_rflinkerproduct  [ RunTime:0.0005s ]
SQL: SHOW COLUMNS FROM `qw_indexshow` [ RunTime:0.0005s ]
SQL: SELECT `id`,en_fghzname as fghzname,en_fghzshow as fghzshow,en_rrhzname as rrhzname,en_rrhzshow as rrhzshow,en_tjhzname as tjhzname,en_tjhzshow as tjhzshow FROM `qw_indexshow` LIMIT 1   [ RunTime:0.0002s ]
SQL: SHOW COLUMNS FROM `qw_flashview` [ RunTime:0.0005s ]
SQL: SELECT `id`,en_flashviewpc as flashviewpc,en_title as title,en_fwshowpc as fwshowpc,en_fwlink as fwlink,`fwsort` FROM `qw_flashview` ORDER BY fwsort  [ RunTime:0.0002s ]
SQL: SHOW COLUMNS FROM `qw_felghz` [ RunTime:0.0005s ]
SQL: SELECT `id`,en_fghz as fghz,en_fghztitle as fghztitle,en_fghzimg as fghzimg,`fghzsort` FROM `qw_felghz` ORDER BY fghzsort LIMIT 4   [ RunTime:0.0002s ]
SQL: SHOW COLUMNS FROM `qw_rflinkerhz` [ RunTime:0.0005s ]
SQL: SELECT `id`,en_rflinkerhz as rflinkerhz,en_rrtitle as rrtitle,en_rrimg as rrimg,`rrsort` FROM `qw_rflinkerhz` ORDER BY rrsort LIMIT 4   [ RunTime:0.0002s ]
SQL: SHOW COLUMNS FROM `qw_tuijian` [ RunTime:0.0005s ]
SQL: SELECT `id`,en_felgname as felgname,en_rrname as rrname,`type`,`tjsotr` FROM `qw_tuijian` ORDER BY tjsotr  [ RunTime:0.0002s ]
SQL: SHOW COLUMNS FROM `qw_industry` [ RunTime:0.0006s ]
SQL: SELECT `id`,en_imgiy as imgiy,`iysort` FROM `qw_industry` ORDER BY iysort LIMIT 4   [ RunTime:0.0002s ]
INFO: [ view_parse ] --START--
INFO: [ template_filter ] --START--
INFO: Run Behavior\ContentReplaceBehavior [ RunTime:0.000125s ]
INFO: [ template_filter ] --END-- [ RunTime:0.000184s ]
NOTIC: [8] Use of undefined constant Index - assumed 'Index' /www/web/rflinker_com/public_html/App/Runtime/Cache/Home/3da8682377a51f4116c98bfda6b18a92.php 第 144 行.
NOTIC: [8] Use of undefined constant Feig - assumed 'Feig' /www/web/rflinker_com/public_html/App/Runtime/Cache/Home/3da8682377a51f4116c98bfda6b18a92.php 第 145 行.
NOTIC: [8] Use of undefined constant Rflinker - assumed 'Rflinker' /www/web/rflinker_com/public_html/App/Runtime/Cache/Home/3da8682377a51f4116c98bfda6b18a92.php 第 145 行.
NOTIC: [8] Use of undefined constant Vocationlist - assumed 'Vocationlist' /www/web/rflinker_com/public_html/App/Runtime/Cache/Home/3da8682377a51f4116c98bfda6b18a92.php 第 146 行.
NOTIC: [8] Use of undefined constant Codeinput - assumed 'Codeinput' /www/web/rflinker_com/public_html/App/Runtime/Cache/Home/3da8682377a51f4116c98bfda6b18a92.php 第 147 行.
NOTIC: [8] Use of undefined constant Aboutus - assumed 'Aboutus' /www/web/rflinker_com/public_html/App/Runtime/Cache/Home/3da8682377a51f4116c98bfda6b18a92.php 第 148 行.
INFO: Run Behavior\ParseTemplateBehavior [ RunTime:0.015674s ]
INFO: [ view_parse ] --END-- [ RunTime:0.015723s ]
INFO: [ view_filter ] --START--
INFO: Run Behavior\WriteHtmlCacheBehavior [ RunTime:0.000231s ]
INFO: [ view_filter ] --END-- [ RunTime:0.000271s ]
INFO: [ app_end ] --START--
INFO: Run Behavior\ShowPageTraceBehavior [ RunTime:0.000465s ]
INFO: [ app_end ] --END-- [ RunTime:0.000517s ]

[ 2017-06-08T03:51:47+08:00 ] 140.205.253.138 /
INFO: [ app_init ] --START--
INFO: Run Behavior\BuildLiteBehavior [ RunTime:0.000015s ]
INFO: [ app_init ] --END-- [ RunTime:0.000360s ]
INFO: [ app_begin ] --START--
INFO: Run Behavior\ReadHtmlCacheBehavior [ RunTime:0.000432s ]
INFO: Run Behavior\CheckLangBehavior [ RunTime:0.000895s ]
INFO: [ app_begin ] --END-- [ RunTime:0.001399s ]
SQL: SHOW COLUMNS FROM `qw_setting` [ RunTime:0.0007s ]
SQL: SELECT `k`,`v` FROM `qw_setting`  [ RunTime:0.0002s ]
SQL: SHOW COLUMNS FROM `qw_felgproduct` [ RunTime:0.0006s ]
SQL: SHOW COLUMNS FROM `qw_rflinkerproduct` [ RunTime:0.0006s ]
SQL: SELECT `id`,en_ftname as name,`xl_type` FROM `qw_felgproduct` WHERE ( search = 1 ) UNION SELECT id,en_rrname as name,xl_type FROM qw_rflinkerproduct where search=1 [ RunTime:0.0004s ]
SQL: SELECT `id`,en_ftname as name,`xl_type` FROM `qw_felgproduct` UNION SELECT id,en_rrname as name,xl_type FROM qw_rflinkerproduct  [ RunTime:0.0005s ]
SQL: SHOW COLUMNS FROM `qw_indexshow` [ RunTime:0.0005s ]
SQL: SELECT `id`,en_fghzname as fghzname,en_fghzshow as fghzshow,en_rrhzname as rrhzname,en_rrhzshow as rrhzshow,en_tjhzname as tjhzname,en_tjhzshow as tjhzshow FROM `qw_indexshow` LIMIT 1   [ RunTime:0.0002s ]
SQL: SHOW COLUMNS FROM `qw_flashview` [ RunTime:0.0005s ]
SQL: SELECT `id`,en_flashviewpc as flashviewpc,en_title as title,en_fwshowpc as fwshowpc,en_fwlink as fwlink,`fwsort` FROM `qw_flashview` ORDER BY fwsort  [ RunTime:0.0002s ]
SQL: SHOW COLUMNS FROM `qw_felghz` [ RunTime:0.0005s ]
SQL: SELECT `id`,en_fghz as fghz,en_fghztitle as fghztitle,en_fghzimg as fghzimg,`fghzsort` FROM `qw_felghz` ORDER BY fghzsort LIMIT 4   [ RunTime:0.0002s ]
SQL: SHOW COLUMNS FROM `qw_rflinkerhz` [ RunTime:0.0005s ]
SQL: SELECT `id`,en_rflinkerhz as rflinkerhz,en_rrtitle as rrtitle,en_rrimg as rrimg,`rrsort` FROM `qw_rflinkerhz` ORDER BY rrsort LIMIT 4   [ RunTime:0.0002s ]
SQL: SHOW COLUMNS FROM `qw_tuijian` [ RunTime:0.0005s ]
SQL: SELECT `id`,en_felgname as felgname,en_rrname as rrname,`type`,`tjsotr` FROM `qw_tuijian` ORDER BY tjsotr  [ RunTime:0.0002s ]
SQL: SHOW COLUMNS FROM `qw_industry` [ RunTime:0.0006s ]
SQL: SELECT `id`,en_imgiy as imgiy,`iysort` FROM `qw_industry` ORDER BY iysort LIMIT 4   [ RunTime:0.0002s ]
INFO: [ view_parse ] --START--
INFO: [ template_filter ] --START--
INFO: Run Behavior\ContentReplaceBehavior [ RunTime:0.000104s ]
INFO: [ template_filter ] --END-- [ RunTime:0.000147s ]
NOTIC: [8] Use of undefined constant Index - assumed 'Index' /www/web/rflinker_com/public_html/App/Runtime/Cache/Home/3da8682377a51f4116c98bfda6b18a92.php 第 144 行.
NOTIC: [8] Use of undefined constant Feig - assumed 'Feig' /www/web/rflinker_com/public_html/App/Runtime/Cache/Home/3da8682377a51f4116c98bfda6b18a92.php 第 145 行.
NOTIC: [8] Use of undefined constant Rflinker - assumed 'Rflinker' /www/web/rflinker_com/public_html/App/Runtime/Cache/Home/3da8682377a51f4116c98bfda6b18a92.php 第 145 行.
NOTIC: [8] Use of undefined constant Vocationlist - assumed 'Vocationlist' /www/web/rflinker_com/public_html/App/Runtime/Cache/Home/3da8682377a51f4116c98bfda6b18a92.php 第 146 行.
NOTIC: [8] Use of undefined constant Codeinput - assumed 'Codeinput' /www/web/rflinker_com/public_html/App/Runtime/Cache/Home/3da8682377a51f4116c98bfda6b18a92.php 第 147 行.
NOTIC: [8] Use of undefined constant Aboutus - assumed 'Aboutus' /www/web/rflinker_com/public_html/App/Runtime/Cache/Home/3da8682377a51f4116c98bfda6b18a92.php 第 148 行.
INFO: Run Behavior\ParseTemplateBehavior [ RunTime:0.014402s ]
INFO: [ view_parse ] --END-- [ RunTime:0.014441s ]
INFO: [ view_filter ] --START--
INFO: Run Behavior\WriteHtmlCacheBehavior [ RunTime:0.000202s ]
INFO: [ view_filter ] --END-- [ RunTime:0.000235s ]
INFO: [ app_end ] --START--
INFO: Run Behavior\ShowPageTraceBehavior [ RunTime:0.000404s ]
INFO: [ app_end ] --END-- [ RunTime:0.000451s ]

[ 2017-06-08T06:18:30+08:00 ] 140.205.253.143 /index.php/Home/Productdetails/index.html?type=1&id=78
INFO: [ app_init ] --START--
INFO: Run Behavior\BuildLiteBehavior [ RunTime:0.000016s ]
INFO: [ app_init ] --END-- [ RunTime:0.000380s ]
INFO: [ app_begin ] --START--
INFO: Run Behavior\ReadHtmlCacheBehavior [ RunTime:0.000472s ]
INFO: Run Behavior\CheckLangBehavior [ RunTime:0.000954s ]
INFO: [ app_begin ] --END-- [ RunTime:0.001499s ]
SQL: SHOW COLUMNS FROM `qw_setting` [ RunTime:0.0007s ]
SQL: SELECT `k`,`v` FROM `qw_setting`  [ RunTime:0.0002s ]
SQL: SHOW COLUMNS FROM `qw_felgproduct` [ RunTime:0.0006s ]
SQL: SHOW COLUMNS FROM `qw_rflinkerproduct` [ RunTime:0.0005s ]
SQL: SELECT `id`,en_ftname as name,`xl_type` FROM `qw_felgproduct` WHERE ( search = 1 ) UNION SELECT id,en_rrname as name,xl_type FROM qw_rflinkerproduct where search=1 [ RunTime:0.0004s ]
SQL: SELECT `id`,en_ftname as name,`xl_type` FROM `qw_felgproduct` UNION SELECT id,en_rrname as name,xl_type FROM qw_rflinkerproduct  [ RunTime:0.0005s ]
SQL: SELECT `id`,felgenhzname as hzname,felgentypename  as typename,en_ftname as ftname,en_fttitle as fttitle,en_ftimg as ftimg,en_ftspec as ftspec,`ftsort` FROM `qw_felgproduct` WHERE ( id =78 ) ORDER BY ftsort LIMIT 1   [ RunTime:0.0002s ]
SQL: SHOW COLUMNS FROM `qw_matching` [ RunTime:0.0005s ]
SQL: SHOW COLUMNS FROM `qw_felgproduct` [ RunTime:0.0005s ]
SQL: SELECT f.id,en_ftname as ftname,en_fttitle as fttitle,en_ftimg as ftimg FROM qw_felgproduct f INNER JOIN 
						qw_matching m on f.en_ftname = m.en_mgname
					     WHERE ( fuid =78 )  [ RunTime:0.0002s ]
SQL: SHOW COLUMNS FROM `qw_felgptdown` [ RunTime:0.0005s ]
SQL: SELECT en_downname as downname,en_down as down,`downsort` FROM `qw_felgptdown` WHERE ( felgptid = 78 ) ORDER BY downsort  [ RunTime:0.0002s ]
INFO: [ view_parse ] --START--
INFO: [ template_filter ] --START--
INFO: Run Behavior\ContentReplaceBehavior [ RunTime:0.000070s ]
INFO: [ template_filter ] --END-- [ RunTime:0.000113s ]
NOTIC: [8] Use of undefined constant Index - assumed 'Index' /www/web/rflinker_com/public_html/App/Runtime/Cache/Home/4722ce9f6893de4df1acc80e009cbd5a.php 第 104 行.
NOTIC: [8] Use of undefined constant Feig - assumed 'Feig' /www/web/rflinker_com/public_html/App/Runtime/Cache/Home/4722ce9f6893de4df1acc80e009cbd5a.php 第 105 行.
NOTIC: [8] Use of undefined constant Rflinker - assumed 'Rflinker' /www/web/rflinker_com/public_html/App/Runtime/Cache/Home/4722ce9f6893de4df1acc80e009cbd5a.php 第 105 行.
NOTIC: [8] Use of undefined constant Vocationlist - assumed 'Vocationlist' /www/web/rflinker_com/public_html/App/Runtime/Cache/Home/4722ce9f6893de4df1acc80e009cbd5a.php 第 106 行.
NOTIC: [8] Use of undefined constant Codeinput - assumed 'Codeinput' /www/web/rflinker_com/public_html/App/Runtime/Cache/Home/4722ce9f6893de4df1acc80e009cbd5a.php 第 107 行.
NOTIC: [8] Use of undefined constant Aboutus - assumed 'Aboutus' /www/web/rflinker_com/public_html/App/Runtime/Cache/Home/4722ce9f6893de4df1acc80e009cbd5a.php 第 108 行.
INFO: Run Behavior\ParseTemplateBehavior [ RunTime:0.009576s ]
INFO: [ view_parse ] --END-- [ RunTime:0.009614s ]
INFO: [ view_filter ] --START--
INFO: Run Behavior\WriteHtmlCacheBehavior [ RunTime:0.000211s ]
INFO: [ view_filter ] --END-- [ RunTime:0.000262s ]
INFO: [ app_end ] --START--
INFO: Run Behavior\ShowPageTraceBehavior [ RunTime:0.000455s ]
INFO: [ app_end ] --END-- [ RunTime:0.000503s ]

[ 2017-06-08T06:51:50+08:00 ] 140.205.253.135 /index.php/Home/Productdetails/index.html?type=1&id=168
INFO: [ app_init ] --START--
INFO: Run Behavior\BuildLiteBehavior [ RunTime:0.000017s ]
INFO: [ app_init ] --END-- [ RunTime:0.000342s ]
INFO: [ app_begin ] --START--
INFO: Run Behavior\ReadHtmlCacheBehavior [ RunTime:0.000459s ]
INFO: Run Behavior\CheckLangBehavior [ RunTime:0.000883s ]
INFO: [ app_begin ] --END-- [ RunTime:0.001447s ]
SQL: SHOW COLUMNS FROM `qw_setting` [ RunTime:0.0007s ]
SQL: SELECT `k`,`v` FROM `qw_setting`  [ RunTime:0.0002s ]
SQL: SHOW COLUMNS FROM `qw_felgproduct` [ RunTime:0.0006s ]
SQL: SHOW COLUMNS FROM `qw_rflinkerproduct` [ RunTime:0.0005s ]
SQL: SELECT `id`,en_ftname as name,`xl_type` FROM `qw_felgproduct` WHERE ( search = 1 ) UNION SELECT id,en_rrname as name,xl_type FROM qw_rflinkerproduct where search=1 [ RunTime:0.0005s ]
SQL: SELECT `id`,en_ftname as name,`xl_type` FROM `qw_felgproduct` UNION SELECT id,en_rrname as name,xl_type FROM qw_rflinkerproduct  [ RunTime:0.0006s ]
SQL: SELECT `id`,felgenhzname as hzname,felgentypename  as typename,en_ftname as ftname,en_fttitle as fttitle,en_ftimg as ftimg,en_ftspec as ftspec,`ftsort` FROM `qw_felgproduct` WHERE ( id =168 ) ORDER BY ftsort LIMIT 1   [ RunTime:0.0002s ]
SQL: SHOW COLUMNS FROM `qw_matching` [ RunTime:0.0005s ]
SQL: SHOW COLUMNS FROM `qw_felgproduct` [ RunTime:0.0006s ]
SQL: SELECT f.id,en_ftname as ftname,en_fttitle as fttitle,en_ftimg as ftimg FROM qw_felgproduct f INNER JOIN 
						qw_matching m on f.en_ftname = m.en_mgname
					     WHERE ( fuid =168 )  [ RunTime:0.0002s ]
SQL: SHOW COLUMNS FROM `qw_felgptdown` [ RunTime:0.0005s ]
SQL: SELECT en_downname as downname,en_down as down,`downsort` FROM `qw_felgptdown` WHERE ( felgptid = 168 ) ORDER BY downsort  [ RunTime:0.0002s ]
INFO: [ view_parse ] --START--
INFO: [ template_filter ] --START--
INFO: Run Behavior\ContentReplaceBehavior [ RunTime:0.000055s ]
INFO: [ template_filter ] --END-- [ RunTime:0.000093s ]
NOTIC: [8] Use of undefined constant Index - assumed 'Index' /www/web/rflinker_com/public_html/App/Runtime/Cache/Home/4722ce9f6893de4df1acc80e009cbd5a.php 第 104 行.
NOTIC: [8] Use of undefined constant Feig - assumed 'Feig' /www/web/rflinker_com/public_html/App/Runtime/Cache/Home/4722ce9f6893de4df1acc80e009cbd5a.php 第 105 行.
NOTIC: [8] Use of undefined constant Rflinker - assumed 'Rflinker' /www/web/rflinker_com/public_html/App/Runtime/Cache/Home/4722ce9f6893de4df1acc80e009cbd5a.php 第 105 行.
NOTIC: [8] Use of undefined constant Vocationlist - assumed 'Vocationlist' /www/web/rflinker_com/public_html/App/Runtime/Cache/Home/4722ce9f6893de4df1acc80e009cbd5a.php 第 106 行.
NOTIC: [8] Use of undefined constant Codeinput - assumed 'Codeinput' /www/web/rflinker_com/public_html/App/Runtime/Cache/Home/4722ce9f6893de4df1acc80e009cbd5a.php 第 107 行.
NOTIC: [8] Use of undefined constant Aboutus - assumed 'Aboutus' /www/web/rflinker_com/public_html/App/Runtime/Cache/Home/4722ce9f6893de4df1acc80e009cbd5a.php 第 108 行.
INFO: Run Behavior\ParseTemplateBehavior [ RunTime:0.008882s ]
INFO: [ view_parse ] --END-- [ RunTime:0.008927s ]
INFO: [ view_filter ] --START--
INFO: Run Behavior\WriteHtmlCacheBehavior [ RunTime:0.000219s ]
INFO: [ view_filter ] --END-- [ RunTime:0.000269s ]
INFO: [ app_end ] --START--
INFO: Run Behavior\ShowPageTraceBehavior [ RunTime:0.000423s ]
INFO: [ app_end ] --END-- [ RunTime:0.000474s ]

[ 2017-06-08T07:12:37+08:00 ] 140.205.253.138 /
INFO: [ app_init ] --START--
INFO: Run Behavior\BuildLiteBehavior [ RunTime:0.000013s ]
INFO: [ app_init ] --END-- [ RunTime:0.000327s ]
INFO: [ app_begin ] --START--
INFO: Run Behavior\ReadHtmlCacheBehavior [ RunTime:0.000449s ]
INFO: Run Behavior\CheckLangBehavior [ RunTime:0.000853s ]
INFO: [ app_begin ] --END-- [ RunTime:0.001402s ]
SQL: SHOW COLUMNS FROM `qw_setting` [ RunTime:0.0007s ]
SQL: SELECT `k`,`v` FROM `qw_setting`  [ RunTime:0.0002s ]
SQL: SHOW COLUMNS FROM `qw_felgproduct` [ RunTime:0.0006s ]
SQL: SHOW COLUMNS FROM `qw_rflinkerproduct` [ RunTime:0.0006s ]
SQL: SELECT `id`,en_ftname as name,`xl_type` FROM `qw_felgproduct` WHERE ( search = 1 ) UNION SELECT id,en_rrname as name,xl_type FROM qw_rflinkerproduct where search=1 [ RunTime:0.0004s ]
SQL: SELECT `id`,en_ftname as name,`xl_type` FROM `qw_felgproduct` UNION SELECT id,en_rrname as name,xl_type FROM qw_rflinkerproduct  [ RunTime:0.0005s ]
SQL: SHOW COLUMNS FROM `qw_indexshow` [ RunTime:0.0005s ]
SQL: SELECT `id`,en_fghzname as fghzname,en_fghzshow as fghzshow,en_rrhzname as rrhzname,en_rrhzshow as rrhzshow,en_tjhzname as tjhzname,en_tjhzshow as tjhzshow FROM `qw_indexshow` LIMIT 1   [ RunTime:0.0002s ]
SQL: SHOW COLUMNS FROM `qw_flashview` [ RunTime:0.0005s ]
SQL: SELECT `id`,en_flashviewpc as flashviewpc,en_title as title,en_fwshowpc as fwshowpc,en_fwlink as fwlink,`fwsort` FROM `qw_flashview` ORDER BY fwsort  [ RunTime:0.0002s ]
SQL: SHOW COLUMNS FROM `qw_felghz` [ RunTime:0.0005s ]
SQL: SELECT `id`,en_fghz as fghz,en_fghztitle as fghztitle,en_fghzimg as fghzimg,`fghzsort` FROM `qw_felghz` ORDER BY fghzsort LIMIT 4   [ RunTime:0.0002s ]
SQL: SHOW COLUMNS FROM `qw_rflinkerhz` [ RunTime:0.0005s ]
SQL: SELECT `id`,en_rflinkerhz as rflinkerhz,en_rrtitle as rrtitle,en_rrimg as rrimg,`rrsort` FROM `qw_rflinkerhz` ORDER BY rrsort LIMIT 4   [ RunTime:0.0002s ]
SQL: SHOW COLUMNS FROM `qw_tuijian` [ RunTime:0.0006s ]
SQL: SELECT `id`,en_felgname as felgname,en_rrname as rrname,`type`,`tjsotr` FROM `qw_tuijian` ORDER BY tjsotr  [ RunTime:0.0002s ]
SQL: SHOW COLUMNS FROM `qw_industry` [ RunTime:0.0006s ]
SQL: SELECT `id`,en_imgiy as imgiy,`iysort` FROM `qw_industry` ORDER BY iysort LIMIT 4   [ RunTime:0.0002s ]
INFO: [ view_parse ] --START--
INFO: [ template_filter ] --START--
INFO: Run Behavior\ContentReplaceBehavior [ RunTime:0.000095s ]
INFO: [ template_filter ] --END-- [ RunTime:0.000136s ]
NOTIC: [8] Use of undefined constant Index - assumed 'Index' /www/web/rflinker_com/public_html/App/Runtime/Cache/Home/3da8682377a51f4116c98bfda6b18a92.php 第 144 行.
NOTIC: [8] Use of undefined constant Feig - assumed 'Feig' /www/web/rflinker_com/public_html/App/Runtime/Cache/Home/3da8682377a51f4116c98bfda6b18a92.php 第 145 行.
NOTIC: [8] Use of undefined constant Rflinker - assumed 'Rflinker' /www/web/rflinker_com/public_html/App/Runtime/Cache/Home/3da8682377a51f4116c98bfda6b18a92.php 第 145 行.
NOTIC: [8] Use of undefined constant Vocationlist - assumed 'Vocationlist' /www/web/rflinker_com/public_html/App/Runtime/Cache/Home/3da8682377a51f4116c98bfda6b18a92.php 第 146 行.
NOTIC: [8] Use of undefined constant Codeinput - assumed 'Codeinput' /www/web/rflinker_com/public_html/App/Runtime/Cache/Home/3da8682377a51f4116c98bfda6b18a92.php 第 147 行.
NOTIC: [8] Use of undefined constant Aboutus - assumed 'Aboutus' /www/web/rflinker_com/public_html/App/Runtime/Cache/Home/3da8682377a51f4116c98bfda6b18a92.php 第 148 行.
INFO: Run Behavior\ParseTemplateBehavior [ RunTime:0.014976s ]
INFO: [ view_parse ] --END-- [ RunTime:0.015025s ]
INFO: [ view_filter ] --START--
INFO: Run Behavior\WriteHtmlCacheBehavior [ RunTime:0.000207s ]
INFO: [ view_filter ] --END-- [ RunTime:0.000240s ]
INFO: [ app_end ] --START--
INFO: Run Behavior\ShowPageTraceBehavior [ RunTime:0.000401s ]
INFO: [ app_end ] --END-- [ RunTime:0.000472s ]

[ 2017-06-08T07:25:10+08:00 ] 140.205.253.132 /index.php/Home/Productdetails/index.html?type=1&id=111
INFO: [ app_init ] --START--
INFO: Run Behavior\BuildLiteBehavior [ RunTime:0.000016s ]
INFO: [ app_init ] --END-- [ RunTime:0.000315s ]
INFO: [ app_begin ] --START--
INFO: Run Behavior\ReadHtmlCacheBehavior [ RunTime:0.000437s ]
INFO: Run Behavior\CheckLangBehavior [ RunTime:0.000899s ]
INFO: [ app_begin ] --END-- [ RunTime:0.001421s ]
SQL: SHOW COLUMNS FROM `qw_setting` [ RunTime:0.0007s ]
SQL: SELECT `k`,`v` FROM `qw_setting`  [ RunTime:0.0002s ]
SQL: SHOW COLUMNS FROM `qw_felgproduct` [ RunTime:0.0006s ]
SQL: SHOW COLUMNS FROM `qw_rflinkerproduct` [ RunTime:0.0005s ]
SQL: SELECT `id`,en_ftname as name,`xl_type` FROM `qw_felgproduct` WHERE ( search = 1 ) UNION SELECT id,en_rrname as name,xl_type FROM qw_rflinkerproduct where search=1 [ RunTime:0.0004s ]
SQL: SELECT `id`,en_ftname as name,`xl_type` FROM `qw_felgproduct` UNION SELECT id,en_rrname as name,xl_type FROM qw_rflinkerproduct  [ RunTime:0.0006s ]
SQL: SELECT `id`,felgenhzname as hzname,felgentypename  as typename,en_ftname as ftname,en_fttitle as fttitle,en_ftimg as ftimg,en_ftspec as ftspec,`ftsort` FROM `qw_felgproduct` WHERE ( id =111 ) ORDER BY ftsort LIMIT 1   [ RunTime:0.0002s ]
SQL: SHOW COLUMNS FROM `qw_matching` [ RunTime:0.0005s ]
SQL: SHOW COLUMNS FROM `qw_felgproduct` [ RunTime:0.0005s ]
SQL: SELECT f.id,en_ftname as ftname,en_fttitle as fttitle,en_ftimg as ftimg FROM qw_felgproduct f INNER JOIN 
						qw_matching m on f.en_ftname = m.en_mgname
					     WHERE ( fuid =111 )  [ RunTime:0.0002s ]
SQL: SHOW COLUMNS FROM `qw_felgptdown` [ RunTime:0.0004s ]
SQL: SELECT en_downname as downname,en_down as down,`downsort` FROM `qw_felgptdown` WHERE ( felgptid = 111 ) ORDER BY downsort  [ RunTime:0.0002s ]
INFO: [ view_parse ] --START--
INFO: [ template_filter ] --START--
INFO: Run Behavior\ContentReplaceBehavior [ RunTime:0.000075s ]
INFO: [ template_filter ] --END-- [ RunTime:0.000114s ]
NOTIC: [8] Use of undefined constant Index - assumed 'Index' /www/web/rflinker_com/public_html/App/Runtime/Cache/Home/4722ce9f6893de4df1acc80e009cbd5a.php 第 104 行.
NOTIC: [8] Use of undefined constant Feig - assumed 'Feig' /www/web/rflinker_com/public_html/App/Runtime/Cache/Home/4722ce9f6893de4df1acc80e009cbd5a.php 第 105 行.
NOTIC: [8] Use of undefined constant Rflinker - assumed 'Rflinker' /www/web/rflinker_com/public_html/App/Runtime/Cache/Home/4722ce9f6893de4df1acc80e009cbd5a.php 第 105 行.
NOTIC: [8] Use of undefined constant Vocationlist - assumed 'Vocationlist' /www/web/rflinker_com/public_html/App/Runtime/Cache/Home/4722ce9f6893de4df1acc80e009cbd5a.php 第 106 行.
NOTIC: [8] Use of undefined constant Codeinput - assumed 'Codeinput' /www/web/rflinker_com/public_html/App/Runtime/Cache/Home/4722ce9f6893de4df1acc80e009cbd5a.php 第 107 行.
NOTIC: [8] Use of undefined constant Aboutus - assumed 'Aboutus' /www/web/rflinker_com/public_html/App/Runtime/Cache/Home/4722ce9f6893de4df1acc80e009cbd5a.php 第 108 行.
INFO: Run Behavior\ParseTemplateBehavior [ RunTime:0.009224s ]
INFO: [ view_parse ] --END-- [ RunTime:0.009272s ]
INFO: [ view_filter ] --START--
INFO: Run Behavior\WriteHtmlCacheBehavior [ RunTime:0.000197s ]
INFO: [ view_filter ] --END-- [ RunTime:0.000238s ]
INFO: [ app_end ] --START--
INFO: Run Behavior\ShowPageTraceBehavior [ RunTime:0.000442s ]
INFO: [ app_end ] --END-- [ RunTime:0.000486s ]

[ 2017-06-08T08:44:38+08:00 ] 140.205.253.147 //
INFO: [ app_init ] --START--
INFO: Run Behavior\BuildLiteBehavior [ RunTime:0.000014s ]
INFO: [ app_init ] --END-- [ RunTime:0.000402s ]
INFO: [ app_begin ] --START--
INFO: Run Behavior\ReadHtmlCacheBehavior [ RunTime:0.000399s ]
INFO: Run Behavior\CheckLangBehavior [ RunTime:0.000880s ]
INFO: [ app_begin ] --END-- [ RunTime:0.001350s ]
SQL: SHOW COLUMNS FROM `qw_setting` [ RunTime:0.0007s ]
SQL: SELECT `k`,`v` FROM `qw_setting`  [ RunTime:0.0002s ]
SQL: SHOW COLUMNS FROM `qw_felgproduct` [ RunTime:0.0006s ]
SQL: SHOW COLUMNS FROM `qw_rflinkerproduct` [ RunTime:0.0007s ]
SQL: SELECT `id`,en_ftname as name,`xl_type` FROM `qw_felgproduct` WHERE ( search = 1 ) UNION SELECT id,en_rrname as name,xl_type FROM qw_rflinkerproduct where search=1 [ RunTime:0.0004s ]
SQL: SELECT `id`,en_ftname as name,`xl_type` FROM `qw_felgproduct` UNION SELECT id,en_rrname as name,xl_type FROM qw_rflinkerproduct  [ RunTime:0.0005s ]
SQL: SHOW COLUMNS FROM `qw_indexshow` [ RunTime:0.0005s ]
SQL: SELECT `id`,en_fghzname as fghzname,en_fghzshow as fghzshow,en_rrhzname as rrhzname,en_rrhzshow as rrhzshow,en_tjhzname as tjhzname,en_tjhzshow as tjhzshow FROM `qw_indexshow` LIMIT 1   [ RunTime:0.0002s ]
SQL: SHOW COLUMNS FROM `qw_flashview` [ RunTime:0.0005s ]
SQL: SELECT `id`,en_flashviewpc as flashviewpc,en_title as title,en_fwshowpc as fwshowpc,en_fwlink as fwlink,`fwsort` FROM `qw_flashview` ORDER BY fwsort  [ RunTime:0.0002s ]
SQL: SHOW COLUMNS FROM `qw_felghz` [ RunTime:0.0005s ]
SQL: SELECT `id`,en_fghz as fghz,en_fghztitle as fghztitle,en_fghzimg as fghzimg,`fghzsort` FROM `qw_felghz` ORDER BY fghzsort LIMIT 4   [ RunTime:0.0002s ]
SQL: SHOW COLUMNS FROM `qw_rflinkerhz` [ RunTime:0.0006s ]
SQL: SELECT `id`,en_rflinkerhz as rflinkerhz,en_rrtitle as rrtitle,en_rrimg as rrimg,`rrsort` FROM `qw_rflinkerhz` ORDER BY rrsort LIMIT 4   [ RunTime:0.0002s ]
SQL: SHOW COLUMNS FROM `qw_tuijian` [ RunTime:0.0005s ]
SQL: SELECT `id`,en_felgname as felgname,en_rrname as rrname,`type`,`tjsotr` FROM `qw_tuijian` ORDER BY tjsotr  [ RunTime:0.0002s ]
SQL: SHOW COLUMNS FROM `qw_industry` [ RunTime:0.0007s ]
SQL: SELECT `id`,en_imgiy as imgiy,`iysort` FROM `qw_industry` ORDER BY iysort LIMIT 4   [ RunTime:0.0002s ]
INFO: [ view_parse ] --START--
INFO: [ template_filter ] --START--
INFO: Run Behavior\ContentReplaceBehavior [ RunTime:0.000094s ]
INFO: [ template_filter ] --END-- [ RunTime:0.000155s ]
NOTIC: [8] Use of undefined constant Index - assumed 'Index' /www/web/rflinker_com/public_html/App/Runtime/Cache/Home/3da8682377a51f4116c98bfda6b18a92.php 第 144 行.
NOTIC: [8] Use of undefined constant Feig - assumed 'Feig' /www/web/rflinker_com/public_html/App/Runtime/Cache/Home/3da8682377a51f4116c98bfda6b18a92.php 第 145 行.
NOTIC: [8] Use of undefined constant Rflinker - assumed 'Rflinker' /www/web/rflinker_com/public_html/App/Runtime/Cache/Home/3da8682377a51f4116c98bfda6b18a92.php 第 145 行.
NOTIC: [8] Use of undefined constant Vocationlist - assumed 'Vocationlist' /www/web/rflinker_com/public_html/App/Runtime/Cache/Home/3da8682377a51f4116c98bfda6b18a92.php 第 146 行.
NOTIC: [8] Use of undefined constant Codeinput - assumed 'Codeinput' /www/web/rflinker_com/public_html/App/Runtime/Cache/Home/3da8682377a51f4116c98bfda6b18a92.php 第 147 行.
NOTIC: [8] Use of undefined constant Aboutus - assumed 'Aboutus' /www/web/rflinker_com/public_html/App/Runtime/Cache/Home/3da8682377a51f4116c98bfda6b18a92.php 第 148 行.
INFO: Run Behavior\ParseTemplateBehavior [ RunTime:0.014405s ]
INFO: [ view_parse ] --END-- [ RunTime:0.014446s ]
INFO: [ view_filter ] --START--
INFO: Run Behavior\WriteHtmlCacheBehavior [ RunTime:0.000193s ]
INFO: [ view_filter ] --END-- [ RunTime:0.000226s ]
INFO: [ app_end ] --START--
INFO: Run Behavior\ShowPageTraceBehavior [ RunTime:0.000425s ]
INFO: [ app_end ] --END-- [ RunTime:0.000472s ]

[ 2017-06-08T09:42:10+08:00 ] 140.205.253.138 /
INFO: [ app_init ] --START--
INFO: Run Behavior\BuildLiteBehavior [ RunTime:0.000014s ]
INFO: [ app_init ] --END-- [ RunTime:0.000309s ]
INFO: [ app_begin ] --START--
INFO: Run Behavior\ReadHtmlCacheBehavior [ RunTime:0.000401s ]
INFO: Run Behavior\CheckLangBehavior [ RunTime:0.000841s ]
INFO: [ app_begin ] --END-- [ RunTime:0.001313s ]
SQL: SHOW COLUMNS FROM `qw_setting` [ RunTime:0.0006s ]
SQL: SELECT `k`,`v` FROM `qw_setting`  [ RunTime:0.0002s ]
SQL: SHOW COLUMNS FROM `qw_felgproduct` [ RunTime:0.0005s ]
SQL: SHOW COLUMNS FROM `qw_rflinkerproduct` [ RunTime:0.0005s ]
SQL: SELECT `id`,en_ftname as name,`xl_type` FROM `qw_felgproduct` WHERE ( search = 1 ) UNION SELECT id,en_rrname as name,xl_type FROM qw_rflinkerproduct where search=1 [ RunTime:0.0004s ]
SQL: SELECT `id`,en_ftname as name,`xl_type` FROM `qw_felgproduct` UNION SELECT id,en_rrname as name,xl_type FROM qw_rflinkerproduct  [ RunTime:0.0005s ]
SQL: SHOW COLUMNS FROM `qw_indexshow` [ RunTime:0.0006s ]
SQL: SELECT `id`,en_fghzname as fghzname,en_fghzshow as fghzshow,en_rrhzname as rrhzname,en_rrhzshow as rrhzshow,en_tjhzname as tjhzname,en_tjhzshow as tjhzshow FROM `qw_indexshow` LIMIT 1   [ RunTime:0.0002s ]
SQL: SHOW COLUMNS FROM `qw_flashview` [ RunTime:0.0005s ]
SQL: SELECT `id`,en_flashviewpc as flashviewpc,en_title as title,en_fwshowpc as fwshowpc,en_fwlink as fwlink,`fwsort` FROM `qw_flashview` ORDER BY fwsort  [ RunTime:0.0002s ]
SQL: SHOW COLUMNS FROM `qw_felghz` [ RunTime:0.0004s ]
SQL: SELECT `id`,en_fghz as fghz,en_fghztitle as fghztitle,en_fghzimg as fghzimg,`fghzsort` FROM `qw_felghz` ORDER BY fghzsort LIMIT 4   [ RunTime:0.0002s ]
SQL: SHOW COLUMNS FROM `qw_rflinkerhz` [ RunTime:0.0005s ]
SQL: SELECT `id`,en_rflinkerhz as rflinkerhz,en_rrtitle as rrtitle,en_rrimg as rrimg,`rrsort` FROM `qw_rflinkerhz` ORDER BY rrsort LIMIT 4   [ RunTime:0.0002s ]
SQL: SHOW COLUMNS FROM `qw_tuijian` [ RunTime:0.0005s ]
SQL: SELECT `id`,en_felgname as felgname,en_rrname as rrname,`type`,`tjsotr` FROM `qw_tuijian` ORDER BY tjsotr  [ RunTime:0.0002s ]
SQL: SHOW COLUMNS FROM `qw_industry` [ RunTime:0.0006s ]
SQL: SELECT `id`,en_imgiy as imgiy,`iysort` FROM `qw_industry` ORDER BY iysort LIMIT 4   [ RunTime:0.0002s ]
INFO: [ view_parse ] --START--
INFO: [ template_filter ] --START--
INFO: Run Behavior\ContentReplaceBehavior [ RunTime:0.000101s ]
INFO: [ template_filter ] --END-- [ RunTime:0.000148s ]
NOTIC: [8] Use of undefined constant Index - assumed 'Index' /www/web/rflinker_com/public_html/App/Runtime/Cache/Home/3da8682377a51f4116c98bfda6b18a92.php 第 144 行.
NOTIC: [8] Use of undefined constant Feig - assumed 'Feig' /www/web/rflinker_com/public_html/App/Runtime/Cache/Home/3da8682377a51f4116c98bfda6b18a92.php 第 145 行.
NOTIC: [8] Use of undefined constant Rflinker - assumed 'Rflinker' /www/web/rflinker_com/public_html/App/Runtime/Cache/Home/3da8682377a51f4116c98bfda6b18a92.php 第 145 行.
NOTIC: [8] Use of undefined constant Vocationlist - assumed 'Vocationlist' /www/web/rflinker_com/public_html/App/Runtime/Cache/Home/3da8682377a51f4116c98bfda6b18a92.php 第 146 行.
NOTIC: [8] Use of undefined constant Codeinput - assumed 'Codeinput' /www/web/rflinker_com/public_html/App/Runtime/Cache/Home/3da8682377a51f4116c98bfda6b18a92.php 第 147 行.
NOTIC: [8] Use of undefined constant Aboutus - assumed 'Aboutus' /www/web/rflinker_com/public_html/App/Runtime/Cache/Home/3da8682377a51f4116c98bfda6b18a92.php 第 148 行.
INFO: Run Behavior\ParseTemplateBehavior [ RunTime:0.014115s ]
INFO: [ view_parse ] --END-- [ RunTime:0.014155s ]
INFO: [ view_filter ] --START--
INFO: Run Behavior\WriteHtmlCacheBehavior [ RunTime:0.000187s ]
INFO: [ view_filter ] --END-- [ RunTime:0.000224s ]
INFO: [ app_end ] --START--
INFO: Run Behavior\ShowPageTraceBehavior [ RunTime:0.000400s ]
INFO: [ app_end ] --END-- [ RunTime:0.000445s ]

[ 2017-06-08T09:52:05+08:00 ] 140.205.253.138 /
INFO: [ app_init ] --START--
INFO: Run Behavior\BuildLiteBehavior [ RunTime:0.000014s ]
INFO: [ app_init ] --END-- [ RunTime:0.000312s ]
INFO: [ app_begin ] --START--
INFO: Run Behavior\ReadHtmlCacheBehavior [ RunTime:0.000427s ]
INFO: Run Behavior\CheckLangBehavior [ RunTime:0.000822s ]
INFO: [ app_begin ] --END-- [ RunTime:0.001328s ]
SQL: SHOW COLUMNS FROM `qw_setting` [ RunTime:0.0007s ]
SQL: SELECT `k`,`v` FROM `qw_setting`  [ RunTime:0.0002s ]
SQL: SHOW COLUMNS FROM `qw_felgproduct` [ RunTime:0.0006s ]
SQL: SHOW COLUMNS FROM `qw_rflinkerproduct` [ RunTime:0.0006s ]
SQL: SELECT `id`,en_ftname as name,`xl_type` FROM `qw_felgproduct` WHERE ( search = 1 ) UNION SELECT id,en_rrname as name,xl_type FROM qw_rflinkerproduct where search=1 [ RunTime:0.0004s ]
SQL: SELECT `id`,en_ftname as name,`xl_type` FROM `qw_felgproduct` UNION SELECT id,en_rrname as name,xl_type FROM qw_rflinkerproduct  [ RunTime:0.0005s ]
SQL: SHOW COLUMNS FROM `qw_indexshow` [ RunTime:0.0006s ]
SQL: SELECT `id`,en_fghzname as fghzname,en_fghzshow as fghzshow,en_rrhzname as rrhzname,en_rrhzshow as rrhzshow,en_tjhzname as tjhzname,en_tjhzshow as tjhzshow FROM `qw_indexshow` LIMIT 1   [ RunTime:0.0002s ]
SQL: SHOW COLUMNS FROM `qw_flashview` [ RunTime:0.0005s ]
SQL: SELECT `id`,en_flashviewpc as flashviewpc,en_title as title,en_fwshowpc as fwshowpc,en_fwlink as fwlink,`fwsort` FROM `qw_flashview` ORDER BY fwsort  [ RunTime:0.0002s ]
SQL: SHOW COLUMNS FROM `qw_felghz` [ RunTime:0.0004s ]
SQL: SELECT `id`,en_fghz as fghz,en_fghztitle as fghztitle,en_fghzimg as fghzimg,`fghzsort` FROM `qw_felghz` ORDER BY fghzsort LIMIT 4   [ RunTime:0.0002s ]
SQL: SHOW COLUMNS FROM `qw_rflinkerhz` [ RunTime:0.0005s ]
SQL: SELECT `id`,en_rflinkerhz as rflinkerhz,en_rrtitle as rrtitle,en_rrimg as rrimg,`rrsort` FROM `qw_rflinkerhz` ORDER BY rrsort LIMIT 4   [ RunTime:0.0002s ]
SQL: SHOW COLUMNS FROM `qw_tuijian` [ RunTime:0.0005s ]
SQL: SELECT `id`,en_felgname as felgname,en_rrname as rrname,`type`,`tjsotr` FROM `qw_tuijian` ORDER BY tjsotr  [ RunTime:0.0002s ]
SQL: SHOW COLUMNS FROM `qw_industry` [ RunTime:0.0006s ]
SQL: SELECT `id`,en_imgiy as imgiy,`iysort` FROM `qw_industry` ORDER BY iysort LIMIT 4   [ RunTime:0.0002s ]
INFO: [ view_parse ] --START--
INFO: [ template_filter ] --START--
INFO: Run Behavior\ContentReplaceBehavior [ RunTime:0.000097s ]
INFO: [ template_filter ] --END-- [ RunTime:0.000152s ]
NOTIC: [8] Use of undefined constant Index - assumed 'Index' /www/web/rflinker_com/public_html/App/Runtime/Cache/Home/3da8682377a51f4116c98bfda6b18a92.php 第 144 行.
NOTIC: [8] Use of undefined constant Feig - assumed 'Feig' /www/web/rflinker_com/public_html/App/Runtime/Cache/Home/3da8682377a51f4116c98bfda6b18a92.php 第 145 行.
NOTIC: [8] Use of undefined constant Rflinker - assumed 'Rflinker' /www/web/rflinker_com/public_html/App/Runtime/Cache/Home/3da8682377a51f4116c98bfda6b18a92.php 第 145 行.
NOTIC: [8] Use of undefined constant Vocationlist - assumed 'Vocationlist' /www/web/rflinker_com/public_html/App/Runtime/Cache/Home/3da8682377a51f4116c98bfda6b18a92.php 第 146 行.
NOTIC: [8] Use of undefined constant Codeinput - assumed 'Codeinput' /www/web/rflinker_com/public_html/App/Runtime/Cache/Home/3da8682377a51f4116c98bfda6b18a92.php 第 147 行.
NOTIC: [8] Use of undefined constant Aboutus - assumed 'Aboutus' /www/web/rflinker_com/public_html/App/Runtime/Cache/Home/3da8682377a51f4116c98bfda6b18a92.php 第 148 行.
INFO: Run Behavior\ParseTemplateBehavior [ RunTime:0.016437s ]
INFO: [ view_parse ] --END-- [ RunTime:0.016498s ]
INFO: [ view_filter ] --START--
INFO: Run Behavior\WriteHtmlCacheBehavior [ RunTime:0.000203s ]
INFO: [ view_filter ] --END-- [ RunTime:0.000236s ]
INFO: [ app_end ] --START--
INFO: Run Behavior\ShowPageTraceBehavior [ RunTime:0.000437s ]
INFO: [ app_end ] --END-- [ RunTime:0.000482s ]

[ 2017-06-08T10:04:15+08:00 ] 119.23.169.215 /index.php/Home/Productdetails/index.html?type=1&id=130
INFO: [ app_init ] --START--
INFO: Run Behavior\BuildLiteBehavior [ RunTime:0.000018s ]
INFO: [ app_init ] --END-- [ RunTime:0.000317s ]
INFO: [ app_begin ] --START--
INFO: Run Behavior\ReadHtmlCacheBehavior [ RunTime:0.000379s ]
INFO: Run Behavior\CheckLangBehavior [ RunTime:0.000891s ]
INFO: [ app_begin ] --END-- [ RunTime:0.001341s ]
SQL: SHOW COLUMNS FROM `qw_setting` [ RunTime:0.0007s ]
SQL: SELECT `k`,`v` FROM `qw_setting`  [ RunTime:0.0002s ]
SQL: SHOW COLUMNS FROM `qw_felgproduct` [ RunTime:0.0006s ]
SQL: SHOW COLUMNS FROM `qw_rflinkerproduct` [ RunTime:0.0006s ]
SQL: SELECT `id`,en_ftname as name,`xl_type` FROM `qw_felgproduct` WHERE ( search = 1 ) UNION SELECT id,en_rrname as name,xl_type FROM qw_rflinkerproduct where search=1 [ RunTime:0.0004s ]
SQL: SELECT `id`,en_ftname as name,`xl_type` FROM `qw_felgproduct` UNION SELECT id,en_rrname as name,xl_type FROM qw_rflinkerproduct  [ RunTime:0.0006s ]
SQL: SELECT `id`,felgenhzname as hzname,felgentypename  as typename,en_ftname as ftname,en_fttitle as fttitle,en_ftimg as ftimg,en_ftspec as ftspec,`ftsort` FROM `qw_felgproduct` WHERE ( id =130 ) ORDER BY ftsort LIMIT 1   [ RunTime:0.0003s ]
SQL: SHOW COLUMNS FROM `qw_matching` [ RunTime:0.0004s ]
SQL: SHOW COLUMNS FROM `qw_felgproduct` [ RunTime:0.0005s ]
SQL: SELECT f.id,en_ftname as ftname,en_fttitle as fttitle,en_ftimg as ftimg FROM qw_felgproduct f INNER JOIN 
						qw_matching m on f.en_ftname = m.en_mgname
					     WHERE ( fuid =130 )  [ RunTime:0.0002s ]
SQL: SHOW COLUMNS FROM `qw_felgptdown` [ RunTime:0.0005s ]
SQL: SELECT en_downname as downname,en_down as down,`downsort` FROM `qw_felgptdown` WHERE ( felgptid = 130 ) ORDER BY downsort  [ RunTime:0.0002s ]
INFO: [ view_parse ] --START--
INFO: [ template_filter ] --START--
INFO: Run Behavior\ContentReplaceBehavior [ RunTime:0.000075s ]
INFO: [ template_filter ] --END-- [ RunTime:0.000118s ]
NOTIC: [8] Use of undefined constant Index - assumed 'Index' /www/web/rflinker_com/public_html/App/Runtime/Cache/Home/4722ce9f6893de4df1acc80e009cbd5a.php 第 104 行.
NOTIC: [8] Use of undefined constant Feig - assumed 'Feig' /www/web/rflinker_com/public_html/App/Runtime/Cache/Home/4722ce9f6893de4df1acc80e009cbd5a.php 第 105 行.
NOTIC: [8] Use of undefined constant Rflinker - assumed 'Rflinker' /www/web/rflinker_com/public_html/App/Runtime/Cache/Home/4722ce9f6893de4df1acc80e009cbd5a.php 第 105 行.
NOTIC: [8] Use of undefined constant Vocationlist - assumed 'Vocationlist' /www/web/rflinker_com/public_html/App/Runtime/Cache/Home/4722ce9f6893de4df1acc80e009cbd5a.php 第 106 行.
NOTIC: [8] Use of undefined constant Codeinput - assumed 'Codeinput' /www/web/rflinker_com/public_html/App/Runtime/Cache/Home/4722ce9f6893de4df1acc80e009cbd5a.php 第 107 行.
NOTIC: [8] Use of undefined constant Aboutus - assumed 'Aboutus' /www/web/rflinker_com/public_html/App/Runtime/Cache/Home/4722ce9f6893de4df1acc80e009cbd5a.php 第 108 行.
INFO: Run Behavior\ParseTemplateBehavior [ RunTime:0.009099s ]
INFO: [ view_parse ] --END-- [ RunTime:0.009152s ]
INFO: [ view_filter ] --START--
INFO: Run Behavior\WriteHtmlCacheBehavior [ RunTime:0.000207s ]
INFO: [ view_filter ] --END-- [ RunTime:0.000242s ]
INFO: [ app_end ] --START--
INFO: Run Behavior\ShowPageTraceBehavior [ RunTime:0.000438s ]
INFO: [ app_end ] --END-- [ RunTime:0.000494s ]

[ 2017-06-08T15:39:43+08:00 ] 140.205.253.138 /
INFO: [ app_init ] --START--
INFO: Run Behavior\BuildLiteBehavior [ RunTime:0.000013s ]
INFO: [ app_init ] --END-- [ RunTime:0.000348s ]
INFO: [ app_begin ] --START--
INFO: Run Behavior\ReadHtmlCacheBehavior [ RunTime:0.000453s ]
INFO: Run Behavior\CheckLangBehavior [ RunTime:0.000848s ]
INFO: [ app_begin ] --END-- [ RunTime:0.001373s ]
SQL: SHOW COLUMNS FROM `qw_setting` [ RunTime:0.0007s ]
SQL: SELECT `k`,`v` FROM `qw_setting`  [ RunTime:0.0002s ]
SQL: SHOW COLUMNS FROM `qw_felgproduct` [ RunTime:0.0006s ]
SQL: SHOW COLUMNS FROM `qw_rflinkerproduct` [ RunTime:0.0005s ]
SQL: SELECT `id`,en_ftname as name,`xl_type` FROM `qw_felgproduct` WHERE ( search = 1 ) UNION SELECT id,en_rrname as name,xl_type FROM qw_rflinkerproduct where search=1 [ RunTime:0.0003s ]
SQL: SELECT `id`,en_ftname as name,`xl_type` FROM `qw_felgproduct` UNION SELECT id,en_rrname as name,xl_type FROM qw_rflinkerproduct  [ RunTime:0.0005s ]
SQL: SHOW COLUMNS FROM `qw_indexshow` [ RunTime:0.0005s ]
SQL: SELECT `id`,en_fghzname as fghzname,en_fghzshow as fghzshow,en_rrhzname as rrhzname,en_rrhzshow as rrhzshow,en_tjhzname as tjhzname,en_tjhzshow as tjhzshow FROM `qw_indexshow` LIMIT 1   [ RunTime:0.0002s ]
SQL: SHOW COLUMNS FROM `qw_flashview` [ RunTime:0.0005s ]
SQL: SELECT `id`,en_flashviewpc as flashviewpc,en_title as title,en_fwshowpc as fwshowpc,en_fwlink as fwlink,`fwsort` FROM `qw_flashview` ORDER BY fwsort  [ RunTime:0.0002s ]
SQL: SHOW COLUMNS FROM `qw_felghz` [ RunTime:0.0004s ]
SQL: SELECT `id`,en_fghz as fghz,en_fghztitle as fghztitle,en_fghzimg as fghzimg,`fghzsort` FROM `qw_felghz` ORDER BY fghzsort LIMIT 4   [ RunTime:0.0002s ]
SQL: SHOW COLUMNS FROM `qw_rflinkerhz` [ RunTime:0.0004s ]
SQL: SELECT `id`,en_rflinkerhz as rflinkerhz,en_rrtitle as rrtitle,en_rrimg as rrimg,`rrsort` FROM `qw_rflinkerhz` ORDER BY rrsort LIMIT 4   [ RunTime:0.0002s ]
SQL: SHOW COLUMNS FROM `qw_tuijian` [ RunTime:0.0005s ]
SQL: SELECT `id`,en_felgname as felgname,en_rrname as rrname,`type`,`tjsotr` FROM `qw_tuijian` ORDER BY tjsotr  [ RunTime:0.0002s ]
SQL: SHOW COLUMNS FROM `qw_industry` [ RunTime:0.0006s ]
SQL: SELECT `id`,en_imgiy as imgiy,`iysort` FROM `qw_industry` ORDER BY iysort LIMIT 4   [ RunTime:0.0002s ]
INFO: [ view_parse ] --START--
INFO: [ template_filter ] --START--
INFO: Run Behavior\ContentReplaceBehavior [ RunTime:0.000088s ]
INFO: [ template_filter ] --END-- [ RunTime:0.000133s ]
NOTIC: [8] Use of undefined constant Index - assumed 'Index' /www/web/rflinker_com/public_html/App/Runtime/Cache/Home/3da8682377a51f4116c98bfda6b18a92.php 第 144 行.
NOTIC: [8] Use of undefined constant Feig - assumed 'Feig' /www/web/rflinker_com/public_html/App/Runtime/Cache/Home/3da8682377a51f4116c98bfda6b18a92.php 第 145 行.
NOTIC: [8] Use of undefined constant Rflinker - assumed 'Rflinker' /www/web/rflinker_com/public_html/App/Runtime/Cache/Home/3da8682377a51f4116c98bfda6b18a92.php 第 145 行.
NOTIC: [8] Use of undefined constant Vocationlist - assumed 'Vocationlist' /www/web/rflinker_com/public_html/App/Runtime/Cache/Home/3da8682377a51f4116c98bfda6b18a92.php 第 146 行.
NOTIC: [8] Use of undefined constant Codeinput - assumed 'Codeinput' /www/web/rflinker_com/public_html/App/Runtime/Cache/Home/3da8682377a51f4116c98bfda6b18a92.php 第 147 行.
NOTIC: [8] Use of undefined constant Aboutus - assumed 'Aboutus' /www/web/rflinker_com/public_html/App/Runtime/Cache/Home/3da8682377a51f4116c98bfda6b18a92.php 第 148 行.
INFO: Run Behavior\ParseTemplateBehavior [ RunTime:0.014856s ]
INFO: [ view_parse ] --END-- [ RunTime:0.014896s ]
INFO: [ view_filter ] --START--
INFO: Run Behavior\WriteHtmlCacheBehavior [ RunTime:0.000184s ]
INFO: [ view_filter ] --END-- [ RunTime:0.000217s ]
INFO: [ app_end ] --START--
INFO: Run Behavior\ShowPageTraceBehavior [ RunTime:0.000411s ]
INFO: [ app_end ] --END-- [ RunTime:0.000462s ]

[ 2017-06-08T16:23:26+08:00 ] 140.205.253.135 /index.php/Home/Productdetails/index.html?type=1&id=151
INFO: [ app_init ] --START--
INFO: Run Behavior\BuildLiteBehavior [ RunTime:0.000013s ]
INFO: [ app_init ] --END-- [ RunTime:0.000339s ]
INFO: [ app_begin ] --START--
INFO: Run Behavior\ReadHtmlCacheBehavior [ RunTime:0.000414s ]
INFO: Run Behavior\CheckLangBehavior [ RunTime:0.000894s ]
INFO: [ app_begin ] --END-- [ RunTime:0.001379s ]
SQL: SHOW COLUMNS FROM `qw_setting` [ RunTime:0.0007s ]
SQL: SELECT `k`,`v` FROM `qw_setting`  [ RunTime:0.0002s ]
SQL: SHOW COLUMNS FROM `qw_felgproduct` [ RunTime:0.0006s ]
SQL: SHOW COLUMNS FROM `qw_rflinkerproduct` [ RunTime:0.0005s ]
SQL: SELECT `id`,en_ftname as name,`xl_type` FROM `qw_felgproduct` WHERE ( search = 1 ) UNION SELECT id,en_rrname as name,xl_type FROM qw_rflinkerproduct where search=1 [ RunTime:0.0004s ]
SQL: SELECT `id`,en_ftname as name,`xl_type` FROM `qw_felgproduct` UNION SELECT id,en_rrname as name,xl_type FROM qw_rflinkerproduct  [ RunTime:0.0005s ]
SQL: SELECT `id`,felgenhzname as hzname,felgentypename  as typename,en_ftname as ftname,en_fttitle as fttitle,en_ftimg as ftimg,en_ftspec as ftspec,`ftsort` FROM `qw_felgproduct` WHERE ( id =151 ) ORDER BY ftsort LIMIT 1   [ RunTime:0.0002s ]
SQL: SHOW COLUMNS FROM `qw_matching` [ RunTime:0.0005s ]
SQL: SHOW COLUMNS FROM `qw_felgproduct` [ RunTime:0.0005s ]
SQL: SELECT f.id,en_ftname as ftname,en_fttitle as fttitle,en_ftimg as ftimg FROM qw_felgproduct f INNER JOIN 
						qw_matching m on f.en_ftname = m.en_mgname
					     WHERE ( fuid =151 )  [ RunTime:0.0002s ]
SQL: SHOW COLUMNS FROM `qw_felgptdown` [ RunTime:0.0005s ]
SQL: SELECT en_downname as downname,en_down as down,`downsort` FROM `qw_felgptdown` WHERE ( felgptid = 151 ) ORDER BY downsort  [ RunTime:0.0002s ]
INFO: [ view_parse ] --START--
INFO: [ template_filter ] --START--
INFO: Run Behavior\ContentReplaceBehavior [ RunTime:0.000063s ]
INFO: [ template_filter ] --END-- [ RunTime:0.000109s ]
NOTIC: [8] Use of undefined constant Index - assumed 'Index' /www/web/rflinker_com/public_html/App/Runtime/Cache/Home/4722ce9f6893de4df1acc80e009cbd5a.php 第 104 行.
NOTIC: [8] Use of undefined constant Feig - assumed 'Feig' /www/web/rflinker_com/public_html/App/Runtime/Cache/Home/4722ce9f6893de4df1acc80e009cbd5a.php 第 105 行.
NOTIC: [8] Use of undefined constant Rflinker - assumed 'Rflinker' /www/web/rflinker_com/public_html/App/Runtime/Cache/Home/4722ce9f6893de4df1acc80e009cbd5a.php 第 105 行.
NOTIC: [8] Use of undefined constant Vocationlist - assumed 'Vocationlist' /www/web/rflinker_com/public_html/App/Runtime/Cache/Home/4722ce9f6893de4df1acc80e009cbd5a.php 第 106 行.
NOTIC: [8] Use of undefined constant Codeinput - assumed 'Codeinput' /www/web/rflinker_com/public_html/App/Runtime/Cache/Home/4722ce9f6893de4df1acc80e009cbd5a.php 第 107 行.
NOTIC: [8] Use of undefined constant Aboutus - assumed 'Aboutus' /www/web/rflinker_com/public_html/App/Runtime/Cache/Home/4722ce9f6893de4df1acc80e009cbd5a.php 第 108 行.
INFO: Run Behavior\ParseTemplateBehavior [ RunTime:0.009600s ]
INFO: [ view_parse ] --END-- [ RunTime:0.009637s ]
INFO: [ view_filter ] --START--
INFO: Run Behavior\WriteHtmlCacheBehavior [ RunTime:0.000204s ]
INFO: [ view_filter ] --END-- [ RunTime:0.000241s ]
INFO: [ app_end ] --START--
INFO: Run Behavior\ShowPageTraceBehavior [ RunTime:0.000478s ]
INFO: [ app_end ] --END-- [ RunTime:0.000525s ]

[ 2017-06-08T17:22:43+08:00 ] 140.205.253.138 /
INFO: [ app_init ] --START--
INFO: Run Behavior\BuildLiteBehavior [ RunTime:0.000020s ]
INFO: [ app_init ] --END-- [ RunTime:0.000377s ]
INFO: [ app_begin ] --START--
INFO: Run Behavior\ReadHtmlCacheBehavior [ RunTime:0.000505s ]
INFO: Run Behavior\CheckLangBehavior [ RunTime:0.000829s ]
INFO: [ app_begin ] --END-- [ RunTime:0.001427s ]
SQL: SHOW COLUMNS FROM `qw_setting` [ RunTime:0.0007s ]
SQL: SELECT `k`,`v` FROM `qw_setting`  [ RunTime:0.0002s ]
SQL: SHOW COLUMNS FROM `qw_felgproduct` [ RunTime:0.0006s ]
SQL: SHOW COLUMNS FROM `qw_rflinkerproduct` [ RunTime:0.0006s ]
SQL: SELECT `id`,en_ftname as name,`xl_type` FROM `qw_felgproduct` WHERE ( search = 1 ) UNION SELECT id,en_rrname as name,xl_type FROM qw_rflinkerproduct where search=1 [ RunTime:0.0004s ]
SQL: SELECT `id`,en_ftname as name,`xl_type` FROM `qw_felgproduct` UNION SELECT id,en_rrname as name,xl_type FROM qw_rflinkerproduct  [ RunTime:0.0006s ]
SQL: SHOW COLUMNS FROM `qw_indexshow` [ RunTime:0.0005s ]
SQL: SELECT `id`,en_fghzname as fghzname,en_fghzshow as fghzshow,en_rrhzname as rrhzname,en_rrhzshow as rrhzshow,en_tjhzname as tjhzname,en_tjhzshow as tjhzshow FROM `qw_indexshow` LIMIT 1   [ RunTime:0.0002s ]
SQL: SHOW COLUMNS FROM `qw_flashview` [ RunTime:0.0005s ]
SQL: SELECT `id`,en_flashviewpc as flashviewpc,en_title as title,en_fwshowpc as fwshowpc,en_fwlink as fwlink,`fwsort` FROM `qw_flashview` ORDER BY fwsort  [ RunTime:0.0002s ]
SQL: SHOW COLUMNS FROM `qw_felghz` [ RunTime:0.0005s ]
SQL: SELECT `id`,en_fghz as fghz,en_fghztitle as fghztitle,en_fghzimg as fghzimg,`fghzsort` FROM `qw_felghz` ORDER BY fghzsort LIMIT 4   [ RunTime:0.0002s ]
SQL: SHOW COLUMNS FROM `qw_rflinkerhz` [ RunTime:0.0005s ]
SQL: SELECT `id`,en_rflinkerhz as rflinkerhz,en_rrtitle as rrtitle,en_rrimg as rrimg,`rrsort` FROM `qw_rflinkerhz` ORDER BY rrsort LIMIT 4   [ RunTime:0.0002s ]
SQL: SHOW COLUMNS FROM `qw_tuijian` [ RunTime:0.0005s ]
SQL: SELECT `id`,en_felgname as felgname,en_rrname as rrname,`type`,`tjsotr` FROM `qw_tuijian` ORDER BY tjsotr  [ RunTime:0.0002s ]
SQL: SHOW COLUMNS FROM `qw_industry` [ RunTime:0.0007s ]
SQL: SELECT `id`,en_imgiy as imgiy,`iysort` FROM `qw_industry` ORDER BY iysort LIMIT 4   [ RunTime:0.0002s ]
INFO: [ view_parse ] --START--
INFO: [ template_filter ] --START--
INFO: Run Behavior\ContentReplaceBehavior [ RunTime:0.000094s ]
INFO: [ template_filter ] --END-- [ RunTime:0.000137s ]
NOTIC: [8] Use of undefined constant Index - assumed 'Index' /www/web/rflinker_com/public_html/App/Runtime/Cache/Home/3da8682377a51f4116c98bfda6b18a92.php 第 144 行.
NOTIC: [8] Use of undefined constant Feig - assumed 'Feig' /www/web/rflinker_com/public_html/App/Runtime/Cache/Home/3da8682377a51f4116c98bfda6b18a92.php 第 145 行.
NOTIC: [8] Use of undefined constant Rflinker - assumed 'Rflinker' /www/web/rflinker_com/public_html/App/Runtime/Cache/Home/3da8682377a51f4116c98bfda6b18a92.php 第 145 行.
NOTIC: [8] Use of undefined constant Vocationlist - assumed 'Vocationlist' /www/web/rflinker_com/public_html/App/Runtime/Cache/Home/3da8682377a51f4116c98bfda6b18a92.php 第 146 行.
NOTIC: [8] Use of undefined constant Codeinput - assumed 'Codeinput' /www/web/rflinker_com/public_html/App/Runtime/Cache/Home/3da8682377a51f4116c98bfda6b18a92.php 第 147 行.
NOTIC: [8] Use of undefined constant Aboutus - assumed 'Aboutus' /www/web/rflinker_com/public_html/App/Runtime/Cache/Home/3da8682377a51f4116c98bfda6b18a92.php 第 148 行.
INFO: Run Behavior\ParseTemplateBehavior [ RunTime:0.015347s ]
INFO: [ view_parse ] --END-- [ RunTime:0.015395s ]
INFO: [ view_filter ] --START--
INFO: Run Behavior\WriteHtmlCacheBehavior [ RunTime:0.000200s ]
INFO: [ view_filter ] --END-- [ RunTime:0.000232s ]
INFO: [ app_end ] --START--
INFO: Run Behavior\ShowPageTraceBehavior [ RunTime:0.000454s ]
INFO: [ app_end ] --END-- [ RunTime:0.000502s ]

[ 2017-06-08T17:50:46+08:00 ] 123.57.117.74 /
INFO: [ app_init ] --START--
INFO: Run Behavior\BuildLiteBehavior [ RunTime:0.000014s ]
INFO: [ app_init ] --END-- [ RunTime:0.000291s ]
INFO: [ app_begin ] --START--
INFO: Run Behavior\ReadHtmlCacheBehavior [ RunTime:0.000373s ]
INFO: Run Behavior\CheckLangBehavior [ RunTime:0.000778s ]
INFO: [ app_begin ] --END-- [ RunTime:0.001220s ]
SQL: SHOW COLUMNS FROM `qw_setting` [ RunTime:0.0007s ]
SQL: SELECT `k`,`v` FROM `qw_setting`  [ RunTime:0.0002s ]
SQL: SHOW COLUMNS FROM `qw_felgproduct` [ RunTime:0.0006s ]
SQL: SHOW COLUMNS FROM `qw_rflinkerproduct` [ RunTime:0.0006s ]
SQL: SELECT `id`,en_ftname as name,`xl_type` FROM `qw_felgproduct` WHERE ( search = 1 ) UNION SELECT id,en_rrname as name,xl_type FROM qw_rflinkerproduct where search=1 [ RunTime:0.0004s ]
SQL: SELECT `id`,en_ftname as name,`xl_type` FROM `qw_felgproduct` UNION SELECT id,en_rrname as name,xl_type FROM qw_rflinkerproduct  [ RunTime:0.0005s ]
SQL: SHOW COLUMNS FROM `qw_indexshow` [ RunTime:0.0005s ]
SQL: SELECT `id`,en_fghzname as fghzname,en_fghzshow as fghzshow,en_rrhzname as rrhzname,en_rrhzshow as rrhzshow,en_tjhzname as tjhzname,en_tjhzshow as tjhzshow FROM `qw_indexshow` LIMIT 1   [ RunTime:0.0002s ]
SQL: SHOW COLUMNS FROM `qw_flashview` [ RunTime:0.0005s ]
SQL: SELECT `id`,en_flashviewpc as flashviewpc,en_title as title,en_fwshowpc as fwshowpc,en_fwlink as fwlink,`fwsort` FROM `qw_flashview` ORDER BY fwsort  [ RunTime:0.0002s ]
SQL: SHOW COLUMNS FROM `qw_felghz` [ RunTime:0.0005s ]
SQL: SELECT `id`,en_fghz as fghz,en_fghztitle as fghztitle,en_fghzimg as fghzimg,`fghzsort` FROM `qw_felghz` ORDER BY fghzsort LIMIT 4   [ RunTime:0.0002s ]
SQL: SHOW COLUMNS FROM `qw_rflinkerhz` [ RunTime:0.0004s ]
SQL: SELECT `id`,en_rflinkerhz as rflinkerhz,en_rrtitle as rrtitle,en_rrimg as rrimg,`rrsort` FROM `qw_rflinkerhz` ORDER BY rrsort LIMIT 4   [ RunTime:0.0002s ]
SQL: SHOW COLUMNS FROM `qw_tuijian` [ RunTime:0.0005s ]
SQL: SELECT `id`,en_felgname as felgname,en_rrname as rrname,`type`,`tjsotr` FROM `qw_tuijian` ORDER BY tjsotr  [ RunTime:0.0002s ]
SQL: SHOW COLUMNS FROM `qw_industry` [ RunTime:0.0006s ]
SQL: SELECT `id`,en_imgiy as imgiy,`iysort` FROM `qw_industry` ORDER BY iysort LIMIT 4   [ RunTime:0.0002s ]
INFO: [ view_parse ] --START--
INFO: [ template_filter ] --START--
INFO: Run Behavior\ContentReplaceBehavior [ RunTime:0.000092s ]
INFO: [ template_filter ] --END-- [ RunTime:0.000135s ]
NOTIC: [8] Use of undefined constant Index - assumed 'Index' /www/web/rflinker_com/public_html/App/Runtime/Cache/Home/3da8682377a51f4116c98bfda6b18a92.php 第 144 行.
NOTIC: [8] Use of undefined constant Feig - assumed 'Feig' /www/web/rflinker_com/public_html/App/Runtime/Cache/Home/3da8682377a51f4116c98bfda6b18a92.php 第 145 行.
NOTIC: [8] Use of undefined constant Rflinker - assumed 'Rflinker' /www/web/rflinker_com/public_html/App/Runtime/Cache/Home/3da8682377a51f4116c98bfda6b18a92.php 第 145 行.
NOTIC: [8] Use of undefined constant Vocationlist - assumed 'Vocationlist' /www/web/rflinker_com/public_html/App/Runtime/Cache/Home/3da8682377a51f4116c98bfda6b18a92.php 第 146 行.
NOTIC: [8] Use of undefined constant Codeinput - assumed 'Codeinput' /www/web/rflinker_com/public_html/App/Runtime/Cache/Home/3da8682377a51f4116c98bfda6b18a92.php 第 147 行.
NOTIC: [8] Use of undefined constant Aboutus - assumed 'Aboutus' /www/web/rflinker_com/public_html/App/Runtime/Cache/Home/3da8682377a51f4116c98bfda6b18a92.php 第 148 行.
INFO: Run Behavior\ParseTemplateBehavior [ RunTime:0.014273s ]
INFO: [ view_parse ] --END-- [ RunTime:0.014312s ]
INFO: [ view_filter ] --START--
INFO: Run Behavior\WriteHtmlCacheBehavior [ RunTime:0.000186s ]
INFO: [ view_filter ] --END-- [ RunTime:0.000217s ]
INFO: [ app_end ] --START--
INFO: Run Behavior\ShowPageTraceBehavior [ RunTime:0.000470s ]
INFO: [ app_end ] --END-- [ RunTime:0.000516s ]

[ 2017-06-08T23:59:03+08:00 ] 123.57.117.74 /
INFO: [ app_init ] --START--
INFO: Run Behavior\BuildLiteBehavior [ RunTime:0.000015s ]
INFO: [ app_init ] --END-- [ RunTime:0.000375s ]
INFO: [ app_begin ] --START--
INFO: Run Behavior\ReadHtmlCacheBehavior [ RunTime:0.000426s ]
INFO: Run Behavior\CheckLangBehavior [ RunTime:0.000842s ]
INFO: [ app_begin ] --END-- [ RunTime:0.001347s ]
SQL: SHOW COLUMNS FROM `qw_setting` [ RunTime:0.0007s ]
SQL: SELECT `k`,`v` FROM `qw_setting`  [ RunTime:0.0002s ]
SQL: SHOW COLUMNS FROM `qw_felgproduct` [ RunTime:0.0006s ]
SQL: SHOW COLUMNS FROM `qw_rflinkerproduct` [ RunTime:0.0005s ]
SQL: SELECT `id`,en_ftname as name,`xl_type` FROM `qw_felgproduct` WHERE ( search = 1 ) UNION SELECT id,en_rrname as name,xl_type FROM qw_rflinkerproduct where search=1 [ RunTime:0.0004s ]
SQL: SELECT `id`,en_ftname as name,`xl_type` FROM `qw_felgproduct` UNION SELECT id,en_rrname as name,xl_type FROM qw_rflinkerproduct  [ RunTime:0.0006s ]
SQL: SHOW COLUMNS FROM `qw_indexshow` [ RunTime:0.0006s ]
SQL: SELECT `id`,en_fghzname as fghzname,en_fghzshow as fghzshow,en_rrhzname as rrhzname,en_rrhzshow as rrhzshow,en_tjhzname as tjhzname,en_tjhzshow as tjhzshow FROM `qw_indexshow` LIMIT 1   [ RunTime:0.0002s ]
SQL: SHOW COLUMNS FROM `qw_flashview` [ RunTime:0.0006s ]
SQL: SELECT `id`,en_flashviewpc as flashviewpc,en_title as title,en_fwshowpc as fwshowpc,en_fwlink as fwlink,`fwsort` FROM `qw_flashview` ORDER BY fwsort  [ RunTime:0.0002s ]
SQL: SHOW COLUMNS FROM `qw_felghz` [ RunTime:0.0004s ]
SQL: SELECT `id`,en_fghz as fghz,en_fghztitle as fghztitle,en_fghzimg as fghzimg,`fghzsort` FROM `qw_felghz` ORDER BY fghzsort LIMIT 4   [ RunTime:0.0002s ]
SQL: SHOW COLUMNS FROM `qw_rflinkerhz` [ RunTime:0.0004s ]
SQL: SELECT `id`,en_rflinkerhz as rflinkerhz,en_rrtitle as rrtitle,en_rrimg as rrimg,`rrsort` FROM `qw_rflinkerhz` ORDER BY rrsort LIMIT 4   [ RunTime:0.0002s ]
SQL: SHOW COLUMNS FROM `qw_tuijian` [ RunTime:0.0004s ]
SQL: SELECT `id`,en_felgname as felgname,en_rrname as rrname,`type`,`tjsotr` FROM `qw_tuijian` ORDER BY tjsotr  [ RunTime:0.0002s ]
SQL: SHOW COLUMNS FROM `qw_industry` [ RunTime:0.0006s ]
SQL: SELECT `id`,en_imgiy as imgiy,`iysort` FROM `qw_industry` ORDER BY iysort LIMIT 4   [ RunTime:0.0002s ]
INFO: [ view_parse ] --START--
INFO: [ template_filter ] --START--
INFO: Run Behavior\ContentReplaceBehavior [ RunTime:0.000154s ]
INFO: [ template_filter ] --END-- [ RunTime:0.000223s ]
NOTIC: [8] Use of undefined constant Index - assumed 'Index' /www/web/rflinker_com/public_html/App/Runtime/Cache/Home/3da8682377a51f4116c98bfda6b18a92.php 第 144 行.
NOTIC: [8] Use of undefined constant Feig - assumed 'Feig' /www/web/rflinker_com/public_html/App/Runtime/Cache/Home/3da8682377a51f4116c98bfda6b18a92.php 第 145 行.
NOTIC: [8] Use of undefined constant Rflinker - assumed 'Rflinker' /www/web/rflinker_com/public_html/App/Runtime/Cache/Home/3da8682377a51f4116c98bfda6b18a92.php 第 145 行.
NOTIC: [8] Use of undefined constant Vocationlist - assumed 'Vocationlist' /www/web/rflinker_com/public_html/App/Runtime/Cache/Home/3da8682377a51f4116c98bfda6b18a92.php 第 146 行.
NOTIC: [8] Use of undefined constant Codeinput - assumed 'Codeinput' /www/web/rflinker_com/public_html/App/Runtime/Cache/Home/3da8682377a51f4116c98bfda6b18a92.php 第 147 行.
NOTIC: [8] Use of undefined constant Aboutus - assumed 'Aboutus' /www/web/rflinker_com/public_html/App/Runtime/Cache/Home/3da8682377a51f4116c98bfda6b18a92.php 第 148 行.
INFO: Run Behavior\ParseTemplateBehavior [ RunTime:0.022801s ]
INFO: [ view_parse ] --END-- [ RunTime:0.022857s ]
INFO: [ view_filter ] --START--
INFO: Run Behavior\WriteHtmlCacheBehavior [ RunTime:0.000202s ]
INFO: [ view_filter ] --END-- [ RunTime:0.000234s ]
INFO: [ app_end ] --START--
INFO: Run Behavior\ShowPageTraceBehavior [ RunTime:0.000443s ]
INFO: [ app_end ] --END-- [ RunTime:0.000490s ]

