[ 2017-04-04T21:30:02+08:00 ] ::1 /guanwang/qwadmin/
INFO: [ app_init ] --START--
INFO: Run Behavior\BuildLiteBehavior [ RunTime:0.000080s ]
INFO: [ app_init ] --END-- [ RunTime:0.001199s ]
INFO: [ app_begin ] --START--
INFO: Run Behavior\ReadHtmlCacheBehavior [ RunTime:0.001472s ]
INFO: Run Behavior\CheckLangBehavior [ RunTime:0.050460s ]
INFO: [ app_begin ] --END-- [ RunTime:0.052307s ]
SQL: SHOW COLUMNS FROM `qw_setting` [ RunTime:0.0042s ]
SQL: SELECT `k`,`v` FROM `qw_setting`  [ RunTime:0.0004s ]
SQL: SHOW COLUMNS FROM `qw_flashview` [ RunTime:0.0056s ]
SQL: SELECT `id`,cn_flashviewpc as flashviewpc,cn_fwshowpc as fwshowpc,cn_fwlink as fwlink,`fwsort` FROM `qw_flashview` ORDER BY fwsort  [ RunTime:0.0005s ]
SQL: SHOW COLUMNS FROM `qw_industry` [ RunTime:0.0062s ]
SQL: SELECT `id`,cn_imgiy as imgiy,`iysort` FROM `qw_industry` ORDER BY iysort LIMIT 4   [ RunTime:0.0003s ]
INFO: [ view_parse ] --START--
INFO: [ template_filter ] --START--
INFO: Run Behavior\ContentReplaceBehavior [ RunTime:0.000738s ]
INFO: [ template_filter ] --END-- [ RunTime:0.001140s ]
INFO: Run Behavior\ParseTemplateBehavior [ RunTime:0.306186s ]
INFO: [ view_parse ] --END-- [ RunTime:0.306381s ]
INFO: [ view_filter ] --START--
INFO: Run Behavior\WriteHtmlCacheBehavior [ RunTime:0.000645s ]
INFO: [ view_filter ] --END-- [ RunTime:0.000811s ]
INFO: [ app_end ] --START--
INFO: Run Behavior\ShowPageTraceBehavior [ RunTime:0.000921s ]
INFO: [ app_end ] --END-- [ RunTime:0.001081s ]

[ 2017-04-04T21:30:40+08:00 ] ::1 /guanwang/qwadmin/index.php/home/cs
INFO: [ app_init ] --START--
INFO: Run Behavior\BuildLiteBehavior [ RunTime:0.000037s ]
INFO: [ app_init ] --END-- [ RunTime:0.000597s ]
INFO: [ app_begin ] --START--
INFO: Run Behavior\ReadHtmlCacheBehavior [ RunTime:0.001501s ]
INFO: Run Behavior\CheckLangBehavior [ RunTime:0.003237s ]
INFO: [ app_begin ] --END-- [ RunTime:0.005172s ]
SQL: SHOW COLUMNS FROM `qw_setting` [ RunTime:0.0320s ]
SQL: SELECT `k`,`v` FROM `qw_setting`  [ RunTime:0.0003s ]
INFO: [ view_parse ] --START--
INFO: [ template_filter ] --START--
INFO: Run Behavior\ContentReplaceBehavior [ RunTime:0.000087s ]
INFO: [ template_filter ] --END-- [ RunTime:0.000272s ]
INFO: Run Behavior\ParseTemplateBehavior [ RunTime:0.118939s ]
INFO: [ view_parse ] --END-- [ RunTime:0.119123s ]
INFO: [ view_filter ] --START--
INFO: Run Behavior\WriteHtmlCacheBehavior [ RunTime:0.000690s ]
INFO: [ view_filter ] --END-- [ RunTime:0.000859s ]
INFO: [ app_end ] --START--
INFO: Run Behavior\ShowPageTraceBehavior [ RunTime:0.000912s ]
INFO: [ app_end ] --END-- [ RunTime:0.001068s ]

[ 2017-04-04T21:30:43+08:00 ] ::1 /guanwang/qwadmin/index.php/home/Supportservices
INFO: [ app_init ] --START--
INFO: Run Behavior\BuildLiteBehavior [ RunTime:0.000070s ]
INFO: [ app_init ] --END-- [ RunTime:0.000842s ]
INFO: [ app_begin ] --START--
INFO: Run Behavior\ReadHtmlCacheBehavior [ RunTime:0.001098s ]
INFO: Run Behavior\CheckLangBehavior [ RunTime:0.001623s ]
INFO: [ app_begin ] --END-- [ RunTime:0.003031s ]
SQL: SHOW COLUMNS FROM `qw_setting` [ RunTime:0.0283s ]
SQL: SELECT `k`,`v` FROM `qw_setting`  [ RunTime:0.0003s ]
INFO: [ view_parse ] --START--
INFO: [ template_filter ] --START--
INFO: Run Behavior\ContentReplaceBehavior [ RunTime:0.000130s ]
INFO: [ template_filter ] --END-- [ RunTime:0.000314s ]
INFO: Run Behavior\ParseTemplateBehavior [ RunTime:0.011823s ]
INFO: [ view_parse ] --END-- [ RunTime:0.012021s ]
INFO: [ view_filter ] --START--
INFO: Run Behavior\WriteHtmlCacheBehavior [ RunTime:0.001214s ]
INFO: [ view_filter ] --END-- [ RunTime:0.001427s ]
INFO: [ app_end ] --START--
INFO: Run Behavior\ShowPageTraceBehavior [ RunTime:0.002134s ]
INFO: [ app_end ] --END-- [ RunTime:0.002586s ]

[ 2017-04-04T21:30:43+08:00 ] ::1 /guanwang/qwadmin/index.php/home/css/flexslider.css
INFO: [ app_init ] --START--
INFO: Run Behavior\BuildLiteBehavior [ RunTime:0.000077s ]
INFO: [ app_init ] --END-- [ RunTime:0.005124s ]
INFO: [ app_begin ] --START--
INFO: Run Behavior\ReadHtmlCacheBehavior [ RunTime:0.001317s ]
INFO: Run Behavior\CheckLangBehavior [ RunTime:0.002124s ]
INFO: [ app_begin ] --END-- [ RunTime:0.004012s ]
ERR: 无法加载控制器:Css

[ 2017-04-04T21:30:43+08:00 ] ::1 /guanwang/qwadmin/index.php/home/css/animate.css
INFO: [ app_init ] --START--
INFO: Run Behavior\BuildLiteBehavior [ RunTime:0.000065s ]
INFO: [ app_init ] --END-- [ RunTime:0.002182s ]
INFO: [ app_begin ] --START--
INFO: Run Behavior\ReadHtmlCacheBehavior [ RunTime:0.001633s ]
INFO: Run Behavior\CheckLangBehavior [ RunTime:0.002374s ]
INFO: [ app_begin ] --END-- [ RunTime:0.004654s ]
ERR: 无法加载控制器:Css

[ 2017-04-04T21:30:43+08:00 ] ::1 /guanwang/qwadmin/index.php/home/css/bootstrap.min.css
INFO: [ app_init ] --START--
INFO: Run Behavior\BuildLiteBehavior [ RunTime:0.000076s ]
INFO: [ app_init ] --END-- [ RunTime:0.002556s ]
INFO: [ app_begin ] --START--
INFO: Run Behavior\ReadHtmlCacheBehavior [ RunTime:0.003968s ]
INFO: Run Behavior\CheckLangBehavior [ RunTime:0.003246s ]
INFO: [ app_begin ] --END-- [ RunTime:0.007754s ]
ERR: 无法加载控制器:Css

[ 2017-04-04T21:30:43+08:00 ] ::1 /guanwang/qwadmin/index.php/home/css/font-awesome.min.css
INFO: [ app_init ] --START--
INFO: Run Behavior\BuildLiteBehavior [ RunTime:0.000067s ]
INFO: [ app_init ] --END-- [ RunTime:0.000956s ]
INFO: [ app_begin ] --START--
INFO: Run Behavior\ReadHtmlCacheBehavior [ RunTime:0.001343s ]
INFO: Run Behavior\CheckLangBehavior [ RunTime:0.004973s ]
INFO: [ app_begin ] --END-- [ RunTime:0.006925s ]
ERR: 无法加载控制器:Css

[ 2017-04-04T21:30:43+08:00 ] ::1 /guanwang/qwadmin/index.php/home/css/owl.carousel.css
INFO: [ app_init ] --START--
INFO: Run Behavior\BuildLiteBehavior [ RunTime:0.000040s ]
INFO: [ app_init ] --END-- [ RunTime:0.000873s ]
INFO: [ app_begin ] --START--
INFO: Run Behavior\ReadHtmlCacheBehavior [ RunTime:0.000934s ]
INFO: Run Behavior\CheckLangBehavior [ RunTime:0.004854s ]
INFO: [ app_begin ] --END-- [ RunTime:0.006108s ]
ERR: 无法加载控制器:Css

[ 2017-04-04T21:30:43+08:00 ] ::1 /guanwang/qwadmin/index.php/home/css/style.css
INFO: [ app_init ] --START--
INFO: Run Behavior\BuildLiteBehavior [ RunTime:0.000045s ]
INFO: [ app_init ] --END-- [ RunTime:0.013612s ]
INFO: [ app_begin ] --START--
INFO: Run Behavior\ReadHtmlCacheBehavior [ RunTime:0.001019s ]
INFO: Run Behavior\CheckLangBehavior [ RunTime:0.001582s ]
INFO: [ app_begin ] --END-- [ RunTime:0.002909s ]
ERR: 无法加载控制器:Css

[ 2017-04-04T21:30:43+08:00 ] ::1 /guanwang/qwadmin/index.php/home/css/new.css
INFO: [ app_init ] --START--
INFO: Run Behavior\BuildLiteBehavior [ RunTime:0.000073s ]
INFO: [ app_init ] --END-- [ RunTime:0.005048s ]
INFO: [ app_begin ] --START--
INFO: Run Behavior\ReadHtmlCacheBehavior [ RunTime:0.002346s ]
INFO: Run Behavior\CheckLangBehavior [ RunTime:0.003291s ]
INFO: [ app_begin ] --END-- [ RunTime:0.006345s ]
ERR: 无法加载控制器:Css

[ 2017-04-04T21:30:43+08:00 ] ::1 /guanwang/qwadmin/index.php/home/js/jquery.min.js
INFO: [ app_init ] --START--
INFO: Run Behavior\BuildLiteBehavior [ RunTime:0.000078s ]
INFO: [ app_init ] --END-- [ RunTime:0.001069s ]
INFO: [ app_begin ] --START--
INFO: Run Behavior\ReadHtmlCacheBehavior [ RunTime:0.001610s ]
INFO: Run Behavior\CheckLangBehavior [ RunTime:0.003447s ]
INFO: [ app_begin ] --END-- [ RunTime:0.005669s ]
ERR: 无法加载控制器:Js

[ 2017-04-04T21:30:43+08:00 ] ::1 /guanwang/qwadmin/index.php/home/Swiper-3.4.2/dist/css/swiper.css
INFO: [ app_init ] --START--
INFO: Run Behavior\BuildLiteBehavior [ RunTime:0.000073s ]
INFO: [ app_init ] --END-- [ RunTime:0.001124s ]
INFO: [ app_begin ] --START--
INFO: Run Behavior\ReadHtmlCacheBehavior [ RunTime:0.000671s ]
INFO: Run Behavior\CheckLangBehavior [ RunTime:0.001124s ]
INFO: [ app_begin ] --END-- [ RunTime:0.002200s ]
ERR: 无法加载控制器:Swiper-3.4.2

[ 2017-04-04T21:30:43+08:00 ] ::1 /guanwang/qwadmin/index.php/home/js/bootstrap.min.js
INFO: [ app_init ] --START--
INFO: Run Behavior\BuildLiteBehavior [ RunTime:0.000072s ]
INFO: [ app_init ] --END-- [ RunTime:0.001386s ]
INFO: [ app_begin ] --START--
INFO: Run Behavior\ReadHtmlCacheBehavior [ RunTime:0.002795s ]
INFO: Run Behavior\CheckLangBehavior [ RunTime:0.002700s ]
INFO: [ app_begin ] --END-- [ RunTime:0.006152s ]
ERR: 无法加载控制器:Js

[ 2017-04-04T21:30:43+08:00 ] ::1 /guanwang/qwadmin/index.php/home/js/owl.carousel.js
INFO: [ app_init ] --START--
INFO: Run Behavior\BuildLiteBehavior [ RunTime:0.000072s ]
INFO: [ app_init ] --END-- [ RunTime:0.000889s ]
INFO: [ app_begin ] --START--
INFO: Run Behavior\ReadHtmlCacheBehavior [ RunTime:0.001132s ]
INFO: Run Behavior\CheckLangBehavior [ RunTime:0.001867s ]
INFO: [ app_begin ] --END-- [ RunTime:0.003543s ]
ERR: 无法加载控制器:Js

[ 2017-04-04T21:30:43+08:00 ] ::1 /guanwang/qwadmin/index.php/home/js/jquery.validation.js
INFO: [ app_init ] --START--
INFO: Run Behavior\BuildLiteBehavior [ RunTime:0.000072s ]
INFO: [ app_init ] --END-- [ RunTime:0.001119s ]
INFO: [ app_begin ] --START--
INFO: Run Behavior\ReadHtmlCacheBehavior [ RunTime:0.002932s ]
INFO: Run Behavior\CheckLangBehavior [ RunTime:0.002561s ]
INFO: [ app_begin ] --END-- [ RunTime:0.006082s ]
ERR: 无法加载控制器:Js

[ 2017-04-04T21:30:43+08:00 ] ::1 /guanwang/qwadmin/index.php/home/js/jquery.parallax-1.1.3.js
INFO: [ app_init ] --START--
INFO: Run Behavior\BuildLiteBehavior [ RunTime:0.000068s ]
INFO: [ app_init ] --END-- [ RunTime:0.000940s ]
INFO: [ app_begin ] --START--
INFO: Run Behavior\ReadHtmlCacheBehavior [ RunTime:0.001838s ]
INFO: Run Behavior\CheckLangBehavior [ RunTime:0.002715s ]
INFO: [ app_begin ] --END-- [ RunTime:0.005077s ]
ERR: 无法加载控制器:Js

[ 2017-04-04T21:30:43+08:00 ] ::1 /guanwang/qwadmin/index.php/home/js/main.js
INFO: [ app_init ] --START--
INFO: Run Behavior\BuildLiteBehavior [ RunTime:0.000074s ]
INFO: [ app_init ] --END-- [ RunTime:0.000884s ]
INFO: [ app_begin ] --START--
INFO: Run Behavior\ReadHtmlCacheBehavior [ RunTime:0.001809s ]
INFO: Run Behavior\CheckLangBehavior [ RunTime:0.002742s ]
INFO: [ app_begin ] --END-- [ RunTime:0.005136s ]
ERR: 无法加载控制器:Js

[ 2017-04-04T21:30:43+08:00 ] ::1 /guanwang/qwadmin/index.php/home/js/flexslider.js
INFO: [ app_init ] --START--
INFO: Run Behavior\BuildLiteBehavior [ RunTime:0.000073s ]
INFO: [ app_init ] --END-- [ RunTime:0.000883s ]
INFO: [ app_begin ] --START--
INFO: Run Behavior\ReadHtmlCacheBehavior [ RunTime:0.001115s ]
INFO: Run Behavior\CheckLangBehavior [ RunTime:0.001823s ]
INFO: [ app_begin ] --END-- [ RunTime:0.003478s ]
ERR: 无法加载控制器:Js

[ 2017-04-04T21:30:43+08:00 ] ::1 /guanwang/qwadmin/index.php/home/js/jquery.appear.js
INFO: [ app_init ] --START--
INFO: Run Behavior\BuildLiteBehavior [ RunTime:0.000069s ]
INFO: [ app_init ] --END-- [ RunTime:0.000940s ]
INFO: [ app_begin ] --START--
INFO: Run Behavior\ReadHtmlCacheBehavior [ RunTime:0.003700s ]
INFO: Run Behavior\CheckLangBehavior [ RunTime:0.067163s ]
INFO: [ app_begin ] --END-- [ RunTime:0.073491s ]
ERR: 无法加载控制器:Js

[ 2017-04-04T21:30:43+08:00 ] ::1 /guanwang/qwadmin/index.php/home/js/aircity.js
INFO: [ app_init ] --START--
INFO: Run Behavior\BuildLiteBehavior [ RunTime:0.000071s ]
INFO: [ app_init ] --END-- [ RunTime:0.001125s ]
INFO: [ app_begin ] --START--
INFO: Run Behavior\ReadHtmlCacheBehavior [ RunTime:0.002142s ]
INFO: Run Behavior\CheckLangBehavior [ RunTime:0.002539s ]
INFO: [ app_begin ] --END-- [ RunTime:0.005451s ]
ERR: 无法加载控制器:Js

[ 2017-04-04T21:30:43+08:00 ] ::1 /guanwang/qwadmin/index.php/home/images/1920X6003.jpg
INFO: [ app_init ] --START--
INFO: Run Behavior\BuildLiteBehavior [ RunTime:0.000374s ]
INFO: [ app_init ] --END-- [ RunTime:0.002561s ]

[ 2017-04-04T21:30:43+08:00 ] ::1 /guanwang/qwadmin/index.php/home/js/mixitup.js
INFO: [ app_init ] --START--
INFO: Run Behavior\BuildLiteBehavior [ RunTime:0.000073s ]
INFO: [ app_init ] --END-- [ RunTime:0.012860s ]
INFO: [ app_begin ] --START--
INFO: Run Behavior\ReadHtmlCacheBehavior [ RunTime:0.003935s ]
INFO: Run Behavior\CheckLangBehavior [ RunTime:0.028698s ]
INFO: [ app_begin ] --END-- [ RunTime:0.035229s ]
ERR: 无法加载控制器:Js

[ 2017-04-04T21:30:43+08:00 ] ::1 /guanwang/qwadmin/index.php/home/images/about-us.jpg
INFO: [ app_init ] --START--
INFO: Run Behavior\BuildLiteBehavior [ RunTime:0.000069s ]
INFO: [ app_init ] --END-- [ RunTime:0.000920s ]

[ 2017-04-04T21:30:43+08:00 ] ::1 /guanwang/qwadmin/index.php/home/Swiper-3.4.2/dist/js/swiper.min.js
INFO: [ app_init ] --START--
INFO: Run Behavior\BuildLiteBehavior [ RunTime:0.000125s ]
INFO: [ app_init ] --END-- [ RunTime:0.003215s ]
INFO: [ app_begin ] --START--
INFO: Run Behavior\ReadHtmlCacheBehavior [ RunTime:0.003515s ]
INFO: Run Behavior\CheckLangBehavior [ RunTime:0.002802s ]
INFO: [ app_begin ] --END-- [ RunTime:0.008832s ]
ERR: 无法加载控制器:Swiper-3.4.2

[ 2017-04-04T21:30:43+08:00 ] ::1 /guanwang/qwadmin/index.php/home/js/scrollfix.js
INFO: [ app_init ] --START--
INFO: Run Behavior\BuildLiteBehavior [ RunTime:0.000079s ]
INFO: [ app_init ] --END-- [ RunTime:0.004833s ]
INFO: [ app_begin ] --START--
INFO: Run Behavior\ReadHtmlCacheBehavior [ RunTime:0.001326s ]
INFO: Run Behavior\CheckLangBehavior [ RunTime:0.002730s ]
INFO: [ app_begin ] --END-- [ RunTime:0.005031s ]
ERR: 无法加载控制器:Js

[ 2017-04-04T21:30:43+08:00 ] ::1 /guanwang/qwadmin/index.php/home/images/logo.png
INFO: [ app_init ] --START--
INFO: Run Behavior\BuildLiteBehavior [ RunTime:0.000074s ]
INFO: [ app_init ] --END-- [ RunTime:0.001052s ]

[ 2017-04-04T21:30:43+08:00 ] ::1 /guanwang/qwadmin/index.php/home/js/owl.carousel.js
INFO: [ app_init ] --START--
INFO: Run Behavior\BuildLiteBehavior [ RunTime:0.000069s ]
INFO: [ app_init ] --END-- [ RunTime:0.001072s ]
INFO: [ app_begin ] --START--
INFO: Run Behavior\ReadHtmlCacheBehavior [ RunTime:0.002232s ]
INFO: Run Behavior\CheckLangBehavior [ RunTime:0.003262s ]
INFO: [ app_begin ] --END-- [ RunTime:0.006635s ]
ERR: 无法加载控制器:Js

[ 2017-04-04T21:30:44+08:00 ] ::1 /guanwang/qwadmin/index.php/home/js/jquery.appear.js
INFO: [ app_init ] --START--
INFO: Run Behavior\BuildLiteBehavior [ RunTime:0.000045s ]
INFO: [ app_init ] --END-- [ RunTime:0.000683s ]
INFO: [ app_begin ] --START--
INFO: Run Behavior\ReadHtmlCacheBehavior [ RunTime:0.000885s ]
INFO: Run Behavior\CheckLangBehavior [ RunTime:0.001672s ]
INFO: [ app_begin ] --END-- [ RunTime:0.002945s ]
ERR: 无法加载控制器:Js

[ 2017-04-04T21:30:44+08:00 ] ::1 /guanwang/qwadmin/index.php/home/js/mixitup.js
INFO: [ app_init ] --START--
INFO: Run Behavior\BuildLiteBehavior [ RunTime:0.000049s ]
INFO: [ app_init ] --END-- [ RunTime:0.000687s ]
INFO: [ app_begin ] --START--
INFO: Run Behavior\ReadHtmlCacheBehavior [ RunTime:0.000979s ]
INFO: Run Behavior\CheckLangBehavior [ RunTime:0.001594s ]
INFO: [ app_begin ] --END-- [ RunTime:0.002886s ]
ERR: 无法加载控制器:Js

[ 2017-04-04T21:30:44+08:00 ] ::1 /guanwang/qwadmin/index.php/home/js/jquery.validation.js
INFO: [ app_init ] --START--
INFO: Run Behavior\BuildLiteBehavior [ RunTime:0.000085s ]
INFO: [ app_init ] --END-- [ RunTime:0.000667s ]
INFO: [ app_begin ] --START--
INFO: Run Behavior\ReadHtmlCacheBehavior [ RunTime:0.000893s ]
INFO: Run Behavior\CheckLangBehavior [ RunTime:0.003868s ]
INFO: [ app_begin ] --END-- [ RunTime:0.005330s ]
ERR: 无法加载控制器:Js

[ 2017-04-04T21:30:44+08:00 ] ::1 /guanwang/qwadmin/index.php/home/js/jquery.parallax-1.1.3.js
INFO: [ app_init ] --START--
INFO: Run Behavior\BuildLiteBehavior [ RunTime:0.000042s ]
INFO: [ app_init ] --END-- [ RunTime:0.000605s ]
INFO: [ app_begin ] --START--
INFO: Run Behavior\ReadHtmlCacheBehavior [ RunTime:0.001001s ]
INFO: Run Behavior\CheckLangBehavior [ RunTime:0.002141s ]
INFO: [ app_begin ] --END-- [ RunTime:0.003965s ]
ERR: 无法加载控制器:Js

[ 2017-04-04T21:30:44+08:00 ] ::1 /guanwang/qwadmin/index.php/home/js/main.js
INFO: [ app_init ] --START--
INFO: Run Behavior\BuildLiteBehavior [ RunTime:0.000047s ]
INFO: [ app_init ] --END-- [ RunTime:0.000859s ]
INFO: [ app_begin ] --START--
INFO: Run Behavior\ReadHtmlCacheBehavior [ RunTime:0.001112s ]
INFO: Run Behavior\CheckLangBehavior [ RunTime:0.001690s ]
INFO: [ app_begin ] --END-- [ RunTime:0.003157s ]
ERR: 无法加载控制器:Js

[ 2017-04-04T21:30:44+08:00 ] ::1 /guanwang/qwadmin/index.php/home/js/aircity.js
INFO: [ app_init ] --START--
INFO: Run Behavior\BuildLiteBehavior [ RunTime:0.000044s ]
INFO: [ app_init ] --END-- [ RunTime:0.000652s ]
INFO: [ app_begin ] --START--
INFO: Run Behavior\ReadHtmlCacheBehavior [ RunTime:0.001436s ]
INFO: Run Behavior\CheckLangBehavior [ RunTime:0.001675s ]
INFO: [ app_begin ] --END-- [ RunTime:0.003563s ]
ERR: 无法加载控制器:Js

[ 2017-04-04T21:30:44+08:00 ] ::1 /guanwang/qwadmin/index.php/home/Swiper-3.4.2/dist/js/swiper.min.js
INFO: [ app_init ] --START--
INFO: Run Behavior\BuildLiteBehavior [ RunTime:0.000045s ]
INFO: [ app_init ] --END-- [ RunTime:0.000700s ]
INFO: [ app_begin ] --START--
INFO: Run Behavior\ReadHtmlCacheBehavior [ RunTime:0.001676s ]
INFO: Run Behavior\CheckLangBehavior [ RunTime:0.001813s ]
INFO: [ app_begin ] --END-- [ RunTime:0.004166s ]
ERR: 无法加载控制器:Swiper-3.4.2

[ 2017-04-04T21:30:44+08:00 ] ::1 /guanwang/qwadmin/index.php/home/js/scrollfix.js
INFO: [ app_init ] --START--
INFO: Run Behavior\BuildLiteBehavior [ RunTime:0.000046s ]
INFO: [ app_init ] --END-- [ RunTime:0.000701s ]
INFO: [ app_begin ] --START--
INFO: Run Behavior\ReadHtmlCacheBehavior [ RunTime:0.001003s ]
INFO: Run Behavior\CheckLangBehavior [ RunTime:0.001788s ]
INFO: [ app_begin ] --END-- [ RunTime:0.003125s ]
ERR: 无法加载控制器:Js

[ 2017-04-04T21:33:12+08:00 ] ::1 /guanwang/qwadmin/index.php/home/Supportservices
INFO: [ app_init ] --START--
INFO: Run Behavior\BuildLiteBehavior [ RunTime:0.000077s ]
INFO: [ app_init ] --END-- [ RunTime:0.004952s ]
INFO: [ app_begin ] --START--
INFO: Run Behavior\ReadHtmlCacheBehavior [ RunTime:0.001098s ]
INFO: Run Behavior\CheckLangBehavior [ RunTime:0.003522s ]
INFO: [ app_begin ] --END-- [ RunTime:0.005252s ]
SQL: SHOW COLUMNS FROM `qw_setting` [ RunTime:0.0053s ]
SQL: SELECT `k`,`v` FROM `qw_setting`  [ RunTime:0.0003s ]
INFO: [ view_parse ] --START--
INFO: [ template_filter ] --START--
INFO: Run Behavior\ContentReplaceBehavior [ RunTime:0.000143s ]
INFO: [ template_filter ] --END-- [ RunTime:0.000332s ]
INFO: Run Behavior\ParseTemplateBehavior [ RunTime:0.012292s ]
INFO: [ view_parse ] --END-- [ RunTime:0.012474s ]
INFO: [ view_filter ] --START--
INFO: Run Behavior\WriteHtmlCacheBehavior [ RunTime:0.000554s ]
INFO: [ view_filter ] --END-- [ RunTime:0.000738s ]
INFO: [ app_end ] --START--
INFO: Run Behavior\ShowPageTraceBehavior [ RunTime:0.000837s ]
INFO: [ app_end ] --END-- [ RunTime:0.001002s ]

[ 2017-04-04T21:33:12+08:00 ] ::1 /guanwang/qwadmin/index.php/home/Supportservices
INFO: [ app_init ] --START--
INFO: Run Behavior\BuildLiteBehavior [ RunTime:0.000064s ]
INFO: [ app_init ] --END-- [ RunTime:0.000979s ]
INFO: [ app_begin ] --START--
INFO: Run Behavior\ReadHtmlCacheBehavior [ RunTime:0.000963s ]
INFO: Run Behavior\CheckLangBehavior [ RunTime:0.001984s ]
INFO: [ app_begin ] --END-- [ RunTime:0.003306s ]
SQL: SHOW COLUMNS FROM `qw_setting` [ RunTime:0.0042s ]
SQL: SELECT `k`,`v` FROM `qw_setting`  [ RunTime:0.0002s ]
INFO: [ view_parse ] --START--
INFO: [ template_filter ] --START--
INFO: Run Behavior\ContentReplaceBehavior [ RunTime:0.000149s ]
INFO: [ template_filter ] --END-- [ RunTime:0.000369s ]
INFO: Run Behavior\ParseTemplateBehavior [ RunTime:0.012751s ]
INFO: [ view_parse ] --END-- [ RunTime:0.012947s ]
INFO: [ view_filter ] --START--
INFO: Run Behavior\WriteHtmlCacheBehavior [ RunTime:0.000601s ]
INFO: [ view_filter ] --END-- [ RunTime:0.000782s ]
INFO: [ app_end ] --START--
INFO: Run Behavior\ShowPageTraceBehavior [ RunTime:0.005168s ]
INFO: [ app_end ] --END-- [ RunTime:0.005568s ]

[ 2017-04-04T21:33:12+08:00 ] ::1 /guanwang/qwadmin/index.php/home/Swiper-3.4.2/dist//guanwang/qwadmin/Public/qiantai/css/swiper.css
INFO: [ app_init ] --START--
INFO: Run Behavior\BuildLiteBehavior [ RunTime:0.000049s ]
INFO: [ app_init ] --END-- [ RunTime:0.000737s ]
INFO: [ app_begin ] --START--
INFO: Run Behavior\ReadHtmlCacheBehavior [ RunTime:0.000964s ]
INFO: Run Behavior\CheckLangBehavior [ RunTime:0.001540s ]
INFO: [ app_begin ] --END-- [ RunTime:0.002800s ]
ERR: 无法加载控制器:Swiper-3.4.2

[ 2017-04-04T21:33:13+08:00 ] ::1 /guanwang/qwadmin/index.php/home/Swiper-3.4.2/dist//guanwang/qwadmin/Public/qiantai/js/swiper.min.js
INFO: [ app_init ] --START--
INFO: Run Behavior\BuildLiteBehavior [ RunTime:0.000141s ]
INFO: [ app_init ] --END-- [ RunTime:0.005395s ]
INFO: [ app_begin ] --START--
INFO: Run Behavior\ReadHtmlCacheBehavior [ RunTime:0.001857s ]
INFO: Run Behavior\CheckLangBehavior [ RunTime:0.002301s ]
INFO: [ app_begin ] --END-- [ RunTime:0.004970s ]
ERR: 无法加载控制器:Swiper-3.4.2

[ 2017-04-04T21:34:07+08:00 ] ::1 /guanwang/qwadmin/index.php/home/Swiper-3.4.2/dist//guanwang/qwadmin/Public/qiantai/css/swiper.css
INFO: [ app_init ] --START--
INFO: Run Behavior\BuildLiteBehavior [ RunTime:0.000068s ]
INFO: [ app_init ] --END-- [ RunTime:0.001046s ]
INFO: [ app_begin ] --START--
INFO: Run Behavior\ReadHtmlCacheBehavior [ RunTime:0.001896s ]
INFO: Run Behavior\CheckLangBehavior [ RunTime:0.022250s ]
INFO: [ app_begin ] --END-- [ RunTime:0.025168s ]
ERR: 无法加载控制器:Swiper-3.4.2

[ 2017-04-04T21:35:04+08:00 ] ::1 /guanwang/qwadmin/index.php/home/Supportservices
INFO: [ app_init ] --START--
INFO: Run Behavior\BuildLiteBehavior [ RunTime:0.000041s ]
INFO: [ app_init ] --END-- [ RunTime:0.000644s ]
INFO: [ app_begin ] --START--
INFO: Run Behavior\ReadHtmlCacheBehavior [ RunTime:0.003240s ]
INFO: Run Behavior\CheckLangBehavior [ RunTime:0.002962s ]
INFO: [ app_begin ] --END-- [ RunTime:0.006667s ]
SQL: SHOW COLUMNS FROM `qw_setting` [ RunTime:0.0052s ]
SQL: SELECT `k`,`v` FROM `qw_setting`  [ RunTime:0.0003s ]
INFO: [ view_parse ] --START--
INFO: [ template_filter ] --START--
INFO: Run Behavior\ContentReplaceBehavior [ RunTime:0.000243s ]
INFO: [ template_filter ] --END-- [ RunTime:0.000647s ]
INFO: Run Behavior\ParseTemplateBehavior [ RunTime:0.020498s ]
INFO: [ view_parse ] --END-- [ RunTime:0.020857s ]
INFO: [ view_filter ] --START--
INFO: Run Behavior\WriteHtmlCacheBehavior [ RunTime:0.002008s ]
INFO: [ view_filter ] --END-- [ RunTime:0.002326s ]
INFO: [ app_end ] --START--
INFO: Run Behavior\ShowPageTraceBehavior [ RunTime:0.001561s ]
INFO: [ app_end ] --END-- [ RunTime:0.001833s ]

[ 2017-04-04T21:35:04+08:00 ] ::1 /guanwang/qwadmin/index.php/home/Swiper-3.4.2/dist//guanwang/qwadmin/Public/qiantai/css/swiper.css
INFO: [ app_init ] --START--
INFO: Run Behavior\BuildLiteBehavior [ RunTime:0.000088s ]
INFO: [ app_init ] --END-- [ RunTime:0.006403s ]
INFO: [ app_begin ] --START--
INFO: Run Behavior\ReadHtmlCacheBehavior [ RunTime:0.006721s ]
INFO: Run Behavior\CheckLangBehavior [ RunTime:0.003278s ]
INFO: [ app_begin ] --END-- [ RunTime:0.010748s ]
ERR: 无法加载控制器:Swiper-3.4.2

[ 2017-04-04T21:35:11+08:00 ] ::1 /guanwang/qwadmin/index.php/home/Swiper-3.4.2/dist//guanwang/qwadmin/Public/qiantai/css/swiper.css
INFO: [ app_init ] --START--
INFO: Run Behavior\BuildLiteBehavior [ RunTime:0.000083s ]
INFO: [ app_init ] --END-- [ RunTime:0.001038s ]
INFO: [ app_begin ] --START--
INFO: Run Behavior\ReadHtmlCacheBehavior [ RunTime:0.001923s ]
INFO: Run Behavior\CheckLangBehavior [ RunTime:0.005437s ]
INFO: [ app_begin ] --END-- [ RunTime:0.008382s ]
ERR: 无法加载控制器:Swiper-3.4.2

[ 2017-04-04T21:35:31+08:00 ] ::1 /guanwang/qwadmin/index.php/home/Supportservices
INFO: [ app_init ] --START--
INFO: Run Behavior\BuildLiteBehavior [ RunTime:0.000044s ]
INFO: [ app_init ] --END-- [ RunTime:0.000608s ]
INFO: [ app_begin ] --START--
INFO: Run Behavior\ReadHtmlCacheBehavior [ RunTime:0.000798s ]
INFO: Run Behavior\CheckLangBehavior [ RunTime:0.001286s ]
INFO: [ app_begin ] --END-- [ RunTime:0.002486s ]
SQL: SHOW COLUMNS FROM `qw_setting` [ RunTime:0.0045s ]
SQL: SELECT `k`,`v` FROM `qw_setting`  [ RunTime:0.0003s ]
INFO: [ view_parse ] --START--
INFO: [ template_filter ] --START--
INFO: Run Behavior\ContentReplaceBehavior [ RunTime:0.000251s ]
INFO: [ template_filter ] --END-- [ RunTime:0.000619s ]
INFO: Run Behavior\ParseTemplateBehavior [ RunTime:0.015292s ]
INFO: [ view_parse ] --END-- [ RunTime:0.015631s ]
INFO: [ view_filter ] --START--
INFO: Run Behavior\WriteHtmlCacheBehavior [ RunTime:0.000796s ]
INFO: [ view_filter ] --END-- [ RunTime:0.001112s ]
INFO: [ app_end ] --START--
INFO: Run Behavior\ShowPageTraceBehavior [ RunTime:0.000973s ]
INFO: [ app_end ] --END-- [ RunTime:0.001237s ]

[ 2017-04-04T22:25:23+08:00 ] ::1 /guanwang/qwadmin/index.php/home/Supportservices
INFO: [ app_init ] --START--
INFO: Run Behavior\BuildLiteBehavior [ RunTime:0.000041s ]
INFO: [ app_init ] --END-- [ RunTime:0.000628s ]
INFO: [ app_begin ] --START--
INFO: Run Behavior\ReadHtmlCacheBehavior [ RunTime:0.001067s ]
INFO: Run Behavior\CheckLangBehavior [ RunTime:0.002100s ]
INFO: [ app_begin ] --END-- [ RunTime:0.003655s ]
SQL: SHOW COLUMNS FROM `qw_setting` [ RunTime:0.0064s ]
SQL: SELECT `k`,`v` FROM `qw_setting`  [ RunTime:0.0003s ]
SQL: SHOW COLUMNS FROM `qw_support` [ RunTime:0.0043s ]
SQL: SELECT `id`,cn_stname as stname,cn_sttitle as sttitle,cn_sttype as sttype,`stsort` FROM `qw_support` ORDER BY stsort  [ RunTime:0.0005s ]

[ 2017-04-04T22:26:07+08:00 ] ::1 /guanwang/qwadmin/index.php/home/Supportservices
INFO: [ app_init ] --START--
INFO: Run Behavior\BuildLiteBehavior [ RunTime:0.000048s ]
INFO: [ app_init ] --END-- [ RunTime:0.001744s ]
INFO: [ app_begin ] --START--
INFO: Run Behavior\ReadHtmlCacheBehavior [ RunTime:0.001108s ]
INFO: Run Behavior\CheckLangBehavior [ RunTime:0.001947s ]
INFO: [ app_begin ] --END-- [ RunTime:0.003457s ]
SQL: SHOW COLUMNS FROM `qw_setting` [ RunTime:0.0043s ]
SQL: SELECT `k`,`v` FROM `qw_setting`  [ RunTime:0.0004s ]
SQL: SHOW COLUMNS FROM `qw_support` [ RunTime:0.0052s ]
SQL: SELECT `id`,cn_stname as stname,cn_sttitle as sttitle,cn_sttype as sttype,`stsort` FROM `qw_support` ORDER BY stsort  [ RunTime:0.0004s ]

[ 2017-04-04T22:26:14+08:00 ] ::1 /guanwang/qwadmin/index.php/home/Supportservices
INFO: [ app_init ] --START--
INFO: Run Behavior\BuildLiteBehavior [ RunTime:0.000046s ]
INFO: [ app_init ] --END-- [ RunTime:0.000640s ]
INFO: [ app_begin ] --START--
INFO: Run Behavior\ReadHtmlCacheBehavior [ RunTime:0.000963s ]
INFO: Run Behavior\CheckLangBehavior [ RunTime:0.001710s ]
INFO: [ app_begin ] --END-- [ RunTime:0.003713s ]
SQL: SHOW COLUMNS FROM `qw_setting` [ RunTime:0.0062s ]
SQL: SELECT `k`,`v` FROM `qw_setting`  [ RunTime:0.0005s ]
SQL: SHOW COLUMNS FROM `qw_support` [ RunTime:0.0042s ]
SQL: SELECT `id`,cn_stname as stname,cn_sttitle as sttitle,cn_sttype as sttype,`stsort` FROM `qw_support` ORDER BY stsort  [ RunTime:0.0003s ]
INFO: [ view_parse ] --START--
INFO: [ template_filter ] --START--
INFO: Run Behavior\ContentReplaceBehavior [ RunTime:0.000459s ]
INFO: [ template_filter ] --END-- [ RunTime:0.001708s ]
INFO: Run Behavior\ParseTemplateBehavior [ RunTime:0.020856s ]
INFO: [ view_parse ] --END-- [ RunTime:0.021123s ]
INFO: [ view_filter ] --START--
INFO: Run Behavior\WriteHtmlCacheBehavior [ RunTime:0.001022s ]
INFO: [ view_filter ] --END-- [ RunTime:0.001358s ]
INFO: [ app_end ] --START--
INFO: Run Behavior\ShowPageTraceBehavior [ RunTime:0.002761s ]
INFO: [ app_end ] --END-- [ RunTime:0.003283s ]

[ 2017-04-04T22:26:19+08:00 ] ::1 /guanwang/qwadmin/index.php/home/support-services.html
INFO: [ app_init ] --START--
INFO: Run Behavior\BuildLiteBehavior [ RunTime:0.000075s ]
INFO: [ app_init ] --END-- [ RunTime:0.000818s ]
INFO: [ app_begin ] --START--
INFO: Run Behavior\ReadHtmlCacheBehavior [ RunTime:0.001194s ]
INFO: Run Behavior\CheckLangBehavior [ RunTime:0.002801s ]
INFO: [ app_begin ] --END-- [ RunTime:0.004427s ]
ERR: 无法加载控制器:Support-services

[ 2017-04-04T22:27:13+08:00 ] ::1 /guanwang/qwadmin/index.php/home/support-services.html
INFO: [ app_init ] --START--
INFO: Run Behavior\BuildLiteBehavior [ RunTime:0.000040s ]
INFO: [ app_init ] --END-- [ RunTime:0.000635s ]
INFO: [ app_begin ] --START--
INFO: Run Behavior\ReadHtmlCacheBehavior [ RunTime:0.000876s ]
INFO: Run Behavior\CheckLangBehavior [ RunTime:0.001538s ]
INFO: [ app_begin ] --END-- [ RunTime:0.002755s ]
ERR: 无法加载控制器:Support-services

[ 2017-04-04T22:27:20+08:00 ] ::1 /guanwang/qwadmin/index.php/home/support-services.html
INFO: [ app_init ] --START--
INFO: Run Behavior\BuildLiteBehavior [ RunTime:0.000085s ]
INFO: [ app_init ] --END-- [ RunTime:0.001366s ]
INFO: [ app_begin ] --START--
INFO: Run Behavior\ReadHtmlCacheBehavior [ RunTime:0.001079s ]
INFO: Run Behavior\CheckLangBehavior [ RunTime:0.001668s ]
INFO: [ app_begin ] --END-- [ RunTime:0.003105s ]
ERR: 无法加载控制器:Support-services

[ 2017-04-04T22:27:34+08:00 ] ::1 /guanwang/qwadmin/index.php/home/Supportservices
INFO: [ app_init ] --START--
INFO: Run Behavior\BuildLiteBehavior [ RunTime:0.000260s ]
INFO: [ app_init ] --END-- [ RunTime:0.004860s ]
INFO: [ app_begin ] --START--
INFO: Run Behavior\ReadHtmlCacheBehavior [ RunTime:0.001084s ]
INFO: Run Behavior\CheckLangBehavior [ RunTime:0.003207s ]
INFO: [ app_begin ] --END-- [ RunTime:0.004868s ]
SQL: SHOW COLUMNS FROM `qw_setting` [ RunTime:0.0060s ]
SQL: SELECT `k`,`v` FROM `qw_setting`  [ RunTime:0.0004s ]
SQL: SHOW COLUMNS FROM `qw_support` [ RunTime:0.0050s ]
SQL: SELECT `id`,cn_stname as stname,cn_sttitle as sttitle,cn_sttype as sttype,`stsort` FROM `qw_support` ORDER BY stsort  [ RunTime:0.0003s ]
INFO: [ view_parse ] --START--
INFO: [ template_filter ] --START--
INFO: Run Behavior\ContentReplaceBehavior [ RunTime:0.000252s ]
INFO: [ template_filter ] --END-- [ RunTime:0.000696s ]
INFO: Run Behavior\ParseTemplateBehavior [ RunTime:0.030768s ]
INFO: [ view_parse ] --END-- [ RunTime:0.030966s ]
INFO: [ view_filter ] --START--
INFO: Run Behavior\WriteHtmlCacheBehavior [ RunTime:0.001042s ]
INFO: [ view_filter ] --END-- [ RunTime:0.001305s ]
INFO: [ app_end ] --START--
INFO: Run Behavior\ShowPageTraceBehavior [ RunTime:0.001109s ]
INFO: [ app_end ] --END-- [ RunTime:0.001291s ]

[ 2017-04-04T22:27:39+08:00 ] ::1 /guanwang/qwadmin/index.php/Home/Supportservices/Index.html
INFO: [ app_init ] --START--
INFO: Run Behavior\BuildLiteBehavior [ RunTime:0.000072s ]
INFO: [ app_init ] --END-- [ RunTime:0.001035s ]
INFO: [ app_begin ] --START--
INFO: Run Behavior\ReadHtmlCacheBehavior [ RunTime:0.001544s ]
INFO: Run Behavior\CheckLangBehavior [ RunTime:0.002324s ]
INFO: [ app_begin ] --END-- [ RunTime:0.004407s ]
SQL: SHOW COLUMNS FROM `qw_setting` [ RunTime:0.0041s ]
SQL: SELECT `k`,`v` FROM `qw_setting`  [ RunTime:0.0003s ]
SQL: SHOW COLUMNS FROM `qw_support` [ RunTime:0.0060s ]
SQL: SELECT `id`,cn_stname as stname,cn_sttitle as sttitle,cn_sttype as sttype,`stsort` FROM `qw_support` ORDER BY stsort  [ RunTime:0.0008s ]
INFO: [ view_parse ] --START--
INFO: [ template_filter ] --START--
INFO: Run Behavior\ContentReplaceBehavior [ RunTime:0.000227s ]
INFO: [ template_filter ] --END-- [ RunTime:0.000535s ]
INFO: Run Behavior\ParseTemplateBehavior [ RunTime:0.025848s ]
INFO: [ view_parse ] --END-- [ RunTime:0.026323s ]
INFO: [ view_filter ] --START--
INFO: Run Behavior\WriteHtmlCacheBehavior [ RunTime:0.001283s ]
INFO: [ view_filter ] --END-- [ RunTime:0.001545s ]
INFO: [ app_end ] --START--
INFO: Run Behavior\ShowPageTraceBehavior [ RunTime:0.001559s ]
INFO: [ app_end ] --END-- [ RunTime:0.001851s ]

[ 2017-04-04T22:27:59+08:00 ] ::1 /guanwang/qwadmin/index.php/Home/Supportservices/Index.html
INFO: [ app_init ] --START--
INFO: Run Behavior\BuildLiteBehavior [ RunTime:0.000159s ]
INFO: [ app_init ] --END-- [ RunTime:0.001974s ]
INFO: [ app_begin ] --START--
INFO: Run Behavior\ReadHtmlCacheBehavior [ RunTime:0.000945s ]
INFO: Run Behavior\CheckLangBehavior [ RunTime:0.001633s ]
INFO: [ app_begin ] --END-- [ RunTime:0.002887s ]
SQL: SHOW COLUMNS FROM `qw_setting` [ RunTime:0.0045s ]
SQL: SELECT `k`,`v` FROM `qw_setting`  [ RunTime:0.0002s ]
SQL: SHOW COLUMNS FROM `qw_support` [ RunTime:0.0055s ]
SQL: SELECT `id`,cn_stname as stname,cn_sttitle as sttitle,cn_sttype as sttype,`stsort` FROM `qw_support` ORDER BY stsort  [ RunTime:0.0003s ]

[ 2017-04-04T22:28:04+08:00 ] ::1 /guanwang/qwadmin/index.php/Home/Supportservices/index/lang/en-us.html
INFO: [ app_init ] --START--
INFO: Run Behavior\BuildLiteBehavior [ RunTime:0.000060s ]
INFO: [ app_init ] --END-- [ RunTime:0.000907s ]
INFO: [ app_begin ] --START--
INFO: Run Behavior\ReadHtmlCacheBehavior [ RunTime:0.000909s ]
INFO: Run Behavior\CheckLangBehavior [ RunTime:0.050029s ]
INFO: [ app_begin ] --END-- [ RunTime:0.051274s ]
SQL: SHOW COLUMNS FROM `qw_setting` [ RunTime:0.0053s ]
SQL: SELECT `k`,`v` FROM `qw_setting`  [ RunTime:0.0004s ]
SQL: SHOW COLUMNS FROM `qw_support` [ RunTime:0.0061s ]
SQL: SELECT `id`,en_stname as stname,en_sttitle as sttitle,en_sttype as sttype,`stsort` FROM `qw_support` ORDER BY stsort  [ RunTime:0.0004s ]

[ 2017-04-04T22:29:19+08:00 ] ::1 /guanwang/qwadmin/index.php/Home/Supportservices/index/lang/en-us.html
INFO: [ app_init ] --START--
INFO: Run Behavior\BuildLiteBehavior [ RunTime:0.000085s ]
INFO: [ app_init ] --END-- [ RunTime:0.001589s ]
INFO: [ app_begin ] --START--
INFO: Run Behavior\ReadHtmlCacheBehavior [ RunTime:0.001284s ]
INFO: Run Behavior\CheckLangBehavior [ RunTime:0.003481s ]
INFO: [ app_begin ] --END-- [ RunTime:0.005217s ]
SQL: SHOW COLUMNS FROM `qw_setting` [ RunTime:0.0050s ]
SQL: SELECT `k`,`v` FROM `qw_setting`  [ RunTime:0.0005s ]
SQL: SHOW COLUMNS FROM `qw_support` [ RunTime:0.0059s ]
NOTIC: [2] Missing argument 1 for Think\Model::where(), called in F:\wamp\www\guanwang\qwadmin\App\Home\Controller\SupportservicesController.class.php on line 17 and defined F:\wamp\www\guanwang\qwadmin\ThinkPHP\Library\Think\Model.class.php 第 1777 行.
NOTIC: [8] Undefined variable: where F:\wamp\www\guanwang\qwadmin\ThinkPHP\Library\Think\Model.class.php 第 1785 行.
NOTIC: [8] Undefined variable: where F:\wamp\www\guanwang\qwadmin\ThinkPHP\Library\Think\Model.class.php 第 1788 行.
NOTIC: [8] Undefined variable: where F:\wamp\www\guanwang\qwadmin\ThinkPHP\Library\Think\Model.class.php 第 1796 行.
SQL: SELECT `id`,en_stname as stname,en_sttitle as sttitle,en_sttype as sttype,`stsort` FROM `qw_support` ORDER BY stsort  [ RunTime:0.0006s ]

[ 2017-04-04T22:29:28+08:00 ] ::1 /guanwang/qwadmin/index.php/Home/Supportservices/index/lang/ch-cn.html
INFO: [ app_init ] --START--
INFO: Run Behavior\BuildLiteBehavior [ RunTime:0.000065s ]
INFO: [ app_init ] --END-- [ RunTime:0.000978s ]
INFO: [ app_begin ] --START--
INFO: Run Behavior\ReadHtmlCacheBehavior [ RunTime:0.004611s ]
INFO: Run Behavior\CheckLangBehavior [ RunTime:0.005323s ]
INFO: [ app_begin ] --END-- [ RunTime:0.010634s ]
SQL: SHOW COLUMNS FROM `qw_setting` [ RunTime:0.0057s ]
SQL: SELECT `k`,`v` FROM `qw_setting`  [ RunTime:0.0005s ]
SQL: SHOW COLUMNS FROM `qw_support` [ RunTime:0.0046s ]
NOTIC: [2] Missing argument 1 for Think\Model::where(), called in F:\wamp\www\guanwang\qwadmin\App\Home\Controller\SupportservicesController.class.php on line 17 and defined F:\wamp\www\guanwang\qwadmin\ThinkPHP\Library\Think\Model.class.php 第 1777 行.
NOTIC: [8] Undefined variable: where F:\wamp\www\guanwang\qwadmin\ThinkPHP\Library\Think\Model.class.php 第 1785 行.
NOTIC: [8] Undefined variable: where F:\wamp\www\guanwang\qwadmin\ThinkPHP\Library\Think\Model.class.php 第 1788 行.
NOTIC: [8] Undefined variable: where F:\wamp\www\guanwang\qwadmin\ThinkPHP\Library\Think\Model.class.php 第 1796 行.
SQL: SELECT `id`,cn_stname as stname,cn_sttitle as sttitle,cn_sttype as sttype,`stsort` FROM `qw_support` ORDER BY stsort  [ RunTime:0.0005s ]

[ 2017-04-04T22:29:43+08:00 ] ::1 /guanwang/qwadmin/index.php/Home/Supportservices/index/lang/ch-cn.html
INFO: [ app_init ] --START--
INFO: Run Behavior\BuildLiteBehavior [ RunTime:0.000041s ]
INFO: [ app_init ] --END-- [ RunTime:0.000660s ]
INFO: [ app_begin ] --START--
INFO: Run Behavior\ReadHtmlCacheBehavior [ RunTime:0.001016s ]
INFO: Run Behavior\CheckLangBehavior [ RunTime:0.002259s ]
INFO: [ app_begin ] --END-- [ RunTime:0.003639s ]
SQL: SHOW COLUMNS FROM `qw_setting` [ RunTime:0.0053s ]
SQL: SELECT `k`,`v` FROM `qw_setting`  [ RunTime:0.0004s ]
SQL: SHOW COLUMNS FROM `qw_support` [ RunTime:0.0059s ]
SQL: SELECT `id`,cn_stname as stname,cn_sttitle as sttitle,cn_sttype as sttype,`stsort` FROM `qw_support` WHERE ( cn_sttype = 1 ) ORDER BY stsort  [ RunTime:0.0005s ]

[ 2017-04-04T22:29:45+08:00 ] ::1 /guanwang/qwadmin/index.php/Home/Supportservices/index/lang/ch-cn.html
INFO: [ app_init ] --START--
INFO: Run Behavior\BuildLiteBehavior [ RunTime:0.000043s ]
INFO: [ app_init ] --END-- [ RunTime:0.000760s ]
INFO: [ app_begin ] --START--
INFO: Run Behavior\ReadHtmlCacheBehavior [ RunTime:0.001157s ]
INFO: Run Behavior\CheckLangBehavior [ RunTime:0.002252s ]
INFO: [ app_begin ] --END-- [ RunTime:0.003854s ]
SQL: SHOW COLUMNS FROM `qw_setting` [ RunTime:0.0048s ]
SQL: SELECT `k`,`v` FROM `qw_setting`  [ RunTime:0.0003s ]
SQL: SHOW COLUMNS FROM `qw_support` [ RunTime:0.0043s ]
SQL: SELECT `id`,cn_stname as stname,cn_sttitle as sttitle,cn_sttype as sttype,`stsort` FROM `qw_support` WHERE ( cn_sttype = 1 ) ORDER BY stsort  [ RunTime:0.0004s ]

[ 2017-04-04T22:29:57+08:00 ] ::1 /guanwang/qwadmin/index.php/Home/Supportservices/index/lang/ch-cn.html
INFO: [ app_init ] --START--
INFO: Run Behavior\BuildLiteBehavior [ RunTime:0.000041s ]
INFO: [ app_init ] --END-- [ RunTime:0.000683s ]
INFO: [ app_begin ] --START--
INFO: Run Behavior\ReadHtmlCacheBehavior [ RunTime:0.000921s ]
INFO: Run Behavior\CheckLangBehavior [ RunTime:0.001506s ]
INFO: [ app_begin ] --END-- [ RunTime:0.002711s ]
SQL: SHOW COLUMNS FROM `qw_setting` [ RunTime:0.0043s ]
SQL: SELECT `k`,`v` FROM `qw_setting`  [ RunTime:0.0005s ]
SQL: SHOW COLUMNS FROM `qw_support` [ RunTime:0.0060s ]
SQL: SELECT `id`,cn_stname as stname,cn_sttitle as sttitle,cn_sttype as sttype,`stsort` FROM `qw_support` WHERE ( cn_sttype = 1 ) ORDER BY stsort  [ RunTime:0.0004s ]

[ 2017-04-04T22:30:08+08:00 ] ::1 /guanwang/qwadmin/index.php/Home/Supportservices/index/lang/ch-cn.html
INFO: [ app_init ] --START--
INFO: Run Behavior\BuildLiteBehavior [ RunTime:0.000052s ]
INFO: [ app_init ] --END-- [ RunTime:0.001166s ]
INFO: [ app_begin ] --START--
INFO: Run Behavior\ReadHtmlCacheBehavior [ RunTime:0.001203s ]
INFO: Run Behavior\CheckLangBehavior [ RunTime:0.001527s ]
INFO: [ app_begin ] --END-- [ RunTime:0.003088s ]
SQL: SHOW COLUMNS FROM `qw_setting` [ RunTime:0.0686s ]
SQL: SELECT `k`,`v` FROM `qw_setting`  [ RunTime:0.0003s ]
SQL: SHOW COLUMNS FROM `qw_support` [ RunTime:0.0065s ]
SQL: SELECT `id`,cn_stname as stname,cn_sttitle as sttitle,cn_sttype as sttype,`stsort` FROM `qw_support` WHERE ( cn_sttype = 1 ) ORDER BY stsort  [ RunTime:0.0005s ]

[ 2017-04-04T22:30:17+08:00 ] ::1 /guanwang/qwadmin/index.php/Home/Supportservices/index/lang/ch-cn.html
INFO: [ app_init ] --START--
INFO: Run Behavior\BuildLiteBehavior [ RunTime:0.000084s ]
INFO: [ app_init ] --END-- [ RunTime:0.003585s ]
INFO: [ app_begin ] --START--
INFO: Run Behavior\ReadHtmlCacheBehavior [ RunTime:0.001251s ]
INFO: Run Behavior\CheckLangBehavior [ RunTime:0.001480s ]
INFO: [ app_begin ] --END-- [ RunTime:0.003108s ]
SQL: SHOW COLUMNS FROM `qw_setting` [ RunTime:0.0045s ]
SQL: SELECT `k`,`v` FROM `qw_setting`  [ RunTime:0.0007s ]
SQL: SHOW COLUMNS FROM `qw_support` [ RunTime:0.0058s ]
SQL: SELECT `id`,cn_stname as stname,cn_sttitle as sttitle,cn_sttype as sttype,`stsort` FROM `qw_support` WHERE ( cn_sttype = 1 ) ORDER BY stsort  [ RunTime:0.0004s ]

[ 2017-04-04T22:32:47+08:00 ] ::1 /guanwang/qwadmin/index.php/Home/Supportservices/index/lang/ch-cn.html
INFO: [ app_init ] --START--
INFO: Run Behavior\BuildLiteBehavior [ RunTime:0.000089s ]
INFO: [ app_init ] --END-- [ RunTime:0.000760s ]
INFO: [ app_begin ] --START--
INFO: Run Behavior\ReadHtmlCacheBehavior [ RunTime:0.000987s ]
INFO: Run Behavior\CheckLangBehavior [ RunTime:0.001525s ]
INFO: [ app_begin ] --END-- [ RunTime:0.002812s ]
SQL: SHOW COLUMNS FROM `qw_setting` [ RunTime:0.0047s ]
SQL: SELECT `k`,`v` FROM `qw_setting`  [ RunTime:0.0003s ]
SQL: SHOW COLUMNS FROM `qw_support` [ RunTime:0.0045s ]
SQL: SELECT `id`,cn_stname as stname,cn_sttitle as sttitle,cn_sttype as sttype,`stsort` FROM `qw_support` WHERE ( cn_sttype = 1 ) ORDER BY stsort  [ RunTime:0.0024s ]
INFO: [ view_parse ] --START--
INFO: [ template_filter ] --START--
INFO: Run Behavior\ContentReplaceBehavior [ RunTime:0.000141s ]
INFO: [ template_filter ] --END-- [ RunTime:0.000323s ]
INFO: Run Behavior\ParseTemplateBehavior [ RunTime:0.024781s ]
INFO: [ view_parse ] --END-- [ RunTime:0.025034s ]
INFO: [ view_filter ] --START--
INFO: Run Behavior\WriteHtmlCacheBehavior [ RunTime:0.000626s ]
INFO: [ view_filter ] --END-- [ RunTime:0.000813s ]
INFO: [ app_end ] --START--
INFO: Run Behavior\ShowPageTraceBehavior [ RunTime:0.001611s ]
INFO: [ app_end ] --END-- [ RunTime:0.001883s ]

[ 2017-04-04T22:35:18+08:00 ] ::1 /guanwang/qwadmin/index.php/Home/Supportservices/index/lang/ch-cn.html
INFO: [ app_init ] --START--
INFO: Run Behavior\BuildLiteBehavior [ RunTime:0.000037s ]
INFO: [ app_init ] --END-- [ RunTime:0.000661s ]
INFO: [ app_begin ] --START--
INFO: Run Behavior\ReadHtmlCacheBehavior [ RunTime:0.002239s ]
INFO: Run Behavior\CheckLangBehavior [ RunTime:0.001689s ]
INFO: [ app_begin ] --END-- [ RunTime:0.004478s ]
SQL: SHOW COLUMNS FROM `qw_setting` [ RunTime:0.0044s ]
SQL: SELECT `k`,`v` FROM `qw_setting`  [ RunTime:0.0002s ]
SQL: SHOW COLUMNS FROM `qw_support` [ RunTime:0.0068s ]
SQL: SELECT `id`,cn_stname as stname,cn_sttitle as sttitle,cn_file as file,cn_sttype as sttype,`stsort` FROM `qw_support` WHERE ( cn_sttype = 1 ) ORDER BY stsort  [ RunTime:0.0004s ]

[ 2017-04-04T22:36:50+08:00 ] ::1 /guanwang/qwadmin/index.php/Home/Supportservices/index/lang/ch-cn.html
INFO: [ app_init ] --START--
INFO: Run Behavior\BuildLiteBehavior [ RunTime:0.000041s ]
INFO: [ app_init ] --END-- [ RunTime:0.000598s ]
INFO: [ app_begin ] --START--
INFO: Run Behavior\ReadHtmlCacheBehavior [ RunTime:0.000929s ]
INFO: Run Behavior\CheckLangBehavior [ RunTime:0.002877s ]
INFO: [ app_begin ] --END-- [ RunTime:0.004127s ]
SQL: SHOW COLUMNS FROM `qw_setting` [ RunTime:0.0063s ]
SQL: SELECT `k`,`v` FROM `qw_setting`  [ RunTime:0.0004s ]
SQL: SHOW COLUMNS FROM `qw_support` [ RunTime:0.0054s ]
SQL: SELECT `id`,cn_stname as stname,cn_sttitle as sttitle,cn_file as file,cn_sttype as sttype,`stsort` FROM `qw_support` WHERE ( cn_sttype = 1 ) ORDER BY stsort  [ RunTime:0.0006s ]
INFO: [ view_parse ] --START--
INFO: [ template_filter ] --START--
INFO: Run Behavior\ContentReplaceBehavior [ RunTime:0.000256s ]
INFO: [ template_filter ] --END-- [ RunTime:0.000614s ]
INFO: Run Behavior\ParseTemplateBehavior [ RunTime:0.032052s ]
INFO: [ view_parse ] --END-- [ RunTime:0.032309s ]
INFO: [ view_filter ] --START--
INFO: Run Behavior\WriteHtmlCacheBehavior [ RunTime:0.000541s ]
INFO: [ view_filter ] --END-- [ RunTime:0.000735s ]
INFO: [ app_end ] --START--
INFO: Run Behavior\ShowPageTraceBehavior [ RunTime:0.000821s ]
INFO: [ app_end ] --END-- [ RunTime:0.000990s ]

[ 2017-04-04T22:36:55+08:00 ] ::1 /guanwang/qwadmin/index.php/Home/Supportservices/index/lang/2017-04-04/58e39c45cad14.png
INFO: [ app_init ] --START--
INFO: Run Behavior\BuildLiteBehavior [ RunTime:0.000073s ]
INFO: [ app_init ] --END-- [ RunTime:0.001017s ]

[ 2017-04-04T22:37:18+08:00 ] ::1 /guanwang/qwadmin/index.php/Home/Supportservices/index/lang/ch-cn.html
INFO: [ app_init ] --START--
INFO: Run Behavior\BuildLiteBehavior [ RunTime:0.000041s ]
INFO: [ app_init ] --END-- [ RunTime:0.000675s ]
INFO: [ app_begin ] --START--
INFO: Run Behavior\ReadHtmlCacheBehavior [ RunTime:0.000910s ]
INFO: Run Behavior\CheckLangBehavior [ RunTime:0.001550s ]
INFO: [ app_begin ] --END-- [ RunTime:0.002755s ]
SQL: SHOW COLUMNS FROM `qw_setting` [ RunTime:0.0048s ]
SQL: SELECT `k`,`v` FROM `qw_setting`  [ RunTime:0.0017s ]
SQL: SHOW COLUMNS FROM `qw_support` [ RunTime:0.0059s ]
SQL: SELECT `id`,cn_stname as stname,cn_sttitle as sttitle,cn_file as file,cn_sttype as sttype,`stsort` FROM `qw_support` WHERE ( cn_sttype = 1 ) ORDER BY stsort  [ RunTime:0.0005s ]
INFO: [ view_parse ] --START--
INFO: [ template_filter ] --START--
INFO: Run Behavior\ContentReplaceBehavior [ RunTime:0.000231s ]
INFO: [ template_filter ] --END-- [ RunTime:0.000587s ]
INFO: Run Behavior\ParseTemplateBehavior [ RunTime:0.037702s ]
INFO: [ view_parse ] --END-- [ RunTime:0.038024s ]
INFO: [ view_filter ] --START--
INFO: Run Behavior\WriteHtmlCacheBehavior [ RunTime:0.001690s ]
INFO: [ view_filter ] --END-- [ RunTime:0.002314s ]
INFO: [ app_end ] --START--
INFO: Run Behavior\ShowPageTraceBehavior [ RunTime:0.002105s ]
INFO: [ app_end ] --END-- [ RunTime:0.002689s ]

[ 2017-04-04T22:37:45+08:00 ] ::1 /guanwang/qwadmin/index.php/Home/Supportservices/index/lang/ch-cn.html
INFO: [ app_init ] --START--
INFO: Run Behavior\BuildLiteBehavior [ RunTime:0.000263s ]
INFO: [ app_init ] --END-- [ RunTime:0.005474s ]
INFO: [ app_begin ] --START--
INFO: Run Behavior\ReadHtmlCacheBehavior [ RunTime:0.001024s ]
INFO: Run Behavior\CheckLangBehavior [ RunTime:0.001566s ]
INFO: [ app_begin ] --END-- [ RunTime:0.002898s ]
SQL: SHOW COLUMNS FROM `qw_setting` [ RunTime:0.0057s ]
SQL: SELECT `k`,`v` FROM `qw_setting`  [ RunTime:0.0004s ]
SQL: SHOW COLUMNS FROM `qw_support` [ RunTime:0.0058s ]
SQL: SELECT `id`,cn_stname as stname,cn_sttitle as sttitle,cn_file as file,cn_sttype as sttype,`stsort` FROM `qw_support` WHERE ( cn_sttype = 1 ) ORDER BY stsort  [ RunTime:0.0007s ]
INFO: [ view_parse ] --START--
INFO: [ template_filter ] --START--
INFO: Run Behavior\ContentReplaceBehavior [ RunTime:0.000326s ]
INFO: [ template_filter ] --END-- [ RunTime:0.000876s ]
INFO: Run Behavior\ParseTemplateBehavior [ RunTime:0.036710s ]
INFO: [ view_parse ] --END-- [ RunTime:0.037141s ]
INFO: [ view_filter ] --START--
INFO: Run Behavior\WriteHtmlCacheBehavior [ RunTime:0.001510s ]
INFO: [ view_filter ] --END-- [ RunTime:0.002067s ]
INFO: [ app_end ] --START--
INFO: Run Behavior\ShowPageTraceBehavior [ RunTime:0.001123s ]
INFO: [ app_end ] --END-- [ RunTime:0.001352s ]

[ 2017-04-04T22:39:44+08:00 ] ::1 /guanwang/qwadmin/index.php/Home/Supportservices/index/lang/ch-cn.html
INFO: [ app_init ] --START--
INFO: Run Behavior\BuildLiteBehavior [ RunTime:0.000040s ]
INFO: [ app_init ] --END-- [ RunTime:0.000631s ]
INFO: [ app_begin ] --START--
INFO: Run Behavior\ReadHtmlCacheBehavior [ RunTime:0.001705s ]
INFO: Run Behavior\CheckLangBehavior [ RunTime:0.003072s ]
INFO: [ app_begin ] --END-- [ RunTime:0.007055s ]
SQL: SHOW COLUMNS FROM `qw_setting` [ RunTime:0.0039s ]
SQL: SELECT `k`,`v` FROM `qw_setting`  [ RunTime:0.0004s ]
SQL: SHOW COLUMNS FROM `qw_support` [ RunTime:0.0065s ]
SQL: SELECT `id`,cn_stname as stname,cn_sttitle as sttitle,cn_file as file,cn_sttype as sttype,`stsort` FROM `qw_support` WHERE ( cn_sttype = 1 ) ORDER BY stsort  [ RunTime:0.0009s ]
INFO: [ view_parse ] --START--
INFO: [ template_filter ] --START--
INFO: Run Behavior\ContentReplaceBehavior [ RunTime:0.000145s ]
INFO: [ template_filter ] --END-- [ RunTime:0.000335s ]
INFO: Run Behavior\ParseTemplateBehavior [ RunTime:0.028158s ]
INFO: [ view_parse ] --END-- [ RunTime:0.028538s ]
INFO: [ view_filter ] --START--
INFO: Run Behavior\WriteHtmlCacheBehavior [ RunTime:0.001138s ]
INFO: [ view_filter ] --END-- [ RunTime:0.001485s ]
INFO: [ app_end ] --START--
INFO: Run Behavior\ShowPageTraceBehavior [ RunTime:0.001432s ]
INFO: [ app_end ] --END-- [ RunTime:0.001711s ]

[ 2017-04-04T22:41:57+08:00 ] ::1 /guanwang/qwadmin/index.php/Home/Supportservices/index/lang/ch-cn.html
INFO: [ app_init ] --START--
INFO: Run Behavior\BuildLiteBehavior [ RunTime:0.000049s ]
INFO: [ app_init ] --END-- [ RunTime:0.001796s ]
INFO: [ app_begin ] --START--
INFO: Run Behavior\ReadHtmlCacheBehavior [ RunTime:0.001098s ]
INFO: Run Behavior\CheckLangBehavior [ RunTime:0.003454s ]
INFO: [ app_begin ] --END-- [ RunTime:0.005739s ]
SQL: SHOW COLUMNS FROM `qw_setting` [ RunTime:0.0061s ]
SQL: SELECT `k`,`v` FROM `qw_setting`  [ RunTime:0.0003s ]
SQL: SHOW COLUMNS FROM `qw_support` [ RunTime:0.0043s ]
SQL: SELECT `id`,cn_stname as stname,cn_sttitle as sttitle,cn_file as file,cn_sttype as sttype,`stsort` FROM `qw_support` WHERE ( cn_sttype = 1 ) ORDER BY stsort  [ RunTime:0.0006s ]
INFO: [ view_parse ] --START--
INFO: [ template_filter ] --START--
INFO: Run Behavior\ContentReplaceBehavior [ RunTime:0.000333s ]
INFO: [ template_filter ] --END-- [ RunTime:0.001254s ]
INFO: Run Behavior\ParseTemplateBehavior [ RunTime:0.038053s ]
INFO: [ view_parse ] --END-- [ RunTime:0.039432s ]
INFO: [ view_filter ] --START--
INFO: Run Behavior\WriteHtmlCacheBehavior [ RunTime:0.001476s ]
INFO: [ view_filter ] --END-- [ RunTime:0.001860s ]
INFO: [ app_end ] --START--
INFO: Run Behavior\ShowPageTraceBehavior [ RunTime:0.000956s ]
INFO: [ app_end ] --END-- [ RunTime:0.001126s ]

[ 2017-04-04T22:42:33+08:00 ] ::1 /guanwang/qwadmin/index.php/Home/Supportservices/index/lang/en-us.html
INFO: [ app_init ] --START--
INFO: Run Behavior\BuildLiteBehavior [ RunTime:0.000084s ]
INFO: [ app_init ] --END-- [ RunTime:0.004296s ]
INFO: [ app_begin ] --START--
INFO: Run Behavior\ReadHtmlCacheBehavior [ RunTime:0.000932s ]
INFO: Run Behavior\CheckLangBehavior [ RunTime:0.001848s ]
INFO: [ app_begin ] --END-- [ RunTime:0.003101s ]
SQL: SHOW COLUMNS FROM `qw_setting` [ RunTime:0.0409s ]
SQL: SELECT `k`,`v` FROM `qw_setting`  [ RunTime:0.0004s ]
SQL: SHOW COLUMNS FROM `qw_support` [ RunTime:0.0040s ]
SQL: SELECT `id`,en_stname as stname,en_sttitle as sttitle,en_file as file,en_sttype as sttype,`stsort` FROM `qw_support` WHERE ( en_sttype = 1 ) ORDER BY stsort  [ RunTime:0.0005s ]
INFO: [ view_parse ] --START--
INFO: [ template_filter ] --START--
INFO: Run Behavior\ContentReplaceBehavior [ RunTime:0.000155s ]
INFO: [ template_filter ] --END-- [ RunTime:0.000338s ]
INFO: Run Behavior\ParseTemplateBehavior [ RunTime:0.023065s ]
INFO: [ view_parse ] --END-- [ RunTime:0.023320s ]
INFO: [ view_filter ] --START--
INFO: Run Behavior\WriteHtmlCacheBehavior [ RunTime:0.000711s ]
INFO: [ view_filter ] --END-- [ RunTime:0.000902s ]
INFO: [ app_end ] --START--
INFO: Run Behavior\ShowPageTraceBehavior [ RunTime:0.001070s ]
INFO: [ app_end ] --END-- [ RunTime:0.001243s ]

[ 2017-04-04T22:43:57+08:00 ] ::1 /guanwang/qwadmin/index.php/Home/Supportservices/index/lang/en-us.html
INFO: [ app_init ] --START--
INFO: Run Behavior\BuildLiteBehavior [ RunTime:0.000047s ]
INFO: [ app_init ] --END-- [ RunTime:0.001024s ]
INFO: [ app_begin ] --START--
INFO: Run Behavior\ReadHtmlCacheBehavior [ RunTime:0.002547s ]
INFO: Run Behavior\CheckLangBehavior [ RunTime:0.002821s ]
INFO: [ app_begin ] --END-- [ RunTime:0.006068s ]
SQL: SHOW COLUMNS FROM `qw_setting` [ RunTime:0.0048s ]
SQL: SELECT `k`,`v` FROM `qw_setting`  [ RunTime:0.0004s ]
SQL: SHOW COLUMNS FROM `qw_support` [ RunTime:0.0078s ]
SQL: SELECT `id`,en_stname as stname,en_sttitle as sttitle,en_file as file,en_sttype as sttype,`stsort` FROM `qw_support` WHERE ( en_sttype = 1 ) ORDER BY stsort  [ RunTime:0.0005s ]
INFO: [ view_parse ] --START--
INFO: [ template_filter ] --START--
INFO: Run Behavior\ContentReplaceBehavior [ RunTime:0.000532s ]
INFO: [ template_filter ] --END-- [ RunTime:0.001981s ]
INFO: Run Behavior\ParseTemplateBehavior [ RunTime:0.033782s ]
INFO: [ view_parse ] --END-- [ RunTime:0.034036s ]
INFO: [ view_filter ] --START--
INFO: Run Behavior\WriteHtmlCacheBehavior [ RunTime:0.001466s ]
INFO: [ view_filter ] --END-- [ RunTime:0.001832s ]
INFO: [ app_end ] --START--
INFO: Run Behavior\ShowPageTraceBehavior [ RunTime:0.001455s ]
INFO: [ app_end ] --END-- [ RunTime:0.001736s ]

[ 2017-04-04T22:44:33+08:00 ] ::1 /guanwang/qwadmin/index.php/Home/Supportservices/index/lang/en-us.html
INFO: [ app_init ] --START--
INFO: Run Behavior\BuildLiteBehavior [ RunTime:0.000041s ]
INFO: [ app_init ] --END-- [ RunTime:0.000611s ]
INFO: [ app_begin ] --START--
INFO: Run Behavior\ReadHtmlCacheBehavior [ RunTime:0.000893s ]
INFO: Run Behavior\CheckLangBehavior [ RunTime:0.002107s ]
INFO: [ app_begin ] --END-- [ RunTime:0.003309s ]
SQL: SHOW COLUMNS FROM `qw_setting` [ RunTime:0.0045s ]
SQL: SELECT `k`,`v` FROM `qw_setting`  [ RunTime:0.0003s ]
SQL: SHOW COLUMNS FROM `qw_support` [ RunTime:0.0045s ]
SQL: SELECT `id`,en_stname as stname,en_sttitle as sttitle,en_file as file,en_sttype as sttype,`stsort` FROM `qw_support` WHERE ( en_sttype = 1 ) ORDER BY stsort  [ RunTime:0.0009s ]
INFO: [ view_parse ] --START--
INFO: [ template_filter ] --START--
INFO: Run Behavior\ContentReplaceBehavior [ RunTime:0.000191s ]
INFO: [ template_filter ] --END-- [ RunTime:0.000437s ]
INFO: Run Behavior\ParseTemplateBehavior [ RunTime:0.023556s ]
INFO: [ view_parse ] --END-- [ RunTime:0.023816s ]
INFO: [ view_filter ] --START--
INFO: Run Behavior\WriteHtmlCacheBehavior [ RunTime:0.000619s ]
INFO: [ view_filter ] --END-- [ RunTime:0.000786s ]
INFO: [ app_end ] --START--
INFO: Run Behavior\ShowPageTraceBehavior [ RunTime:0.001120s ]
INFO: [ app_end ] --END-- [ RunTime:0.001351s ]

[ 2017-04-04T22:44:59+08:00 ] ::1 /guanwang/qwadmin/index.php/Home/Supportservices/index/lang/en-us.html
INFO: [ app_init ] --START--
INFO: Run Behavior\BuildLiteBehavior [ RunTime:0.000080s ]
INFO: [ app_init ] --END-- [ RunTime:0.001022s ]
INFO: [ app_begin ] --START--
INFO: Run Behavior\ReadHtmlCacheBehavior [ RunTime:0.003145s ]
INFO: Run Behavior\CheckLangBehavior [ RunTime:0.003053s ]
INFO: [ app_begin ] --END-- [ RunTime:0.007234s ]
SQL: SHOW COLUMNS FROM `qw_setting` [ RunTime:0.0056s ]
SQL: SELECT `k`,`v` FROM `qw_setting`  [ RunTime:0.0003s ]
SQL: SHOW COLUMNS FROM `qw_support` [ RunTime:0.0051s ]
SQL: SELECT `id`,en_stname as stname,en_sttitle as sttitle,en_file as file,en_sttype as sttype,`stsort` FROM `qw_support` WHERE ( en_sttype = 1 ) ORDER BY stsort  [ RunTime:0.0006s ]
INFO: [ view_parse ] --START--
INFO: [ template_filter ] --START--
INFO: Run Behavior\ContentReplaceBehavior [ RunTime:0.000221s ]
INFO: [ template_filter ] --END-- [ RunTime:0.000663s ]
INFO: Run Behavior\ParseTemplateBehavior [ RunTime:0.024223s ]
INFO: [ view_parse ] --END-- [ RunTime:0.024479s ]
INFO: [ view_filter ] --START--
INFO: Run Behavior\WriteHtmlCacheBehavior [ RunTime:0.000695s ]
INFO: [ view_filter ] --END-- [ RunTime:0.000859s ]
INFO: [ app_end ] --START--
INFO: Run Behavior\ShowPageTraceBehavior [ RunTime:0.002048s ]
INFO: [ app_end ] --END-- [ RunTime:0.002313s ]

