[ 2017-04-22T00:09:31+08:00 ] ::1 /guanwang/qwadmin/index.php/Home/Felg/Index/lang/en-us.html
INFO: [ app_init ] --START--
INFO: Run Behavior\BuildLiteBehavior [ RunTime:0.000089s ]
INFO: [ app_init ] --END-- [ RunTime:0.001187s ]
INFO: [ app_begin ] --START--
INFO: Run Behavior\ReadHtmlCacheBehavior [ RunTime:0.001172s ]
INFO: Run Behavior\CheckLangBehavior [ RunTime:0.001876s ]
INFO: [ app_begin ] --END-- [ RunTime:0.003492s ]
SQL: SHOW COLUMNS FROM `qw_setting` [ RunTime:0.0084s ]
SQL: SELECT `k`,`v` FROM `qw_setting`  [ RunTime:0.0004s ]
SQL: SHOW COLUMNS FROM `qw_felgproduct` [ RunTime:0.0049s ]
SQL: SHOW COLUMNS FROM `qw_rflinkerproduct` [ RunTime:0.0056s ]
SQL: SELECT `id`,en_ftname as name,`xl_type` FROM `qw_felgproduct` WHERE ( search = 1 ) UNION SELECT id,en_rrname as name,xl_type FROM qw_rflinkerproduct where search=1 [ RunTime:0.0016s ]
SQL: SELECT `id`,en_ftname as name,`xl_type` FROM `qw_felgproduct` UNION SELECT id,en_rrname as name,xl_type FROM qw_rflinkerproduct  [ RunTime:0.0009s ]
SQL: SHOW COLUMNS FROM `qw_felghz` [ RunTime:0.0053s ]
SQL: SELECT `id`,en_fghz as fghz,`fghzsort` FROM `qw_felghz` ORDER BY fghzsort  [ RunTime:0.0006s ]
SQL: SHOW COLUMNS FROM `qw_felgtype` [ RunTime:0.0049s ]
SQL: SELECT `id`,en_fgtypename as fgtypename,`fgtypesort` FROM `qw_felgtype` ORDER BY fgtypesort  [ RunTime:0.0005s ]
SQL: SELECT en_fghz as fghz FROM `qw_felghz` ORDER BY fghzsort LIMIT 1   [ RunTime:0.0003s ]
SQL: SELECT `id`,en_fttitle as fttitle,en_ftimg as ftimg,en_ftname as ftname,`ftsort` FROM `qw_felgproduct` WHERE ( felgenhzname = 'LF' ) ORDER BY ftsort  [ RunTime:0.0006s ]
SQL: SELECT COUNT(*) AS tp_count FROM `qw_felgproduct` WHERE ( felgenhzname = 'LF' ) LIMIT 1   [ RunTime:0.0003s ]
SQL: SHOW COLUMNS FROM `qw_productlistimgs` [ RunTime:0.0068s ]
SQL: SELECT `id`,en_flashviewpc as flashviewpc,en_fwlink as fwlink,en_flashviewphone as flashviewphone,en_fwshowpc as fwshowpc,en_fwshowphone as fwshowphone,`fwsort` FROM `qw_productlistimgs` ORDER BY fwsort  [ RunTime:0.0007s ]
INFO: [ view_parse ] --START--
INFO: [ template_filter ] --START--
INFO: Run Behavior\ContentReplaceBehavior [ RunTime:0.000333s ]
INFO: [ template_filter ] --END-- [ RunTime:0.000702s ]
NOTIC: [8] Use of undefined constant Index - assumed 'Index' F:\wamp\www\guanwang\qwadmin\App\Runtime\Cache\Home\9b6d1002631c08af46987a84e3316e46.php 第 115 行.
NOTIC: [8] Use of undefined constant Felg - assumed 'Felg' F:\wamp\www\guanwang\qwadmin\App\Runtime\Cache\Home\9b6d1002631c08af46987a84e3316e46.php 第 116 行.
NOTIC: [8] Use of undefined constant Vocationlist - assumed 'Vocationlist' F:\wamp\www\guanwang\qwadmin\App\Runtime\Cache\Home\9b6d1002631c08af46987a84e3316e46.php 第 117 行.
NOTIC: [8] Use of undefined constant Codeinput - assumed 'Codeinput' F:\wamp\www\guanwang\qwadmin\App\Runtime\Cache\Home\9b6d1002631c08af46987a84e3316e46.php 第 118 行.
NOTIC: [8] Use of undefined constant Aboutus - assumed 'Aboutus' F:\wamp\www\guanwang\qwadmin\App\Runtime\Cache\Home\9b6d1002631c08af46987a84e3316e46.php 第 119 行.
NOTIC: [8] Undefined variable: indexhzname F:\wamp\www\guanwang\qwadmin\App\Runtime\Cache\Home\9b6d1002631c08af46987a84e3316e46.php 第 166 行.
NOTIC: [8] Undefined variable: indexhzname F:\wamp\www\guanwang\qwadmin\App\Runtime\Cache\Home\9b6d1002631c08af46987a84e3316e46.php 第 166 行.
NOTIC: [8] Undefined variable: indexhzname F:\wamp\www\guanwang\qwadmin\App\Runtime\Cache\Home\9b6d1002631c08af46987a84e3316e46.php 第 166 行.
NOTIC: [8] Undefined variable: indexhzname F:\wamp\www\guanwang\qwadmin\App\Runtime\Cache\Home\9b6d1002631c08af46987a84e3316e46.php 第 166 行.
NOTIC: [8] Undefined variable: indexhzname F:\wamp\www\guanwang\qwadmin\App\Runtime\Cache\Home\9b6d1002631c08af46987a84e3316e46.php 第 166 行.
NOTIC: [8] Undefined variable: indexhzname F:\wamp\www\guanwang\qwadmin\App\Runtime\Cache\Home\9b6d1002631c08af46987a84e3316e46.php 第 166 行.
NOTIC: [8] Undefined variable: indexhzname F:\wamp\www\guanwang\qwadmin\App\Runtime\Cache\Home\9b6d1002631c08af46987a84e3316e46.php 第 166 行.
INFO: Run Behavior\ParseTemplateBehavior [ RunTime:0.051080s ]
INFO: [ view_parse ] --END-- [ RunTime:0.051272s ]
INFO: [ view_filter ] --START--
INFO: Run Behavior\WriteHtmlCacheBehavior [ RunTime:0.000577s ]
INFO: [ view_filter ] --END-- [ RunTime:0.000763s ]
INFO: [ app_end ] --START--
INFO: Run Behavior\ShowPageTraceBehavior [ RunTime:0.000749s ]
INFO: [ app_end ] --END-- [ RunTime:0.000927s ]

[ 2017-04-22T00:09:36+08:00 ] ::1 /guanwang/qwadmin/index.php/Home/Felg/felghz
INFO: [ app_init ] --START--
INFO: Run Behavior\BuildLiteBehavior [ RunTime:0.000077s ]
INFO: [ app_init ] --END-- [ RunTime:0.001311s ]
INFO: [ app_begin ] --START--
INFO: Run Behavior\ReadHtmlCacheBehavior [ RunTime:0.000698s ]
INFO: Run Behavior\CheckLangBehavior [ RunTime:0.001516s ]
INFO: [ app_begin ] --END-- [ RunTime:0.002491s ]
SQL: SHOW COLUMNS FROM `qw_setting` [ RunTime:0.0040s ]
SQL: SELECT `k`,`v` FROM `qw_setting`  [ RunTime:0.0003s ]
SQL: SHOW COLUMNS FROM `qw_felgproduct` [ RunTime:0.0048s ]
SQL: SHOW COLUMNS FROM `qw_rflinkerproduct` [ RunTime:0.0043s ]
SQL: SELECT `id`,en_ftname as name,`xl_type` FROM `qw_felgproduct` WHERE ( search = 1 ) UNION SELECT id,en_rrname as name,xl_type FROM qw_rflinkerproduct where search=1 [ RunTime:0.0006s ]
SQL: SELECT `id`,en_ftname as name,`xl_type` FROM `qw_felgproduct` UNION SELECT id,en_rrname as name,xl_type FROM qw_rflinkerproduct  [ RunTime:0.0007s ]
SQL: select count(*) as count from qw_felgproduct where felgenhzname = 'LF' [ RunTime:0.0004s ]
SQL: SELECT `id`,(9) as count,felgenhzname as hzname,en_fttitle as fttitle,en_ftimg as ftimg,en_ftname as ftname,`ftsort` FROM `qw_felgproduct` WHERE ( felgenhzname = 'LF' ) ORDER BY ftsort desc LIMIT 0,8   [ RunTime:0.0004s ]

[ 2017-04-22T00:09:43+08:00 ] ::1 /guanwang/qwadmin/index.php/Home/Felg/felghz
INFO: [ app_init ] --START--
INFO: Run Behavior\BuildLiteBehavior [ RunTime:0.000063s ]
INFO: [ app_init ] --END-- [ RunTime:0.000625s ]
INFO: [ app_begin ] --START--
INFO: Run Behavior\ReadHtmlCacheBehavior [ RunTime:0.000709s ]
INFO: Run Behavior\CheckLangBehavior [ RunTime:0.001598s ]
INFO: [ app_begin ] --END-- [ RunTime:0.002636s ]
SQL: SHOW COLUMNS FROM `qw_setting` [ RunTime:0.0061s ]
SQL: SELECT `k`,`v` FROM `qw_setting`  [ RunTime:0.0003s ]
SQL: SHOW COLUMNS FROM `qw_felgproduct` [ RunTime:0.0071s ]
SQL: SHOW COLUMNS FROM `qw_rflinkerproduct` [ RunTime:0.0059s ]
SQL: SELECT `id`,en_ftname as name,`xl_type` FROM `qw_felgproduct` WHERE ( search = 1 ) UNION SELECT id,en_rrname as name,xl_type FROM qw_rflinkerproduct where search=1 [ RunTime:0.0011s ]
SQL: SELECT `id`,en_ftname as name,`xl_type` FROM `qw_felgproduct` UNION SELECT id,en_rrname as name,xl_type FROM qw_rflinkerproduct  [ RunTime:0.0017s ]
SQL: select count(*) as count from qw_felgproduct where felgenhzname = 'HF' [ RunTime:0.0005s ]
SQL: SELECT `id`,(36) as count,felgenhzname as hzname,en_fttitle as fttitle,en_ftimg as ftimg,en_ftname as ftname,`ftsort` FROM `qw_felgproduct` WHERE ( felgenhzname = 'HF' ) ORDER BY ftsort desc LIMIT 0,8   [ RunTime:0.0012s ]

[ 2017-04-22T00:09:47+08:00 ] ::1 /guanwang/qwadmin/index.php/Home/Felg/Index/lang/en-us.html
INFO: [ app_init ] --START--
INFO: Run Behavior\BuildLiteBehavior [ RunTime:0.000038s ]
INFO: [ app_init ] --END-- [ RunTime:0.000579s ]
INFO: [ app_begin ] --START--
INFO: Run Behavior\ReadHtmlCacheBehavior [ RunTime:0.000695s ]
INFO: Run Behavior\CheckLangBehavior [ RunTime:0.001370s ]
INFO: [ app_begin ] --END-- [ RunTime:0.002354s ]
SQL: SHOW COLUMNS FROM `qw_setting` [ RunTime:0.0039s ]
SQL: SELECT `k`,`v` FROM `qw_setting`  [ RunTime:0.0003s ]
SQL: SHOW COLUMNS FROM `qw_felgproduct` [ RunTime:0.0059s ]
SQL: SHOW COLUMNS FROM `qw_rflinkerproduct` [ RunTime:0.0041s ]
SQL: SELECT `id`,en_ftname as name,`xl_type` FROM `qw_felgproduct` WHERE ( search = 1 ) UNION SELECT id,en_rrname as name,xl_type FROM qw_rflinkerproduct where search=1 [ RunTime:0.0006s ]
SQL: SELECT `id`,en_ftname as name,`xl_type` FROM `qw_felgproduct` UNION SELECT id,en_rrname as name,xl_type FROM qw_rflinkerproduct  [ RunTime:0.0011s ]
SQL: SHOW COLUMNS FROM `qw_felghz` [ RunTime:0.0043s ]
SQL: SELECT `id`,en_fghz as fghz,`fghzsort` FROM `qw_felghz` ORDER BY fghzsort  [ RunTime:0.0004s ]
SQL: SHOW COLUMNS FROM `qw_felgtype` [ RunTime:0.0054s ]
SQL: SELECT `id`,en_fgtypename as fgtypename,`fgtypesort` FROM `qw_felgtype` ORDER BY fgtypesort  [ RunTime:0.0005s ]
SQL: SELECT en_fghz as fghz FROM `qw_felghz` ORDER BY fghzsort LIMIT 1   [ RunTime:0.0004s ]
SQL: SELECT `id`,en_fttitle as fttitle,en_ftimg as ftimg,en_ftname as ftname,`ftsort` FROM `qw_felgproduct` WHERE ( felgenhzname = 'LF' ) ORDER BY ftsort  [ RunTime:0.0004s ]
SQL: SELECT COUNT(*) AS tp_count FROM `qw_felgproduct` WHERE ( felgenhzname = 'LF' ) LIMIT 1   [ RunTime:0.0002s ]
SQL: SHOW COLUMNS FROM `qw_productlistimgs` [ RunTime:0.0042s ]
SQL: SELECT `id`,en_flashviewpc as flashviewpc,en_fwlink as fwlink,en_flashviewphone as flashviewphone,en_fwshowpc as fwshowpc,en_fwshowphone as fwshowphone,`fwsort` FROM `qw_productlistimgs` ORDER BY fwsort  [ RunTime:0.0003s ]
INFO: [ view_parse ] --START--
INFO: [ template_filter ] --START--
INFO: Run Behavior\ContentReplaceBehavior [ RunTime:0.000296s ]
INFO: [ template_filter ] --END-- [ RunTime:0.000567s ]
NOTIC: [8] Use of undefined constant Index - assumed 'Index' F:\wamp\www\guanwang\qwadmin\App\Runtime\Cache\Home\9b6d1002631c08af46987a84e3316e46.php 第 115 行.
NOTIC: [8] Use of undefined constant Felg - assumed 'Felg' F:\wamp\www\guanwang\qwadmin\App\Runtime\Cache\Home\9b6d1002631c08af46987a84e3316e46.php 第 116 行.
NOTIC: [8] Use of undefined constant Vocationlist - assumed 'Vocationlist' F:\wamp\www\guanwang\qwadmin\App\Runtime\Cache\Home\9b6d1002631c08af46987a84e3316e46.php 第 117 行.
NOTIC: [8] Use of undefined constant Codeinput - assumed 'Codeinput' F:\wamp\www\guanwang\qwadmin\App\Runtime\Cache\Home\9b6d1002631c08af46987a84e3316e46.php 第 118 行.
NOTIC: [8] Use of undefined constant Aboutus - assumed 'Aboutus' F:\wamp\www\guanwang\qwadmin\App\Runtime\Cache\Home\9b6d1002631c08af46987a84e3316e46.php 第 119 行.
NOTIC: [8] Undefined variable: indexhzname F:\wamp\www\guanwang\qwadmin\App\Runtime\Cache\Home\9b6d1002631c08af46987a84e3316e46.php 第 166 行.
NOTIC: [8] Undefined variable: indexhzname F:\wamp\www\guanwang\qwadmin\App\Runtime\Cache\Home\9b6d1002631c08af46987a84e3316e46.php 第 166 行.
NOTIC: [8] Undefined variable: indexhzname F:\wamp\www\guanwang\qwadmin\App\Runtime\Cache\Home\9b6d1002631c08af46987a84e3316e46.php 第 166 行.
NOTIC: [8] Undefined variable: indexhzname F:\wamp\www\guanwang\qwadmin\App\Runtime\Cache\Home\9b6d1002631c08af46987a84e3316e46.php 第 166 行.
NOTIC: [8] Undefined variable: indexhzname F:\wamp\www\guanwang\qwadmin\App\Runtime\Cache\Home\9b6d1002631c08af46987a84e3316e46.php 第 166 行.
NOTIC: [8] Undefined variable: indexhzname F:\wamp\www\guanwang\qwadmin\App\Runtime\Cache\Home\9b6d1002631c08af46987a84e3316e46.php 第 166 行.
NOTIC: [8] Undefined variable: indexhzname F:\wamp\www\guanwang\qwadmin\App\Runtime\Cache\Home\9b6d1002631c08af46987a84e3316e46.php 第 166 行.
INFO: Run Behavior\ParseTemplateBehavior [ RunTime:0.044183s ]
INFO: [ view_parse ] --END-- [ RunTime:0.044380s ]
INFO: [ view_filter ] --START--
INFO: Run Behavior\WriteHtmlCacheBehavior [ RunTime:0.000495s ]
INFO: [ view_filter ] --END-- [ RunTime:0.000676s ]
INFO: [ app_end ] --START--
INFO: Run Behavior\ShowPageTraceBehavior [ RunTime:0.000686s ]
INFO: [ app_end ] --END-- [ RunTime:0.000918s ]

