[ 2017-05-11T05:56:04+08:00 ] 140.205.253.131 /index.php/Qwadmin/message/index.html
INFO: [ app_init ] --START--
INFO: Run Behavior\BuildLiteBehavior [ RunTime:0.000014s ]
INFO: [ app_init ] --END-- [ RunTime:0.000307s ]
INFO: [ app_begin ] --START--
INFO: Run Behavior\ReadHtmlCacheBehavior [ RunTime:0.000375s ]
INFO: Run Behavior\CheckLangBehavior [ RunTime:0.000418s ]
INFO: [ app_begin ] --END-- [ RunTime:0.000871s ]
SQL: SHOW COLUMNS FROM `qw_setting` [ RunTime:0.0007s ]
SQL: SELECT `k`,`v` FROM `qw_setting`  [ RunTime:0.0002s ]

[ 2017-05-11T05:56:05+08:00 ] 140.205.253.148 /index.php/Qwadmin/login/index.html
INFO: [ app_init ] --START--
INFO: Run Behavior\BuildLiteBehavior [ RunTime:0.000019s ]
INFO: [ app_init ] --END-- [ RunTime:0.000331s ]
INFO: [ app_begin ] --START--
INFO: Run Behavior\ReadHtmlCacheBehavior [ RunTime:0.000425s ]
INFO: Run Behavior\CheckLangBehavior [ RunTime:0.000455s ]
INFO: [ app_begin ] --END-- [ RunTime:0.000961s ]
SQL: SHOW COLUMNS FROM `qw_setting` [ RunTime:0.0007s ]
SQL: SELECT `k`,`v` FROM `qw_setting`  [ RunTime:0.0002s ]
INFO: [ view_parse ] --START--
INFO: [ template_filter ] --START--
INFO: Run Behavior\ContentReplaceBehavior [ RunTime:0.000037s ]
INFO: [ template_filter ] --END-- [ RunTime:0.000076s ]
INFO: Run Behavior\ParseTemplateBehavior [ RunTime:0.005734s ]
INFO: [ view_parse ] --END-- [ RunTime:0.005804s ]
INFO: [ view_filter ] --START--
INFO: Run Behavior\WriteHtmlCacheBehavior [ RunTime:0.000225s ]
INFO: [ view_filter ] --END-- [ RunTime:0.000269s ]
INFO: [ app_end ] --START--
INFO: Run Behavior\ShowPageTraceBehavior [ RunTime:0.000398s ]
INFO: [ app_end ] --END-- [ RunTime:0.000447s ]

[ 2017-05-11T07:02:11+08:00 ] 140.205.253.145 /index.php/Qwadmin/flashview/index.html
INFO: [ app_init ] --START--
INFO: Run Behavior\BuildLiteBehavior [ RunTime:0.000014s ]
INFO: [ app_init ] --END-- [ RunTime:0.000305s ]
INFO: [ app_begin ] --START--
INFO: Run Behavior\ReadHtmlCacheBehavior [ RunTime:0.000438s ]
INFO: Run Behavior\CheckLangBehavior [ RunTime:0.000395s ]
INFO: [ app_begin ] --END-- [ RunTime:0.000917s ]
SQL: SHOW COLUMNS FROM `qw_setting` [ RunTime:0.0007s ]
SQL: SELECT `k`,`v` FROM `qw_setting`  [ RunTime:0.0001s ]

[ 2017-05-11T07:02:12+08:00 ] 140.205.253.148 /index.php/Qwadmin/login/index.html
INFO: [ app_init ] --START--
INFO: Run Behavior\BuildLiteBehavior [ RunTime:0.000015s ]
INFO: [ app_init ] --END-- [ RunTime:0.000334s ]
INFO: [ app_begin ] --START--
INFO: Run Behavior\ReadHtmlCacheBehavior [ RunTime:0.000551s ]
INFO: Run Behavior\CheckLangBehavior [ RunTime:0.000468s ]
INFO: [ app_begin ] --END-- [ RunTime:0.001100s ]
SQL: SHOW COLUMNS FROM `qw_setting` [ RunTime:0.0007s ]
SQL: SELECT `k`,`v` FROM `qw_setting`  [ RunTime:0.0002s ]
INFO: [ view_parse ] --START--
INFO: [ template_filter ] --START--
INFO: Run Behavior\ContentReplaceBehavior [ RunTime:0.000034s ]
INFO: [ template_filter ] --END-- [ RunTime:0.000075s ]
INFO: Run Behavior\ParseTemplateBehavior [ RunTime:0.005654s ]
INFO: [ view_parse ] --END-- [ RunTime:0.005705s ]
INFO: [ view_filter ] --START--
INFO: Run Behavior\WriteHtmlCacheBehavior [ RunTime:0.000187s ]
INFO: [ view_filter ] --END-- [ RunTime:0.000248s ]
INFO: [ app_end ] --START--
INFO: Run Behavior\ShowPageTraceBehavior [ RunTime:0.000426s ]
INFO: [ app_end ] --END-- [ RunTime:0.000462s ]

[ 2017-05-11T07:45:01+08:00 ] 140.205.253.131 /index.php/Qwadmin/Rflinkerproduct/index.html
INFO: [ app_init ] --START--
INFO: Run Behavior\BuildLiteBehavior [ RunTime:0.000014s ]
INFO: [ app_init ] --END-- [ RunTime:0.000311s ]
INFO: [ app_begin ] --START--
INFO: Run Behavior\ReadHtmlCacheBehavior [ RunTime:0.000380s ]
INFO: Run Behavior\CheckLangBehavior [ RunTime:0.000438s ]
INFO: [ app_begin ] --END-- [ RunTime:0.000884s ]
SQL: SHOW COLUMNS FROM `qw_setting` [ RunTime:0.0007s ]
SQL: SELECT `k`,`v` FROM `qw_setting`  [ RunTime:0.0001s ]

[ 2017-05-11T07:45:02+08:00 ] 140.205.253.148 /index.php/Qwadmin/login/index.html
INFO: [ app_init ] --START--
INFO: Run Behavior\BuildLiteBehavior [ RunTime:0.000016s ]
INFO: [ app_init ] --END-- [ RunTime:0.000375s ]
INFO: [ app_begin ] --START--
INFO: Run Behavior\ReadHtmlCacheBehavior [ RunTime:0.000411s ]
INFO: Run Behavior\CheckLangBehavior [ RunTime:0.000496s ]
INFO: [ app_begin ] --END-- [ RunTime:0.000996s ]
SQL: SHOW COLUMNS FROM `qw_setting` [ RunTime:0.0007s ]
SQL: SELECT `k`,`v` FROM `qw_setting`  [ RunTime:0.0002s ]
INFO: [ view_parse ] --START--
INFO: [ template_filter ] --START--
INFO: Run Behavior\ContentReplaceBehavior [ RunTime:0.000036s ]
INFO: [ template_filter ] --END-- [ RunTime:0.000075s ]
INFO: Run Behavior\ParseTemplateBehavior [ RunTime:0.005932s ]
INFO: [ view_parse ] --END-- [ RunTime:0.005988s ]
INFO: [ view_filter ] --START--
INFO: Run Behavior\WriteHtmlCacheBehavior [ RunTime:0.000216s ]
INFO: [ view_filter ] --END-- [ RunTime:0.000255s ]
INFO: [ app_end ] --START--
INFO: Run Behavior\ShowPageTraceBehavior [ RunTime:0.000433s ]
INFO: [ app_end ] --END-- [ RunTime:0.000468s ]

[ 2017-05-11T11:20:19+08:00 ] 106.11.144.147 /index.php/Qwadmin/login/login.html
INFO: [ app_init ] --START--
INFO: Run Behavior\BuildLiteBehavior [ RunTime:0.000015s ]
INFO: [ app_init ] --END-- [ RunTime:0.000305s ]
INFO: [ app_begin ] --START--
INFO: Run Behavior\ReadHtmlCacheBehavior [ RunTime:0.000386s ]
INFO: Run Behavior\CheckLangBehavior [ RunTime:0.000695s ]
INFO: [ app_begin ] --END-- [ RunTime:0.001154s ]
SQL: SHOW COLUMNS FROM `qw_setting` [ RunTime:0.0007s ]
SQL: SELECT `k`,`v` FROM `qw_setting`  [ RunTime:0.0002s ]
INFO: [ view_parse ] --START--
INFO: [ template_filter ] --START--
INFO: Run Behavior\ContentReplaceBehavior [ RunTime:0.000026s ]
INFO: [ template_filter ] --END-- [ RunTime:0.000065s ]
INFO: Run Behavior\ParseTemplateBehavior [ RunTime:0.004307s ]
INFO: [ view_parse ] --END-- [ RunTime:0.004351s ]
INFO: [ view_filter ] --START--
INFO: Run Behavior\WriteHtmlCacheBehavior [ RunTime:0.000176s ]
INFO: [ view_filter ] --END-- [ RunTime:0.000208s ]

[ 2017-05-11T11:20:22+08:00 ] 106.11.144.144 /index.php/Qwadmin/login/index.html
INFO: [ app_init ] --START--
INFO: Run Behavior\BuildLiteBehavior [ RunTime:0.000014s ]
INFO: [ app_init ] --END-- [ RunTime:0.000323s ]
INFO: [ app_begin ] --START--
INFO: Run Behavior\ReadHtmlCacheBehavior [ RunTime:0.000408s ]
INFO: Run Behavior\CheckLangBehavior [ RunTime:0.000667s ]
INFO: [ app_begin ] --END-- [ RunTime:0.001161s ]
SQL: SHOW COLUMNS FROM `qw_setting` [ RunTime:0.0008s ]
SQL: SELECT `k`,`v` FROM `qw_setting`  [ RunTime:0.0002s ]
INFO: [ view_parse ] --START--
INFO: [ template_filter ] --START--
INFO: Run Behavior\ContentReplaceBehavior [ RunTime:0.000027s ]
INFO: [ template_filter ] --END-- [ RunTime:0.000064s ]
INFO: Run Behavior\ParseTemplateBehavior [ RunTime:0.004177s ]
INFO: [ view_parse ] --END-- [ RunTime:0.004216s ]
INFO: [ view_filter ] --START--
INFO: Run Behavior\WriteHtmlCacheBehavior [ RunTime:0.000185s ]
INFO: [ view_filter ] --END-- [ RunTime:0.000226s ]

[ 2017-05-11T11:20:25+08:00 ] 106.11.144.132 /index.php/Qwadmin/index/index.html
INFO: [ app_init ] --START--
INFO: Run Behavior\BuildLiteBehavior [ RunTime:0.000014s ]
INFO: [ app_init ] --END-- [ RunTime:0.000320s ]
INFO: [ app_begin ] --START--
INFO: Run Behavior\ReadHtmlCacheBehavior [ RunTime:0.000443s ]
INFO: Run Behavior\CheckLangBehavior [ RunTime:0.000554s ]
INFO: [ app_begin ] --END-- [ RunTime:0.001077s ]
SQL: SHOW COLUMNS FROM `qw_setting` [ RunTime:0.0007s ]
SQL: SELECT `k`,`v` FROM `qw_setting`  [ RunTime:0.0002s ]
SQL: SELECT * FROM qw_auth_group g left join qw_auth_group_access a on g.id=a.group_id where a.uid=1 [ RunTime:0.0038s ]
SQL: SHOW COLUMNS FROM `qw_member` [ RunTime:0.0005s ]
SQL: SELECT * FROM `qw_member` WHERE `uid` = 1 LIMIT 1   [ RunTime:0.0205s ]
SQL: SELECT s.id,s.title,s.name,s.tips,s.pid,p.pid as ppid,p.title as ptitle FROM qw_auth_rule s left join qw_auth_rule p on p.id=s.pid where s.name='Index/index' [ RunTime:0.0005s ]
SQL: SHOW COLUMNS FROM `qw_auth_rule` [ RunTime:0.0005s ]
SQL: SELECT `id`,`title`,`pid`,`name`,`icon` FROM `qw_auth_rule` WHERE ( islink=1   ) ORDER BY o ASC  [ RunTime:0.0003s ]
SQL: select VERSION() as mysql [ RunTime:0.0001s ]
SQL: SHOW COLUMNS FROM `qw_log` [ RunTime:0.0004s ]
SQL: DELETE FROM `qw_log` WHERE ( t < 1489288825 ) [ RunTime:0.0112s ]
SQL: SELECT COUNT(*) AS tp_count FROM `qw_log` LIMIT 1   [ RunTime:0.0001s ]
SQL: SELECT * FROM `qw_log` ORDER BY id desc LIMIT 0,25   [ RunTime:0.0003s ]
INFO: [ view_parse ] --START--
INFO: [ template_filter ] --START--
INFO: Run Behavior\ContentReplaceBehavior [ RunTime:0.000092s ]
INFO: [ template_filter ] --END-- [ RunTime:0.000133s ]
INFO: Run Behavior\ParseTemplateBehavior [ RunTime:0.045884s ]
INFO: [ view_parse ] --END-- [ RunTime:0.045938s ]
INFO: [ view_filter ] --START--
INFO: Run Behavior\WriteHtmlCacheBehavior [ RunTime:0.000251s ]
INFO: [ view_filter ] --END-- [ RunTime:0.000286s ]
INFO: [ app_end ] --START--
INFO: Run Behavior\ShowPageTraceBehavior [ RunTime:0.000462s ]
INFO: [ app_end ] --END-- [ RunTime:0.000508s ]

[ 2017-05-11T11:20:33+08:00 ] 106.11.144.139 /index.php/Qwadmin/flashview/index.html
INFO: [ app_init ] --START--
INFO: Run Behavior\BuildLiteBehavior [ RunTime:0.000014s ]
INFO: [ app_init ] --END-- [ RunTime:0.000364s ]
INFO: [ app_begin ] --START--
INFO: Run Behavior\ReadHtmlCacheBehavior [ RunTime:0.000387s ]
INFO: Run Behavior\CheckLangBehavior [ RunTime:0.000664s ]
INFO: [ app_begin ] --END-- [ RunTime:0.001126s ]
SQL: SHOW COLUMNS FROM `qw_setting` [ RunTime:0.0007s ]
SQL: SELECT `k`,`v` FROM `qw_setting`  [ RunTime:0.0002s ]
SQL: SELECT * FROM qw_auth_group g left join qw_auth_group_access a on g.id=a.group_id where a.uid=1 [ RunTime:0.0002s ]
SQL: SHOW COLUMNS FROM `qw_member` [ RunTime:0.0005s ]
SQL: SELECT * FROM `qw_member` WHERE `uid` = 1 LIMIT 1   [ RunTime:0.0002s ]
SQL: SELECT s.id,s.title,s.name,s.tips,s.pid,p.pid as ppid,p.title as ptitle FROM qw_auth_rule s left join qw_auth_rule p on p.id=s.pid where s.name='Flashview/index' [ RunTime:0.0002s ]
SQL: SHOW COLUMNS FROM `qw_auth_rule` [ RunTime:0.0005s ]
SQL: SELECT `id`,`title`,`pid`,`name`,`icon` FROM `qw_auth_rule` WHERE ( islink=1   ) ORDER BY o ASC  [ RunTime:0.0002s ]
SQL: SHOW COLUMNS FROM `qw_flashview` [ RunTime:0.0005s ]
SQL: SELECT COUNT(*) AS tp_count FROM `qw_flashview` LIMIT 1   [ RunTime:0.0002s ]
SQL: SELECT * FROM `qw_flashview` ORDER BY fwsort asc LIMIT 0,5   [ RunTime:0.0002s ]
INFO: [ view_parse ] --START--
INFO: [ template_filter ] --START--
INFO: Run Behavior\ContentReplaceBehavior [ RunTime:0.000080s ]
INFO: [ template_filter ] --END-- [ RunTime:0.000148s ]
INFO: Run Behavior\ParseTemplateBehavior [ RunTime:0.017632s ]
INFO: [ view_parse ] --END-- [ RunTime:0.017699s ]
INFO: [ view_filter ] --START--
INFO: Run Behavior\WriteHtmlCacheBehavior [ RunTime:0.000211s ]
INFO: [ view_filter ] --END-- [ RunTime:0.000251s ]
INFO: [ app_end ] --START--
INFO: Run Behavior\ShowPageTraceBehavior [ RunTime:0.000441s ]
INFO: [ app_end ] --END-- [ RunTime:0.000487s ]

[ 2017-05-11T11:20:36+08:00 ] 106.11.144.148 /index.php/Qwadmin/Flashview/edit.html?id=18
INFO: [ app_init ] --START--
INFO: Run Behavior\BuildLiteBehavior [ RunTime:0.000013s ]
INFO: [ app_init ] --END-- [ RunTime:0.000310s ]
INFO: [ app_begin ] --START--
INFO: Run Behavior\ReadHtmlCacheBehavior [ RunTime:0.000382s ]
INFO: Run Behavior\CheckLangBehavior [ RunTime:0.000617s ]
INFO: [ app_begin ] --END-- [ RunTime:0.001068s ]
SQL: SHOW COLUMNS FROM `qw_setting` [ RunTime:0.0008s ]
SQL: SELECT `k`,`v` FROM `qw_setting`  [ RunTime:0.0002s ]
SQL: SELECT * FROM qw_auth_group g left join qw_auth_group_access a on g.id=a.group_id where a.uid=1 [ RunTime:0.0006s ]
SQL: SHOW COLUMNS FROM `qw_member` [ RunTime:0.0006s ]
SQL: SELECT * FROM `qw_member` WHERE `uid` = 1 LIMIT 1   [ RunTime:0.0002s ]
SQL: SELECT s.id,s.title,s.name,s.tips,s.pid,p.pid as ppid,p.title as ptitle FROM qw_auth_rule s left join qw_auth_rule p on p.id=s.pid where s.name='Flashview/index' [ RunTime:0.0002s ]
SQL: SHOW COLUMNS FROM `qw_auth_rule` [ RunTime:0.0005s ]
SQL: SELECT `id`,`title`,`pid`,`name`,`icon` FROM `qw_auth_rule` WHERE ( islink=1   ) ORDER BY o ASC  [ RunTime:0.0003s ]
SQL: SHOW COLUMNS FROM `qw_flashview` [ RunTime:0.0005s ]
SQL: SELECT * FROM `qw_flashview` WHERE ( id=18 ) LIMIT 1   [ RunTime:0.0002s ]
INFO: [ view_parse ] --START--
INFO: [ template_filter ] --START--
INFO: Run Behavior\ContentReplaceBehavior [ RunTime:0.000087s ]
INFO: [ template_filter ] --END-- [ RunTime:0.000146s ]
INFO: Run Behavior\ParseTemplateBehavior [ RunTime:0.017864s ]
INFO: [ view_parse ] --END-- [ RunTime:0.017903s ]
INFO: [ view_filter ] --START--
INFO: Run Behavior\WriteHtmlCacheBehavior [ RunTime:0.000207s ]
INFO: [ view_filter ] --END-- [ RunTime:0.000240s ]
INFO: [ app_end ] --START--
INFO: Run Behavior\ShowPageTraceBehavior [ RunTime:0.000515s ]
INFO: [ app_end ] --END-- [ RunTime:0.000562s ]

[ 2017-05-11T11:20:37+08:00 ] 106.11.144.148 /index.php/Qwadmin/Upload/uploadpic.html?Width=88&Height=31&BackCall=en_flashviewphone&Img=
INFO: [ app_init ] --START--
INFO: Run Behavior\BuildLiteBehavior [ RunTime:0.000014s ]
INFO: [ app_init ] --END-- [ RunTime:0.000334s ]
INFO: [ app_begin ] --START--
INFO: Run Behavior\ReadHtmlCacheBehavior [ RunTime:0.000430s ]
INFO: Run Behavior\CheckLangBehavior [ RunTime:0.000604s ]
INFO: [ app_begin ] --END-- [ RunTime:0.001132s ]
SQL: SHOW COLUMNS FROM `qw_setting` [ RunTime:0.0007s ]
SQL: SELECT `k`,`v` FROM `qw_setting`  [ RunTime:0.0001s ]
SQL: SELECT * FROM qw_auth_group g left join qw_auth_group_access a on g.id=a.group_id where a.uid=1 [ RunTime:0.0003s ]
SQL: SHOW COLUMNS FROM `qw_member` [ RunTime:0.0006s ]
SQL: SELECT * FROM `qw_member` WHERE `uid` = 1 LIMIT 1   [ RunTime:0.0002s ]
SQL: SELECT s.id,s.title,s.name,s.tips,s.pid,p.pid as ppid,p.title as ptitle FROM qw_auth_rule s left join qw_auth_rule p on p.id=s.pid where s.name='Upload/uploadpic' [ RunTime:0.0002s ]
NOTIC: [8] Undefined offset: 0 /www/web/rflinker_com/public_html/App/Qwadmin/Controller/ComController.class.php 第 48 行.
SQL: SHOW COLUMNS FROM `qw_auth_rule` [ RunTime:0.0005s ]
SQL: SELECT `id`,`title`,`pid`,`name`,`icon` FROM `qw_auth_rule` WHERE ( islink=1   ) ORDER BY o ASC  [ RunTime:0.0003s ]
NOTIC: [8] Undefined index: img /www/web/rflinker_com/public_html/App/Qwadmin/Controller/UploadController.class.php 第 60 行.
INFO: [ view_parse ] --START--
INFO: [ template_filter ] --START--
INFO: Run Behavior\ContentReplaceBehavior [ RunTime:0.000029s ]
INFO: [ template_filter ] --END-- [ RunTime:0.000074s ]
INFO: Run Behavior\ParseTemplateBehavior [ RunTime:0.004964s ]
INFO: [ view_parse ] --END-- [ RunTime:0.005030s ]
INFO: [ view_filter ] --START--
INFO: Run Behavior\WriteHtmlCacheBehavior [ RunTime:0.000179s ]
INFO: [ view_filter ] --END-- [ RunTime:0.000210s ]
INFO: [ app_end ] --START--
INFO: Run Behavior\ShowPageTraceBehavior [ RunTime:0.000435s ]
INFO: [ app_end ] --END-- [ RunTime:0.000477s ]

[ 2017-05-11T11:20:37+08:00 ] 106.11.144.132 /index.php/Qwadmin/Upload/uploadpic.html?Width=88&Height=31&BackCall=cn_flashviewpc&Img=
INFO: [ app_init ] --START--
INFO: Run Behavior\BuildLiteBehavior [ RunTime:0.000015s ]
INFO: [ app_init ] --END-- [ RunTime:0.000358s ]
INFO: [ app_begin ] --START--
INFO: Run Behavior\ReadHtmlCacheBehavior [ RunTime:0.000460s ]
INFO: Run Behavior\CheckLangBehavior [ RunTime:0.000609s ]
INFO: [ app_begin ] --END-- [ RunTime:0.001139s ]
SQL: SHOW COLUMNS FROM `qw_setting` [ RunTime:0.0006s ]
SQL: SELECT `k`,`v` FROM `qw_setting`  [ RunTime:0.0002s ]
SQL: SELECT * FROM qw_auth_group g left join qw_auth_group_access a on g.id=a.group_id where a.uid=1 [ RunTime:0.0003s ]
SQL: SHOW COLUMNS FROM `qw_member` [ RunTime:0.0005s ]
SQL: SELECT * FROM `qw_member` WHERE `uid` = 1 LIMIT 1   [ RunTime:0.0002s ]
SQL: SELECT s.id,s.title,s.name,s.tips,s.pid,p.pid as ppid,p.title as ptitle FROM qw_auth_rule s left join qw_auth_rule p on p.id=s.pid where s.name='Upload/uploadpic' [ RunTime:0.0002s ]
NOTIC: [8] Undefined offset: 0 /www/web/rflinker_com/public_html/App/Qwadmin/Controller/ComController.class.php 第 48 行.
SQL: SHOW COLUMNS FROM `qw_auth_rule` [ RunTime:0.0005s ]
SQL: SELECT `id`,`title`,`pid`,`name`,`icon` FROM `qw_auth_rule` WHERE ( islink=1   ) ORDER BY o ASC  [ RunTime:0.0002s ]
NOTIC: [8] Undefined index: img /www/web/rflinker_com/public_html/App/Qwadmin/Controller/UploadController.class.php 第 60 行.
INFO: [ view_parse ] --START--
INFO: [ template_filter ] --START--
INFO: Run Behavior\ContentReplaceBehavior [ RunTime:0.000032s ]
INFO: [ template_filter ] --END-- [ RunTime:0.000118s ]
INFO: Run Behavior\ParseTemplateBehavior [ RunTime:0.004615s ]
INFO: [ view_parse ] --END-- [ RunTime:0.004656s ]
INFO: [ view_filter ] --START--
INFO: Run Behavior\WriteHtmlCacheBehavior [ RunTime:0.000182s ]
INFO: [ view_filter ] --END-- [ RunTime:0.000232s ]
INFO: [ app_end ] --START--
INFO: Run Behavior\ShowPageTraceBehavior [ RunTime:0.000459s ]
INFO: [ app_end ] --END-- [ RunTime:0.000495s ]

[ 2017-05-11T11:20:37+08:00 ] 106.11.144.142 /index.php/Qwadmin/Upload/uploadpic.html?Width=88&Height=31&BackCall=cn_flashviewphone&Img=
INFO: [ app_init ] --START--
INFO: Run Behavior\BuildLiteBehavior [ RunTime:0.000011s ]
INFO: [ app_init ] --END-- [ RunTime:0.000293s ]
INFO: [ app_begin ] --START--
INFO: Run Behavior\ReadHtmlCacheBehavior [ RunTime:0.000386s ]
INFO: Run Behavior\CheckLangBehavior [ RunTime:0.000599s ]
INFO: [ app_begin ] --END-- [ RunTime:0.001061s ]
SQL: SHOW COLUMNS FROM `qw_setting` [ RunTime:0.0006s ]
SQL: SELECT `k`,`v` FROM `qw_setting`  [ RunTime:0.0001s ]
SQL: SELECT * FROM qw_auth_group g left join qw_auth_group_access a on g.id=a.group_id where a.uid=1 [ RunTime:0.0002s ]
SQL: SHOW COLUMNS FROM `qw_member` [ RunTime:0.0005s ]
SQL: SELECT * FROM `qw_member` WHERE `uid` = 1 LIMIT 1   [ RunTime:0.0002s ]
SQL: SELECT s.id,s.title,s.name,s.tips,s.pid,p.pid as ppid,p.title as ptitle FROM qw_auth_rule s left join qw_auth_rule p on p.id=s.pid where s.name='Upload/uploadpic' [ RunTime:0.0002s ]
NOTIC: [8] Undefined offset: 0 /www/web/rflinker_com/public_html/App/Qwadmin/Controller/ComController.class.php 第 48 行.
SQL: SHOW COLUMNS FROM `qw_auth_rule` [ RunTime:0.0005s ]
SQL: SELECT `id`,`title`,`pid`,`name`,`icon` FROM `qw_auth_rule` WHERE ( islink=1   ) ORDER BY o ASC  [ RunTime:0.0002s ]
NOTIC: [8] Undefined index: img /www/web/rflinker_com/public_html/App/Qwadmin/Controller/UploadController.class.php 第 60 行.
INFO: [ view_parse ] --START--
INFO: [ template_filter ] --START--
INFO: Run Behavior\ContentReplaceBehavior [ RunTime:0.000030s ]
INFO: [ template_filter ] --END-- [ RunTime:0.000068s ]
INFO: Run Behavior\ParseTemplateBehavior [ RunTime:0.004382s ]
INFO: [ view_parse ] --END-- [ RunTime:0.004423s ]
INFO: [ view_filter ] --START--
INFO: Run Behavior\WriteHtmlCacheBehavior [ RunTime:0.000185s ]
INFO: [ view_filter ] --END-- [ RunTime:0.000218s ]
INFO: [ app_end ] --START--
INFO: Run Behavior\ShowPageTraceBehavior [ RunTime:0.000430s ]
INFO: [ app_end ] --END-- [ RunTime:0.000468s ]

[ 2017-05-11T11:20:37+08:00 ] 106.11.144.146 /index.php/Qwadmin/Upload/uploadpic.html?Width=88&Height=31&BackCall=en_flashviewpc&Img=/Public/attached/201704/1492918008.jpg
INFO: [ app_init ] --START--
INFO: Run Behavior\BuildLiteBehavior [ RunTime:0.000013s ]
INFO: [ app_init ] --END-- [ RunTime:0.000329s ]
INFO: [ app_begin ] --START--
INFO: Run Behavior\ReadHtmlCacheBehavior [ RunTime:0.000447s ]
INFO: Run Behavior\CheckLangBehavior [ RunTime:0.000603s ]
INFO: [ app_begin ] --END-- [ RunTime:0.001174s ]
SQL: SHOW COLUMNS FROM `qw_setting` [ RunTime:0.0005s ]
SQL: SELECT `k`,`v` FROM `qw_setting`  [ RunTime:0.0002s ]
SQL: SELECT * FROM qw_auth_group g left join qw_auth_group_access a on g.id=a.group_id where a.uid=1 [ RunTime:0.0002s ]
SQL: SHOW COLUMNS FROM `qw_member` [ RunTime:0.0005s ]
SQL: SELECT * FROM `qw_member` WHERE `uid` = 1 LIMIT 1   [ RunTime:0.0002s ]
SQL: SELECT s.id,s.title,s.name,s.tips,s.pid,p.pid as ppid,p.title as ptitle FROM qw_auth_rule s left join qw_auth_rule p on p.id=s.pid where s.name='Upload/uploadpic' [ RunTime:0.0002s ]
NOTIC: [8] Undefined offset: 0 /www/web/rflinker_com/public_html/App/Qwadmin/Controller/ComController.class.php 第 48 行.
SQL: SHOW COLUMNS FROM `qw_auth_rule` [ RunTime:0.0005s ]
SQL: SELECT `id`,`title`,`pid`,`name`,`icon` FROM `qw_auth_rule` WHERE ( islink=1   ) ORDER BY o ASC  [ RunTime:0.0002s ]
NOTIC: [8] Undefined index: img /www/web/rflinker_com/public_html/App/Qwadmin/Controller/UploadController.class.php 第 60 行.
INFO: [ view_parse ] --START--
INFO: [ template_filter ] --START--
INFO: Run Behavior\ContentReplaceBehavior [ RunTime:0.000031s ]
INFO: [ template_filter ] --END-- [ RunTime:0.000073s ]
INFO: Run Behavior\ParseTemplateBehavior [ RunTime:0.004609s ]
INFO: [ view_parse ] --END-- [ RunTime:0.004655s ]
INFO: [ view_filter ] --START--
INFO: Run Behavior\WriteHtmlCacheBehavior [ RunTime:0.000188s ]
INFO: [ view_filter ] --END-- [ RunTime:0.000221s ]
INFO: [ app_end ] --START--
INFO: Run Behavior\ShowPageTraceBehavior [ RunTime:0.000446s ]
INFO: [ app_end ] --END-- [ RunTime:0.000488s ]

[ 2017-05-11T11:21:08+08:00 ] 106.11.144.134 /index.php/Qwadmin/Upload/uploadpic.html
INFO: [ app_init ] --START--
INFO: Run Behavior\BuildLiteBehavior [ RunTime:0.000013s ]
INFO: [ app_init ] --END-- [ RunTime:0.000403s ]
INFO: [ app_begin ] --START--
INFO: Run Behavior\ReadHtmlCacheBehavior [ RunTime:0.000433s ]
INFO: Run Behavior\CheckLangBehavior [ RunTime:0.000645s ]
INFO: [ app_begin ] --END-- [ RunTime:0.001161s ]
SQL: SHOW COLUMNS FROM `qw_setting` [ RunTime:0.0007s ]
SQL: SELECT `k`,`v` FROM `qw_setting`  [ RunTime:0.0002s ]
SQL: SELECT * FROM qw_auth_group g left join qw_auth_group_access a on g.id=a.group_id where a.uid=1 [ RunTime:0.0003s ]
SQL: SHOW COLUMNS FROM `qw_member` [ RunTime:0.0005s ]
SQL: SELECT * FROM `qw_member` WHERE `uid` = 1 LIMIT 1   [ RunTime:0.0002s ]
SQL: SELECT s.id,s.title,s.name,s.tips,s.pid,p.pid as ppid,p.title as ptitle FROM qw_auth_rule s left join qw_auth_rule p on p.id=s.pid where s.name='Upload/uploadpic' [ RunTime:0.0003s ]
NOTIC: [8] Undefined offset: 0 /www/web/rflinker_com/public_html/App/Qwadmin/Controller/ComController.class.php 第 48 行.
SQL: SHOW COLUMNS FROM `qw_auth_rule` [ RunTime:0.0006s ]
SQL: SELECT `id`,`title`,`pid`,`name`,`icon` FROM `qw_auth_rule` WHERE ( islink=1   ) ORDER BY o ASC  [ RunTime:0.0003s ]
INFO: [ view_parse ] --START--
INFO: [ template_filter ] --START--
INFO: Run Behavior\ContentReplaceBehavior [ RunTime:0.000028s ]
INFO: [ template_filter ] --END-- [ RunTime:0.000065s ]
INFO: Run Behavior\ParseTemplateBehavior [ RunTime:0.004985s ]
INFO: [ view_parse ] --END-- [ RunTime:0.005033s ]
INFO: [ view_filter ] --START--
INFO: Run Behavior\WriteHtmlCacheBehavior [ RunTime:0.000197s ]
INFO: [ view_filter ] --END-- [ RunTime:0.000230s ]
INFO: [ app_end ] --START--
INFO: Run Behavior\ShowPageTraceBehavior [ RunTime:0.000422s ]
INFO: [ app_end ] --END-- [ RunTime:0.000458s ]

[ 2017-05-11T11:21:10+08:00 ] 106.11.144.137 /index.php/Qwadmin/Flashview/update.html?id=18
INFO: [ app_init ] --START--
INFO: Run Behavior\BuildLiteBehavior [ RunTime:0.000013s ]
INFO: [ app_init ] --END-- [ RunTime:0.000345s ]
INFO: [ app_begin ] --START--
INFO: Run Behavior\ReadHtmlCacheBehavior [ RunTime:0.000457s ]
INFO: Run Behavior\CheckLangBehavior [ RunTime:0.000666s ]
INFO: [ app_begin ] --END-- [ RunTime:0.001229s ]
SQL: SHOW COLUMNS FROM `qw_setting` [ RunTime:0.0008s ]
SQL: SELECT `k`,`v` FROM `qw_setting`  [ RunTime:0.0002s ]
SQL: SELECT * FROM qw_auth_group g left join qw_auth_group_access a on g.id=a.group_id where a.uid=1 [ RunTime:0.0003s ]
SQL: SHOW COLUMNS FROM `qw_member` [ RunTime:0.0006s ]
SQL: SELECT * FROM `qw_member` WHERE `uid` = 1 LIMIT 1   [ RunTime:0.0002s ]
SQL: SELECT s.id,s.title,s.name,s.tips,s.pid,p.pid as ppid,p.title as ptitle FROM qw_auth_rule s left join qw_auth_rule p on p.id=s.pid where s.name='Flashview/update' [ RunTime:0.0003s ]
NOTIC: [8] Undefined offset: 0 /www/web/rflinker_com/public_html/App/Qwadmin/Controller/ComController.class.php 第 48 行.
SQL: SHOW COLUMNS FROM `qw_auth_rule` [ RunTime:0.0005s ]
SQL: SELECT `id`,`title`,`pid`,`name`,`icon` FROM `qw_auth_rule` WHERE ( islink=1   ) ORDER BY o ASC  [ RunTime:0.0003s ]
SQL: SHOW COLUMNS FROM `qw_flashview` [ RunTime:0.0006s ]
SQL: UPDATE `qw_flashview` SET `cn_fwshowpc`='1',`cn_fwshowphone`='1',`en_fwshowpc`='1',`en_fwshowphone`='1',`cn_fwlink`='',`en_fwlink`='',`fwsort`='0',`en_flashviewpc`='/Public/attached/201705/1494472868.jpg',`cn_title`='',`en_title`='Dream' WHERE ( id=18 ) [ RunTime:0.0037s ]
SQL: SHOW COLUMNS FROM `qw_log` [ RunTime:0.0005s ]
SQL: INSERT INTO `qw_log` (`name`,`t`,`ip`,`log`) VALUES ('admin','1494472870','106.11.144.137','修改友情链接，ID：18') [ RunTime:0.0006s ]
INFO: [ view_parse ] --START--
INFO: [ template_filter ] --START--
INFO: Run Behavior\ContentReplaceBehavior [ RunTime:0.000031s ]
INFO: [ template_filter ] --END-- [ RunTime:0.000072s ]
INFO: Run Behavior\ParseTemplateBehavior [ RunTime:0.004965s ]
INFO: [ view_parse ] --END-- [ RunTime:0.005019s ]
INFO: [ view_filter ] --START--
INFO: Run Behavior\WriteHtmlCacheBehavior [ RunTime:0.000193s ]
INFO: [ view_filter ] --END-- [ RunTime:0.000242s ]
INFO: [ app_end ] --START--
INFO: Run Behavior\ShowPageTraceBehavior [ RunTime:0.000491s ]
INFO: [ app_end ] --END-- [ RunTime:0.000534s ]

[ 2017-05-11T11:21:12+08:00 ] 106.11.144.136 /index.php/Qwadmin/Flashview/index.html
INFO: [ app_init ] --START--
INFO: Run Behavior\BuildLiteBehavior [ RunTime:0.000016s ]
INFO: [ app_init ] --END-- [ RunTime:0.000366s ]
INFO: [ app_begin ] --START--
INFO: Run Behavior\ReadHtmlCacheBehavior [ RunTime:0.000514s ]
INFO: Run Behavior\CheckLangBehavior [ RunTime:0.000628s ]
INFO: [ app_begin ] --END-- [ RunTime:0.001227s ]
SQL: SHOW COLUMNS FROM `qw_setting` [ RunTime:0.0007s ]
SQL: SELECT `k`,`v` FROM `qw_setting`  [ RunTime:0.0002s ]
SQL: SELECT * FROM qw_auth_group g left join qw_auth_group_access a on g.id=a.group_id where a.uid=1 [ RunTime:0.0003s ]
SQL: SHOW COLUMNS FROM `qw_member` [ RunTime:0.0005s ]
SQL: SELECT * FROM `qw_member` WHERE `uid` = 1 LIMIT 1   [ RunTime:0.0002s ]
SQL: SELECT s.id,s.title,s.name,s.tips,s.pid,p.pid as ppid,p.title as ptitle FROM qw_auth_rule s left join qw_auth_rule p on p.id=s.pid where s.name='Flashview/index' [ RunTime:0.0002s ]
SQL: SHOW COLUMNS FROM `qw_auth_rule` [ RunTime:0.0005s ]
SQL: SELECT `id`,`title`,`pid`,`name`,`icon` FROM `qw_auth_rule` WHERE ( islink=1   ) ORDER BY o ASC  [ RunTime:0.0003s ]
SQL: SHOW COLUMNS FROM `qw_flashview` [ RunTime:0.0005s ]
SQL: SELECT COUNT(*) AS tp_count FROM `qw_flashview` LIMIT 1   [ RunTime:0.0002s ]
SQL: SELECT * FROM `qw_flashview` ORDER BY fwsort asc LIMIT 0,5   [ RunTime:0.0002s ]
INFO: [ view_parse ] --START--
INFO: [ template_filter ] --START--
INFO: Run Behavior\ContentReplaceBehavior [ RunTime:0.000080s ]
INFO: [ template_filter ] --END-- [ RunTime:0.000130s ]
INFO: Run Behavior\ParseTemplateBehavior [ RunTime:0.018172s ]
INFO: [ view_parse ] --END-- [ RunTime:0.018216s ]
INFO: [ view_filter ] --START--
INFO: Run Behavior\WriteHtmlCacheBehavior [ RunTime:0.000199s ]
INFO: [ view_filter ] --END-- [ RunTime:0.000233s ]
INFO: [ app_end ] --START--
INFO: Run Behavior\ShowPageTraceBehavior [ RunTime:0.000445s ]
INFO: [ app_end ] --END-- [ RunTime:0.000493s ]

[ 2017-05-11T11:21:26+08:00 ] 106.11.144.148 /index.php/Qwadmin/Flashview/edit.html?id=18
INFO: [ app_init ] --START--
INFO: Run Behavior\BuildLiteBehavior [ RunTime:0.000013s ]
INFO: [ app_init ] --END-- [ RunTime:0.000316s ]
INFO: [ app_begin ] --START--
INFO: Run Behavior\ReadHtmlCacheBehavior [ RunTime:0.000443s ]
INFO: Run Behavior\CheckLangBehavior [ RunTime:0.000663s ]
INFO: [ app_begin ] --END-- [ RunTime:0.001199s ]
SQL: SHOW COLUMNS FROM `qw_setting` [ RunTime:0.0007s ]
SQL: SELECT `k`,`v` FROM `qw_setting`  [ RunTime:0.0002s ]
SQL: SELECT * FROM qw_auth_group g left join qw_auth_group_access a on g.id=a.group_id where a.uid=1 [ RunTime:0.0003s ]
SQL: SHOW COLUMNS FROM `qw_member` [ RunTime:0.0005s ]
SQL: SELECT * FROM `qw_member` WHERE `uid` = 1 LIMIT 1   [ RunTime:0.0002s ]
SQL: SELECT s.id,s.title,s.name,s.tips,s.pid,p.pid as ppid,p.title as ptitle FROM qw_auth_rule s left join qw_auth_rule p on p.id=s.pid where s.name='Flashview/index' [ RunTime:0.0003s ]
SQL: SHOW COLUMNS FROM `qw_auth_rule` [ RunTime:0.0004s ]
SQL: SELECT `id`,`title`,`pid`,`name`,`icon` FROM `qw_auth_rule` WHERE ( islink=1   ) ORDER BY o ASC  [ RunTime:0.0003s ]
SQL: SHOW COLUMNS FROM `qw_flashview` [ RunTime:0.0005s ]
SQL: SELECT * FROM `qw_flashview` WHERE ( id=18 ) LIMIT 1   [ RunTime:0.0002s ]
INFO: [ view_parse ] --START--
INFO: [ template_filter ] --START--
INFO: Run Behavior\ContentReplaceBehavior [ RunTime:0.000085s ]
INFO: [ template_filter ] --END-- [ RunTime:0.000129s ]
INFO: Run Behavior\ParseTemplateBehavior [ RunTime:0.016513s ]
INFO: [ view_parse ] --END-- [ RunTime:0.016554s ]
INFO: [ view_filter ] --START--
INFO: Run Behavior\WriteHtmlCacheBehavior [ RunTime:0.000204s ]
INFO: [ view_filter ] --END-- [ RunTime:0.000238s ]
INFO: [ app_end ] --START--
INFO: Run Behavior\ShowPageTraceBehavior [ RunTime:0.000484s ]
INFO: [ app_end ] --END-- [ RunTime:0.000530s ]

[ 2017-05-11T11:21:27+08:00 ] 106.11.144.132 /index.php/Qwadmin/Upload/uploadpic.html?Width=88&Height=31&BackCall=cn_flashviewpc&Img=
INFO: [ app_init ] --START--
INFO: Run Behavior\BuildLiteBehavior [ RunTime:0.000019s ]
INFO: [ app_init ] --END-- [ RunTime:0.000325s ]
INFO: [ app_begin ] --START--
INFO: Run Behavior\ReadHtmlCacheBehavior [ RunTime:0.000413s ]
INFO: Run Behavior\CheckLangBehavior [ RunTime:0.000606s ]
INFO: [ app_begin ] --END-- [ RunTime:0.001108s ]
SQL: SHOW COLUMNS FROM `qw_setting` [ RunTime:0.0006s ]
SQL: SELECT `k`,`v` FROM `qw_setting`  [ RunTime:0.0002s ]
SQL: SELECT * FROM qw_auth_group g left join qw_auth_group_access a on g.id=a.group_id where a.uid=1 [ RunTime:0.0002s ]
SQL: SHOW COLUMNS FROM `qw_member` [ RunTime:0.0005s ]
SQL: SELECT * FROM `qw_member` WHERE `uid` = 1 LIMIT 1   [ RunTime:0.0002s ]
SQL: SELECT s.id,s.title,s.name,s.tips,s.pid,p.pid as ppid,p.title as ptitle FROM qw_auth_rule s left join qw_auth_rule p on p.id=s.pid where s.name='Upload/uploadpic' [ RunTime:0.0002s ]
NOTIC: [8] Undefined offset: 0 /www/web/rflinker_com/public_html/App/Qwadmin/Controller/ComController.class.php 第 48 行.
SQL: SHOW COLUMNS FROM `qw_auth_rule` [ RunTime:0.0005s ]
SQL: SELECT `id`,`title`,`pid`,`name`,`icon` FROM `qw_auth_rule` WHERE ( islink=1   ) ORDER BY o ASC  [ RunTime:0.0002s ]
NOTIC: [8] Undefined index: img /www/web/rflinker_com/public_html/App/Qwadmin/Controller/UploadController.class.php 第 60 行.
INFO: [ view_parse ] --START--
INFO: [ template_filter ] --START--
INFO: Run Behavior\ContentReplaceBehavior [ RunTime:0.000031s ]
INFO: [ template_filter ] --END-- [ RunTime:0.000073s ]
INFO: Run Behavior\ParseTemplateBehavior [ RunTime:0.004890s ]
INFO: [ view_parse ] --END-- [ RunTime:0.004930s ]
INFO: [ view_filter ] --START--
INFO: Run Behavior\WriteHtmlCacheBehavior [ RunTime:0.000198s ]
INFO: [ view_filter ] --END-- [ RunTime:0.000230s ]
INFO: [ app_end ] --START--
INFO: Run Behavior\ShowPageTraceBehavior [ RunTime:0.000460s ]
INFO: [ app_end ] --END-- [ RunTime:0.000497s ]

[ 2017-05-11T11:21:27+08:00 ] 106.11.144.142 /index.php/Qwadmin/Upload/uploadpic.html?Width=88&Height=31&BackCall=cn_flashviewphone&Img=
INFO: [ app_init ] --START--
INFO: Run Behavior\BuildLiteBehavior [ RunTime:0.000014s ]
INFO: [ app_init ] --END-- [ RunTime:0.000339s ]
INFO: [ app_begin ] --START--
INFO: Run Behavior\ReadHtmlCacheBehavior [ RunTime:0.000411s ]
INFO: Run Behavior\CheckLangBehavior [ RunTime:0.000653s ]
INFO: [ app_begin ] --END-- [ RunTime:0.001144s ]
SQL: SHOW COLUMNS FROM `qw_setting` [ RunTime:0.0006s ]
SQL: SELECT `k`,`v` FROM `qw_setting`  [ RunTime:0.0002s ]
SQL: SELECT * FROM qw_auth_group g left join qw_auth_group_access a on g.id=a.group_id where a.uid=1 [ RunTime:0.0002s ]
SQL: SHOW COLUMNS FROM `qw_member` [ RunTime:0.0005s ]
SQL: SELECT * FROM `qw_member` WHERE `uid` = 1 LIMIT 1   [ RunTime:0.0002s ]
SQL: SELECT s.id,s.title,s.name,s.tips,s.pid,p.pid as ppid,p.title as ptitle FROM qw_auth_rule s left join qw_auth_rule p on p.id=s.pid where s.name='Upload/uploadpic' [ RunTime:0.0002s ]
NOTIC: [8] Undefined offset: 0 /www/web/rflinker_com/public_html/App/Qwadmin/Controller/ComController.class.php 第 48 行.
SQL: SHOW COLUMNS FROM `qw_auth_rule` [ RunTime:0.0004s ]
SQL: SELECT `id`,`title`,`pid`,`name`,`icon` FROM `qw_auth_rule` WHERE ( islink=1   ) ORDER BY o ASC  [ RunTime:0.0003s ]
NOTIC: [8] Undefined index: img /www/web/rflinker_com/public_html/App/Qwadmin/Controller/UploadController.class.php 第 60 行.
INFO: [ view_parse ] --START--
INFO: [ template_filter ] --START--
INFO: Run Behavior\ContentReplaceBehavior [ RunTime:0.000030s ]
INFO: [ template_filter ] --END-- [ RunTime:0.000071s ]
INFO: Run Behavior\ParseTemplateBehavior [ RunTime:0.004701s ]
INFO: [ view_parse ] --END-- [ RunTime:0.004742s ]
INFO: [ view_filter ] --START--
INFO: Run Behavior\WriteHtmlCacheBehavior [ RunTime:0.000180s ]
INFO: [ view_filter ] --END-- [ RunTime:0.000211s ]
INFO: [ app_end ] --START--
INFO: Run Behavior\ShowPageTraceBehavior [ RunTime:0.000478s ]
INFO: [ app_end ] --END-- [ RunTime:0.000517s ]

[ 2017-05-11T11:21:27+08:00 ] 106.11.144.144 /index.php/Qwadmin/Upload/uploadpic.html?Width=88&Height=31&BackCall=en_flashviewpc&Img=/Public/attached/201705/1494472868.jpg
INFO: [ app_init ] --START--
INFO: Run Behavior\BuildLiteBehavior [ RunTime:0.000013s ]
INFO: [ app_init ] --END-- [ RunTime:0.000287s ]
INFO: [ app_begin ] --START--
INFO: Run Behavior\ReadHtmlCacheBehavior [ RunTime:0.000458s ]
INFO: Run Behavior\CheckLangBehavior [ RunTime:0.000554s ]
INFO: [ app_begin ] --END-- [ RunTime:0.001083s ]
SQL: SHOW COLUMNS FROM `qw_setting` [ RunTime:0.0006s ]
SQL: SELECT `k`,`v` FROM `qw_setting`  [ RunTime:0.0002s ]
SQL: SELECT * FROM qw_auth_group g left join qw_auth_group_access a on g.id=a.group_id where a.uid=1 [ RunTime:0.0003s ]
SQL: SHOW COLUMNS FROM `qw_member` [ RunTime:0.0005s ]
SQL: SELECT * FROM `qw_member` WHERE `uid` = 1 LIMIT 1   [ RunTime:0.0002s ]
SQL: SELECT s.id,s.title,s.name,s.tips,s.pid,p.pid as ppid,p.title as ptitle FROM qw_auth_rule s left join qw_auth_rule p on p.id=s.pid where s.name='Upload/uploadpic' [ RunTime:0.0002s ]
NOTIC: [8] Undefined offset: 0 /www/web/rflinker_com/public_html/App/Qwadmin/Controller/ComController.class.php 第 48 行.
SQL: SHOW COLUMNS FROM `qw_auth_rule` [ RunTime:0.0005s ]
SQL: SELECT `id`,`title`,`pid`,`name`,`icon` FROM `qw_auth_rule` WHERE ( islink=1   ) ORDER BY o ASC  [ RunTime:0.0003s ]
NOTIC: [8] Undefined index: img /www/web/rflinker_com/public_html/App/Qwadmin/Controller/UploadController.class.php 第 60 行.
INFO: [ view_parse ] --START--
INFO: [ template_filter ] --START--
INFO: Run Behavior\ContentReplaceBehavior [ RunTime:0.000031s ]
INFO: [ template_filter ] --END-- [ RunTime:0.000072s ]
INFO: Run Behavior\ParseTemplateBehavior [ RunTime:0.004637s ]
INFO: [ view_parse ] --END-- [ RunTime:0.004679s ]
INFO: [ view_filter ] --START--
INFO: Run Behavior\WriteHtmlCacheBehavior [ RunTime:0.000195s ]
INFO: [ view_filter ] --END-- [ RunTime:0.000228s ]
INFO: [ app_end ] --START--
INFO: Run Behavior\ShowPageTraceBehavior [ RunTime:0.000425s ]
INFO: [ app_end ] --END-- [ RunTime:0.000461s ]

[ 2017-05-11T11:21:27+08:00 ] 106.11.144.148 /index.php/Qwadmin/Upload/uploadpic.html?Width=88&Height=31&BackCall=en_flashviewphone&Img=
INFO: [ app_init ] --START--
INFO: Run Behavior\BuildLiteBehavior [ RunTime:0.000014s ]
INFO: [ app_init ] --END-- [ RunTime:0.000325s ]
INFO: [ app_begin ] --START--
INFO: Run Behavior\ReadHtmlCacheBehavior [ RunTime:0.000500s ]
INFO: Run Behavior\CheckLangBehavior [ RunTime:0.000670s ]
INFO: [ app_begin ] --END-- [ RunTime:0.001276s ]
SQL: SHOW COLUMNS FROM `qw_setting` [ RunTime:0.0006s ]
SQL: SELECT `k`,`v` FROM `qw_setting`  [ RunTime:0.0001s ]
SQL: SELECT * FROM qw_auth_group g left join qw_auth_group_access a on g.id=a.group_id where a.uid=1 [ RunTime:0.0003s ]
SQL: SHOW COLUMNS FROM `qw_member` [ RunTime:0.0005s ]
SQL: SELECT * FROM `qw_member` WHERE `uid` = 1 LIMIT 1   [ RunTime:0.0002s ]
SQL: SELECT s.id,s.title,s.name,s.tips,s.pid,p.pid as ppid,p.title as ptitle FROM qw_auth_rule s left join qw_auth_rule p on p.id=s.pid where s.name='Upload/uploadpic' [ RunTime:0.0003s ]
NOTIC: [8] Undefined offset: 0 /www/web/rflinker_com/public_html/App/Qwadmin/Controller/ComController.class.php 第 48 行.
SQL: SHOW COLUMNS FROM `qw_auth_rule` [ RunTime:0.0005s ]
SQL: SELECT `id`,`title`,`pid`,`name`,`icon` FROM `qw_auth_rule` WHERE ( islink=1   ) ORDER BY o ASC  [ RunTime:0.0003s ]
NOTIC: [8] Undefined index: img /www/web/rflinker_com/public_html/App/Qwadmin/Controller/UploadController.class.php 第 60 行.
INFO: [ view_parse ] --START--
INFO: [ template_filter ] --START--
INFO: Run Behavior\ContentReplaceBehavior [ RunTime:0.000047s ]
INFO: [ template_filter ] --END-- [ RunTime:0.000112s ]
INFO: Run Behavior\ParseTemplateBehavior [ RunTime:0.004923s ]
INFO: [ view_parse ] --END-- [ RunTime:0.004974s ]
INFO: [ view_filter ] --START--
INFO: Run Behavior\WriteHtmlCacheBehavior [ RunTime:0.000179s ]
INFO: [ view_filter ] --END-- [ RunTime:0.000215s ]
INFO: [ app_end ] --START--
INFO: Run Behavior\ShowPageTraceBehavior [ RunTime:0.000457s ]
INFO: [ app_end ] --END-- [ RunTime:0.000510s ]

[ 2017-05-11T11:21:30+08:00 ] 106.11.144.137 /index.php/Qwadmin/Flashview/update.html?id=18
INFO: [ app_init ] --START--
INFO: Run Behavior\BuildLiteBehavior [ RunTime:0.000019s ]
INFO: [ app_init ] --END-- [ RunTime:0.000356s ]
INFO: [ app_begin ] --START--
INFO: Run Behavior\ReadHtmlCacheBehavior [ RunTime:0.000374s ]
INFO: Run Behavior\CheckLangBehavior [ RunTime:0.000581s ]
INFO: [ app_begin ] --END-- [ RunTime:0.001030s ]
SQL: SHOW COLUMNS FROM `qw_setting` [ RunTime:0.0006s ]
SQL: SELECT `k`,`v` FROM `qw_setting`  [ RunTime:0.0002s ]
SQL: SELECT * FROM qw_auth_group g left join qw_auth_group_access a on g.id=a.group_id where a.uid=1 [ RunTime:0.0002s ]
SQL: SHOW COLUMNS FROM `qw_member` [ RunTime:0.0005s ]
SQL: SELECT * FROM `qw_member` WHERE `uid` = 1 LIMIT 1   [ RunTime:0.0002s ]
SQL: SELECT s.id,s.title,s.name,s.tips,s.pid,p.pid as ppid,p.title as ptitle FROM qw_auth_rule s left join qw_auth_rule p on p.id=s.pid where s.name='Flashview/update' [ RunTime:0.0002s ]
NOTIC: [8] Undefined offset: 0 /www/web/rflinker_com/public_html/App/Qwadmin/Controller/ComController.class.php 第 48 行.
SQL: SHOW COLUMNS FROM `qw_auth_rule` [ RunTime:0.0005s ]
SQL: SELECT `id`,`title`,`pid`,`name`,`icon` FROM `qw_auth_rule` WHERE ( islink=1   ) ORDER BY o ASC  [ RunTime:0.0002s ]
SQL: SHOW COLUMNS FROM `qw_flashview` [ RunTime:0.0005s ]
SQL: UPDATE `qw_flashview` SET `cn_fwshowpc`='1',`cn_fwshowphone`='1',`en_fwshowpc`='1',`en_fwshowphone`='1',`cn_fwlink`='',`en_fwlink`='',`fwsort`='0',`en_flashviewpc`='/Public/attached/201705/1494472868.jpg',`cn_title`='',`en_title`='' WHERE ( id=18 ) [ RunTime:0.0034s ]
SQL: SHOW COLUMNS FROM `qw_log` [ RunTime:0.0007s ]
SQL: INSERT INTO `qw_log` (`name`,`t`,`ip`,`log`) VALUES ('admin','1494472890','106.11.144.137','修改友情链接，ID：18') [ RunTime:0.0002s ]
INFO: [ view_parse ] --START--
INFO: [ template_filter ] --START--
INFO: Run Behavior\ContentReplaceBehavior [ RunTime:0.000030s ]
INFO: [ template_filter ] --END-- [ RunTime:0.000071s ]
INFO: Run Behavior\ParseTemplateBehavior [ RunTime:0.004074s ]
INFO: [ view_parse ] --END-- [ RunTime:0.004113s ]
INFO: [ view_filter ] --START--
INFO: Run Behavior\WriteHtmlCacheBehavior [ RunTime:0.000195s ]
INFO: [ view_filter ] --END-- [ RunTime:0.000227s ]
INFO: [ app_end ] --START--
INFO: Run Behavior\ShowPageTraceBehavior [ RunTime:0.000437s ]
INFO: [ app_end ] --END-- [ RunTime:0.000474s ]

[ 2017-05-11T11:21:32+08:00 ] 106.11.144.136 /index.php/Qwadmin/Flashview/index.html
INFO: [ app_init ] --START--
INFO: Run Behavior\BuildLiteBehavior [ RunTime:0.000014s ]
INFO: [ app_init ] --END-- [ RunTime:0.000327s ]
INFO: [ app_begin ] --START--
INFO: Run Behavior\ReadHtmlCacheBehavior [ RunTime:0.000421s ]
INFO: Run Behavior\CheckLangBehavior [ RunTime:0.000582s ]
INFO: [ app_begin ] --END-- [ RunTime:0.001074s ]
SQL: SHOW COLUMNS FROM `qw_setting` [ RunTime:0.0007s ]
SQL: SELECT `k`,`v` FROM `qw_setting`  [ RunTime:0.0002s ]
SQL: SELECT * FROM qw_auth_group g left join qw_auth_group_access a on g.id=a.group_id where a.uid=1 [ RunTime:0.0003s ]
SQL: SHOW COLUMNS FROM `qw_member` [ RunTime:0.0005s ]
SQL: SELECT * FROM `qw_member` WHERE `uid` = 1 LIMIT 1   [ RunTime:0.0002s ]
SQL: SELECT s.id,s.title,s.name,s.tips,s.pid,p.pid as ppid,p.title as ptitle FROM qw_auth_rule s left join qw_auth_rule p on p.id=s.pid where s.name='Flashview/index' [ RunTime:0.0003s ]
SQL: SHOW COLUMNS FROM `qw_auth_rule` [ RunTime:0.0004s ]
SQL: SELECT `id`,`title`,`pid`,`name`,`icon` FROM `qw_auth_rule` WHERE ( islink=1   ) ORDER BY o ASC  [ RunTime:0.0003s ]
SQL: SHOW COLUMNS FROM `qw_flashview` [ RunTime:0.0005s ]
SQL: SELECT COUNT(*) AS tp_count FROM `qw_flashview` LIMIT 1   [ RunTime:0.0002s ]
SQL: SELECT * FROM `qw_flashview` ORDER BY fwsort asc LIMIT 0,5   [ RunTime:0.0002s ]
INFO: [ view_parse ] --START--
INFO: [ template_filter ] --START--
INFO: Run Behavior\ContentReplaceBehavior [ RunTime:0.000074s ]
INFO: [ template_filter ] --END-- [ RunTime:0.000115s ]
INFO: Run Behavior\ParseTemplateBehavior [ RunTime:0.016200s ]
INFO: [ view_parse ] --END-- [ RunTime:0.016248s ]
INFO: [ view_filter ] --START--
INFO: Run Behavior\WriteHtmlCacheBehavior [ RunTime:0.000184s ]
INFO: [ view_filter ] --END-- [ RunTime:0.000216s ]
INFO: [ app_end ] --START--
INFO: Run Behavior\ShowPageTraceBehavior [ RunTime:0.000415s ]
INFO: [ app_end ] --END-- [ RunTime:0.000460s ]

[ 2017-05-11T11:22:02+08:00 ] 106.11.144.147 /index.php/Qwadmin/Flashview/edit.html?id=16
INFO: [ app_init ] --START--
INFO: Run Behavior\BuildLiteBehavior [ RunTime:0.000013s ]
INFO: [ app_init ] --END-- [ RunTime:0.000326s ]
INFO: [ app_begin ] --START--
INFO: Run Behavior\ReadHtmlCacheBehavior [ RunTime:0.000426s ]
INFO: Run Behavior\CheckLangBehavior [ RunTime:0.000487s ]
INFO: [ app_begin ] --END-- [ RunTime:0.001012s ]
SQL: SHOW COLUMNS FROM `qw_setting` [ RunTime:0.0007s ]
SQL: SELECT `k`,`v` FROM `qw_setting`  [ RunTime:0.0002s ]
SQL: SELECT * FROM qw_auth_group g left join qw_auth_group_access a on g.id=a.group_id where a.uid=1 [ RunTime:0.0003s ]
SQL: SHOW COLUMNS FROM `qw_member` [ RunTime:0.0005s ]
SQL: SELECT * FROM `qw_member` WHERE `uid` = 1 LIMIT 1   [ RunTime:0.0002s ]
SQL: SELECT s.id,s.title,s.name,s.tips,s.pid,p.pid as ppid,p.title as ptitle FROM qw_auth_rule s left join qw_auth_rule p on p.id=s.pid where s.name='Flashview/index' [ RunTime:0.0003s ]
SQL: SHOW COLUMNS FROM `qw_auth_rule` [ RunTime:0.0004s ]
SQL: SELECT `id`,`title`,`pid`,`name`,`icon` FROM `qw_auth_rule` WHERE ( islink=1   ) ORDER BY o ASC  [ RunTime:0.0003s ]
SQL: SHOW COLUMNS FROM `qw_flashview` [ RunTime:0.0005s ]
SQL: SELECT * FROM `qw_flashview` WHERE ( id=16 ) LIMIT 1   [ RunTime:0.0002s ]
INFO: [ view_parse ] --START--
INFO: [ template_filter ] --START--
INFO: Run Behavior\ContentReplaceBehavior [ RunTime:0.000103s ]
INFO: [ template_filter ] --END-- [ RunTime:0.000171s ]
INFO: Run Behavior\ParseTemplateBehavior [ RunTime:0.017409s ]
INFO: [ view_parse ] --END-- [ RunTime:0.017458s ]
INFO: [ view_filter ] --START--
INFO: Run Behavior\WriteHtmlCacheBehavior [ RunTime:0.000216s ]
INFO: [ view_filter ] --END-- [ RunTime:0.000254s ]
INFO: [ app_end ] --START--
INFO: Run Behavior\ShowPageTraceBehavior [ RunTime:0.000440s ]
INFO: [ app_end ] --END-- [ RunTime:0.000487s ]

[ 2017-05-11T11:22:02+08:00 ] 106.11.144.134 /index.php/Qwadmin/Upload/uploadpic.html?Width=88&Height=31&BackCall=en_flashviewpc&Img=/Public/attached/201704/1492654437.jpg
INFO: [ app_init ] --START--
INFO: Run Behavior\BuildLiteBehavior [ RunTime:0.000021s ]
INFO: [ app_init ] --END-- [ RunTime:0.000476s ]
INFO: [ app_begin ] --START--
INFO: Run Behavior\ReadHtmlCacheBehavior [ RunTime:0.000559s ]
INFO: Run Behavior\CheckLangBehavior [ RunTime:0.000459s ]
INFO: [ app_begin ] --END-- [ RunTime:0.001120s ]
SQL: SHOW COLUMNS FROM `qw_setting` [ RunTime:0.0007s ]
SQL: SELECT `k`,`v` FROM `qw_setting`  [ RunTime:0.0002s ]
SQL: SELECT * FROM qw_auth_group g left join qw_auth_group_access a on g.id=a.group_id where a.uid=1 [ RunTime:0.0002s ]
SQL: SHOW COLUMNS FROM `qw_member` [ RunTime:0.0005s ]
SQL: SELECT * FROM `qw_member` WHERE `uid` = 1 LIMIT 1   [ RunTime:0.0002s ]
SQL: SELECT s.id,s.title,s.name,s.tips,s.pid,p.pid as ppid,p.title as ptitle FROM qw_auth_rule s left join qw_auth_rule p on p.id=s.pid where s.name='Upload/uploadpic' [ RunTime:0.0002s ]
NOTIC: [8] Undefined offset: 0 /www/web/rflinker_com/public_html/App/Qwadmin/Controller/ComController.class.php 第 48 行.
SQL: SHOW COLUMNS FROM `qw_auth_rule` [ RunTime:0.0004s ]
SQL: SELECT `id`,`title`,`pid`,`name`,`icon` FROM `qw_auth_rule` WHERE ( islink=1   ) ORDER BY o ASC  [ RunTime:0.0003s ]
NOTIC: [8] Undefined index: img /www/web/rflinker_com/public_html/App/Qwadmin/Controller/UploadController.class.php 第 60 行.
INFO: [ view_parse ] --START--
INFO: [ template_filter ] --START--
INFO: Run Behavior\ContentReplaceBehavior [ RunTime:0.000033s ]
INFO: [ template_filter ] --END-- [ RunTime:0.000081s ]
INFO: Run Behavior\ParseTemplateBehavior [ RunTime:0.004710s ]
INFO: [ view_parse ] --END-- [ RunTime:0.004760s ]
INFO: [ view_filter ] --START--
INFO: Run Behavior\WriteHtmlCacheBehavior [ RunTime:0.000179s ]
INFO: [ view_filter ] --END-- [ RunTime:0.000211s ]
INFO: [ app_end ] --START--
INFO: Run Behavior\ShowPageTraceBehavior [ RunTime:0.000473s ]
INFO: [ app_end ] --END-- [ RunTime:0.000519s ]

[ 2017-05-11T11:22:02+08:00 ] 106.11.144.137 /index.php/Qwadmin/Upload/uploadpic.html?Width=88&Height=31&BackCall=cn_flashviewpc&Img=/Public/attached/201703/1490682111.jpg
INFO: [ app_init ] --START--
INFO: Run Behavior\BuildLiteBehavior [ RunTime:0.000015s ]
INFO: [ app_init ] --END-- [ RunTime:0.000371s ]
INFO: [ app_begin ] --START--
INFO: Run Behavior\ReadHtmlCacheBehavior [ RunTime:0.000423s ]
INFO: Run Behavior\CheckLangBehavior [ RunTime:0.000405s ]
INFO: [ app_begin ] --END-- [ RunTime:0.000899s ]
SQL: SHOW COLUMNS FROM `qw_setting` [ RunTime:0.0007s ]
SQL: SELECT `k`,`v` FROM `qw_setting`  [ RunTime:0.0002s ]
SQL: SELECT * FROM qw_auth_group g left join qw_auth_group_access a on g.id=a.group_id where a.uid=1 [ RunTime:0.0002s ]
SQL: SHOW COLUMNS FROM `qw_member` [ RunTime:0.0005s ]
SQL: SELECT * FROM `qw_member` WHERE `uid` = 1 LIMIT 1   [ RunTime:0.0002s ]
SQL: SELECT s.id,s.title,s.name,s.tips,s.pid,p.pid as ppid,p.title as ptitle FROM qw_auth_rule s left join qw_auth_rule p on p.id=s.pid where s.name='Upload/uploadpic' [ RunTime:0.0002s ]
NOTIC: [8] Undefined offset: 0 /www/web/rflinker_com/public_html/App/Qwadmin/Controller/ComController.class.php 第 48 行.
SQL: SHOW COLUMNS FROM `qw_auth_rule` [ RunTime:0.0005s ]
SQL: SELECT `id`,`title`,`pid`,`name`,`icon` FROM `qw_auth_rule` WHERE ( islink=1   ) ORDER BY o ASC  [ RunTime:0.0002s ]
NOTIC: [8] Undefined index: img /www/web/rflinker_com/public_html/App/Qwadmin/Controller/UploadController.class.php 第 60 行.
INFO: [ view_parse ] --START--
INFO: [ template_filter ] --START--
INFO: Run Behavior\ContentReplaceBehavior [ RunTime:0.000040s ]
INFO: [ template_filter ] --END-- [ RunTime:0.000099s ]
INFO: Run Behavior\ParseTemplateBehavior [ RunTime:0.004862s ]
INFO: [ view_parse ] --END-- [ RunTime:0.004907s ]
INFO: [ view_filter ] --START--
INFO: Run Behavior\WriteHtmlCacheBehavior [ RunTime:0.000199s ]
INFO: [ view_filter ] --END-- [ RunTime:0.000254s ]
INFO: [ app_end ] --START--
INFO: Run Behavior\ShowPageTraceBehavior [ RunTime:0.000440s ]
INFO: [ app_end ] --END-- [ RunTime:0.000476s ]

[ 2017-05-11T11:22:02+08:00 ] 106.11.144.142 /index.php/Qwadmin/Upload/uploadpic.html?Width=88&Height=31&BackCall=cn_flashviewphone&Img=
INFO: [ app_init ] --START--
INFO: Run Behavior\BuildLiteBehavior [ RunTime:0.000015s ]
INFO: [ app_init ] --END-- [ RunTime:0.000331s ]
INFO: [ app_begin ] --START--
INFO: Run Behavior\ReadHtmlCacheBehavior [ RunTime:0.000423s ]
INFO: Run Behavior\CheckLangBehavior [ RunTime:0.000445s ]
INFO: [ app_begin ] --END-- [ RunTime:0.000974s ]
SQL: SHOW COLUMNS FROM `qw_setting` [ RunTime:0.0007s ]
SQL: SELECT `k`,`v` FROM `qw_setting`  [ RunTime:0.0002s ]
SQL: SELECT * FROM qw_auth_group g left join qw_auth_group_access a on g.id=a.group_id where a.uid=1 [ RunTime:0.0002s ]
SQL: SHOW COLUMNS FROM `qw_member` [ RunTime:0.0005s ]
SQL: SELECT * FROM `qw_member` WHERE `uid` = 1 LIMIT 1   [ RunTime:0.0002s ]
SQL: SELECT s.id,s.title,s.name,s.tips,s.pid,p.pid as ppid,p.title as ptitle FROM qw_auth_rule s left join qw_auth_rule p on p.id=s.pid where s.name='Upload/uploadpic' [ RunTime:0.0002s ]
NOTIC: [8] Undefined offset: 0 /www/web/rflinker_com/public_html/App/Qwadmin/Controller/ComController.class.php 第 48 行.
SQL: SHOW COLUMNS FROM `qw_auth_rule` [ RunTime:0.0004s ]
SQL: SELECT `id`,`title`,`pid`,`name`,`icon` FROM `qw_auth_rule` WHERE ( islink=1   ) ORDER BY o ASC  [ RunTime:0.0002s ]
NOTIC: [8] Undefined index: img /www/web/rflinker_com/public_html/App/Qwadmin/Controller/UploadController.class.php 第 60 行.
INFO: [ view_parse ] --START--
INFO: [ template_filter ] --START--
INFO: Run Behavior\ContentReplaceBehavior [ RunTime:0.000030s ]
INFO: [ template_filter ] --END-- [ RunTime:0.000069s ]
INFO: Run Behavior\ParseTemplateBehavior [ RunTime:0.004462s ]
INFO: [ view_parse ] --END-- [ RunTime:0.004509s ]
INFO: [ view_filter ] --START--
INFO: Run Behavior\WriteHtmlCacheBehavior [ RunTime:0.000174s ]
INFO: [ view_filter ] --END-- [ RunTime:0.000205s ]
INFO: [ app_end ] --START--
INFO: Run Behavior\ShowPageTraceBehavior [ RunTime:0.000440s ]
INFO: [ app_end ] --END-- [ RunTime:0.000482s ]

[ 2017-05-11T11:22:02+08:00 ] 106.11.144.148 /index.php/Qwadmin/Upload/uploadpic.html?Width=88&Height=31&BackCall=en_flashviewphone&Img=
INFO: [ app_init ] --START--
INFO: Run Behavior\BuildLiteBehavior [ RunTime:0.000019s ]
INFO: [ app_init ] --END-- [ RunTime:0.000348s ]
INFO: [ app_begin ] --START--
INFO: Run Behavior\ReadHtmlCacheBehavior [ RunTime:0.000480s ]
INFO: Run Behavior\CheckLangBehavior [ RunTime:0.000406s ]
INFO: [ app_begin ] --END-- [ RunTime:0.000984s ]
SQL: SHOW COLUMNS FROM `qw_setting` [ RunTime:0.0006s ]
SQL: SELECT `k`,`v` FROM `qw_setting`  [ RunTime:0.0001s ]
SQL: SELECT * FROM qw_auth_group g left join qw_auth_group_access a on g.id=a.group_id where a.uid=1 [ RunTime:0.0003s ]
SQL: SHOW COLUMNS FROM `qw_member` [ RunTime:0.0005s ]
SQL: SELECT * FROM `qw_member` WHERE `uid` = 1 LIMIT 1   [ RunTime:0.0002s ]
SQL: SELECT s.id,s.title,s.name,s.tips,s.pid,p.pid as ppid,p.title as ptitle FROM qw_auth_rule s left join qw_auth_rule p on p.id=s.pid where s.name='Upload/uploadpic' [ RunTime:0.0002s ]
NOTIC: [8] Undefined offset: 0 /www/web/rflinker_com/public_html/App/Qwadmin/Controller/ComController.class.php 第 48 行.
SQL: SHOW COLUMNS FROM `qw_auth_rule` [ RunTime:0.0005s ]
SQL: SELECT `id`,`title`,`pid`,`name`,`icon` FROM `qw_auth_rule` WHERE ( islink=1   ) ORDER BY o ASC  [ RunTime:0.0002s ]
NOTIC: [8] Undefined index: img /www/web/rflinker_com/public_html/App/Qwadmin/Controller/UploadController.class.php 第 60 行.
INFO: [ view_parse ] --START--
INFO: [ template_filter ] --START--
INFO: Run Behavior\ContentReplaceBehavior [ RunTime:0.000031s ]
INFO: [ template_filter ] --END-- [ RunTime:0.000078s ]
INFO: Run Behavior\ParseTemplateBehavior [ RunTime:0.004662s ]
INFO: [ view_parse ] --END-- [ RunTime:0.004714s ]
INFO: [ view_filter ] --START--
INFO: Run Behavior\WriteHtmlCacheBehavior [ RunTime:0.000209s ]
INFO: [ view_filter ] --END-- [ RunTime:0.000241s ]
INFO: [ app_end ] --START--
INFO: Run Behavior\ShowPageTraceBehavior [ RunTime:0.000422s ]
INFO: [ app_end ] --END-- [ RunTime:0.000464s ]

[ 2017-05-11T11:22:08+08:00 ] 106.11.144.147 /index.php/Qwadmin/Flashview/update.html?id=16
INFO: [ app_init ] --START--
INFO: Run Behavior\BuildLiteBehavior [ RunTime:0.000013s ]
INFO: [ app_init ] --END-- [ RunTime:0.000344s ]
INFO: [ app_begin ] --START--
INFO: Run Behavior\ReadHtmlCacheBehavior [ RunTime:0.000403s ]
INFO: Run Behavior\CheckLangBehavior [ RunTime:0.000397s ]
INFO: [ app_begin ] --END-- [ RunTime:0.000874s ]
SQL: SHOW COLUMNS FROM `qw_setting` [ RunTime:0.0007s ]
SQL: SELECT `k`,`v` FROM `qw_setting`  [ RunTime:0.0002s ]
SQL: SELECT * FROM qw_auth_group g left join qw_auth_group_access a on g.id=a.group_id where a.uid=1 [ RunTime:0.0003s ]
SQL: SHOW COLUMNS FROM `qw_member` [ RunTime:0.0005s ]
SQL: SELECT * FROM `qw_member` WHERE `uid` = 1 LIMIT 1   [ RunTime:0.0002s ]
SQL: SELECT s.id,s.title,s.name,s.tips,s.pid,p.pid as ppid,p.title as ptitle FROM qw_auth_rule s left join qw_auth_rule p on p.id=s.pid where s.name='Flashview/update' [ RunTime:0.0002s ]
NOTIC: [8] Undefined offset: 0 /www/web/rflinker_com/public_html/App/Qwadmin/Controller/ComController.class.php 第 48 行.
SQL: SHOW COLUMNS FROM `qw_auth_rule` [ RunTime:0.0005s ]
SQL: SELECT `id`,`title`,`pid`,`name`,`icon` FROM `qw_auth_rule` WHERE ( islink=1   ) ORDER BY o ASC  [ RunTime:0.0002s ]
SQL: SHOW COLUMNS FROM `qw_flashview` [ RunTime:0.0005s ]
SQL: UPDATE `qw_flashview` SET `cn_fwshowpc`='1',`cn_fwshowphone`='1',`en_fwshowpc`='2',`en_fwshowphone`='1',`cn_fwlink`='https://www.baidu.com/?tn=93912046_hao_pg',`en_fwlink`='https://www.baidu.com/',`fwsort`='1',`cn_flashviewpc`='/Public/attached/201703/1490682111.jpg',`en_flashviewpc`='/Public/attached/201704/1492654437.jpg',`cn_title`='',`en_title`='' WHERE ( id=16 ) [ RunTime:0.0032s ]
SQL: SHOW COLUMNS FROM `qw_log` [ RunTime:0.0005s ]
SQL: INSERT INTO `qw_log` (`name`,`t`,`ip`,`log`) VALUES ('admin','1494472928','106.11.144.147','修改友情链接，ID：16') [ RunTime:0.0002s ]
INFO: [ view_parse ] --START--
INFO: [ template_filter ] --START--
INFO: Run Behavior\ContentReplaceBehavior [ RunTime:0.000025s ]
INFO: [ template_filter ] --END-- [ RunTime:0.000061s ]
INFO: Run Behavior\ParseTemplateBehavior [ RunTime:0.003998s ]
INFO: [ view_parse ] --END-- [ RunTime:0.004039s ]
INFO: [ view_filter ] --START--
INFO: Run Behavior\WriteHtmlCacheBehavior [ RunTime:0.000172s ]
INFO: [ view_filter ] --END-- [ RunTime:0.000203s ]
INFO: [ app_end ] --START--
INFO: Run Behavior\ShowPageTraceBehavior [ RunTime:0.000478s ]
INFO: [ app_end ] --END-- [ RunTime:0.000513s ]

[ 2017-05-11T11:22:10+08:00 ] 106.11.144.136 /index.php/Qwadmin/Flashview/index.html
INFO: [ app_init ] --START--
INFO: Run Behavior\BuildLiteBehavior [ RunTime:0.000022s ]
INFO: [ app_init ] --END-- [ RunTime:0.000475s ]
INFO: [ app_begin ] --START--
INFO: Run Behavior\ReadHtmlCacheBehavior [ RunTime:0.000606s ]
INFO: Run Behavior\CheckLangBehavior [ RunTime:0.000677s ]
INFO: [ app_begin ] --END-- [ RunTime:0.001409s ]
SQL: SHOW COLUMNS FROM `qw_setting` [ RunTime:0.0007s ]
SQL: SELECT `k`,`v` FROM `qw_setting`  [ RunTime:0.0002s ]
SQL: SELECT * FROM qw_auth_group g left join qw_auth_group_access a on g.id=a.group_id where a.uid=1 [ RunTime:0.0002s ]
SQL: SHOW COLUMNS FROM `qw_member` [ RunTime:0.0005s ]
SQL: SELECT * FROM `qw_member` WHERE `uid` = 1 LIMIT 1   [ RunTime:0.0002s ]
SQL: SELECT s.id,s.title,s.name,s.tips,s.pid,p.pid as ppid,p.title as ptitle FROM qw_auth_rule s left join qw_auth_rule p on p.id=s.pid where s.name='Flashview/index' [ RunTime:0.0002s ]
SQL: SHOW COLUMNS FROM `qw_auth_rule` [ RunTime:0.0005s ]
SQL: SELECT `id`,`title`,`pid`,`name`,`icon` FROM `qw_auth_rule` WHERE ( islink=1   ) ORDER BY o ASC  [ RunTime:0.0002s ]
SQL: SHOW COLUMNS FROM `qw_flashview` [ RunTime:0.0005s ]
SQL: SELECT COUNT(*) AS tp_count FROM `qw_flashview` LIMIT 1   [ RunTime:0.0002s ]
SQL: SELECT * FROM `qw_flashview` ORDER BY fwsort asc LIMIT 0,5   [ RunTime:0.0002s ]
INFO: [ view_parse ] --START--
INFO: [ template_filter ] --START--
INFO: Run Behavior\ContentReplaceBehavior [ RunTime:0.000091s ]
INFO: [ template_filter ] --END-- [ RunTime:0.000143s ]
INFO: Run Behavior\ParseTemplateBehavior [ RunTime:0.015972s ]
INFO: [ view_parse ] --END-- [ RunTime:0.016014s ]
INFO: [ view_filter ] --START--
INFO: Run Behavior\WriteHtmlCacheBehavior [ RunTime:0.000196s ]
INFO: [ view_filter ] --END-- [ RunTime:0.000228s ]
INFO: [ app_end ] --START--
INFO: Run Behavior\ShowPageTraceBehavior [ RunTime:0.000475s ]
INFO: [ app_end ] --END-- [ RunTime:0.000529s ]

