[ 2017-04-09T13:52:34+08:00 ] ::1 /guanwang/qwadmin/index.php/Qwadmin/Felgproduct/index.html
INFO: [ app_init ] --START--
INFO: Run Behavior\BuildLiteBehavior [ RunTime:0.000037s ]
INFO: [ app_init ] --END-- [ RunTime:0.000587s ]
INFO: [ app_begin ] --START--
INFO: Run Behavior\ReadHtmlCacheBehavior [ RunTime:0.000994s ]
INFO: Run Behavior\CheckLangBehavior [ RunTime:0.001069s ]
INFO: [ app_begin ] --END-- [ RunTime:0.002340s ]
SQL: SHOW COLUMNS FROM `qw_setting` [ RunTime:0.0067s ]
SQL: SELECT `k`,`v` FROM `qw_setting`  [ RunTime:0.0004s ]
SQL: SELECT * FROM qw_auth_group g left join qw_auth_group_access a on g.id=a.group_id where a.uid=1 [ RunTime:0.0008s ]
SQL: SHOW COLUMNS FROM `qw_member` [ RunTime:0.0067s ]
SQL: SELECT * FROM `qw_member` WHERE `uid` = 1 LIMIT 1   [ RunTime:0.0006s ]
SQL: SELECT s.id,s.title,s.name,s.tips,s.pid,p.pid as ppid,p.title as ptitle FROM qw_auth_rule s left join qw_auth_rule p on p.id=s.pid where s.name='Felgproduct/index' [ RunTime:0.0009s ]
SQL: SHOW COLUMNS FROM `qw_auth_rule` [ RunTime:0.0151s ]
SQL: SELECT `id`,`title`,`pid`,`name`,`icon` FROM `qw_auth_rule` WHERE ( islink=1   ) ORDER BY o ASC  [ RunTime:0.0011s ]
SQL: SHOW COLUMNS FROM `qw_felgproduct` [ RunTime:0.0056s ]
SQL: SELECT * FROM `qw_felgproduct` ORDER BY ftsort  [ RunTime:0.0006s ]
INFO: [ view_parse ] --START--
INFO: [ template_filter ] --START--
INFO: Run Behavior\ContentReplaceBehavior [ RunTime:0.000353s ]
INFO: [ template_filter ] --END-- [ RunTime:0.000722s ]
NOTIC: [8] Undefined variable: page F:\wamp\www\guanwang\qwadmin\App\Runtime\Cache\Qwadmin\08179b7ff337c5609d98e4390cec1389.php 第 393 行.
INFO: Run Behavior\ParseTemplateBehavior [ RunTime:3.605967s ]
INFO: [ view_parse ] --END-- [ RunTime:3.606209s ]
INFO: [ view_filter ] --START--
INFO: Run Behavior\WriteHtmlCacheBehavior [ RunTime:0.000616s ]
INFO: [ view_filter ] --END-- [ RunTime:0.000769s ]
INFO: [ app_end ] --START--
INFO: Run Behavior\ShowPageTraceBehavior [ RunTime:0.000788s ]
INFO: [ app_end ] --END-- [ RunTime:0.000937s ]

[ 2017-04-09T13:52:34+08:00 ] ::1 /guanwang/qwadmin/index.php/Qwadmin/Felgproduct/index.html
INFO: [ app_init ] --START--
INFO: Run Behavior\BuildLiteBehavior [ RunTime:0.000040s ]
INFO: [ app_init ] --END-- [ RunTime:0.000649s ]
INFO: [ app_begin ] --START--
INFO: Run Behavior\ReadHtmlCacheBehavior [ RunTime:0.001151s ]
INFO: Run Behavior\CheckLangBehavior [ RunTime:0.001124s ]
INFO: [ app_begin ] --END-- [ RunTime:0.002741s ]
SQL: SHOW COLUMNS FROM `qw_setting` [ RunTime:0.0113s ]
SQL: SELECT `k`,`v` FROM `qw_setting`  [ RunTime:0.0003s ]
SQL: SELECT * FROM qw_auth_group g left join qw_auth_group_access a on g.id=a.group_id where a.uid=1 [ RunTime:0.0003s ]
SQL: SHOW COLUMNS FROM `qw_member` [ RunTime:0.0070s ]
SQL: SELECT * FROM `qw_member` WHERE `uid` = 1 LIMIT 1   [ RunTime:0.0003s ]
SQL: SELECT s.id,s.title,s.name,s.tips,s.pid,p.pid as ppid,p.title as ptitle FROM qw_auth_rule s left join qw_auth_rule p on p.id=s.pid where s.name='Felgproduct/index' [ RunTime:0.0003s ]
SQL: SHOW COLUMNS FROM `qw_auth_rule` [ RunTime:0.0041s ]
SQL: SELECT `id`,`title`,`pid`,`name`,`icon` FROM `qw_auth_rule` WHERE ( islink=1   ) ORDER BY o ASC  [ RunTime:0.0013s ]
SQL: SHOW COLUMNS FROM `qw_felgproduct` [ RunTime:0.0192s ]
SQL: SELECT * FROM `qw_felgproduct` ORDER BY ftsort  [ RunTime:0.0008s ]
INFO: [ view_parse ] --START--
INFO: [ template_filter ] --START--
INFO: Run Behavior\ContentReplaceBehavior [ RunTime:0.000319s ]
INFO: [ template_filter ] --END-- [ RunTime:0.000576s ]
NOTIC: [8] Undefined variable: page F:\wamp\www\guanwang\qwadmin\App\Runtime\Cache\Qwadmin\08179b7ff337c5609d98e4390cec1389.php 第 393 行.
INFO: Run Behavior\ParseTemplateBehavior [ RunTime:0.075330s ]
INFO: [ view_parse ] --END-- [ RunTime:0.075514s ]
INFO: [ view_filter ] --START--
INFO: Run Behavior\WriteHtmlCacheBehavior [ RunTime:0.000545s ]
INFO: [ view_filter ] --END-- [ RunTime:0.000730s ]
INFO: [ app_end ] --START--
INFO: Run Behavior\ShowPageTraceBehavior [ RunTime:0.000806s ]
INFO: [ app_end ] --END-- [ RunTime:0.000981s ]

[ 2017-04-09T13:52:38+08:00 ] ::1 /guanwang/qwadmin/index.php/Qwadmin/rflinkerhz/index.html
INFO: [ app_init ] --START--
INFO: Run Behavior\BuildLiteBehavior [ RunTime:0.000079s ]
INFO: [ app_init ] --END-- [ RunTime:0.000989s ]
INFO: [ app_begin ] --START--
INFO: Run Behavior\ReadHtmlCacheBehavior [ RunTime:0.001178s ]
INFO: Run Behavior\CheckLangBehavior [ RunTime:0.001606s ]
INFO: [ app_begin ] --END-- [ RunTime:0.003211s ]
SQL: SHOW COLUMNS FROM `qw_setting` [ RunTime:0.0046s ]
SQL: SELECT `k`,`v` FROM `qw_setting`  [ RunTime:0.0003s ]
SQL: SELECT * FROM qw_auth_group g left join qw_auth_group_access a on g.id=a.group_id where a.uid=1 [ RunTime:0.0005s ]
SQL: SHOW COLUMNS FROM `qw_member` [ RunTime:0.0045s ]
SQL: SELECT * FROM `qw_member` WHERE `uid` = 1 LIMIT 1   [ RunTime:0.0004s ]
SQL: SELECT s.id,s.title,s.name,s.tips,s.pid,p.pid as ppid,p.title as ptitle FROM qw_auth_rule s left join qw_auth_rule p on p.id=s.pid where s.name='Rflinkerhz/index' [ RunTime:0.0006s ]
SQL: SHOW COLUMNS FROM `qw_auth_rule` [ RunTime:0.0069s ]
SQL: SELECT `id`,`title`,`pid`,`name`,`icon` FROM `qw_auth_rule` WHERE ( islink=1   ) ORDER BY o ASC  [ RunTime:0.0008s ]
SQL: SHOW COLUMNS FROM `qw_rflinkerhz` [ RunTime:0.0047s ]
SQL: SELECT * FROM `qw_rflinkerhz` ORDER BY rrsort  [ RunTime:0.0125s ]
INFO: [ view_parse ] --START--
INFO: [ template_filter ] --START--
INFO: Run Behavior\ContentReplaceBehavior [ RunTime:0.000225s ]
INFO: [ template_filter ] --END-- [ RunTime:0.000406s ]
NOTIC: [8] Undefined variable: page F:\wamp\www\guanwang\qwadmin\App\Runtime\Cache\Qwadmin\7f1bda45d155dc8dff92bd1a3e06faa2.php 第 379 行.
INFO: Run Behavior\ParseTemplateBehavior [ RunTime:0.300946s ]
INFO: [ view_parse ] --END-- [ RunTime:0.301128s ]
INFO: [ view_filter ] --START--
INFO: Run Behavior\WriteHtmlCacheBehavior [ RunTime:0.000426s ]
INFO: [ view_filter ] --END-- [ RunTime:0.000599s ]
INFO: [ app_end ] --START--
INFO: Run Behavior\ShowPageTraceBehavior [ RunTime:0.000641s ]
INFO: [ app_end ] --END-- [ RunTime:0.000822s ]

[ 2017-04-09T13:52:42+08:00 ] ::1 /guanwang/qwadmin/index.php/Qwadmin/rflinkertype/index.html
INFO: [ app_init ] --START--
INFO: Run Behavior\BuildLiteBehavior [ RunTime:0.000066s ]
INFO: [ app_init ] --END-- [ RunTime:0.000693s ]
INFO: [ app_begin ] --START--
INFO: Run Behavior\ReadHtmlCacheBehavior [ RunTime:0.000721s ]
INFO: Run Behavior\CheckLangBehavior [ RunTime:0.001010s ]
INFO: [ app_begin ] --END-- [ RunTime:0.002006s ]
SQL: SHOW COLUMNS FROM `qw_setting` [ RunTime:0.1066s ]
SQL: SELECT `k`,`v` FROM `qw_setting`  [ RunTime:0.0004s ]
SQL: SELECT * FROM qw_auth_group g left join qw_auth_group_access a on g.id=a.group_id where a.uid=1 [ RunTime:0.0004s ]
SQL: SHOW COLUMNS FROM `qw_member` [ RunTime:0.2363s ]
SQL: SELECT * FROM `qw_member` WHERE `uid` = 1 LIMIT 1   [ RunTime:0.0005s ]
SQL: SELECT s.id,s.title,s.name,s.tips,s.pid,p.pid as ppid,p.title as ptitle FROM qw_auth_rule s left join qw_auth_rule p on p.id=s.pid where s.name='Rflinkertype/index' [ RunTime:0.0005s ]
SQL: SHOW COLUMNS FROM `qw_auth_rule` [ RunTime:0.0565s ]
SQL: SELECT `id`,`title`,`pid`,`name`,`icon` FROM `qw_auth_rule` WHERE ( islink=1   ) ORDER BY o ASC  [ RunTime:0.0015s ]
SQL: SHOW COLUMNS FROM `qw_rflinkertype` [ RunTime:0.0063s ]
SQL: SELECT * FROM `qw_rflinkertype` ORDER BY rrtypesort  [ RunTime:0.0004s ]
INFO: [ view_parse ] --START--
INFO: [ template_filter ] --START--
INFO: Run Behavior\ContentReplaceBehavior [ RunTime:0.000392s ]
INFO: [ template_filter ] --END-- [ RunTime:0.000874s ]
NOTIC: [8] Undefined variable: page F:\wamp\www\guanwang\qwadmin\App\Runtime\Cache\Qwadmin\5a7ec327a05c4d44d6813e7d8d1d33ba.php 第 379 行.
INFO: Run Behavior\ParseTemplateBehavior [ RunTime:0.143996s ]
INFO: [ view_parse ] --END-- [ RunTime:0.144190s ]
INFO: [ view_filter ] --START--
INFO: Run Behavior\WriteHtmlCacheBehavior [ RunTime:0.000441s ]
INFO: [ view_filter ] --END-- [ RunTime:0.000602s ]
INFO: [ app_end ] --START--
INFO: Run Behavior\ShowPageTraceBehavior [ RunTime:0.000650s ]
INFO: [ app_end ] --END-- [ RunTime:0.000812s ]

[ 2017-04-09T13:52:43+08:00 ] ::1 /guanwang/qwadmin/index.php/Qwadmin/rflinkerhz/index.html
INFO: [ app_init ] --START--
INFO: Run Behavior\BuildLiteBehavior [ RunTime:0.000079s ]
INFO: [ app_init ] --END-- [ RunTime:0.002559s ]
INFO: [ app_begin ] --START--
INFO: Run Behavior\ReadHtmlCacheBehavior [ RunTime:0.000911s ]
INFO: Run Behavior\CheckLangBehavior [ RunTime:0.001606s ]
INFO: [ app_begin ] --END-- [ RunTime:0.002897s ]
SQL: SHOW COLUMNS FROM `qw_setting` [ RunTime:0.0047s ]
SQL: SELECT `k`,`v` FROM `qw_setting`  [ RunTime:0.0003s ]
SQL: SELECT * FROM qw_auth_group g left join qw_auth_group_access a on g.id=a.group_id where a.uid=1 [ RunTime:0.0004s ]
SQL: SHOW COLUMNS FROM `qw_member` [ RunTime:0.0039s ]
SQL: SELECT * FROM `qw_member` WHERE `uid` = 1 LIMIT 1   [ RunTime:0.0003s ]
SQL: SELECT s.id,s.title,s.name,s.tips,s.pid,p.pid as ppid,p.title as ptitle FROM qw_auth_rule s left join qw_auth_rule p on p.id=s.pid where s.name='Rflinkerhz/index' [ RunTime:0.0003s ]
SQL: SHOW COLUMNS FROM `qw_auth_rule` [ RunTime:0.0052s ]
SQL: SELECT `id`,`title`,`pid`,`name`,`icon` FROM `qw_auth_rule` WHERE ( islink=1   ) ORDER BY o ASC  [ RunTime:0.0016s ]
SQL: SHOW COLUMNS FROM `qw_rflinkerhz` [ RunTime:0.0056s ]
SQL: SELECT * FROM `qw_rflinkerhz` ORDER BY rrsort  [ RunTime:0.0005s ]
INFO: [ view_parse ] --START--
INFO: [ template_filter ] --START--
INFO: Run Behavior\ContentReplaceBehavior [ RunTime:0.000890s ]
INFO: [ template_filter ] --END-- [ RunTime:0.002340s ]
NOTIC: [8] Undefined variable: page F:\wamp\www\guanwang\qwadmin\App\Runtime\Cache\Qwadmin\7f1bda45d155dc8dff92bd1a3e06faa2.php 第 379 行.
INFO: Run Behavior\ParseTemplateBehavior [ RunTime:0.072059s ]
INFO: [ view_parse ] --END-- [ RunTime:0.072329s ]
INFO: [ view_filter ] --START--
INFO: Run Behavior\WriteHtmlCacheBehavior [ RunTime:0.000465s ]
INFO: [ view_filter ] --END-- [ RunTime:0.000652s ]
INFO: [ app_end ] --START--
INFO: Run Behavior\ShowPageTraceBehavior [ RunTime:0.000713s ]
INFO: [ app_end ] --END-- [ RunTime:0.000881s ]

[ 2017-04-09T13:53:09+08:00 ] ::1 /guanwang/qwadmin/index.php/Qwadmin/felghz/index.html
INFO: [ app_init ] --START--
INFO: Run Behavior\BuildLiteBehavior [ RunTime:0.000071s ]
INFO: [ app_init ] --END-- [ RunTime:0.000864s ]
INFO: [ app_begin ] --START--
INFO: Run Behavior\ReadHtmlCacheBehavior [ RunTime:0.002030s ]
INFO: Run Behavior\CheckLangBehavior [ RunTime:0.002935s ]
INFO: [ app_begin ] --END-- [ RunTime:0.005881s ]
SQL: SHOW COLUMNS FROM `qw_setting` [ RunTime:0.0050s ]
SQL: SELECT `k`,`v` FROM `qw_setting`  [ RunTime:0.0002s ]
SQL: SELECT * FROM qw_auth_group g left join qw_auth_group_access a on g.id=a.group_id where a.uid=1 [ RunTime:0.0003s ]
SQL: SHOW COLUMNS FROM `qw_member` [ RunTime:0.0040s ]
SQL: SELECT * FROM `qw_member` WHERE `uid` = 1 LIMIT 1   [ RunTime:0.0006s ]
SQL: SELECT s.id,s.title,s.name,s.tips,s.pid,p.pid as ppid,p.title as ptitle FROM qw_auth_rule s left join qw_auth_rule p on p.id=s.pid where s.name='Felghz/index' [ RunTime:0.0007s ]
SQL: SHOW COLUMNS FROM `qw_auth_rule` [ RunTime:0.0042s ]
SQL: SELECT `id`,`title`,`pid`,`name`,`icon` FROM `qw_auth_rule` WHERE ( islink=1   ) ORDER BY o ASC  [ RunTime:0.0008s ]
SQL: SHOW COLUMNS FROM `qw_felghz` [ RunTime:0.0044s ]
SQL: SELECT * FROM `qw_felghz` ORDER BY fghzsort asc  [ RunTime:0.0010s ]
INFO: [ view_parse ] --START--
INFO: [ template_filter ] --START--
INFO: Run Behavior\ContentReplaceBehavior [ RunTime:0.000286s ]
INFO: [ template_filter ] --END-- [ RunTime:0.000559s ]
NOTIC: [8] Undefined variable: page F:\wamp\www\guanwang\qwadmin\App\Runtime\Cache\Qwadmin\81f39cda1d501dfb33b098bbf1dc10c8.php 第 379 行.
INFO: Run Behavior\ParseTemplateBehavior [ RunTime:0.091215s ]
INFO: [ view_parse ] --END-- [ RunTime:0.091468s ]
INFO: [ view_filter ] --START--
INFO: Run Behavior\WriteHtmlCacheBehavior [ RunTime:0.000488s ]
INFO: [ view_filter ] --END-- [ RunTime:0.000652s ]
INFO: [ app_end ] --START--
INFO: Run Behavior\ShowPageTraceBehavior [ RunTime:0.000681s ]
INFO: [ app_end ] --END-- [ RunTime:0.000865s ]

[ 2017-04-09T13:53:13+08:00 ] ::1 /guanwang/qwadmin/index.php/Qwadmin/Felghz/add.html
INFO: [ app_init ] --START--
INFO: Run Behavior\BuildLiteBehavior [ RunTime:0.000105s ]
INFO: [ app_init ] --END-- [ RunTime:0.001235s ]
INFO: [ app_begin ] --START--
INFO: Run Behavior\ReadHtmlCacheBehavior [ RunTime:0.000760s ]
INFO: Run Behavior\CheckLangBehavior [ RunTime:0.001094s ]
INFO: [ app_begin ] --END-- [ RunTime:0.002150s ]
SQL: SHOW COLUMNS FROM `qw_setting` [ RunTime:0.0041s ]
SQL: SELECT `k`,`v` FROM `qw_setting`  [ RunTime:0.0002s ]
SQL: SELECT * FROM qw_auth_group g left join qw_auth_group_access a on g.id=a.group_id where a.uid=1 [ RunTime:0.0004s ]
SQL: SHOW COLUMNS FROM `qw_member` [ RunTime:0.0048s ]
SQL: SELECT * FROM `qw_member` WHERE `uid` = 1 LIMIT 1   [ RunTime:0.0005s ]
SQL: SELECT s.id,s.title,s.name,s.tips,s.pid,p.pid as ppid,p.title as ptitle FROM qw_auth_rule s left join qw_auth_rule p on p.id=s.pid where s.name='Felghz/add' [ RunTime:0.0006s ]
NOTIC: [8] Undefined offset: 0 F:\wamp\www\guanwang\qwadmin\App\Qwadmin\Controller\ComController.class.php 第 48 行.
SQL: SHOW COLUMNS FROM `qw_auth_rule` [ RunTime:0.0050s ]
SQL: SELECT `id`,`title`,`pid`,`name`,`icon` FROM `qw_auth_rule` WHERE ( islink=1   ) ORDER BY o ASC  [ RunTime:0.0008s ]
INFO: [ view_parse ] --START--
INFO: [ template_filter ] --START--
INFO: Run Behavior\ContentReplaceBehavior [ RunTime:0.000254s ]
INFO: [ template_filter ] --END-- [ RunTime:0.000473s ]
INFO: Run Behavior\ParseTemplateBehavior [ RunTime:0.155072s ]
INFO: [ view_parse ] --END-- [ RunTime:0.155314s ]
INFO: [ view_filter ] --START--
INFO: Run Behavior\WriteHtmlCacheBehavior [ RunTime:0.000489s ]
INFO: [ view_filter ] --END-- [ RunTime:0.000652s ]
INFO: [ app_end ] --START--
INFO: Run Behavior\ShowPageTraceBehavior [ RunTime:0.000615s ]
INFO: [ app_end ] --END-- [ RunTime:0.000767s ]

[ 2017-04-09T13:53:13+08:00 ] ::1 /guanwang/qwadmin/index.php/Qwadmin/Upload/uploadpic.html?Width=88&Height=31&BackCall=cn_fghzimg&Img=
INFO: [ app_init ] --START--
INFO: Run Behavior\BuildLiteBehavior [ RunTime:0.000069s ]
INFO: [ app_init ] --END-- [ RunTime:0.000938s ]
INFO: [ app_begin ] --START--
INFO: Run Behavior\ReadHtmlCacheBehavior [ RunTime:0.001177s ]
INFO: Run Behavior\CheckLangBehavior [ RunTime:0.002226s ]
INFO: [ app_begin ] --END-- [ RunTime:0.004019s ]
SQL: SHOW COLUMNS FROM `qw_setting` [ RunTime:0.0046s ]
SQL: SELECT `k`,`v` FROM `qw_setting`  [ RunTime:0.0005s ]
SQL: SELECT * FROM qw_auth_group g left join qw_auth_group_access a on g.id=a.group_id where a.uid=1 [ RunTime:0.0006s ]
SQL: SHOW COLUMNS FROM `qw_member` [ RunTime:0.0060s ]
SQL: SELECT * FROM `qw_member` WHERE `uid` = 1 LIMIT 1   [ RunTime:0.0005s ]
SQL: SELECT s.id,s.title,s.name,s.tips,s.pid,p.pid as ppid,p.title as ptitle FROM qw_auth_rule s left join qw_auth_rule p on p.id=s.pid where s.name='Upload/uploadpic' [ RunTime:0.0006s ]
NOTIC: [8] Undefined offset: 0 F:\wamp\www\guanwang\qwadmin\App\Qwadmin\Controller\ComController.class.php 第 48 行.
SQL: SHOW COLUMNS FROM `qw_auth_rule` [ RunTime:0.0043s ]
SQL: SELECT `id`,`title`,`pid`,`name`,`icon` FROM `qw_auth_rule` WHERE ( islink=1   ) ORDER BY o ASC  [ RunTime:0.0011s ]
NOTIC: [8] Undefined index: img F:\wamp\www\guanwang\qwadmin\App\Qwadmin\Controller\UploadController.class.php 第 60 行.
INFO: [ view_parse ] --START--
INFO: [ template_filter ] --START--
INFO: Run Behavior\ContentReplaceBehavior [ RunTime:0.000176s ]
INFO: [ template_filter ] --END-- [ RunTime:0.000561s ]
INFO: Run Behavior\ParseTemplateBehavior [ RunTime:0.095558s ]
INFO: [ view_parse ] --END-- [ RunTime:0.095830s ]
INFO: [ view_filter ] --START--
INFO: Run Behavior\WriteHtmlCacheBehavior [ RunTime:0.000330s ]
INFO: [ view_filter ] --END-- [ RunTime:0.000485s ]
INFO: [ app_end ] --START--
INFO: Run Behavior\ShowPageTraceBehavior [ RunTime:0.000718s ]
INFO: [ app_end ] --END-- [ RunTime:0.000941s ]

[ 2017-04-09T13:53:13+08:00 ] ::1 /guanwang/qwadmin/index.php/Qwadmin/Upload/uploadpic.html?Width=88&Height=31&BackCall=en_fghzimg&Img=
INFO: [ app_init ] --START--
INFO: Run Behavior\BuildLiteBehavior [ RunTime:0.000074s ]
INFO: [ app_init ] --END-- [ RunTime:0.001049s ]
INFO: [ app_begin ] --START--
INFO: Run Behavior\ReadHtmlCacheBehavior [ RunTime:0.002924s ]
INFO: Run Behavior\CheckLangBehavior [ RunTime:0.002140s ]
INFO: [ app_begin ] --END-- [ RunTime:0.005560s ]
SQL: SHOW COLUMNS FROM `qw_setting` [ RunTime:0.0044s ]
SQL: SELECT `k`,`v` FROM `qw_setting`  [ RunTime:0.0003s ]
SQL: SELECT * FROM qw_auth_group g left join qw_auth_group_access a on g.id=a.group_id where a.uid=1 [ RunTime:0.0011s ]
SQL: SHOW COLUMNS FROM `qw_member` [ RunTime:0.0048s ]
SQL: SELECT * FROM `qw_member` WHERE `uid` = 1 LIMIT 1   [ RunTime:0.0006s ]
SQL: SELECT s.id,s.title,s.name,s.tips,s.pid,p.pid as ppid,p.title as ptitle FROM qw_auth_rule s left join qw_auth_rule p on p.id=s.pid where s.name='Upload/uploadpic' [ RunTime:0.0004s ]
NOTIC: [8] Undefined offset: 0 F:\wamp\www\guanwang\qwadmin\App\Qwadmin\Controller\ComController.class.php 第 48 行.
SQL: SHOW COLUMNS FROM `qw_auth_rule` [ RunTime:0.0046s ]
SQL: SELECT `id`,`title`,`pid`,`name`,`icon` FROM `qw_auth_rule` WHERE ( islink=1   ) ORDER BY o ASC  [ RunTime:0.0013s ]
NOTIC: [8] Undefined index: img F:\wamp\www\guanwang\qwadmin\App\Qwadmin\Controller\UploadController.class.php 第 60 行.
INFO: [ view_parse ] --START--
INFO: [ template_filter ] --START--
INFO: Run Behavior\ContentReplaceBehavior [ RunTime:0.000184s ]
INFO: [ template_filter ] --END-- [ RunTime:0.000546s ]
INFO: Run Behavior\ParseTemplateBehavior [ RunTime:0.020363s ]
INFO: [ view_parse ] --END-- [ RunTime:0.021547s ]
INFO: [ view_filter ] --START--
INFO: Run Behavior\WriteHtmlCacheBehavior [ RunTime:0.001018s ]
INFO: [ view_filter ] --END-- [ RunTime:0.001257s ]
INFO: [ app_end ] --START--
INFO: Run Behavior\ShowPageTraceBehavior [ RunTime:0.000874s ]
INFO: [ app_end ] --END-- [ RunTime:0.001044s ]

[ 2017-04-09T14:35:05+08:00 ] ::1 /guanwang/qwadmin/index.php/Qwadmin/login/index.html
INFO: [ app_init ] --START--
INFO: Run Behavior\BuildLiteBehavior [ RunTime:0.000040s ]
INFO: [ app_init ] --END-- [ RunTime:0.000865s ]
INFO: [ app_begin ] --START--
INFO: Run Behavior\ReadHtmlCacheBehavior [ RunTime:0.000728s ]
INFO: Run Behavior\CheckLangBehavior [ RunTime:0.001117s ]
INFO: [ app_begin ] --END-- [ RunTime:0.002143s ]
SQL: SHOW COLUMNS FROM `qw_setting` [ RunTime:0.0225s ]
SQL: SELECT `k`,`v` FROM `qw_setting`  [ RunTime:0.0004s ]
INFO: [ view_parse ] --START--
INFO: [ template_filter ] --START--
INFO: Run Behavior\ContentReplaceBehavior [ RunTime:0.000086s ]
INFO: [ template_filter ] --END-- [ RunTime:0.000268s ]
INFO: Run Behavior\ParseTemplateBehavior [ RunTime:0.163810s ]
INFO: [ view_parse ] --END-- [ RunTime:0.164067s ]
INFO: [ view_filter ] --START--
INFO: Run Behavior\WriteHtmlCacheBehavior [ RunTime:0.000530s ]
INFO: [ view_filter ] --END-- [ RunTime:0.000702s ]

[ 2017-04-09T14:35:10+08:00 ] ::1 /guanwang/qwadmin/index.php/Qwadmin/index/index.html
INFO: [ app_init ] --START--
INFO: Run Behavior\BuildLiteBehavior [ RunTime:0.000072s ]
INFO: [ app_init ] --END-- [ RunTime:0.001025s ]
INFO: [ app_begin ] --START--
INFO: Run Behavior\ReadHtmlCacheBehavior [ RunTime:0.000673s ]
INFO: Run Behavior\CheckLangBehavior [ RunTime:0.001141s ]
INFO: [ app_begin ] --END-- [ RunTime:0.002092s ]
SQL: SHOW COLUMNS FROM `qw_setting` [ RunTime:0.0129s ]
SQL: SELECT `k`,`v` FROM `qw_setting`  [ RunTime:0.0003s ]
SQL: SELECT * FROM qw_auth_group g left join qw_auth_group_access a on g.id=a.group_id where a.uid=1 [ RunTime:0.0011s ]
SQL: SHOW COLUMNS FROM `qw_member` [ RunTime:0.0156s ]
SQL: SELECT * FROM `qw_member` WHERE `uid` = 1 LIMIT 1   [ RunTime:0.0005s ]
SQL: SELECT s.id,s.title,s.name,s.tips,s.pid,p.pid as ppid,p.title as ptitle FROM qw_auth_rule s left join qw_auth_rule p on p.id=s.pid where s.name='Index/index' [ RunTime:0.0006s ]
SQL: SHOW COLUMNS FROM `qw_auth_rule` [ RunTime:0.0142s ]
SQL: SELECT `id`,`title`,`pid`,`name`,`icon` FROM `qw_auth_rule` WHERE ( islink=1   ) ORDER BY o ASC  [ RunTime:0.0010s ]
SQL: select VERSION() as mysql [ RunTime:0.0004s ]
SQL: SHOW COLUMNS FROM `qw_log` [ RunTime:0.0443s ]
SQL: DELETE FROM `qw_log` WHERE ( t < 1486535709 ) [ RunTime:0.0006s ]
SQL: SELECT COUNT(*) AS tp_count FROM `qw_log` LIMIT 1   [ RunTime:0.0002s ]
SQL: SELECT * FROM `qw_log` ORDER BY id desc LIMIT 0,25   [ RunTime:0.0007s ]
INFO: [ view_parse ] --START--
INFO: [ template_filter ] --START--
INFO: Run Behavior\ContentReplaceBehavior [ RunTime:0.000215s ]
INFO: [ template_filter ] --END-- [ RunTime:0.000385s ]
INFO: Run Behavior\ParseTemplateBehavior [ RunTime:0.705344s ]
INFO: [ view_parse ] --END-- [ RunTime:0.705542s ]
INFO: [ view_filter ] --START--
INFO: Run Behavior\WriteHtmlCacheBehavior [ RunTime:0.000618s ]
INFO: [ view_filter ] --END-- [ RunTime:0.000769s ]
INFO: [ app_end ] --START--
INFO: Run Behavior\ShowPageTraceBehavior [ RunTime:0.000774s ]
INFO: [ app_end ] --END-- [ RunTime:0.000931s ]

[ 2017-04-09T14:35:22+08:00 ] ::1 /guanwang/qwadmin/index.php/Qwadmin/rflinkerhz/index.html
INFO: [ app_init ] --START--
INFO: Run Behavior\BuildLiteBehavior [ RunTime:0.000083s ]
INFO: [ app_init ] --END-- [ RunTime:0.001130s ]
INFO: [ app_begin ] --START--
INFO: Run Behavior\ReadHtmlCacheBehavior [ RunTime:0.002207s ]
INFO: Run Behavior\CheckLangBehavior [ RunTime:0.001538s ]
INFO: [ app_begin ] --END-- [ RunTime:0.004387s ]
SQL: SHOW COLUMNS FROM `qw_setting` [ RunTime:0.0176s ]
SQL: SELECT `k`,`v` FROM `qw_setting`  [ RunTime:0.0004s ]
SQL: SELECT * FROM qw_auth_group g left join qw_auth_group_access a on g.id=a.group_id where a.uid=1 [ RunTime:0.0006s ]
SQL: SHOW COLUMNS FROM `qw_member` [ RunTime:0.0109s ]
SQL: SELECT * FROM `qw_member` WHERE `uid` = 1 LIMIT 1   [ RunTime:0.0006s ]
SQL: SELECT s.id,s.title,s.name,s.tips,s.pid,p.pid as ppid,p.title as ptitle FROM qw_auth_rule s left join qw_auth_rule p on p.id=s.pid where s.name='Rflinkerhz/index' [ RunTime:0.0008s ]
SQL: SHOW COLUMNS FROM `qw_auth_rule` [ RunTime:0.1336s ]
SQL: SELECT `id`,`title`,`pid`,`name`,`icon` FROM `qw_auth_rule` WHERE ( islink=1   ) ORDER BY o ASC  [ RunTime:0.0014s ]
SQL: SHOW COLUMNS FROM `qw_rflinkerhz` [ RunTime:0.0171s ]
SQL: SELECT * FROM `qw_rflinkerhz` ORDER BY rrsort  [ RunTime:0.0004s ]
INFO: [ view_parse ] --START--
INFO: [ template_filter ] --START--
INFO: Run Behavior\ContentReplaceBehavior [ RunTime:0.000209s ]
INFO: [ template_filter ] --END-- [ RunTime:0.000408s ]
NOTIC: [8] Undefined variable: page F:\wamp\www\guanwang\qwadmin\App\Runtime\Cache\Qwadmin\7f1bda45d155dc8dff92bd1a3e06faa2.php 第 379 行.
INFO: Run Behavior\ParseTemplateBehavior [ RunTime:0.486188s ]
INFO: [ view_parse ] --END-- [ RunTime:0.486368s ]
INFO: [ view_filter ] --START--
INFO: Run Behavior\WriteHtmlCacheBehavior [ RunTime:0.000759s ]
INFO: [ view_filter ] --END-- [ RunTime:0.000928s ]
INFO: [ app_end ] --START--
INFO: Run Behavior\ShowPageTraceBehavior [ RunTime:0.000952s ]
INFO: [ app_end ] --END-- [ RunTime:0.001114s ]

[ 2017-04-09T14:35:39+08:00 ] ::1 /guanwang/qwadmin/index.php/Qwadmin/Article/index.html
INFO: [ app_init ] --START--
INFO: Run Behavior\BuildLiteBehavior [ RunTime:0.000037s ]
INFO: [ app_init ] --END-- [ RunTime:0.000615s ]
INFO: [ app_begin ] --START--
INFO: Run Behavior\ReadHtmlCacheBehavior [ RunTime:0.000965s ]
INFO: Run Behavior\CheckLangBehavior [ RunTime:0.001154s ]
INFO: [ app_begin ] --END-- [ RunTime:0.002388s ]
SQL: SHOW COLUMNS FROM `qw_setting` [ RunTime:0.0622s ]
SQL: SELECT `k`,`v` FROM `qw_setting`  [ RunTime:0.0005s ]
SQL: SELECT * FROM qw_auth_group g left join qw_auth_group_access a on g.id=a.group_id where a.uid=1 [ RunTime:0.0006s ]
SQL: SHOW COLUMNS FROM `qw_member` [ RunTime:0.0109s ]
SQL: SELECT * FROM `qw_member` WHERE `uid` = 1 LIMIT 1   [ RunTime:0.0006s ]
SQL: SELECT s.id,s.title,s.name,s.tips,s.pid,p.pid as ppid,p.title as ptitle FROM qw_auth_rule s left join qw_auth_rule p on p.id=s.pid where s.name='Article/index' [ RunTime:0.0006s ]
SQL: SHOW COLUMNS FROM `qw_auth_rule` [ RunTime:0.0496s ]
SQL: SELECT `id`,`title`,`pid`,`name`,`icon` FROM `qw_auth_rule` WHERE ( islink=1   ) ORDER BY o ASC  [ RunTime:0.0009s ]
SQL: SHOW COLUMNS FROM `qw_article` [ RunTime:0.0144s ]
SQL: SELECT COUNT(*) AS tp_count FROM `qw_article` LIMIT 1   [ RunTime:0.0004s ]
SQL: SELECT qw_article.*,qw_category.name FROM `qw_article` INNER JOIN qw_category ON qw_category.id = qw_article.sid  ORDER BY qw_article.aid desc LIMIT 0,20   [ RunTime:0.0008s ]
INFO: [ view_parse ] --START--
INFO: [ template_filter ] --START--
INFO: Run Behavior\ContentReplaceBehavior [ RunTime:0.000212s ]
INFO: [ template_filter ] --END-- [ RunTime:0.000385s ]
NOTIC: [8] Use of undefined constant edit - assumed 'edit' F:\wamp\www\guanwang\qwadmin\App\Runtime\Cache\Qwadmin\b551d551fe414e8df2982bf755b2c68e.php 第 369 行.
NOTIC: [8] Use of undefined constant edit - assumed 'edit' F:\wamp\www\guanwang\qwadmin\App\Runtime\Cache\Qwadmin\b551d551fe414e8df2982bf755b2c68e.php 第 369 行.
INFO: Run Behavior\ParseTemplateBehavior [ RunTime:0.416761s ]
INFO: [ view_parse ] --END-- [ RunTime:0.416948s ]
INFO: [ view_filter ] --START--
INFO: Run Behavior\WriteHtmlCacheBehavior [ RunTime:0.000862s ]
INFO: [ view_filter ] --END-- [ RunTime:0.001052s ]
INFO: [ app_end ] --START--
INFO: Run Behavior\ShowPageTraceBehavior [ RunTime:0.001275s ]
INFO: [ app_end ] --END-- [ RunTime:0.001529s ]

[ 2017-04-09T14:35:42+08:00 ] ::1 /guanwang/qwadmin/index.php/Qwadmin/Article/add.html
INFO: [ app_init ] --START--
INFO: Run Behavior\BuildLiteBehavior [ RunTime:0.000037s ]
INFO: [ app_init ] --END-- [ RunTime:0.000628s ]
INFO: [ app_begin ] --START--
INFO: Run Behavior\ReadHtmlCacheBehavior [ RunTime:0.001531s ]
INFO: Run Behavior\CheckLangBehavior [ RunTime:0.002164s ]
INFO: [ app_begin ] --END-- [ RunTime:0.004143s ]
SQL: SHOW COLUMNS FROM `qw_setting` [ RunTime:0.0154s ]
SQL: SELECT `k`,`v` FROM `qw_setting`  [ RunTime:0.0003s ]
SQL: SELECT * FROM qw_auth_group g left join qw_auth_group_access a on g.id=a.group_id where a.uid=1 [ RunTime:0.0003s ]
SQL: SHOW COLUMNS FROM `qw_member` [ RunTime:0.0110s ]
SQL: SELECT * FROM `qw_member` WHERE `uid` = 1 LIMIT 1   [ RunTime:0.0003s ]
SQL: SELECT s.id,s.title,s.name,s.tips,s.pid,p.pid as ppid,p.title as ptitle FROM qw_auth_rule s left join qw_auth_rule p on p.id=s.pid where s.name='Article/add' [ RunTime:0.0003s ]
SQL: SHOW COLUMNS FROM `qw_auth_rule` [ RunTime:0.0123s ]
SQL: SELECT `id`,`title`,`pid`,`name`,`icon` FROM `qw_auth_rule` WHERE ( islink=1   ) ORDER BY o ASC  [ RunTime:0.0010s ]
SQL: SHOW COLUMNS FROM `qw_category` [ RunTime:0.0146s ]
SQL: SELECT `id`,`pid`,`name` FROM `qw_category` ORDER BY o asc  [ RunTime:0.0003s ]
INFO: [ view_parse ] --START--
INFO: [ template_filter ] --START--
INFO: Run Behavior\ContentReplaceBehavior [ RunTime:0.000219s ]
INFO: [ template_filter ] --END-- [ RunTime:0.000413s ]
NOTIC: [8] Undefined variable: article F:\wamp\www\guanwang\qwadmin\App\Runtime\Cache\Qwadmin\41d5f25ec72267e9eaaf6012749f4c19.php 第 350 行.
NOTIC: [8] Undefined variable: article F:\wamp\www\guanwang\qwadmin\App\Runtime\Cache\Qwadmin\41d5f25ec72267e9eaaf6012749f4c19.php 第 369 行.
NOTIC: [8] Undefined variable: article F:\wamp\www\guanwang\qwadmin\App\Runtime\Cache\Qwadmin\41d5f25ec72267e9eaaf6012749f4c19.php 第 381 行.
NOTIC: [8] Undefined variable: article F:\wamp\www\guanwang\qwadmin\App\Runtime\Cache\Qwadmin\41d5f25ec72267e9eaaf6012749f4c19.php 第 393 行.
NOTIC: [8] Undefined variable: article F:\wamp\www\guanwang\qwadmin\App\Runtime\Cache\Qwadmin\41d5f25ec72267e9eaaf6012749f4c19.php 第 404 行.
NOTIC: [8] Undefined variable: article F:\wamp\www\guanwang\qwadmin\App\Runtime\Cache\Qwadmin\41d5f25ec72267e9eaaf6012749f4c19.php 第 416 行.
INFO: Run Behavior\ParseTemplateBehavior [ RunTime:0.367541s ]
INFO: [ view_parse ] --END-- [ RunTime:0.367747s ]
INFO: [ view_filter ] --START--
INFO: Run Behavior\WriteHtmlCacheBehavior [ RunTime:0.000735s ]
INFO: [ view_filter ] --END-- [ RunTime:0.000911s ]
INFO: [ app_end ] --START--
INFO: Run Behavior\ShowPageTraceBehavior [ RunTime:0.004735s ]
INFO: [ app_end ] --END-- [ RunTime:0.005023s ]

[ 2017-04-09T14:35:43+08:00 ] ::1 /guanwang/qwadmin/index.php/Qwadmin/Upload/uploadpic.html?Width=100&Height=100&BackCall=thumbnail&Img=
INFO: [ app_init ] --START--
INFO: Run Behavior\BuildLiteBehavior [ RunTime:0.000083s ]
INFO: [ app_init ] --END-- [ RunTime:0.001182s ]
INFO: [ app_begin ] --START--
INFO: Run Behavior\ReadHtmlCacheBehavior [ RunTime:0.002934s ]
INFO: Run Behavior\CheckLangBehavior [ RunTime:0.005230s ]
INFO: [ app_begin ] --END-- [ RunTime:0.008872s ]
SQL: SHOW COLUMNS FROM `qw_setting` [ RunTime:0.0195s ]
SQL: SELECT `k`,`v` FROM `qw_setting`  [ RunTime:0.0004s ]
SQL: SELECT * FROM qw_auth_group g left join qw_auth_group_access a on g.id=a.group_id where a.uid=1 [ RunTime:0.0006s ]
SQL: SHOW COLUMNS FROM `qw_member` [ RunTime:0.0156s ]
SQL: SELECT * FROM `qw_member` WHERE `uid` = 1 LIMIT 1   [ RunTime:0.0005s ]
SQL: SELECT s.id,s.title,s.name,s.tips,s.pid,p.pid as ppid,p.title as ptitle FROM qw_auth_rule s left join qw_auth_rule p on p.id=s.pid where s.name='Upload/uploadpic' [ RunTime:0.0004s ]
NOTIC: [8] Undefined offset: 0 F:\wamp\www\guanwang\qwadmin\App\Qwadmin\Controller\ComController.class.php 第 48 行.
SQL: SHOW COLUMNS FROM `qw_auth_rule` [ RunTime:0.0137s ]
SQL: SELECT `id`,`title`,`pid`,`name`,`icon` FROM `qw_auth_rule` WHERE ( islink=1   ) ORDER BY o ASC  [ RunTime:0.0013s ]
NOTIC: [8] Undefined index: img F:\wamp\www\guanwang\qwadmin\App\Qwadmin\Controller\UploadController.class.php 第 60 行.
INFO: [ view_parse ] --START--
INFO: [ template_filter ] --START--
INFO: Run Behavior\ContentReplaceBehavior [ RunTime:0.000099s ]
INFO: [ template_filter ] --END-- [ RunTime:0.000287s ]
INFO: Run Behavior\ParseTemplateBehavior [ RunTime:0.360439s ]
INFO: [ view_parse ] --END-- [ RunTime:0.360698s ]
INFO: [ view_filter ] --START--
INFO: Run Behavior\WriteHtmlCacheBehavior [ RunTime:0.000628s ]
INFO: [ view_filter ] --END-- [ RunTime:0.000794s ]
INFO: [ app_end ] --START--
INFO: Run Behavior\ShowPageTraceBehavior [ RunTime:0.001395s ]
INFO: [ app_end ] --END-- [ RunTime:0.001672s ]

[ 2017-04-09T14:35:49+08:00 ] ::1 /guanwang/qwadmin/index.php/Qwadmin/Article/index.html
INFO: [ app_init ] --START--
INFO: Run Behavior\BuildLiteBehavior [ RunTime:0.000037s ]
INFO: [ app_init ] --END-- [ RunTime:0.000632s ]
INFO: [ app_begin ] --START--
INFO: Run Behavior\ReadHtmlCacheBehavior [ RunTime:0.001447s ]
INFO: Run Behavior\CheckLangBehavior [ RunTime:0.002379s ]
INFO: [ app_begin ] --END-- [ RunTime:0.004335s ]
SQL: SHOW COLUMNS FROM `qw_setting` [ RunTime:0.0148s ]
SQL: SELECT `k`,`v` FROM `qw_setting`  [ RunTime:0.0004s ]
SQL: SELECT * FROM qw_auth_group g left join qw_auth_group_access a on g.id=a.group_id where a.uid=1 [ RunTime:0.0004s ]
SQL: SHOW COLUMNS FROM `qw_member` [ RunTime:0.0106s ]
SQL: SELECT * FROM `qw_member` WHERE `uid` = 1 LIMIT 1   [ RunTime:0.0003s ]
SQL: SELECT s.id,s.title,s.name,s.tips,s.pid,p.pid as ppid,p.title as ptitle FROM qw_auth_rule s left join qw_auth_rule p on p.id=s.pid where s.name='Article/index' [ RunTime:0.0003s ]
SQL: SHOW COLUMNS FROM `qw_auth_rule` [ RunTime:0.0113s ]
SQL: SELECT `id`,`title`,`pid`,`name`,`icon` FROM `qw_auth_rule` WHERE ( islink=1   ) ORDER BY o ASC  [ RunTime:0.0012s ]
SQL: SHOW COLUMNS FROM `qw_article` [ RunTime:0.0110s ]
SQL: SELECT COUNT(*) AS tp_count FROM `qw_article` LIMIT 1   [ RunTime:0.0002s ]
SQL: SELECT qw_article.*,qw_category.name FROM `qw_article` INNER JOIN qw_category ON qw_category.id = qw_article.sid  ORDER BY qw_article.aid desc LIMIT 0,20   [ RunTime:0.0004s ]
INFO: [ view_parse ] --START--
INFO: [ template_filter ] --START--
INFO: Run Behavior\ContentReplaceBehavior [ RunTime:0.000204s ]
INFO: [ template_filter ] --END-- [ RunTime:0.000405s ]
NOTIC: [8] Use of undefined constant edit - assumed 'edit' F:\wamp\www\guanwang\qwadmin\App\Runtime\Cache\Qwadmin\b551d551fe414e8df2982bf755b2c68e.php 第 369 行.
NOTIC: [8] Use of undefined constant edit - assumed 'edit' F:\wamp\www\guanwang\qwadmin\App\Runtime\Cache\Qwadmin\b551d551fe414e8df2982bf755b2c68e.php 第 369 行.
INFO: Run Behavior\ParseTemplateBehavior [ RunTime:0.294093s ]
INFO: [ view_parse ] --END-- [ RunTime:0.294308s ]
INFO: [ view_filter ] --START--
INFO: Run Behavior\WriteHtmlCacheBehavior [ RunTime:0.000780s ]
INFO: [ view_filter ] --END-- [ RunTime:0.000938s ]
INFO: [ app_end ] --START--
INFO: Run Behavior\ShowPageTraceBehavior [ RunTime:0.000886s ]
INFO: [ app_end ] --END-- [ RunTime:0.001051s ]

[ 2017-04-09T14:35:51+08:00 ] ::1 /guanwang/qwadmin/index.php/Qwadmin/Article/add.html
INFO: [ app_init ] --START--
INFO: Run Behavior\BuildLiteBehavior [ RunTime:0.000038s ]
INFO: [ app_init ] --END-- [ RunTime:0.000616s ]
INFO: [ app_begin ] --START--
INFO: Run Behavior\ReadHtmlCacheBehavior [ RunTime:0.000899s ]
INFO: Run Behavior\CheckLangBehavior [ RunTime:0.001547s ]
INFO: [ app_begin ] --END-- [ RunTime:0.002825s ]
SQL: SHOW COLUMNS FROM `qw_setting` [ RunTime:0.0200s ]
SQL: SELECT `k`,`v` FROM `qw_setting`  [ RunTime:0.0009s ]
SQL: SELECT * FROM qw_auth_group g left join qw_auth_group_access a on g.id=a.group_id where a.uid=1 [ RunTime:0.0005s ]
SQL: SHOW COLUMNS FROM `qw_member` [ RunTime:0.0100s ]
SQL: SELECT * FROM `qw_member` WHERE `uid` = 1 LIMIT 1   [ RunTime:0.0006s ]
SQL: SELECT s.id,s.title,s.name,s.tips,s.pid,p.pid as ppid,p.title as ptitle FROM qw_auth_rule s left join qw_auth_rule p on p.id=s.pid where s.name='Article/add' [ RunTime:0.0006s ]
SQL: SHOW COLUMNS FROM `qw_auth_rule` [ RunTime:0.0113s ]
SQL: SELECT `id`,`title`,`pid`,`name`,`icon` FROM `qw_auth_rule` WHERE ( islink=1   ) ORDER BY o ASC  [ RunTime:0.0008s ]
SQL: SHOW COLUMNS FROM `qw_category` [ RunTime:0.0112s ]
SQL: SELECT `id`,`pid`,`name` FROM `qw_category` ORDER BY o asc  [ RunTime:0.0003s ]
INFO: [ view_parse ] --START--
INFO: [ template_filter ] --START--
INFO: Run Behavior\ContentReplaceBehavior [ RunTime:0.000219s ]
INFO: [ template_filter ] --END-- [ RunTime:0.000415s ]
NOTIC: [8] Undefined variable: article F:\wamp\www\guanwang\qwadmin\App\Runtime\Cache\Qwadmin\41d5f25ec72267e9eaaf6012749f4c19.php 第 350 行.
NOTIC: [8] Undefined variable: article F:\wamp\www\guanwang\qwadmin\App\Runtime\Cache\Qwadmin\41d5f25ec72267e9eaaf6012749f4c19.php 第 369 行.
NOTIC: [8] Undefined variable: article F:\wamp\www\guanwang\qwadmin\App\Runtime\Cache\Qwadmin\41d5f25ec72267e9eaaf6012749f4c19.php 第 381 行.
NOTIC: [8] Undefined variable: article F:\wamp\www\guanwang\qwadmin\App\Runtime\Cache\Qwadmin\41d5f25ec72267e9eaaf6012749f4c19.php 第 393 行.
NOTIC: [8] Undefined variable: article F:\wamp\www\guanwang\qwadmin\App\Runtime\Cache\Qwadmin\41d5f25ec72267e9eaaf6012749f4c19.php 第 404 行.
NOTIC: [8] Undefined variable: article F:\wamp\www\guanwang\qwadmin\App\Runtime\Cache\Qwadmin\41d5f25ec72267e9eaaf6012749f4c19.php 第 416 行.
INFO: Run Behavior\ParseTemplateBehavior [ RunTime:0.300026s ]
INFO: [ view_parse ] --END-- [ RunTime:0.300198s ]
INFO: [ view_filter ] --START--
INFO: Run Behavior\WriteHtmlCacheBehavior [ RunTime:0.001314s ]
INFO: [ view_filter ] --END-- [ RunTime:0.001578s ]
INFO: [ app_end ] --START--
INFO: Run Behavior\ShowPageTraceBehavior [ RunTime:0.001614s ]
INFO: [ app_end ] --END-- [ RunTime:0.001921s ]

[ 2017-04-09T14:35:51+08:00 ] ::1 /guanwang/qwadmin/index.php/Qwadmin/Upload/uploadpic.html?Width=100&Height=100&BackCall=thumbnail&Img=
INFO: [ app_init ] --START--
INFO: Run Behavior\BuildLiteBehavior [ RunTime:0.000041s ]
INFO: [ app_init ] --END-- [ RunTime:0.000683s ]
INFO: [ app_begin ] --START--
INFO: Run Behavior\ReadHtmlCacheBehavior [ RunTime:0.003743s ]
INFO: Run Behavior\CheckLangBehavior [ RunTime:0.003169s ]
INFO: [ app_begin ] --END-- [ RunTime:0.007620s ]
SQL: SHOW COLUMNS FROM `qw_setting` [ RunTime:0.0149s ]
SQL: SELECT `k`,`v` FROM `qw_setting`  [ RunTime:0.0004s ]
SQL: SELECT * FROM qw_auth_group g left join qw_auth_group_access a on g.id=a.group_id where a.uid=1 [ RunTime:0.0007s ]
SQL: SHOW COLUMNS FROM `qw_member` [ RunTime:0.0112s ]
SQL: SELECT * FROM `qw_member` WHERE `uid` = 1 LIMIT 1   [ RunTime:0.0003s ]
SQL: SELECT s.id,s.title,s.name,s.tips,s.pid,p.pid as ppid,p.title as ptitle FROM qw_auth_rule s left join qw_auth_rule p on p.id=s.pid where s.name='Upload/uploadpic' [ RunTime:0.0003s ]
NOTIC: [8] Undefined offset: 0 F:\wamp\www\guanwang\qwadmin\App\Qwadmin\Controller\ComController.class.php 第 48 行.
SQL: SHOW COLUMNS FROM `qw_auth_rule` [ RunTime:0.0091s ]
SQL: SELECT `id`,`title`,`pid`,`name`,`icon` FROM `qw_auth_rule` WHERE ( islink=1   ) ORDER BY o ASC  [ RunTime:0.0008s ]
NOTIC: [8] Undefined index: img F:\wamp\www\guanwang\qwadmin\App\Qwadmin\Controller\UploadController.class.php 第 60 行.
INFO: [ view_parse ] --START--
INFO: [ template_filter ] --START--
INFO: Run Behavior\ContentReplaceBehavior [ RunTime:0.000178s ]
INFO: [ template_filter ] --END-- [ RunTime:0.000715s ]
INFO: Run Behavior\ParseTemplateBehavior [ RunTime:0.015951s ]
INFO: [ view_parse ] --END-- [ RunTime:0.016151s ]
INFO: [ view_filter ] --START--
INFO: Run Behavior\WriteHtmlCacheBehavior [ RunTime:0.001014s ]
INFO: [ view_filter ] --END-- [ RunTime:0.001345s ]
INFO: [ app_end ] --START--
INFO: Run Behavior\ShowPageTraceBehavior [ RunTime:0.001446s ]
INFO: [ app_end ] --END-- [ RunTime:0.001708s ]

[ 2017-04-09T14:36:01+08:00 ] ::1 /guanwang/qwadmin/index.php/Qwadmin/Article/update.html
INFO: [ app_init ] --START--
INFO: Run Behavior\BuildLiteBehavior [ RunTime:0.000073s ]
INFO: [ app_init ] --END-- [ RunTime:0.001921s ]
INFO: [ app_begin ] --START--
INFO: Run Behavior\ReadHtmlCacheBehavior [ RunTime:0.000942s ]
INFO: Run Behavior\CheckLangBehavior [ RunTime:0.001173s ]
INFO: [ app_begin ] --END-- [ RunTime:0.002404s ]
SQL: SHOW COLUMNS FROM `qw_setting` [ RunTime:0.1079s ]
SQL: SELECT `k`,`v` FROM `qw_setting`  [ RunTime:0.0004s ]
SQL: SELECT * FROM qw_auth_group g left join qw_auth_group_access a on g.id=a.group_id where a.uid=1 [ RunTime:0.0008s ]
SQL: SHOW COLUMNS FROM `qw_member` [ RunTime:0.0503s ]
SQL: SELECT * FROM `qw_member` WHERE `uid` = 1 LIMIT 1   [ RunTime:0.0004s ]
SQL: SELECT s.id,s.title,s.name,s.tips,s.pid,p.pid as ppid,p.title as ptitle FROM qw_auth_rule s left join qw_auth_rule p on p.id=s.pid where s.name='Article/update' [ RunTime:0.0004s ]
SQL: SHOW COLUMNS FROM `qw_auth_rule` [ RunTime:0.0107s ]
SQL: SELECT `id`,`title`,`pid`,`name`,`icon` FROM `qw_auth_rule` WHERE ( islink=1   ) ORDER BY o ASC  [ RunTime:0.0008s ]
SQL: SHOW COLUMNS FROM `qw_article` [ RunTime:0.0114s ]
SQL: INSERT INTO `qw_article` (`sid`,`title`,`keywords`,`description`,`content`,`thumbnail`,`t`) VALUES ('1','ad','','','sf','','1491719761') [ RunTime:0.0238s ]
SQL: SHOW COLUMNS FROM `qw_log` [ RunTime:0.0550s ]
SQL: INSERT INTO `qw_log` (`name`,`t`,`ip`,`log`) VALUES ('admin','1491719761','::1','新增文章，AID：3') [ RunTime:0.0005s ]
INFO: [ view_parse ] --START--
INFO: [ template_filter ] --START--
INFO: Run Behavior\ContentReplaceBehavior [ RunTime:0.000083s ]
INFO: [ template_filter ] --END-- [ RunTime:0.000261s ]
INFO: Run Behavior\ParseTemplateBehavior [ RunTime:0.011267s ]
INFO: [ view_parse ] --END-- [ RunTime:0.011453s ]
INFO: [ view_filter ] --START--
INFO: Run Behavior\WriteHtmlCacheBehavior [ RunTime:0.000622s ]
INFO: [ view_filter ] --END-- [ RunTime:0.000793s ]
INFO: [ app_end ] --START--
INFO: Run Behavior\ShowPageTraceBehavior [ RunTime:0.001500s ]
INFO: [ app_end ] --END-- [ RunTime:0.001815s ]

[ 2017-04-09T14:36:03+08:00 ] ::1 /guanwang/qwadmin/index.php/Qwadmin/Article/add.html
INFO: [ app_init ] --START--
INFO: Run Behavior\BuildLiteBehavior [ RunTime:0.000073s ]
INFO: [ app_init ] --END-- [ RunTime:0.000879s ]
INFO: [ app_begin ] --START--
INFO: Run Behavior\ReadHtmlCacheBehavior [ RunTime:0.001417s ]
INFO: Run Behavior\CheckLangBehavior [ RunTime:0.001724s ]
INFO: [ app_begin ] --END-- [ RunTime:0.003527s ]
SQL: SHOW COLUMNS FROM `qw_setting` [ RunTime:0.1759s ]
SQL: SELECT `k`,`v` FROM `qw_setting`  [ RunTime:0.0004s ]
SQL: SELECT * FROM qw_auth_group g left join qw_auth_group_access a on g.id=a.group_id where a.uid=1 [ RunTime:0.0006s ]
SQL: SHOW COLUMNS FROM `qw_member` [ RunTime:0.0115s ]
SQL: SELECT * FROM `qw_member` WHERE `uid` = 1 LIMIT 1   [ RunTime:0.0004s ]
SQL: SELECT s.id,s.title,s.name,s.tips,s.pid,p.pid as ppid,p.title as ptitle FROM qw_auth_rule s left join qw_auth_rule p on p.id=s.pid where s.name='Article/add' [ RunTime:0.0005s ]
SQL: SHOW COLUMNS FROM `qw_auth_rule` [ RunTime:0.0103s ]
SQL: SELECT `id`,`title`,`pid`,`name`,`icon` FROM `qw_auth_rule` WHERE ( islink=1   ) ORDER BY o ASC  [ RunTime:0.0008s ]
SQL: SHOW COLUMNS FROM `qw_category` [ RunTime:0.4326s ]
SQL: SELECT `id`,`pid`,`name` FROM `qw_category` ORDER BY o asc  [ RunTime:0.0003s ]
INFO: [ view_parse ] --START--
INFO: [ template_filter ] --START--
INFO: Run Behavior\ContentReplaceBehavior [ RunTime:0.000232s ]
INFO: [ template_filter ] --END-- [ RunTime:0.000417s ]
NOTIC: [8] Undefined variable: article F:\wamp\www\guanwang\qwadmin\App\Runtime\Cache\Qwadmin\41d5f25ec72267e9eaaf6012749f4c19.php 第 350 行.
NOTIC: [8] Undefined variable: article F:\wamp\www\guanwang\qwadmin\App\Runtime\Cache\Qwadmin\41d5f25ec72267e9eaaf6012749f4c19.php 第 369 行.
NOTIC: [8] Undefined variable: article F:\wamp\www\guanwang\qwadmin\App\Runtime\Cache\Qwadmin\41d5f25ec72267e9eaaf6012749f4c19.php 第 381 行.
NOTIC: [8] Undefined variable: article F:\wamp\www\guanwang\qwadmin\App\Runtime\Cache\Qwadmin\41d5f25ec72267e9eaaf6012749f4c19.php 第 393 行.
NOTIC: [8] Undefined variable: article F:\wamp\www\guanwang\qwadmin\App\Runtime\Cache\Qwadmin\41d5f25ec72267e9eaaf6012749f4c19.php 第 404 行.
NOTIC: [8] Undefined variable: article F:\wamp\www\guanwang\qwadmin\App\Runtime\Cache\Qwadmin\41d5f25ec72267e9eaaf6012749f4c19.php 第 416 行.
INFO: Run Behavior\ParseTemplateBehavior [ RunTime:0.270312s ]
INFO: [ view_parse ] --END-- [ RunTime:0.270488s ]
INFO: [ view_filter ] --START--
INFO: Run Behavior\WriteHtmlCacheBehavior [ RunTime:0.000907s ]
INFO: [ view_filter ] --END-- [ RunTime:0.001307s ]
INFO: [ app_end ] --START--
INFO: Run Behavior\ShowPageTraceBehavior [ RunTime:0.001099s ]
INFO: [ app_end ] --END-- [ RunTime:0.001300s ]

[ 2017-04-09T14:36:04+08:00 ] ::1 /guanwang/qwadmin/index.php/Qwadmin/Upload/uploadpic.html?Width=100&Height=100&BackCall=thumbnail&Img=
INFO: [ app_init ] --START--
INFO: Run Behavior\BuildLiteBehavior [ RunTime:0.000078s ]
INFO: [ app_init ] --END-- [ RunTime:0.001573s ]
INFO: [ app_begin ] --START--
INFO: Run Behavior\ReadHtmlCacheBehavior [ RunTime:0.002973s ]
INFO: Run Behavior\CheckLangBehavior [ RunTime:0.003129s ]
INFO: [ app_begin ] --END-- [ RunTime:0.006696s ]
SQL: SHOW COLUMNS FROM `qw_setting` [ RunTime:0.0378s ]
SQL: SELECT `k`,`v` FROM `qw_setting`  [ RunTime:0.0004s ]
SQL: SELECT * FROM qw_auth_group g left join qw_auth_group_access a on g.id=a.group_id where a.uid=1 [ RunTime:0.0005s ]
SQL: SHOW COLUMNS FROM `qw_member` [ RunTime:0.0156s ]
SQL: SELECT * FROM `qw_member` WHERE `uid` = 1 LIMIT 1   [ RunTime:0.0004s ]
SQL: SELECT s.id,s.title,s.name,s.tips,s.pid,p.pid as ppid,p.title as ptitle FROM qw_auth_rule s left join qw_auth_rule p on p.id=s.pid where s.name='Upload/uploadpic' [ RunTime:0.0007s ]
NOTIC: [8] Undefined offset: 0 F:\wamp\www\guanwang\qwadmin\App\Qwadmin\Controller\ComController.class.php 第 48 行.
SQL: SHOW COLUMNS FROM `qw_auth_rule` [ RunTime:0.0207s ]
SQL: SELECT `id`,`title`,`pid`,`name`,`icon` FROM `qw_auth_rule` WHERE ( islink=1   ) ORDER BY o ASC  [ RunTime:0.0013s ]
NOTIC: [8] Undefined index: img F:\wamp\www\guanwang\qwadmin\App\Qwadmin\Controller\UploadController.class.php 第 60 行.
INFO: [ view_parse ] --START--
INFO: [ template_filter ] --START--
INFO: Run Behavior\ContentReplaceBehavior [ RunTime:0.000167s ]
INFO: [ template_filter ] --END-- [ RunTime:0.000524s ]
INFO: Run Behavior\ParseTemplateBehavior [ RunTime:0.016689s ]
INFO: [ view_parse ] --END-- [ RunTime:0.016966s ]
INFO: [ view_filter ] --START--
INFO: Run Behavior\WriteHtmlCacheBehavior [ RunTime:0.000688s ]
INFO: [ view_filter ] --END-- [ RunTime:0.001136s ]
INFO: [ app_end ] --START--
INFO: Run Behavior\ShowPageTraceBehavior [ RunTime:0.001374s ]
INFO: [ app_end ] --END-- [ RunTime:0.001637s ]

[ 2017-04-09T14:36:06+08:00 ] ::1 /guanwang/qwadmin/index.php/Qwadmin/Article/index.html
INFO: [ app_init ] --START--
INFO: Run Behavior\BuildLiteBehavior [ RunTime:0.000039s ]
INFO: [ app_init ] --END-- [ RunTime:0.000778s ]
INFO: [ app_begin ] --START--
INFO: Run Behavior\ReadHtmlCacheBehavior [ RunTime:0.001698s ]
INFO: Run Behavior\CheckLangBehavior [ RunTime:0.001962s ]
INFO: [ app_begin ] --END-- [ RunTime:0.004183s ]
SQL: SHOW COLUMNS FROM `qw_setting` [ RunTime:0.0158s ]
SQL: SELECT `k`,`v` FROM `qw_setting`  [ RunTime:0.0003s ]
SQL: SELECT * FROM qw_auth_group g left join qw_auth_group_access a on g.id=a.group_id where a.uid=1 [ RunTime:0.0003s ]
SQL: SHOW COLUMNS FROM `qw_member` [ RunTime:0.0106s ]
SQL: SELECT * FROM `qw_member` WHERE `uid` = 1 LIMIT 1   [ RunTime:0.0003s ]
SQL: SELECT s.id,s.title,s.name,s.tips,s.pid,p.pid as ppid,p.title as ptitle FROM qw_auth_rule s left join qw_auth_rule p on p.id=s.pid where s.name='Article/index' [ RunTime:0.0004s ]
SQL: SHOW COLUMNS FROM `qw_auth_rule` [ RunTime:0.0118s ]
SQL: SELECT `id`,`title`,`pid`,`name`,`icon` FROM `qw_auth_rule` WHERE ( islink=1   ) ORDER BY o ASC  [ RunTime:0.0008s ]
SQL: SHOW COLUMNS FROM `qw_article` [ RunTime:0.0102s ]
SQL: SELECT COUNT(*) AS tp_count FROM `qw_article` LIMIT 1   [ RunTime:0.0002s ]
SQL: SELECT qw_article.*,qw_category.name FROM `qw_article` INNER JOIN qw_category ON qw_category.id = qw_article.sid  ORDER BY qw_article.aid desc LIMIT 0,20   [ RunTime:0.0004s ]
INFO: [ view_parse ] --START--
INFO: [ template_filter ] --START--
INFO: Run Behavior\ContentReplaceBehavior [ RunTime:0.000214s ]
INFO: [ template_filter ] --END-- [ RunTime:0.000410s ]
NOTIC: [8] Use of undefined constant edit - assumed 'edit' F:\wamp\www\guanwang\qwadmin\App\Runtime\Cache\Qwadmin\b551d551fe414e8df2982bf755b2c68e.php 第 369 行.
NOTIC: [8] Use of undefined constant edit - assumed 'edit' F:\wamp\www\guanwang\qwadmin\App\Runtime\Cache\Qwadmin\b551d551fe414e8df2982bf755b2c68e.php 第 369 行.
NOTIC: [8] Use of undefined constant edit - assumed 'edit' F:\wamp\www\guanwang\qwadmin\App\Runtime\Cache\Qwadmin\b551d551fe414e8df2982bf755b2c68e.php 第 369 行.
INFO: Run Behavior\ParseTemplateBehavior [ RunTime:0.291568s ]
INFO: [ view_parse ] --END-- [ RunTime:0.291749s ]
INFO: [ view_filter ] --START--
INFO: Run Behavior\WriteHtmlCacheBehavior [ RunTime:0.000789s ]
INFO: [ view_filter ] --END-- [ RunTime:0.000953s ]
INFO: [ app_end ] --START--
INFO: Run Behavior\ShowPageTraceBehavior [ RunTime:0.000959s ]
INFO: [ app_end ] --END-- [ RunTime:0.001229s ]

[ 2017-04-09T14:39:03+08:00 ] ::1 /guanwang/qwadmin/index.php/Qwadmin/rflinkerhz/index.html
INFO: [ app_init ] --START--
INFO: Run Behavior\BuildLiteBehavior [ RunTime:0.000080s ]
INFO: [ app_init ] --END-- [ RunTime:0.002246s ]
INFO: [ app_begin ] --START--
INFO: Run Behavior\ReadHtmlCacheBehavior [ RunTime:0.001502s ]
INFO: Run Behavior\CheckLangBehavior [ RunTime:0.001212s ]
INFO: [ app_begin ] --END-- [ RunTime:0.003036s ]
SQL: SHOW COLUMNS FROM `qw_setting` [ RunTime:0.0612s ]
SQL: SELECT `k`,`v` FROM `qw_setting`  [ RunTime:0.0003s ]
SQL: SELECT * FROM qw_auth_group g left join qw_auth_group_access a on g.id=a.group_id where a.uid=1 [ RunTime:0.0004s ]
SQL: SHOW COLUMNS FROM `qw_member` [ RunTime:0.0130s ]
SQL: SELECT * FROM `qw_member` WHERE `uid` = 1 LIMIT 1   [ RunTime:0.0003s ]
SQL: SELECT s.id,s.title,s.name,s.tips,s.pid,p.pid as ppid,p.title as ptitle FROM qw_auth_rule s left join qw_auth_rule p on p.id=s.pid where s.name='Rflinkerhz/index' [ RunTime:0.0003s ]
SQL: SHOW COLUMNS FROM `qw_auth_rule` [ RunTime:0.0133s ]
SQL: SELECT `id`,`title`,`pid`,`name`,`icon` FROM `qw_auth_rule` WHERE ( islink=1   ) ORDER BY o ASC  [ RunTime:0.0008s ]
SQL: SHOW COLUMNS FROM `qw_rflinkerhz` [ RunTime:0.0120s ]
SQL: SELECT * FROM `qw_rflinkerhz` ORDER BY rrsort  [ RunTime:0.0006s ]
INFO: [ view_parse ] --START--
INFO: [ template_filter ] --START--
INFO: Run Behavior\ContentReplaceBehavior [ RunTime:0.000243s ]
INFO: [ template_filter ] --END-- [ RunTime:0.000452s ]
NOTIC: [8] Undefined variable: page F:\wamp\www\guanwang\qwadmin\App\Runtime\Cache\Qwadmin\7f1bda45d155dc8dff92bd1a3e06faa2.php 第 379 行.
INFO: Run Behavior\ParseTemplateBehavior [ RunTime:0.337760s ]
INFO: [ view_parse ] --END-- [ RunTime:0.337944s ]
INFO: [ view_filter ] --START--
INFO: Run Behavior\WriteHtmlCacheBehavior [ RunTime:0.000594s ]
INFO: [ view_filter ] --END-- [ RunTime:0.000756s ]
INFO: [ app_end ] --START--
INFO: Run Behavior\ShowPageTraceBehavior [ RunTime:0.000767s ]
INFO: [ app_end ] --END-- [ RunTime:0.000931s ]

[ 2017-04-09T14:42:12+08:00 ] ::1 /guanwang/qwadmin/index.php/Qwadmin/rflinkerhz/index.html
INFO: [ app_init ] --START--
INFO: Run Behavior\BuildLiteBehavior [ RunTime:0.000112s ]
INFO: [ app_init ] --END-- [ RunTime:0.001552s ]
INFO: [ app_begin ] --START--
INFO: Run Behavior\ReadHtmlCacheBehavior [ RunTime:0.000851s ]
INFO: Run Behavior\CheckLangBehavior [ RunTime:0.001103s ]
INFO: [ app_begin ] --END-- [ RunTime:0.002271s ]
SQL: SHOW COLUMNS FROM `qw_setting` [ RunTime:0.0166s ]
SQL: SELECT `k`,`v` FROM `qw_setting`  [ RunTime:0.0003s ]
SQL: SELECT * FROM qw_auth_group g left join qw_auth_group_access a on g.id=a.group_id where a.uid=1 [ RunTime:0.0004s ]
SQL: SHOW COLUMNS FROM `qw_member` [ RunTime:0.0132s ]
SQL: SELECT * FROM `qw_member` WHERE `uid` = 1 LIMIT 1   [ RunTime:0.0007s ]
SQL: SELECT s.id,s.title,s.name,s.tips,s.pid,p.pid as ppid,p.title as ptitle FROM qw_auth_rule s left join qw_auth_rule p on p.id=s.pid where s.name='Rflinkerhz/index' [ RunTime:0.0009s ]
SQL: SHOW COLUMNS FROM `qw_auth_rule` [ RunTime:0.0140s ]
SQL: SELECT `id`,`title`,`pid`,`name`,`icon` FROM `qw_auth_rule` WHERE ( islink=1   ) ORDER BY o ASC  [ RunTime:0.0008s ]
SQL: SHOW COLUMNS FROM `qw_rflinkerhz` [ RunTime:0.0112s ]
SQL: SELECT * FROM `qw_rflinkerhz` ORDER BY rrsort  [ RunTime:0.0003s ]
INFO: [ view_parse ] --START--
INFO: [ template_filter ] --START--
INFO: Run Behavior\ContentReplaceBehavior [ RunTime:0.000218s ]
INFO: [ template_filter ] --END-- [ RunTime:0.000404s ]
NOTIC: [8] Undefined variable: page F:\wamp\www\guanwang\qwadmin\App\Runtime\Cache\Qwadmin\7f1bda45d155dc8dff92bd1a3e06faa2.php 第 379 行.
INFO: Run Behavior\ParseTemplateBehavior [ RunTime:0.311542s ]
INFO: [ view_parse ] --END-- [ RunTime:0.311710s ]
INFO: [ view_filter ] --START--
INFO: Run Behavior\WriteHtmlCacheBehavior [ RunTime:0.000674s ]
INFO: [ view_filter ] --END-- [ RunTime:0.000864s ]
INFO: [ app_end ] --START--
INFO: Run Behavior\ShowPageTraceBehavior [ RunTime:0.001531s ]
INFO: [ app_end ] --END-- [ RunTime:0.001849s ]

[ 2017-04-09T14:42:15+08:00 ] ::1 /guanwang/qwadmin/index.php/Qwadmin/Rflinkerhz/add.html
INFO: [ app_init ] --START--
INFO: Run Behavior\BuildLiteBehavior [ RunTime:0.000038s ]
INFO: [ app_init ] --END-- [ RunTime:0.000714s ]
INFO: [ app_begin ] --START--
INFO: Run Behavior\ReadHtmlCacheBehavior [ RunTime:0.001060s ]
INFO: Run Behavior\CheckLangBehavior [ RunTime:0.002183s ]
INFO: [ app_begin ] --END-- [ RunTime:0.003561s ]
SQL: SHOW COLUMNS FROM `qw_setting` [ RunTime:0.0151s ]
SQL: SELECT `k`,`v` FROM `qw_setting`  [ RunTime:0.0003s ]
SQL: SELECT * FROM qw_auth_group g left join qw_auth_group_access a on g.id=a.group_id where a.uid=1 [ RunTime:0.0004s ]
SQL: SHOW COLUMNS FROM `qw_member` [ RunTime:0.0131s ]
SQL: SELECT * FROM `qw_member` WHERE `uid` = 1 LIMIT 1   [ RunTime:0.0003s ]
SQL: SELECT s.id,s.title,s.name,s.tips,s.pid,p.pid as ppid,p.title as ptitle FROM qw_auth_rule s left join qw_auth_rule p on p.id=s.pid where s.name='Rflinkerhz/add' [ RunTime:0.0003s ]
NOTIC: [8] Undefined offset: 0 F:\wamp\www\guanwang\qwadmin\App\Qwadmin\Controller\ComController.class.php 第 48 行.
SQL: SHOW COLUMNS FROM `qw_auth_rule` [ RunTime:0.0112s ]
SQL: SELECT `id`,`title`,`pid`,`name`,`icon` FROM `qw_auth_rule` WHERE ( islink=1   ) ORDER BY o ASC  [ RunTime:0.0009s ]
INFO: [ view_parse ] --START--
INFO: [ template_filter ] --START--
INFO: Run Behavior\ContentReplaceBehavior [ RunTime:0.000213s ]
INFO: [ template_filter ] --END-- [ RunTime:0.000415s ]
INFO: Run Behavior\ParseTemplateBehavior [ RunTime:0.331398s ]
INFO: [ view_parse ] --END-- [ RunTime:0.331589s ]
INFO: [ view_filter ] --START--
INFO: Run Behavior\WriteHtmlCacheBehavior [ RunTime:0.000900s ]
INFO: [ view_filter ] --END-- [ RunTime:0.001081s ]
INFO: [ app_end ] --START--
INFO: Run Behavior\ShowPageTraceBehavior [ RunTime:0.001561s ]
INFO: [ app_end ] --END-- [ RunTime:0.001829s ]

[ 2017-04-09T14:42:17+08:00 ] ::1 /guanwang/qwadmin/index.php/Qwadmin/Rflinkerhz/update.html
INFO: [ app_init ] --START--
INFO: Run Behavior\BuildLiteBehavior [ RunTime:0.000042s ]
INFO: [ app_init ] --END-- [ RunTime:0.000657s ]
INFO: [ app_begin ] --START--
INFO: Run Behavior\ReadHtmlCacheBehavior [ RunTime:0.001909s ]
INFO: Run Behavior\CheckLangBehavior [ RunTime:0.002589s ]
INFO: [ app_begin ] --END-- [ RunTime:0.005021s ]
SQL: SHOW COLUMNS FROM `qw_setting` [ RunTime:0.0317s ]
SQL: SELECT `k`,`v` FROM `qw_setting`  [ RunTime:0.0003s ]
SQL: SELECT * FROM qw_auth_group g left join qw_auth_group_access a on g.id=a.group_id where a.uid=1 [ RunTime:0.0004s ]
SQL: SHOW COLUMNS FROM `qw_member` [ RunTime:0.0134s ]
SQL: SELECT * FROM `qw_member` WHERE `uid` = 1 LIMIT 1   [ RunTime:0.0004s ]
SQL: SELECT s.id,s.title,s.name,s.tips,s.pid,p.pid as ppid,p.title as ptitle FROM qw_auth_rule s left join qw_auth_rule p on p.id=s.pid where s.name='Rflinkerhz/update' [ RunTime:0.0005s ]
NOTIC: [8] Undefined offset: 0 F:\wamp\www\guanwang\qwadmin\App\Qwadmin\Controller\ComController.class.php 第 48 行.
SQL: SHOW COLUMNS FROM `qw_auth_rule` [ RunTime:0.0120s ]
SQL: SELECT `id`,`title`,`pid`,`name`,`icon` FROM `qw_auth_rule` WHERE ( islink=1   ) ORDER BY o ASC  [ RunTime:0.0008s ]
SQL: SHOW COLUMNS FROM `qw_rflinkerhz` [ RunTime:0.0132s ]
SQL: INSERT INTO `qw_rflinkerhz` (`cn_rflinkerhz`,`en_rflinkerhz`,`rrsort`) VALUES ('','','0') [ RunTime:0.1377s ]
SQL: SHOW COLUMNS FROM `qw_log` [ RunTime:0.0106s ]
SQL: INSERT INTO `qw_log` (`name`,`t`,`ip`,`log`) VALUES ('admin','1491720137','::1','新增RFLINKER频率') [ RunTime:0.0004s ]
INFO: [ view_parse ] --START--
INFO: [ template_filter ] --START--
INFO: Run Behavior\ContentReplaceBehavior [ RunTime:0.000080s ]
INFO: [ template_filter ] --END-- [ RunTime:0.000258s ]
INFO: Run Behavior\ParseTemplateBehavior [ RunTime:0.034792s ]
INFO: [ view_parse ] --END-- [ RunTime:0.035005s ]
INFO: [ view_filter ] --START--
INFO: Run Behavior\WriteHtmlCacheBehavior [ RunTime:0.000757s ]
INFO: [ view_filter ] --END-- [ RunTime:0.000943s ]
INFO: [ app_end ] --START--
INFO: Run Behavior\ShowPageTraceBehavior [ RunTime:0.001044s ]
INFO: [ app_end ] --END-- [ RunTime:0.001227s ]

[ 2017-04-09T14:42:19+08:00 ] ::1 /guanwang/qwadmin/index.php/Qwadmin/Rflinkerhz/index.html
INFO: [ app_init ] --START--
INFO: Run Behavior\BuildLiteBehavior [ RunTime:0.000045s ]
INFO: [ app_init ] --END-- [ RunTime:0.000696s ]
INFO: [ app_begin ] --START--
INFO: Run Behavior\ReadHtmlCacheBehavior [ RunTime:0.002208s ]
INFO: Run Behavior\CheckLangBehavior [ RunTime:0.002481s ]
INFO: [ app_begin ] --END-- [ RunTime:0.005153s ]
SQL: SHOW COLUMNS FROM `qw_setting` [ RunTime:0.0145s ]
SQL: SELECT `k`,`v` FROM `qw_setting`  [ RunTime:0.0004s ]
SQL: SELECT * FROM qw_auth_group g left join qw_auth_group_access a on g.id=a.group_id where a.uid=1 [ RunTime:0.0004s ]
SQL: SHOW COLUMNS FROM `qw_member` [ RunTime:0.0102s ]
SQL: SELECT * FROM `qw_member` WHERE `uid` = 1 LIMIT 1   [ RunTime:0.0003s ]
SQL: SELECT s.id,s.title,s.name,s.tips,s.pid,p.pid as ppid,p.title as ptitle FROM qw_auth_rule s left join qw_auth_rule p on p.id=s.pid where s.name='Rflinkerhz/index' [ RunTime:0.0005s ]
SQL: SHOW COLUMNS FROM `qw_auth_rule` [ RunTime:0.0269s ]
SQL: SELECT `id`,`title`,`pid`,`name`,`icon` FROM `qw_auth_rule` WHERE ( islink=1   ) ORDER BY o ASC  [ RunTime:0.0008s ]
SQL: SHOW COLUMNS FROM `qw_rflinkerhz` [ RunTime:0.0103s ]
SQL: SELECT * FROM `qw_rflinkerhz` ORDER BY rrsort  [ RunTime:0.0005s ]
INFO: [ view_parse ] --START--
INFO: [ template_filter ] --START--
INFO: Run Behavior\ContentReplaceBehavior [ RunTime:0.000215s ]
INFO: [ template_filter ] --END-- [ RunTime:0.000413s ]
NOTIC: [8] Undefined variable: page F:\wamp\www\guanwang\qwadmin\App\Runtime\Cache\Qwadmin\7f1bda45d155dc8dff92bd1a3e06faa2.php 第 379 行.
INFO: Run Behavior\ParseTemplateBehavior [ RunTime:0.288474s ]
INFO: [ view_parse ] --END-- [ RunTime:0.288701s ]
INFO: [ view_filter ] --START--
INFO: Run Behavior\WriteHtmlCacheBehavior [ RunTime:0.001069s ]
INFO: [ view_filter ] --END-- [ RunTime:0.001285s ]
INFO: [ app_end ] --START--
INFO: Run Behavior\ShowPageTraceBehavior [ RunTime:0.001110s ]
INFO: [ app_end ] --END-- [ RunTime:0.001317s ]

[ 2017-04-09T14:42:23+08:00 ] ::1 /guanwang/qwadmin/index.php/Qwadmin/Rflinkerhz/add.html
INFO: [ app_init ] --START--
INFO: Run Behavior\BuildLiteBehavior [ RunTime:0.000036s ]
INFO: [ app_init ] --END-- [ RunTime:0.000612s ]
INFO: [ app_begin ] --START--
INFO: Run Behavior\ReadHtmlCacheBehavior [ RunTime:0.001479s ]
INFO: Run Behavior\CheckLangBehavior [ RunTime:0.001456s ]
INFO: [ app_begin ] --END-- [ RunTime:0.003248s ]
SQL: SHOW COLUMNS FROM `qw_setting` [ RunTime:0.0145s ]
SQL: SELECT `k`,`v` FROM `qw_setting`  [ RunTime:0.0004s ]
SQL: SELECT * FROM qw_auth_group g left join qw_auth_group_access a on g.id=a.group_id where a.uid=1 [ RunTime:0.0004s ]
SQL: SHOW COLUMNS FROM `qw_member` [ RunTime:0.0119s ]
SQL: SELECT * FROM `qw_member` WHERE `uid` = 1 LIMIT 1   [ RunTime:0.0003s ]
SQL: SELECT s.id,s.title,s.name,s.tips,s.pid,p.pid as ppid,p.title as ptitle FROM qw_auth_rule s left join qw_auth_rule p on p.id=s.pid where s.name='Rflinkerhz/add' [ RunTime:0.0003s ]
NOTIC: [8] Undefined offset: 0 F:\wamp\www\guanwang\qwadmin\App\Qwadmin\Controller\ComController.class.php 第 48 行.
SQL: SHOW COLUMNS FROM `qw_auth_rule` [ RunTime:0.0117s ]
SQL: SELECT `id`,`title`,`pid`,`name`,`icon` FROM `qw_auth_rule` WHERE ( islink=1   ) ORDER BY o ASC  [ RunTime:0.0008s ]
INFO: [ view_parse ] --START--
INFO: [ template_filter ] --START--
INFO: Run Behavior\ContentReplaceBehavior [ RunTime:0.000239s ]
INFO: [ template_filter ] --END-- [ RunTime:0.000441s ]
INFO: Run Behavior\ParseTemplateBehavior [ RunTime:0.282300s ]
INFO: [ view_parse ] --END-- [ RunTime:0.282561s ]
INFO: [ view_filter ] --START--
INFO: Run Behavior\WriteHtmlCacheBehavior [ RunTime:0.001523s ]
INFO: [ view_filter ] --END-- [ RunTime:0.001878s ]
INFO: [ app_end ] --START--
INFO: Run Behavior\ShowPageTraceBehavior [ RunTime:0.001271s ]
INFO: [ app_end ] --END-- [ RunTime:0.001459s ]

[ 2017-04-09T14:42:25+08:00 ] ::1 /guanwang/qwadmin/index.php/Qwadmin/Rflinkerhz/update.html
INFO: [ app_init ] --START--
INFO: Run Behavior\BuildLiteBehavior [ RunTime:0.000101s ]
INFO: [ app_init ] --END-- [ RunTime:0.001661s ]
INFO: [ app_begin ] --START--
INFO: Run Behavior\ReadHtmlCacheBehavior [ RunTime:0.001080s ]
INFO: Run Behavior\CheckLangBehavior [ RunTime:0.001355s ]
INFO: [ app_begin ] --END-- [ RunTime:0.002727s ]
SQL: SHOW COLUMNS FROM `qw_setting` [ RunTime:0.0156s ]
SQL: SELECT `k`,`v` FROM `qw_setting`  [ RunTime:0.0003s ]
SQL: SELECT * FROM qw_auth_group g left join qw_auth_group_access a on g.id=a.group_id where a.uid=1 [ RunTime:0.0003s ]
SQL: SHOW COLUMNS FROM `qw_member` [ RunTime:0.0133s ]
SQL: SELECT * FROM `qw_member` WHERE `uid` = 1 LIMIT 1   [ RunTime:0.0005s ]
SQL: SELECT s.id,s.title,s.name,s.tips,s.pid,p.pid as ppid,p.title as ptitle FROM qw_auth_rule s left join qw_auth_rule p on p.id=s.pid where s.name='Rflinkerhz/update' [ RunTime:0.0005s ]
NOTIC: [8] Undefined offset: 0 F:\wamp\www\guanwang\qwadmin\App\Qwadmin\Controller\ComController.class.php 第 48 行.
SQL: SHOW COLUMNS FROM `qw_auth_rule` [ RunTime:0.0113s ]
SQL: SELECT `id`,`title`,`pid`,`name`,`icon` FROM `qw_auth_rule` WHERE ( islink=1   ) ORDER BY o ASC  [ RunTime:0.0007s ]
SQL: SHOW COLUMNS FROM `qw_rflinkerhz` [ RunTime:0.0124s ]
SQL: INSERT INTO `qw_rflinkerhz` (`cn_rflinkerhz`,`en_rflinkerhz`,`rrsort`) VALUES ('','','0') [ RunTime:0.2013s ]
SQL: SHOW COLUMNS FROM `qw_log` [ RunTime:0.1972s ]
SQL: INSERT INTO `qw_log` (`name`,`t`,`ip`,`log`) VALUES ('admin','1491720145','::1','新增RFLINKER频率') [ RunTime:0.0005s ]
INFO: [ view_parse ] --START--
INFO: [ template_filter ] --START--
INFO: Run Behavior\ContentReplaceBehavior [ RunTime:0.000088s ]
INFO: [ template_filter ] --END-- [ RunTime:0.000307s ]
INFO: Run Behavior\ParseTemplateBehavior [ RunTime:0.011052s ]
INFO: [ view_parse ] --END-- [ RunTime:0.011263s ]
INFO: [ view_filter ] --START--
INFO: Run Behavior\WriteHtmlCacheBehavior [ RunTime:0.001119s ]
INFO: [ view_filter ] --END-- [ RunTime:0.001403s ]
INFO: [ app_end ] --START--
INFO: Run Behavior\ShowPageTraceBehavior [ RunTime:0.001163s ]
INFO: [ app_end ] --END-- [ RunTime:0.001351s ]

[ 2017-04-09T14:42:26+08:00 ] ::1 /guanwang/qwadmin/index.php/Qwadmin/Rflinkerhz/index.html
INFO: [ app_init ] --START--
INFO: Run Behavior\BuildLiteBehavior [ RunTime:0.000043s ]
INFO: [ app_init ] --END-- [ RunTime:0.000773s ]
INFO: [ app_begin ] --START--
INFO: Run Behavior\ReadHtmlCacheBehavior [ RunTime:0.001485s ]
INFO: Run Behavior\CheckLangBehavior [ RunTime:0.001691s ]
INFO: [ app_begin ] --END-- [ RunTime:0.003606s ]
SQL: SHOW COLUMNS FROM `qw_setting` [ RunTime:0.0164s ]
SQL: SELECT `k`,`v` FROM `qw_setting`  [ RunTime:0.0003s ]
SQL: SELECT * FROM qw_auth_group g left join qw_auth_group_access a on g.id=a.group_id where a.uid=1 [ RunTime:0.0003s ]
SQL: SHOW COLUMNS FROM `qw_member` [ RunTime:0.0106s ]
SQL: SELECT * FROM `qw_member` WHERE `uid` = 1 LIMIT 1   [ RunTime:0.0003s ]
SQL: SELECT s.id,s.title,s.name,s.tips,s.pid,p.pid as ppid,p.title as ptitle FROM qw_auth_rule s left join qw_auth_rule p on p.id=s.pid where s.name='Rflinkerhz/index' [ RunTime:0.0003s ]
SQL: SHOW COLUMNS FROM `qw_auth_rule` [ RunTime:0.0116s ]
SQL: SELECT `id`,`title`,`pid`,`name`,`icon` FROM `qw_auth_rule` WHERE ( islink=1   ) ORDER BY o ASC  [ RunTime:0.0008s ]
SQL: SHOW COLUMNS FROM `qw_rflinkerhz` [ RunTime:0.0134s ]
SQL: SELECT * FROM `qw_rflinkerhz` ORDER BY rrsort  [ RunTime:0.0004s ]
INFO: [ view_parse ] --START--
INFO: [ template_filter ] --START--
INFO: Run Behavior\ContentReplaceBehavior [ RunTime:0.000232s ]
INFO: [ template_filter ] --END-- [ RunTime:0.000436s ]
NOTIC: [8] Undefined variable: page F:\wamp\www\guanwang\qwadmin\App\Runtime\Cache\Qwadmin\7f1bda45d155dc8dff92bd1a3e06faa2.php 第 379 行.
INFO: Run Behavior\ParseTemplateBehavior [ RunTime:0.289384s ]
INFO: [ view_parse ] --END-- [ RunTime:0.289655s ]
INFO: [ view_filter ] --START--
INFO: Run Behavior\WriteHtmlCacheBehavior [ RunTime:0.000942s ]
INFO: [ view_filter ] --END-- [ RunTime:0.001231s ]
INFO: [ app_end ] --START--
INFO: Run Behavior\ShowPageTraceBehavior [ RunTime:0.001139s ]
INFO: [ app_end ] --END-- [ RunTime:0.001320s ]

[ 2017-04-09T14:43:13+08:00 ] ::1 /guanwang/qwadmin/index.php/Qwadmin/Rflinkerhz/index.html
INFO: [ app_init ] --START--
INFO: Run Behavior\BuildLiteBehavior [ RunTime:0.000100s ]
INFO: [ app_init ] --END-- [ RunTime:0.001292s ]
INFO: [ app_begin ] --START--
INFO: Run Behavior\ReadHtmlCacheBehavior [ RunTime:0.003907s ]
INFO: Run Behavior\CheckLangBehavior [ RunTime:0.001397s ]
INFO: [ app_begin ] --END-- [ RunTime:0.005713s ]
SQL: SHOW COLUMNS FROM `qw_setting` [ RunTime:0.0151s ]
SQL: SELECT `k`,`v` FROM `qw_setting`  [ RunTime:0.0003s ]
SQL: SELECT * FROM qw_auth_group g left join qw_auth_group_access a on g.id=a.group_id where a.uid=1 [ RunTime:0.0003s ]
SQL: SHOW COLUMNS FROM `qw_member` [ RunTime:0.0120s ]
SQL: SELECT * FROM `qw_member` WHERE `uid` = 1 LIMIT 1   [ RunTime:0.0003s ]
SQL: SELECT s.id,s.title,s.name,s.tips,s.pid,p.pid as ppid,p.title as ptitle FROM qw_auth_rule s left join qw_auth_rule p on p.id=s.pid where s.name='Rflinkerhz/index' [ RunTime:0.0004s ]
SQL: SHOW COLUMNS FROM `qw_auth_rule` [ RunTime:0.0132s ]
SQL: SELECT `id`,`title`,`pid`,`name`,`icon` FROM `qw_auth_rule` WHERE ( islink=1   ) ORDER BY o ASC  [ RunTime:0.0009s ]
SQL: SHOW COLUMNS FROM `qw_rflinkerhz` [ RunTime:0.0105s ]
SQL: SELECT * FROM `qw_rflinkerhz` ORDER BY rrsort  [ RunTime:0.0004s ]
INFO: [ view_parse ] --START--
INFO: [ template_filter ] --START--
INFO: Run Behavior\ContentReplaceBehavior [ RunTime:0.000207s ]
INFO: [ template_filter ] --END-- [ RunTime:0.000416s ]
NOTIC: [8] Undefined variable: page F:\wamp\www\guanwang\qwadmin\App\Runtime\Cache\Qwadmin\7f1bda45d155dc8dff92bd1a3e06faa2.php 第 379 行.
INFO: Run Behavior\ParseTemplateBehavior [ RunTime:0.317323s ]
INFO: [ view_parse ] --END-- [ RunTime:0.317534s ]
INFO: [ view_filter ] --START--
INFO: Run Behavior\WriteHtmlCacheBehavior [ RunTime:0.000908s ]
INFO: [ view_filter ] --END-- [ RunTime:0.001085s ]
INFO: [ app_end ] --START--
INFO: Run Behavior\ShowPageTraceBehavior [ RunTime:0.001097s ]
INFO: [ app_end ] --END-- [ RunTime:0.001278s ]

[ 2017-04-09T14:43:15+08:00 ] ::1 /guanwang/qwadmin/index.php/Qwadmin/Rflinkerhz/add.html
INFO: [ app_init ] --START--
INFO: Run Behavior\BuildLiteBehavior [ RunTime:0.000041s ]
INFO: [ app_init ] --END-- [ RunTime:0.000690s ]
INFO: [ app_begin ] --START--
INFO: Run Behavior\ReadHtmlCacheBehavior [ RunTime:0.000869s ]
INFO: Run Behavior\CheckLangBehavior [ RunTime:0.001730s ]
INFO: [ app_begin ] --END-- [ RunTime:0.002987s ]
SQL: SHOW COLUMNS FROM `qw_setting` [ RunTime:0.0153s ]
SQL: SELECT `k`,`v` FROM `qw_setting`  [ RunTime:0.0004s ]
SQL: SELECT * FROM qw_auth_group g left join qw_auth_group_access a on g.id=a.group_id where a.uid=1 [ RunTime:0.0004s ]
SQL: SHOW COLUMNS FROM `qw_member` [ RunTime:0.0116s ]
SQL: SELECT * FROM `qw_member` WHERE `uid` = 1 LIMIT 1   [ RunTime:0.0004s ]
SQL: SELECT s.id,s.title,s.name,s.tips,s.pid,p.pid as ppid,p.title as ptitle FROM qw_auth_rule s left join qw_auth_rule p on p.id=s.pid where s.name='Rflinkerhz/add' [ RunTime:0.0004s ]
NOTIC: [8] Undefined offset: 0 F:\wamp\www\guanwang\qwadmin\App\Qwadmin\Controller\ComController.class.php 第 48 行.
SQL: SHOW COLUMNS FROM `qw_auth_rule` [ RunTime:0.0121s ]
SQL: SELECT `id`,`title`,`pid`,`name`,`icon` FROM `qw_auth_rule` WHERE ( islink=1   ) ORDER BY o ASC  [ RunTime:0.0009s ]
INFO: [ view_parse ] --START--
INFO: [ template_filter ] --START--
INFO: Run Behavior\ContentReplaceBehavior [ RunTime:0.000224s ]
INFO: [ template_filter ] --END-- [ RunTime:0.000424s ]
INFO: Run Behavior\ParseTemplateBehavior [ RunTime:0.287451s ]
INFO: [ view_parse ] --END-- [ RunTime:0.287739s ]
INFO: [ view_filter ] --START--
INFO: Run Behavior\WriteHtmlCacheBehavior [ RunTime:0.000608s ]
INFO: [ view_filter ] --END-- [ RunTime:0.000828s ]
INFO: [ app_end ] --START--
INFO: Run Behavior\ShowPageTraceBehavior [ RunTime:0.000784s ]
INFO: [ app_end ] --END-- [ RunTime:0.000973s ]

[ 2017-04-09T14:43:16+08:00 ] ::1 /guanwang/qwadmin/index.php/Qwadmin/Rflinkerhz/update.html
INFO: [ app_init ] --START--
INFO: Run Behavior\BuildLiteBehavior [ RunTime:0.000036s ]
INFO: [ app_init ] --END-- [ RunTime:0.000539s ]
INFO: [ app_begin ] --START--
INFO: Run Behavior\ReadHtmlCacheBehavior [ RunTime:0.000693s ]
INFO: Run Behavior\CheckLangBehavior [ RunTime:0.001786s ]
INFO: [ app_begin ] --END-- [ RunTime:0.002929s ]
SQL: SHOW COLUMNS FROM `qw_setting` [ RunTime:0.0172s ]
SQL: SELECT `k`,`v` FROM `qw_setting`  [ RunTime:0.0007s ]
SQL: SELECT * FROM qw_auth_group g left join qw_auth_group_access a on g.id=a.group_id where a.uid=1 [ RunTime:0.0004s ]
SQL: SHOW COLUMNS FROM `qw_member` [ RunTime:0.0098s ]
SQL: SELECT * FROM `qw_member` WHERE `uid` = 1 LIMIT 1   [ RunTime:0.0005s ]
SQL: SELECT s.id,s.title,s.name,s.tips,s.pid,p.pid as ppid,p.title as ptitle FROM qw_auth_rule s left join qw_auth_rule p on p.id=s.pid where s.name='Rflinkerhz/update' [ RunTime:0.0005s ]
NOTIC: [8] Undefined offset: 0 F:\wamp\www\guanwang\qwadmin\App\Qwadmin\Controller\ComController.class.php 第 48 行.
SQL: SHOW COLUMNS FROM `qw_auth_rule` [ RunTime:0.0114s ]
SQL: SELECT `id`,`title`,`pid`,`name`,`icon` FROM `qw_auth_rule` WHERE ( islink=1   ) ORDER BY o ASC  [ RunTime:0.0011s ]
SQL: SHOW COLUMNS FROM `qw_rflinkerhz` [ RunTime:0.0112s ]
SQL: INSERT INTO `qw_rflinkerhz` (`cn_rflinkerhz`,`en_rflinkerhz`,`rrsort`) VALUES ('','','0') [ RunTime:0.1314s ]
SQL: SHOW COLUMNS FROM `qw_log` [ RunTime:0.0125s ]
SQL: INSERT INTO `qw_log` (`name`,`t`,`ip`,`log`) VALUES ('admin','1491720196','::1','新增RFLINKER频率') [ RunTime:0.0004s ]
INFO: [ view_parse ] --START--
INFO: [ template_filter ] --START--
INFO: Run Behavior\ContentReplaceBehavior [ RunTime:0.000079s ]
INFO: [ template_filter ] --END-- [ RunTime:0.000257s ]
INFO: Run Behavior\ParseTemplateBehavior [ RunTime:0.009969s ]
INFO: [ view_parse ] --END-- [ RunTime:0.010175s ]
INFO: [ view_filter ] --START--
INFO: Run Behavior\WriteHtmlCacheBehavior [ RunTime:0.000366s ]
INFO: [ view_filter ] --END-- [ RunTime:0.000542s ]
INFO: [ app_end ] --START--
INFO: Run Behavior\ShowPageTraceBehavior [ RunTime:0.000875s ]
INFO: [ app_end ] --END-- [ RunTime:0.001075s ]

[ 2017-04-09T14:43:17+08:00 ] ::1 /guanwang/qwadmin/index.php/Qwadmin/Rflinkerhz/index.html
INFO: [ app_init ] --START--
INFO: Run Behavior\BuildLiteBehavior [ RunTime:0.000041s ]
INFO: [ app_init ] --END-- [ RunTime:0.000666s ]
INFO: [ app_begin ] --START--
INFO: Run Behavior\ReadHtmlCacheBehavior [ RunTime:0.000733s ]
INFO: Run Behavior\CheckLangBehavior [ RunTime:0.001501s ]
INFO: [ app_begin ] --END-- [ RunTime:0.002618s ]
SQL: SHOW COLUMNS FROM `qw_setting` [ RunTime:0.0129s ]
SQL: SELECT `k`,`v` FROM `qw_setting`  [ RunTime:0.0003s ]
SQL: SELECT * FROM qw_auth_group g left join qw_auth_group_access a on g.id=a.group_id where a.uid=1 [ RunTime:0.0005s ]
SQL: SHOW COLUMNS FROM `qw_member` [ RunTime:0.0111s ]
SQL: SELECT * FROM `qw_member` WHERE `uid` = 1 LIMIT 1   [ RunTime:0.0003s ]
SQL: SELECT s.id,s.title,s.name,s.tips,s.pid,p.pid as ppid,p.title as ptitle FROM qw_auth_rule s left join qw_auth_rule p on p.id=s.pid where s.name='Rflinkerhz/index' [ RunTime:0.0004s ]
SQL: SHOW COLUMNS FROM `qw_auth_rule` [ RunTime:0.0314s ]
SQL: SELECT `id`,`title`,`pid`,`name`,`icon` FROM `qw_auth_rule` WHERE ( islink=1   ) ORDER BY o ASC  [ RunTime:0.0007s ]
SQL: SHOW COLUMNS FROM `qw_rflinkerhz` [ RunTime:0.0106s ]
SQL: SELECT * FROM `qw_rflinkerhz` ORDER BY rrsort  [ RunTime:0.0003s ]
INFO: [ view_parse ] --START--
INFO: [ template_filter ] --START--
INFO: Run Behavior\ContentReplaceBehavior [ RunTime:0.000245s ]
INFO: [ template_filter ] --END-- [ RunTime:0.000447s ]
NOTIC: [8] Undefined variable: page F:\wamp\www\guanwang\qwadmin\App\Runtime\Cache\Qwadmin\7f1bda45d155dc8dff92bd1a3e06faa2.php 第 379 行.
INFO: Run Behavior\ParseTemplateBehavior [ RunTime:0.293710s ]
INFO: [ view_parse ] --END-- [ RunTime:0.293972s ]
INFO: [ view_filter ] --START--
INFO: Run Behavior\WriteHtmlCacheBehavior [ RunTime:0.000499s ]
INFO: [ view_filter ] --END-- [ RunTime:0.000769s ]
INFO: [ app_end ] --START--
INFO: Run Behavior\ShowPageTraceBehavior [ RunTime:0.001222s ]
INFO: [ app_end ] --END-- [ RunTime:0.001545s ]

[ 2017-04-09T14:43:38+08:00 ] ::1 /guanwang/qwadmin/index.php/Qwadmin/Rflinkerhz/index.html
INFO: [ app_init ] --START--
INFO: Run Behavior\BuildLiteBehavior [ RunTime:0.000051s ]
INFO: [ app_init ] --END-- [ RunTime:0.000550s ]
INFO: [ app_begin ] --START--
INFO: Run Behavior\ReadHtmlCacheBehavior [ RunTime:0.000798s ]
INFO: Run Behavior\CheckLangBehavior [ RunTime:0.001110s ]
INFO: [ app_begin ] --END-- [ RunTime:0.002250s ]
SQL: SHOW COLUMNS FROM `qw_setting` [ RunTime:0.0158s ]
SQL: SELECT `k`,`v` FROM `qw_setting`  [ RunTime:0.0005s ]
SQL: SELECT * FROM qw_auth_group g left join qw_auth_group_access a on g.id=a.group_id where a.uid=1 [ RunTime:0.0006s ]
SQL: SHOW COLUMNS FROM `qw_member` [ RunTime:0.0103s ]
SQL: SELECT * FROM `qw_member` WHERE `uid` = 1 LIMIT 1   [ RunTime:0.0004s ]
SQL: SELECT s.id,s.title,s.name,s.tips,s.pid,p.pid as ppid,p.title as ptitle FROM qw_auth_rule s left join qw_auth_rule p on p.id=s.pid where s.name='Rflinkerhz/index' [ RunTime:0.0011s ]
SQL: SHOW COLUMNS FROM `qw_auth_rule` [ RunTime:0.0109s ]
SQL: SELECT `id`,`title`,`pid`,`name`,`icon` FROM `qw_auth_rule` WHERE ( islink=1   ) ORDER BY o ASC  [ RunTime:0.0010s ]
SQL: SHOW COLUMNS FROM `qw_rflinkerhz` [ RunTime:0.0117s ]
SQL: SELECT * FROM `qw_rflinkerhz` ORDER BY rrsort  [ RunTime:0.0003s ]
INFO: [ view_parse ] --START--
INFO: [ template_filter ] --START--
INFO: Run Behavior\ContentReplaceBehavior [ RunTime:0.000206s ]
INFO: [ template_filter ] --END-- [ RunTime:0.000405s ]
NOTIC: [8] Undefined variable: page F:\wamp\www\guanwang\qwadmin\App\Runtime\Cache\Qwadmin\7f1bda45d155dc8dff92bd1a3e06faa2.php 第 379 行.
INFO: Run Behavior\ParseTemplateBehavior [ RunTime:0.316425s ]
INFO: [ view_parse ] --END-- [ RunTime:0.316604s ]
INFO: [ view_filter ] --START--
INFO: Run Behavior\WriteHtmlCacheBehavior [ RunTime:0.000464s ]
INFO: [ view_filter ] --END-- [ RunTime:0.000640s ]
INFO: [ app_end ] --START--
INFO: Run Behavior\ShowPageTraceBehavior [ RunTime:0.000670s ]
INFO: [ app_end ] --END-- [ RunTime:0.000847s ]

[ 2017-04-09T14:43:39+08:00 ] ::1 /guanwang/qwadmin/index.php/Qwadmin/Rflinkerhz/add.html
INFO: [ app_init ] --START--
INFO: Run Behavior\BuildLiteBehavior [ RunTime:0.000043s ]
INFO: [ app_init ] --END-- [ RunTime:0.000686s ]
INFO: [ app_begin ] --START--
INFO: Run Behavior\ReadHtmlCacheBehavior [ RunTime:0.009373s ]
INFO: Run Behavior\CheckLangBehavior [ RunTime:0.001472s ]
INFO: [ app_begin ] --END-- [ RunTime:0.011220s ]
SQL: SHOW COLUMNS FROM `qw_setting` [ RunTime:0.0150s ]
SQL: SELECT `k`,`v` FROM `qw_setting`  [ RunTime:0.0004s ]
SQL: SELECT * FROM qw_auth_group g left join qw_auth_group_access a on g.id=a.group_id where a.uid=1 [ RunTime:0.0005s ]
SQL: SHOW COLUMNS FROM `qw_member` [ RunTime:0.0105s ]
SQL: SELECT * FROM `qw_member` WHERE `uid` = 1 LIMIT 1   [ RunTime:0.0005s ]
SQL: SELECT s.id,s.title,s.name,s.tips,s.pid,p.pid as ppid,p.title as ptitle FROM qw_auth_rule s left join qw_auth_rule p on p.id=s.pid where s.name='Rflinkerhz/add' [ RunTime:0.0006s ]
NOTIC: [8] Undefined offset: 0 F:\wamp\www\guanwang\qwadmin\App\Qwadmin\Controller\ComController.class.php 第 48 行.
SQL: SHOW COLUMNS FROM `qw_auth_rule` [ RunTime:0.0096s ]
SQL: SELECT `id`,`title`,`pid`,`name`,`icon` FROM `qw_auth_rule` WHERE ( islink=1   ) ORDER BY o ASC  [ RunTime:0.0008s ]
INFO: [ view_parse ] --START--
INFO: [ template_filter ] --START--
INFO: Run Behavior\ContentReplaceBehavior [ RunTime:0.000192s ]
INFO: [ template_filter ] --END-- [ RunTime:0.000357s ]
INFO: Run Behavior\ParseTemplateBehavior [ RunTime:0.293484s ]
INFO: [ view_parse ] --END-- [ RunTime:0.293693s ]
INFO: [ view_filter ] --START--
INFO: Run Behavior\WriteHtmlCacheBehavior [ RunTime:0.000915s ]
INFO: [ view_filter ] --END-- [ RunTime:0.001078s ]
INFO: [ app_end ] --START--
INFO: Run Behavior\ShowPageTraceBehavior [ RunTime:0.001064s ]
INFO: [ app_end ] --END-- [ RunTime:0.001226s ]

[ 2017-04-09T14:43:42+08:00 ] ::1 /guanwang/qwadmin/index.php/Qwadmin/Rflinkerhz/update.html
INFO: [ app_init ] --START--
INFO: Run Behavior\BuildLiteBehavior [ RunTime:0.000065s ]
INFO: [ app_init ] --END-- [ RunTime:0.000781s ]
INFO: [ app_begin ] --START--
INFO: Run Behavior\ReadHtmlCacheBehavior [ RunTime:0.004906s ]
INFO: Run Behavior\CheckLangBehavior [ RunTime:0.002114s ]
INFO: [ app_begin ] --END-- [ RunTime:0.007805s ]
SQL: SHOW COLUMNS FROM `qw_setting` [ RunTime:0.0582s ]
SQL: SELECT `k`,`v` FROM `qw_setting`  [ RunTime:0.0004s ]
SQL: SELECT * FROM qw_auth_group g left join qw_auth_group_access a on g.id=a.group_id where a.uid=1 [ RunTime:0.0005s ]
SQL: SHOW COLUMNS FROM `qw_member` [ RunTime:0.0100s ]
SQL: SELECT * FROM `qw_member` WHERE `uid` = 1 LIMIT 1   [ RunTime:0.0006s ]
SQL: SELECT s.id,s.title,s.name,s.tips,s.pid,p.pid as ppid,p.title as ptitle FROM qw_auth_rule s left join qw_auth_rule p on p.id=s.pid where s.name='Rflinkerhz/update' [ RunTime:0.0007s ]
NOTIC: [8] Undefined offset: 0 F:\wamp\www\guanwang\qwadmin\App\Qwadmin\Controller\ComController.class.php 第 48 行.
SQL: SHOW COLUMNS FROM `qw_auth_rule` [ RunTime:0.0122s ]
SQL: SELECT `id`,`title`,`pid`,`name`,`icon` FROM `qw_auth_rule` WHERE ( islink=1   ) ORDER BY o ASC  [ RunTime:0.0008s ]
SQL: SHOW COLUMNS FROM `qw_rflinkerhz` [ RunTime:0.0136s ]
SQL: INSERT INTO `qw_rflinkerhz` (`cn_rflinkerhz`,`en_rflinkerhz`,`rrsort`) VALUES ('','','0') [ RunTime:0.1264s ]
SQL: SHOW COLUMNS FROM `qw_log` [ RunTime:0.1591s ]
SQL: INSERT INTO `qw_log` (`name`,`t`,`ip`,`log`) VALUES ('admin','1491720222','::1','新增RFLINKER频率') [ RunTime:0.0006s ]
INFO: [ view_parse ] --START--
INFO: [ template_filter ] --START--
INFO: Run Behavior\ContentReplaceBehavior [ RunTime:0.000078s ]
INFO: [ template_filter ] --END-- [ RunTime:0.000278s ]
INFO: Run Behavior\ParseTemplateBehavior [ RunTime:0.012066s ]
INFO: [ view_parse ] --END-- [ RunTime:0.012424s ]
INFO: [ view_filter ] --START--
INFO: Run Behavior\WriteHtmlCacheBehavior [ RunTime:0.001146s ]
INFO: [ view_filter ] --END-- [ RunTime:0.001474s ]
INFO: [ app_end ] --START--
INFO: Run Behavior\ShowPageTraceBehavior [ RunTime:0.001112s ]
INFO: [ app_end ] --END-- [ RunTime:0.001282s ]

[ 2017-04-09T14:43:43+08:00 ] ::1 /guanwang/qwadmin/index.php/Qwadmin/Rflinkerhz/index.html
INFO: [ app_init ] --START--
INFO: Run Behavior\BuildLiteBehavior [ RunTime:0.000066s ]
INFO: [ app_init ] --END-- [ RunTime:0.001082s ]
INFO: [ app_begin ] --START--
INFO: Run Behavior\ReadHtmlCacheBehavior [ RunTime:0.001139s ]
INFO: Run Behavior\CheckLangBehavior [ RunTime:0.002767s ]
INFO: [ app_begin ] --END-- [ RunTime:0.004255s ]
SQL: SHOW COLUMNS FROM `qw_setting` [ RunTime:0.1742s ]
SQL: SELECT `k`,`v` FROM `qw_setting`  [ RunTime:0.0003s ]
SQL: SELECT * FROM qw_auth_group g left join qw_auth_group_access a on g.id=a.group_id where a.uid=1 [ RunTime:0.0003s ]
SQL: SHOW COLUMNS FROM `qw_member` [ RunTime:0.1754s ]
SQL: SELECT * FROM `qw_member` WHERE `uid` = 1 LIMIT 1   [ RunTime:0.0004s ]
SQL: SELECT s.id,s.title,s.name,s.tips,s.pid,p.pid as ppid,p.title as ptitle FROM qw_auth_rule s left join qw_auth_rule p on p.id=s.pid where s.name='Rflinkerhz/index' [ RunTime:0.0005s ]
SQL: SHOW COLUMNS FROM `qw_auth_rule` [ RunTime:0.0113s ]
SQL: SELECT `id`,`title`,`pid`,`name`,`icon` FROM `qw_auth_rule` WHERE ( islink=1   ) ORDER BY o ASC  [ RunTime:0.0010s ]
SQL: SHOW COLUMNS FROM `qw_rflinkerhz` [ RunTime:0.0118s ]
SQL: SELECT * FROM `qw_rflinkerhz` ORDER BY rrsort  [ RunTime:0.0004s ]
INFO: [ view_parse ] --START--
INFO: [ template_filter ] --START--
INFO: Run Behavior\ContentReplaceBehavior [ RunTime:0.000266s ]
INFO: [ template_filter ] --END-- [ RunTime:0.000458s ]
NOTIC: [8] Undefined variable: page F:\wamp\www\guanwang\qwadmin\App\Runtime\Cache\Qwadmin\7f1bda45d155dc8dff92bd1a3e06faa2.php 第 379 行.
INFO: Run Behavior\ParseTemplateBehavior [ RunTime:0.300655s ]
INFO: [ view_parse ] --END-- [ RunTime:0.300833s ]
INFO: [ view_filter ] --START--
INFO: Run Behavior\WriteHtmlCacheBehavior [ RunTime:0.000898s ]
INFO: [ view_filter ] --END-- [ RunTime:0.001078s ]
INFO: [ app_end ] --START--
INFO: Run Behavior\ShowPageTraceBehavior [ RunTime:0.001056s ]
INFO: [ app_end ] --END-- [ RunTime:0.001218s ]

[ 2017-04-09T14:46:51+08:00 ] ::1 /guanwang/qwadmin/index.php/Qwadmin/Rflinkerhz/del.html
INFO: [ app_init ] --START--
INFO: Run Behavior\BuildLiteBehavior [ RunTime:0.000078s ]
INFO: [ app_init ] --END-- [ RunTime:0.001336s ]
INFO: [ app_begin ] --START--
INFO: Run Behavior\ReadHtmlCacheBehavior [ RunTime:0.001184s ]
INFO: Run Behavior\CheckLangBehavior [ RunTime:0.006217s ]
INFO: [ app_begin ] --END-- [ RunTime:0.007898s ]
SQL: SHOW COLUMNS FROM `qw_setting` [ RunTime:0.0882s ]
SQL: SELECT `k`,`v` FROM `qw_setting`  [ RunTime:0.0004s ]
SQL: SELECT * FROM qw_auth_group g left join qw_auth_group_access a on g.id=a.group_id where a.uid=1 [ RunTime:0.0006s ]
SQL: SHOW COLUMNS FROM `qw_member` [ RunTime:0.0125s ]
SQL: SELECT * FROM `qw_member` WHERE `uid` = 1 LIMIT 1   [ RunTime:0.0003s ]
SQL: SELECT s.id,s.title,s.name,s.tips,s.pid,p.pid as ppid,p.title as ptitle FROM qw_auth_rule s left join qw_auth_rule p on p.id=s.pid where s.name='Rflinkerhz/del' [ RunTime:0.0003s ]
NOTIC: [8] Undefined offset: 0 F:\wamp\www\guanwang\qwadmin\App\Qwadmin\Controller\ComController.class.php 第 48 行.
SQL: SHOW COLUMNS FROM `qw_auth_rule` [ RunTime:0.0123s ]
SQL: SELECT `id`,`title`,`pid`,`name`,`icon` FROM `qw_auth_rule` WHERE ( islink=1   ) ORDER BY o ASC  [ RunTime:0.0009s ]
SQL: SHOW COLUMNS FROM `qw_rflinkerhz` [ RunTime:0.0103s ]
SQL: DELETE FROM `qw_rflinkerhz` WHERE `id` IN ('3','4','5','6') [ RunTime:0.1697s ]
SQL: SHOW COLUMNS FROM `qw_log` [ RunTime:0.2244s ]
SQL: INSERT INTO `qw_log` (`name`,`t`,`ip`,`log`) VALUES ('admin','1491720411','::1','删除RFLINKER系列产品，ID：3,4,5,6') [ RunTime:0.0004s ]
INFO: [ view_parse ] --START--
INFO: [ template_filter ] --START--
INFO: Run Behavior\ContentReplaceBehavior [ RunTime:0.000086s ]
INFO: [ template_filter ] --END-- [ RunTime:0.000262s ]
INFO: Run Behavior\ParseTemplateBehavior [ RunTime:0.012305s ]
INFO: [ view_parse ] --END-- [ RunTime:0.012503s ]
INFO: [ view_filter ] --START--
INFO: Run Behavior\WriteHtmlCacheBehavior [ RunTime:0.000751s ]
INFO: [ view_filter ] --END-- [ RunTime:0.000906s ]
INFO: [ app_end ] --START--
INFO: Run Behavior\ShowPageTraceBehavior [ RunTime:0.001543s ]
INFO: [ app_end ] --END-- [ RunTime:0.001821s ]

[ 2017-04-09T14:46:53+08:00 ] ::1 /guanwang/qwadmin/index.php/Qwadmin/Rflinkerhz/index.html
INFO: [ app_init ] --START--
INFO: Run Behavior\BuildLiteBehavior [ RunTime:0.000041s ]
INFO: [ app_init ] --END-- [ RunTime:0.000783s ]
INFO: [ app_begin ] --START--
INFO: Run Behavior\ReadHtmlCacheBehavior [ RunTime:0.001148s ]
INFO: Run Behavior\CheckLangBehavior [ RunTime:0.001603s ]
INFO: [ app_begin ] --END-- [ RunTime:0.003029s ]
SQL: SHOW COLUMNS FROM `qw_setting` [ RunTime:0.0364s ]
SQL: SELECT `k`,`v` FROM `qw_setting`  [ RunTime:0.0003s ]
SQL: SELECT * FROM qw_auth_group g left join qw_auth_group_access a on g.id=a.group_id where a.uid=1 [ RunTime:0.0003s ]
SQL: SHOW COLUMNS FROM `qw_member` [ RunTime:0.0316s ]
SQL: SELECT * FROM `qw_member` WHERE `uid` = 1 LIMIT 1   [ RunTime:0.0003s ]
SQL: SELECT s.id,s.title,s.name,s.tips,s.pid,p.pid as ppid,p.title as ptitle FROM qw_auth_rule s left join qw_auth_rule p on p.id=s.pid where s.name='Rflinkerhz/index' [ RunTime:0.0003s ]
SQL: SHOW COLUMNS FROM `qw_auth_rule` [ RunTime:0.0123s ]
SQL: SELECT `id`,`title`,`pid`,`name`,`icon` FROM `qw_auth_rule` WHERE ( islink=1   ) ORDER BY o ASC  [ RunTime:0.0008s ]
SQL: SHOW COLUMNS FROM `qw_rflinkerhz` [ RunTime:0.0112s ]
SQL: SELECT * FROM `qw_rflinkerhz` ORDER BY rrsort  [ RunTime:0.0003s ]
INFO: [ view_parse ] --START--
INFO: [ template_filter ] --START--
INFO: Run Behavior\ContentReplaceBehavior [ RunTime:0.000215s ]
INFO: [ template_filter ] --END-- [ RunTime:0.000395s ]
NOTIC: [8] Undefined variable: page F:\wamp\www\guanwang\qwadmin\App\Runtime\Cache\Qwadmin\7f1bda45d155dc8dff92bd1a3e06faa2.php 第 379 行.
INFO: Run Behavior\ParseTemplateBehavior [ RunTime:0.293130s ]
INFO: [ view_parse ] --END-- [ RunTime:0.293422s ]
INFO: [ view_filter ] --START--
INFO: Run Behavior\WriteHtmlCacheBehavior [ RunTime:0.000910s ]
INFO: [ view_filter ] --END-- [ RunTime:0.001168s ]
INFO: [ app_end ] --START--
INFO: Run Behavior\ShowPageTraceBehavior [ RunTime:0.001487s ]
INFO: [ app_end ] --END-- [ RunTime:0.001671s ]

[ 2017-04-09T14:46:55+08:00 ] ::1 /guanwang/qwadmin/index.php/Qwadmin/rflinkertype/index.html
INFO: [ app_init ] --START--
INFO: Run Behavior\BuildLiteBehavior [ RunTime:0.000038s ]
INFO: [ app_init ] --END-- [ RunTime:0.000663s ]
INFO: [ app_begin ] --START--
INFO: Run Behavior\ReadHtmlCacheBehavior [ RunTime:0.001175s ]
INFO: Run Behavior\CheckLangBehavior [ RunTime:0.002301s ]
INFO: [ app_begin ] --END-- [ RunTime:0.003869s ]
SQL: SHOW COLUMNS FROM `qw_setting` [ RunTime:0.0138s ]
SQL: SELECT `k`,`v` FROM `qw_setting`  [ RunTime:0.0003s ]
SQL: SELECT * FROM qw_auth_group g left join qw_auth_group_access a on g.id=a.group_id where a.uid=1 [ RunTime:0.0004s ]
SQL: SHOW COLUMNS FROM `qw_member` [ RunTime:0.0098s ]
SQL: SELECT * FROM `qw_member` WHERE `uid` = 1 LIMIT 1   [ RunTime:0.0004s ]
SQL: SELECT s.id,s.title,s.name,s.tips,s.pid,p.pid as ppid,p.title as ptitle FROM qw_auth_rule s left join qw_auth_rule p on p.id=s.pid where s.name='Rflinkertype/index' [ RunTime:0.0004s ]
SQL: SHOW COLUMNS FROM `qw_auth_rule` [ RunTime:0.0134s ]
SQL: SELECT `id`,`title`,`pid`,`name`,`icon` FROM `qw_auth_rule` WHERE ( islink=1   ) ORDER BY o ASC  [ RunTime:0.0014s ]
SQL: SHOW COLUMNS FROM `qw_rflinkertype` [ RunTime:0.0131s ]
SQL: SELECT * FROM `qw_rflinkertype` ORDER BY rrtypesort  [ RunTime:0.0005s ]
INFO: [ view_parse ] --START--
INFO: [ template_filter ] --START--
INFO: Run Behavior\ContentReplaceBehavior [ RunTime:0.000343s ]
INFO: [ template_filter ] --END-- [ RunTime:0.000700s ]
NOTIC: [8] Undefined variable: page F:\wamp\www\guanwang\qwadmin\App\Runtime\Cache\Qwadmin\5a7ec327a05c4d44d6813e7d8d1d33ba.php 第 379 行.
INFO: Run Behavior\ParseTemplateBehavior [ RunTime:0.421968s ]
INFO: [ view_parse ] --END-- [ RunTime:0.422233s ]
INFO: [ view_filter ] --START--
INFO: Run Behavior\WriteHtmlCacheBehavior [ RunTime:0.001456s ]
INFO: [ view_filter ] --END-- [ RunTime:0.001900s ]
INFO: [ app_end ] --START--
INFO: Run Behavior\ShowPageTraceBehavior [ RunTime:0.001169s ]
INFO: [ app_end ] --END-- [ RunTime:0.001336s ]

[ 2017-04-09T14:46:57+08:00 ] ::1 /guanwang/qwadmin/index.php/Qwadmin/rflinkerhz/index.html
INFO: [ app_init ] --START--
INFO: Run Behavior\BuildLiteBehavior [ RunTime:0.000048s ]
INFO: [ app_init ] --END-- [ RunTime:0.000676s ]
INFO: [ app_begin ] --START--
INFO: Run Behavior\ReadHtmlCacheBehavior [ RunTime:0.001452s ]
INFO: Run Behavior\CheckLangBehavior [ RunTime:0.001361s ]
INFO: [ app_begin ] --END-- [ RunTime:0.003219s ]
SQL: SHOW COLUMNS FROM `qw_setting` [ RunTime:0.0150s ]
SQL: SELECT `k`,`v` FROM `qw_setting`  [ RunTime:0.0003s ]
SQL: SELECT * FROM qw_auth_group g left join qw_auth_group_access a on g.id=a.group_id where a.uid=1 [ RunTime:0.0003s ]
SQL: SHOW COLUMNS FROM `qw_member` [ RunTime:0.0876s ]
SQL: SELECT * FROM `qw_member` WHERE `uid` = 1 LIMIT 1   [ RunTime:0.0003s ]
SQL: SELECT s.id,s.title,s.name,s.tips,s.pid,p.pid as ppid,p.title as ptitle FROM qw_auth_rule s left join qw_auth_rule p on p.id=s.pid where s.name='Rflinkerhz/index' [ RunTime:0.0004s ]
SQL: SHOW COLUMNS FROM `qw_auth_rule` [ RunTime:0.0136s ]
SQL: SELECT `id`,`title`,`pid`,`name`,`icon` FROM `qw_auth_rule` WHERE ( islink=1   ) ORDER BY o ASC  [ RunTime:0.0008s ]
SQL: SHOW COLUMNS FROM `qw_rflinkerhz` [ RunTime:0.0113s ]
SQL: SELECT * FROM `qw_rflinkerhz` ORDER BY rrsort  [ RunTime:0.0004s ]
INFO: [ view_parse ] --START--
INFO: [ template_filter ] --START--
INFO: Run Behavior\ContentReplaceBehavior [ RunTime:0.000214s ]
INFO: [ template_filter ] --END-- [ RunTime:0.000389s ]
NOTIC: [8] Undefined variable: page F:\wamp\www\guanwang\qwadmin\App\Runtime\Cache\Qwadmin\7f1bda45d155dc8dff92bd1a3e06faa2.php 第 379 行.
INFO: Run Behavior\ParseTemplateBehavior [ RunTime:0.299000s ]
INFO: [ view_parse ] --END-- [ RunTime:0.299178s ]
INFO: [ view_filter ] --START--
INFO: Run Behavior\WriteHtmlCacheBehavior [ RunTime:0.001659s ]
INFO: [ view_filter ] --END-- [ RunTime:0.001889s ]
INFO: [ app_end ] --START--
INFO: Run Behavior\ShowPageTraceBehavior [ RunTime:0.001882s ]
INFO: [ app_end ] --END-- [ RunTime:0.002127s ]

[ 2017-04-09T14:46:59+08:00 ] ::1 /guanwang/qwadmin/index.php/Qwadmin/rflinkertype/index.html
INFO: [ app_init ] --START--
INFO: Run Behavior\BuildLiteBehavior [ RunTime:0.000057s ]
INFO: [ app_init ] --END-- [ RunTime:0.000936s ]
INFO: [ app_begin ] --START--
INFO: Run Behavior\ReadHtmlCacheBehavior [ RunTime:0.001108s ]
INFO: Run Behavior\CheckLangBehavior [ RunTime:0.001306s ]
INFO: [ app_begin ] --END-- [ RunTime:0.002737s ]
SQL: SHOW COLUMNS FROM `qw_setting` [ RunTime:0.0146s ]
SQL: SELECT `k`,`v` FROM `qw_setting`  [ RunTime:0.0003s ]
SQL: SELECT * FROM qw_auth_group g left join qw_auth_group_access a on g.id=a.group_id where a.uid=1 [ RunTime:0.0003s ]
SQL: SHOW COLUMNS FROM `qw_member` [ RunTime:0.0101s ]
SQL: SELECT * FROM `qw_member` WHERE `uid` = 1 LIMIT 1   [ RunTime:0.0003s ]
SQL: SELECT s.id,s.title,s.name,s.tips,s.pid,p.pid as ppid,p.title as ptitle FROM qw_auth_rule s left join qw_auth_rule p on p.id=s.pid where s.name='Rflinkertype/index' [ RunTime:0.0005s ]
SQL: SHOW COLUMNS FROM `qw_auth_rule` [ RunTime:0.0108s ]
SQL: SELECT `id`,`title`,`pid`,`name`,`icon` FROM `qw_auth_rule` WHERE ( islink=1   ) ORDER BY o ASC  [ RunTime:0.0007s ]
SQL: SHOW COLUMNS FROM `qw_rflinkertype` [ RunTime:0.0318s ]
SQL: SELECT * FROM `qw_rflinkertype` ORDER BY rrtypesort  [ RunTime:0.0003s ]
INFO: [ view_parse ] --START--
INFO: [ template_filter ] --START--
INFO: Run Behavior\ContentReplaceBehavior [ RunTime:0.000213s ]
INFO: [ template_filter ] --END-- [ RunTime:0.000395s ]
NOTIC: [8] Undefined variable: page F:\wamp\www\guanwang\qwadmin\App\Runtime\Cache\Qwadmin\5a7ec327a05c4d44d6813e7d8d1d33ba.php 第 379 行.
INFO: Run Behavior\ParseTemplateBehavior [ RunTime:0.311242s ]
INFO: [ view_parse ] --END-- [ RunTime:0.311481s ]
INFO: [ view_filter ] --START--
INFO: Run Behavior\WriteHtmlCacheBehavior [ RunTime:0.000919s ]
INFO: [ view_filter ] --END-- [ RunTime:0.001094s ]
INFO: [ app_end ] --START--
INFO: Run Behavior\ShowPageTraceBehavior [ RunTime:0.001059s ]
INFO: [ app_end ] --END-- [ RunTime:0.001223s ]

[ 2017-04-09T14:47:03+08:00 ] ::1 /guanwang/qwadmin/index.php/Qwadmin/Rflinkerproduct/index.html
INFO: [ app_init ] --START--
INFO: Run Behavior\BuildLiteBehavior [ RunTime:0.000039s ]
INFO: [ app_init ] --END-- [ RunTime:0.000692s ]
INFO: [ app_begin ] --START--
INFO: Run Behavior\ReadHtmlCacheBehavior [ RunTime:0.001423s ]
INFO: Run Behavior\CheckLangBehavior [ RunTime:0.001738s ]
INFO: [ app_begin ] --END-- [ RunTime:0.003447s ]
SQL: SHOW COLUMNS FROM `qw_setting` [ RunTime:0.0663s ]
SQL: SELECT `k`,`v` FROM `qw_setting`  [ RunTime:0.0004s ]
SQL: SELECT * FROM qw_auth_group g left join qw_auth_group_access a on g.id=a.group_id where a.uid=1 [ RunTime:0.0005s ]
SQL: SHOW COLUMNS FROM `qw_member` [ RunTime:0.0104s ]
SQL: SELECT * FROM `qw_member` WHERE `uid` = 1 LIMIT 1   [ RunTime:0.0009s ]
SQL: SELECT s.id,s.title,s.name,s.tips,s.pid,p.pid as ppid,p.title as ptitle FROM qw_auth_rule s left join qw_auth_rule p on p.id=s.pid where s.name='Rflinkerproduct/index' [ RunTime:0.0006s ]
SQL: SHOW COLUMNS FROM `qw_auth_rule` [ RunTime:0.0107s ]
SQL: SELECT `id`,`title`,`pid`,`name`,`icon` FROM `qw_auth_rule` WHERE ( islink=1   ) ORDER BY o ASC  [ RunTime:0.0008s ]
SQL: SHOW COLUMNS FROM `qw_felgproduct` [ RunTime:0.0111s ]
SQL: SELECT * FROM `qw_felgproduct` ORDER BY ftsort  [ RunTime:0.0007s ]
INFO: [ view_parse ] --START--
INFO: [ template_filter ] --START--
INFO: Run Behavior\ContentReplaceBehavior [ RunTime:0.000226s ]
INFO: [ template_filter ] --END-- [ RunTime:0.000489s ]
NOTIC: [8] Undefined variable: page F:\wamp\www\guanwang\qwadmin\App\Runtime\Cache\Qwadmin\2432b902fa4c35a7cb8987d10c0737cf.php 第 387 行.
INFO: Run Behavior\ParseTemplateBehavior [ RunTime:0.421509s ]
INFO: [ view_parse ] --END-- [ RunTime:0.421685s ]
INFO: [ view_filter ] --START--
INFO: Run Behavior\WriteHtmlCacheBehavior [ RunTime:0.000913s ]
INFO: [ view_filter ] --END-- [ RunTime:0.001075s ]
INFO: [ app_end ] --START--
INFO: Run Behavior\ShowPageTraceBehavior [ RunTime:0.001067s ]
INFO: [ app_end ] --END-- [ RunTime:0.001232s ]

[ 2017-04-09T14:47:08+08:00 ] ::1 /guanwang/qwadmin/index.php/Qwadmin/Rflinkerproduct/add.html
INFO: [ app_init ] --START--
INFO: Run Behavior\BuildLiteBehavior [ RunTime:0.000037s ]
INFO: [ app_init ] --END-- [ RunTime:0.000643s ]
INFO: [ app_begin ] --START--
INFO: Run Behavior\ReadHtmlCacheBehavior [ RunTime:0.002139s ]
INFO: Run Behavior\CheckLangBehavior [ RunTime:0.003281s ]
INFO: [ app_begin ] --END-- [ RunTime:0.006722s ]
SQL: SHOW COLUMNS FROM `qw_setting` [ RunTime:0.0150s ]
SQL: SELECT `k`,`v` FROM `qw_setting`  [ RunTime:0.0004s ]
SQL: SELECT * FROM qw_auth_group g left join qw_auth_group_access a on g.id=a.group_id where a.uid=1 [ RunTime:0.0005s ]
SQL: SHOW COLUMNS FROM `qw_member` [ RunTime:0.0096s ]
SQL: SELECT * FROM `qw_member` WHERE `uid` = 1 LIMIT 1   [ RunTime:0.0003s ]
SQL: SELECT s.id,s.title,s.name,s.tips,s.pid,p.pid as ppid,p.title as ptitle FROM qw_auth_rule s left join qw_auth_rule p on p.id=s.pid where s.name='Rflinkerproduct/add' [ RunTime:0.0003s ]
NOTIC: [8] Undefined offset: 0 F:\wamp\www\guanwang\qwadmin\App\Qwadmin\Controller\ComController.class.php 第 48 行.
SQL: SHOW COLUMNS FROM `qw_auth_rule` [ RunTime:0.0116s ]
SQL: SELECT `id`,`title`,`pid`,`name`,`icon` FROM `qw_auth_rule` WHERE ( islink=1   ) ORDER BY o ASC  [ RunTime:0.0008s ]
SQL: SHOW COLUMNS FROM `qw_felghz` [ RunTime:0.0159s ]
SQL: SELECT * FROM `qw_felghz` ORDER BY fghzsort desc  [ RunTime:0.0005s ]
SQL: SHOW COLUMNS FROM `qw_felgtype` [ RunTime:0.0169s ]
SQL: SELECT * FROM `qw_felgtype` ORDER BY fgtypesort desc  [ RunTime:0.0006s ]
INFO: [ view_parse ] --START--
INFO: [ template_filter ] --START--
INFO: Run Behavior\ContentReplaceBehavior [ RunTime:0.000371s ]
INFO: [ template_filter ] --END-- [ RunTime:0.000605s ]
INFO: Run Behavior\ParseTemplateBehavior [ RunTime:0.492386s ]
INFO: [ view_parse ] --END-- [ RunTime:0.492660s ]
INFO: [ view_filter ] --START--
INFO: Run Behavior\WriteHtmlCacheBehavior [ RunTime:0.001050s ]
INFO: [ view_filter ] --END-- [ RunTime:0.001284s ]
INFO: [ app_end ] --START--
INFO: Run Behavior\ShowPageTraceBehavior [ RunTime:0.000960s ]
INFO: [ app_end ] --END-- [ RunTime:0.001123s ]

[ 2017-04-09T14:47:09+08:00 ] ::1 /guanwang/qwadmin/index.php/Qwadmin/Upload/uploadpic.html?Width=88&Height=31&BackCall=cn_ftimg&Img=
INFO: [ app_init ] --START--
INFO: Run Behavior\BuildLiteBehavior [ RunTime:0.000078s ]
INFO: [ app_init ] --END-- [ RunTime:0.001267s ]
INFO: [ app_begin ] --START--
INFO: Run Behavior\ReadHtmlCacheBehavior [ RunTime:0.001644s ]
INFO: Run Behavior\CheckLangBehavior [ RunTime:0.001438s ]
INFO: [ app_begin ] --END-- [ RunTime:0.003544s ]
SQL: SHOW COLUMNS FROM `qw_setting` [ RunTime:0.0505s ]
SQL: SELECT `k`,`v` FROM `qw_setting`  [ RunTime:0.0006s ]
SQL: SELECT * FROM qw_auth_group g left join qw_auth_group_access a on g.id=a.group_id where a.uid=1 [ RunTime:0.0009s ]
SQL: SHOW COLUMNS FROM `qw_member` [ RunTime:0.0611s ]
SQL: SELECT * FROM `qw_member` WHERE `uid` = 1 LIMIT 1   [ RunTime:0.0006s ]
SQL: SELECT s.id,s.title,s.name,s.tips,s.pid,p.pid as ppid,p.title as ptitle FROM qw_auth_rule s left join qw_auth_rule p on p.id=s.pid where s.name='Upload/uploadpic' [ RunTime:0.0007s ]
NOTIC: [8] Undefined offset: 0 F:\wamp\www\guanwang\qwadmin\App\Qwadmin\Controller\ComController.class.php 第 48 行.
SQL: SHOW COLUMNS FROM `qw_auth_rule` [ RunTime:0.0160s ]
SQL: SELECT `id`,`title`,`pid`,`name`,`icon` FROM `qw_auth_rule` WHERE ( islink=1   ) ORDER BY o ASC  [ RunTime:0.0012s ]
NOTIC: [8] Undefined index: img F:\wamp\www\guanwang\qwadmin\App\Qwadmin\Controller\UploadController.class.php 第 60 行.
INFO: [ view_parse ] --START--
INFO: [ template_filter ] --START--
INFO: Run Behavior\ContentReplaceBehavior [ RunTime:0.000185s ]
INFO: [ template_filter ] --END-- [ RunTime:0.000548s ]
INFO: Run Behavior\ParseTemplateBehavior [ RunTime:0.015768s ]
INFO: [ view_parse ] --END-- [ RunTime:0.015959s ]
INFO: [ view_filter ] --START--
INFO: Run Behavior\WriteHtmlCacheBehavior [ RunTime:0.000775s ]
INFO: [ view_filter ] --END-- [ RunTime:0.001137s ]
INFO: [ app_end ] --START--
INFO: Run Behavior\ShowPageTraceBehavior [ RunTime:0.000972s ]
INFO: [ app_end ] --END-- [ RunTime:0.001136s ]

[ 2017-04-09T14:47:09+08:00 ] ::1 /guanwang/qwadmin/index.php/Qwadmin/Upload/uploadpic.html?Width=88&Height=31&BackCall=en_ftimg&Img=
INFO: [ app_init ] --START--
INFO: Run Behavior\BuildLiteBehavior [ RunTime:0.000078s ]
INFO: [ app_init ] --END-- [ RunTime:0.002990s ]
INFO: [ app_begin ] --START--
INFO: Run Behavior\ReadHtmlCacheBehavior [ RunTime:0.000918s ]
INFO: Run Behavior\CheckLangBehavior [ RunTime:0.001814s ]
INFO: [ app_begin ] --END-- [ RunTime:0.003145s ]
SQL: SHOW COLUMNS FROM `qw_setting` [ RunTime:0.0086s ]
SQL: SELECT `k`,`v` FROM `qw_setting`  [ RunTime:0.0004s ]
SQL: SELECT * FROM qw_auth_group g left join qw_auth_group_access a on g.id=a.group_id where a.uid=1 [ RunTime:0.0007s ]
SQL: SHOW COLUMNS FROM `qw_member` [ RunTime:0.0085s ]
SQL: SELECT * FROM `qw_member` WHERE `uid` = 1 LIMIT 1   [ RunTime:0.0004s ]
SQL: SELECT s.id,s.title,s.name,s.tips,s.pid,p.pid as ppid,p.title as ptitle FROM qw_auth_rule s left join qw_auth_rule p on p.id=s.pid where s.name='Upload/uploadpic' [ RunTime:0.0004s ]
NOTIC: [8] Undefined offset: 0 F:\wamp\www\guanwang\qwadmin\App\Qwadmin\Controller\ComController.class.php 第 48 行.
SQL: SHOW COLUMNS FROM `qw_auth_rule` [ RunTime:0.0094s ]
SQL: SELECT `id`,`title`,`pid`,`name`,`icon` FROM `qw_auth_rule` WHERE ( islink=1   ) ORDER BY o ASC  [ RunTime:0.0013s ]
NOTIC: [8] Undefined index: img F:\wamp\www\guanwang\qwadmin\App\Qwadmin\Controller\UploadController.class.php 第 60 行.
INFO: [ view_parse ] --START--
INFO: [ template_filter ] --START--
INFO: Run Behavior\ContentReplaceBehavior [ RunTime:0.000184s ]
INFO: [ template_filter ] --END-- [ RunTime:0.000589s ]
INFO: Run Behavior\ParseTemplateBehavior [ RunTime:0.022223s ]
INFO: [ view_parse ] --END-- [ RunTime:0.022503s ]
INFO: [ view_filter ] --START--
INFO: Run Behavior\WriteHtmlCacheBehavior [ RunTime:0.000492s ]
INFO: [ view_filter ] --END-- [ RunTime:0.000658s ]
INFO: [ app_end ] --START--
INFO: Run Behavior\ShowPageTraceBehavior [ RunTime:0.001138s ]
INFO: [ app_end ] --END-- [ RunTime:0.001411s ]

