[ 2017-05-04T10:59:52+08:00 ] ::1 /guanwang/qwadmin/index.php/Qwadmin/felghz/index.html
INFO: [ app_init ] --START--
INFO: Run Behavior\BuildLiteBehavior [ RunTime:0.000059s ]
INFO: [ app_init ] --END-- [ RunTime:0.001222s ]
INFO: [ app_begin ] --START--
INFO: Run Behavior\ReadHtmlCacheBehavior [ RunTime:0.000742s ]
INFO: Run Behavior\CheckLangBehavior [ RunTime:0.001321s ]
INFO: [ app_begin ] --END-- [ RunTime:0.002350s ]
SQL: SHOW COLUMNS FROM `qw_setting` [ RunTime:0.0044s ]
SQL: SELECT `k`,`v` FROM `qw_setting`  [ RunTime:0.0003s ]
SQL: SELECT * FROM qw_auth_group g left join qw_auth_group_access a on g.id=a.group_id where a.uid=6 [ RunTime:0.0007s ]
SQL: SHOW COLUMNS FROM `qw_member` [ RunTime:0.0047s ]
SQL: SELECT * FROM `qw_member` WHERE `uid` = 6 LIMIT 1   [ RunTime:0.0003s ]
SQL: SELECT s.id,s.title,s.name,s.tips,s.pid,p.pid as ppid,p.title as ptitle FROM qw_auth_rule s left join qw_auth_rule p on p.id=s.pid where s.name='Felghz/index' [ RunTime:0.0005s ]
SQL: SHOW COLUMNS FROM `qw_auth_rule` [ RunTime:0.0052s ]
SQL: SELECT `id`,`title`,`pid`,`name`,`icon` FROM `qw_auth_rule` WHERE ( islink=1   ) ORDER BY o ASC  [ RunTime:0.0007s ]
SQL: SHOW COLUMNS FROM `qw_felghz` [ RunTime:0.0048s ]
SQL: SELECT * FROM `qw_felghz` ORDER BY fghzsort asc  [ RunTime:0.0005s ]
INFO: [ view_parse ] --START--
INFO: [ template_filter ] --START--
INFO: Run Behavior\ContentReplaceBehavior [ RunTime:0.000198s ]
INFO: [ template_filter ] --END-- [ RunTime:0.000364s ]
NOTIC: [8] Undefined variable: page F:\wamp\www\guanwang\qwadmin\App\Runtime\Cache\Qwadmin\81f39cda1d501dfb33b098bbf1dc10c8.php 第 379 行.
INFO: Run Behavior\ParseTemplateBehavior [ RunTime:0.196885s ]
INFO: [ view_parse ] --END-- [ RunTime:0.197131s ]
INFO: [ view_filter ] --START--
INFO: Run Behavior\WriteHtmlCacheBehavior [ RunTime:0.000633s ]
INFO: [ view_filter ] --END-- [ RunTime:0.000809s ]
INFO: [ app_end ] --START--
INFO: Run Behavior\ShowPageTraceBehavior [ RunTime:0.000780s ]
INFO: [ app_end ] --END-- [ RunTime:0.000950s ]

[ 2017-05-04T10:59:54+08:00 ] ::1 /guanwang/qwadmin/index.php/Qwadmin/felgtype/index.html
INFO: [ app_init ] --START--
INFO: Run Behavior\BuildLiteBehavior [ RunTime:0.000049s ]
INFO: [ app_init ] --END-- [ RunTime:0.000581s ]
INFO: [ app_begin ] --START--
INFO: Run Behavior\ReadHtmlCacheBehavior [ RunTime:0.000594s ]
INFO: Run Behavior\CheckLangBehavior [ RunTime:0.001210s ]
INFO: [ app_begin ] --END-- [ RunTime:0.002122s ]
SQL: SHOW COLUMNS FROM `qw_setting` [ RunTime:0.0266s ]
SQL: SELECT `k`,`v` FROM `qw_setting`  [ RunTime:0.0003s ]
SQL: SELECT * FROM qw_auth_group g left join qw_auth_group_access a on g.id=a.group_id where a.uid=6 [ RunTime:0.0004s ]
SQL: SHOW COLUMNS FROM `qw_member` [ RunTime:0.0047s ]
SQL: SELECT * FROM `qw_member` WHERE `uid` = 6 LIMIT 1   [ RunTime:0.0004s ]
SQL: SELECT s.id,s.title,s.name,s.tips,s.pid,p.pid as ppid,p.title as ptitle FROM qw_auth_rule s left join qw_auth_rule p on p.id=s.pid where s.name='Felgtype/index' [ RunTime:0.0004s ]
SQL: SHOW COLUMNS FROM `qw_auth_rule` [ RunTime:0.0051s ]
SQL: SELECT `id`,`title`,`pid`,`name`,`icon` FROM `qw_auth_rule` WHERE ( islink=1   ) ORDER BY o ASC  [ RunTime:0.0007s ]
SQL: SHOW COLUMNS FROM `qw_felgtype` [ RunTime:0.0042s ]
SQL: SELECT * FROM `qw_felgtype` ORDER BY fgtypesort asc  [ RunTime:0.0224s ]
INFO: [ view_parse ] --START--
INFO: [ template_filter ] --START--
INFO: Run Behavior\ContentReplaceBehavior [ RunTime:0.000220s ]
INFO: [ template_filter ] --END-- [ RunTime:0.000395s ]
NOTIC: [8] Undefined variable: page F:\wamp\www\guanwang\qwadmin\App\Runtime\Cache\Qwadmin\e65a1a075a0d00e820df9d2622cc91c2.php 第 379 行.
INFO: Run Behavior\ParseTemplateBehavior [ RunTime:0.095980s ]
INFO: [ view_parse ] --END-- [ RunTime:0.096170s ]
INFO: [ view_filter ] --START--
INFO: Run Behavior\WriteHtmlCacheBehavior [ RunTime:0.000426s ]
INFO: [ view_filter ] --END-- [ RunTime:0.000580s ]
INFO: [ app_end ] --START--
INFO: Run Behavior\ShowPageTraceBehavior [ RunTime:0.000627s ]
INFO: [ app_end ] --END-- [ RunTime:0.000785s ]

[ 2017-05-04T10:59:56+08:00 ] ::1 /guanwang/qwadmin/index.php/Qwadmin/Felgproduct/index.html
INFO: [ app_init ] --START--
INFO: Run Behavior\BuildLiteBehavior [ RunTime:0.000034s ]
INFO: [ app_init ] --END-- [ RunTime:0.000513s ]
INFO: [ app_begin ] --START--
INFO: Run Behavior\ReadHtmlCacheBehavior [ RunTime:0.000754s ]
INFO: Run Behavior\CheckLangBehavior [ RunTime:0.001823s ]
INFO: [ app_begin ] --END-- [ RunTime:0.002854s ]
SQL: SHOW COLUMNS FROM `qw_setting` [ RunTime:0.0305s ]
SQL: SELECT `k`,`v` FROM `qw_setting`  [ RunTime:0.0003s ]
SQL: SELECT * FROM qw_auth_group g left join qw_auth_group_access a on g.id=a.group_id where a.uid=6 [ RunTime:0.0003s ]
SQL: SHOW COLUMNS FROM `qw_member` [ RunTime:0.0046s ]
SQL: SELECT * FROM `qw_member` WHERE `uid` = 6 LIMIT 1   [ RunTime:0.0004s ]
SQL: SELECT s.id,s.title,s.name,s.tips,s.pid,p.pid as ppid,p.title as ptitle FROM qw_auth_rule s left join qw_auth_rule p on p.id=s.pid where s.name='Felgproduct/index' [ RunTime:0.0005s ]
SQL: SHOW COLUMNS FROM `qw_auth_rule` [ RunTime:0.0041s ]
SQL: SELECT `id`,`title`,`pid`,`name`,`icon` FROM `qw_auth_rule` WHERE ( islink=1   ) ORDER BY o ASC  [ RunTime:0.0006s ]
SQL: SHOW COLUMNS FROM `qw_felgproduct` [ RunTime:0.0050s ]
NOTIC: [8] Undefined variable: map F:\wamp\www\guanwang\qwadmin\App\Qwadmin\Controller\FelgproductController.class.php 第 20 行.
SQL: SELECT COUNT(*) AS tp_count FROM `qw_felgproduct` LIMIT 1   [ RunTime:0.0005s ]
SQL: SHOW COLUMNS FROM `qw_felgproduct` [ RunTime:0.0045s ]
NOTIC: [8] Undefined variable: map F:\wamp\www\guanwang\qwadmin\App\Qwadmin\Controller\FelgproductController.class.php 第 24 行.
SQL: SELECT * FROM `qw_felgproduct` ORDER BY ftsort LIMIT 0,10   [ RunTime:0.0007s ]
INFO: [ view_parse ] --START--
INFO: [ template_filter ] --START--
INFO: Run Behavior\ContentReplaceBehavior [ RunTime:0.000243s ]
INFO: [ template_filter ] --END-- [ RunTime:0.000441s ]
INFO: Run Behavior\ParseTemplateBehavior [ RunTime:0.107363s ]
INFO: [ view_parse ] --END-- [ RunTime:0.107552s ]
INFO: [ view_filter ] --START--
INFO: Run Behavior\WriteHtmlCacheBehavior [ RunTime:0.000634s ]
INFO: [ view_filter ] --END-- [ RunTime:0.000822s ]
INFO: [ app_end ] --START--
INFO: Run Behavior\ShowPageTraceBehavior [ RunTime:0.000823s ]
INFO: [ app_end ] --END-- [ RunTime:0.001012s ]

[ 2017-05-04T11:00:02+08:00 ] ::1 /guanwang/qwadmin/index.php/Qwadmin/Felgproduct/edit.html?id=74
INFO: [ app_init ] --START--
INFO: Run Behavior\BuildLiteBehavior [ RunTime:0.000035s ]
INFO: [ app_init ] --END-- [ RunTime:0.000559s ]
INFO: [ app_begin ] --START--
INFO: Run Behavior\ReadHtmlCacheBehavior [ RunTime:0.000760s ]
INFO: Run Behavior\CheckLangBehavior [ RunTime:0.001663s ]
INFO: [ app_begin ] --END-- [ RunTime:0.002718s ]
SQL: SHOW COLUMNS FROM `qw_setting` [ RunTime:0.0210s ]
SQL: SELECT `k`,`v` FROM `qw_setting`  [ RunTime:0.0003s ]
SQL: SELECT * FROM qw_auth_group g left join qw_auth_group_access a on g.id=a.group_id where a.uid=6 [ RunTime:0.0004s ]
SQL: SHOW COLUMNS FROM `qw_member` [ RunTime:0.0039s ]
SQL: SELECT * FROM `qw_member` WHERE `uid` = 6 LIMIT 1   [ RunTime:0.0003s ]
SQL: SELECT s.id,s.title,s.name,s.tips,s.pid,p.pid as ppid,p.title as ptitle FROM qw_auth_rule s left join qw_auth_rule p on p.id=s.pid where s.name='Felgproduct/index' [ RunTime:0.0003s ]
SQL: SHOW COLUMNS FROM `qw_auth_rule` [ RunTime:0.0054s ]
SQL: SELECT `id`,`title`,`pid`,`name`,`icon` FROM `qw_auth_rule` WHERE ( islink=1   ) ORDER BY o ASC  [ RunTime:0.0009s ]
SQL: SHOW COLUMNS FROM `qw_felghz` [ RunTime:0.0042s ]
SQL: SELECT * FROM `qw_felghz` ORDER BY fghzsort asc  [ RunTime:0.0003s ]
SQL: SHOW COLUMNS FROM `qw_felgtype` [ RunTime:0.0041s ]
SQL: SELECT * FROM `qw_felgtype` ORDER BY fgtypesort asc  [ RunTime:0.0003s ]
SQL: SHOW COLUMNS FROM `qw_felgproduct` [ RunTime:0.0045s ]
SQL: SELECT * FROM `qw_felgproduct` WHERE ( id=74 ) LIMIT 1   [ RunTime:0.0004s ]
INFO: [ view_parse ] --START--
INFO: [ template_filter ] --START--
INFO: Run Behavior\ContentReplaceBehavior [ RunTime:0.000271s ]
INFO: [ template_filter ] --END-- [ RunTime:0.000574s ]
INFO: Run Behavior\ParseTemplateBehavior [ RunTime:0.125227s ]
INFO: [ view_parse ] --END-- [ RunTime:0.125433s ]
INFO: [ view_filter ] --START--
INFO: Run Behavior\WriteHtmlCacheBehavior [ RunTime:0.000401s ]
INFO: [ view_filter ] --END-- [ RunTime:0.000558s ]
INFO: [ app_end ] --START--
INFO: Run Behavior\ShowPageTraceBehavior [ RunTime:0.000631s ]
INFO: [ app_end ] --END-- [ RunTime:0.000806s ]

[ 2017-05-04T11:00:02+08:00 ] ::1 /guanwang/qwadmin/index.php/Qwadmin/Upload/uploadpic.html?Width=88&Height=31&BackCall=cn_ftimg&Img=/Public/attached/201704/1492491841.jpg
INFO: [ app_init ] --START--
INFO: Run Behavior\BuildLiteBehavior [ RunTime:0.000040s ]
INFO: [ app_init ] --END-- [ RunTime:0.000558s ]
INFO: [ app_begin ] --START--
INFO: Run Behavior\ReadHtmlCacheBehavior [ RunTime:0.000637s ]
INFO: Run Behavior\CheckLangBehavior [ RunTime:0.001222s ]
INFO: [ app_begin ] --END-- [ RunTime:0.002103s ]
SQL: SHOW COLUMNS FROM `qw_setting` [ RunTime:0.0314s ]
SQL: SELECT `k`,`v` FROM `qw_setting`  [ RunTime:0.0003s ]
SQL: SELECT * FROM qw_auth_group g left join qw_auth_group_access a on g.id=a.group_id where a.uid=6 [ RunTime:0.0006s ]
SQL: SHOW COLUMNS FROM `qw_member` [ RunTime:0.0079s ]
SQL: SELECT * FROM `qw_member` WHERE `uid` = 6 LIMIT 1   [ RunTime:0.0006s ]
SQL: SELECT s.id,s.title,s.name,s.tips,s.pid,p.pid as ppid,p.title as ptitle FROM qw_auth_rule s left join qw_auth_rule p on p.id=s.pid where s.name='Upload/uploadpic' [ RunTime:0.0006s ]
NOTIC: [8] Undefined offset: 0 F:\wamp\www\guanwang\qwadmin\App\Qwadmin\Controller\ComController.class.php 第 48 行.
SQL: SHOW COLUMNS FROM `qw_auth_rule` [ RunTime:0.0072s ]
SQL: SELECT `id`,`title`,`pid`,`name`,`icon` FROM `qw_auth_rule` WHERE ( islink=1   ) ORDER BY o ASC  [ RunTime:0.0011s ]
NOTIC: [8] Undefined index: img F:\wamp\www\guanwang\qwadmin\App\Qwadmin\Controller\UploadController.class.php 第 60 行.
INFO: [ view_parse ] --START--
INFO: [ template_filter ] --START--
INFO: Run Behavior\ContentReplaceBehavior [ RunTime:0.000118s ]
INFO: [ template_filter ] --END-- [ RunTime:0.000389s ]
INFO: Run Behavior\ParseTemplateBehavior [ RunTime:0.109723s ]
INFO: [ view_parse ] --END-- [ RunTime:0.110052s ]
INFO: [ view_filter ] --START--
INFO: Run Behavior\WriteHtmlCacheBehavior [ RunTime:0.000414s ]
INFO: [ view_filter ] --END-- [ RunTime:0.000574s ]
INFO: [ app_end ] --START--
INFO: Run Behavior\ShowPageTraceBehavior [ RunTime:0.000681s ]
INFO: [ app_end ] --END-- [ RunTime:0.000845s ]

[ 2017-05-04T11:00:03+08:00 ] ::1 /guanwang/qwadmin/index.php/Qwadmin/Upload/uploadpic.html?Width=88&Height=31&BackCall=en_ftimg&Img=/Public/attached/201704/1492491850.jpg
INFO: [ app_init ] --START--
INFO: Run Behavior\BuildLiteBehavior [ RunTime:0.000040s ]
INFO: [ app_init ] --END-- [ RunTime:0.000626s ]
INFO: [ app_begin ] --START--
INFO: Run Behavior\ReadHtmlCacheBehavior [ RunTime:0.000830s ]
INFO: Run Behavior\CheckLangBehavior [ RunTime:0.001403s ]
INFO: [ app_begin ] --END-- [ RunTime:0.002535s ]
SQL: SHOW COLUMNS FROM `qw_setting` [ RunTime:0.0048s ]
SQL: SELECT `k`,`v` FROM `qw_setting`  [ RunTime:0.0004s ]
SQL: SELECT * FROM qw_auth_group g left join qw_auth_group_access a on g.id=a.group_id where a.uid=6 [ RunTime:0.0005s ]
SQL: SHOW COLUMNS FROM `qw_member` [ RunTime:0.0056s ]
SQL: SELECT * FROM `qw_member` WHERE `uid` = 6 LIMIT 1   [ RunTime:0.0004s ]
SQL: SELECT s.id,s.title,s.name,s.tips,s.pid,p.pid as ppid,p.title as ptitle FROM qw_auth_rule s left join qw_auth_rule p on p.id=s.pid where s.name='Upload/uploadpic' [ RunTime:0.0004s ]
NOTIC: [8] Undefined offset: 0 F:\wamp\www\guanwang\qwadmin\App\Qwadmin\Controller\ComController.class.php 第 48 行.
SQL: SHOW COLUMNS FROM `qw_auth_rule` [ RunTime:0.0064s ]
SQL: SELECT `id`,`title`,`pid`,`name`,`icon` FROM `qw_auth_rule` WHERE ( islink=1   ) ORDER BY o ASC  [ RunTime:0.0011s ]
NOTIC: [8] Undefined index: img F:\wamp\www\guanwang\qwadmin\App\Qwadmin\Controller\UploadController.class.php 第 60 行.
INFO: [ view_parse ] --START--
INFO: [ template_filter ] --START--
INFO: Run Behavior\ContentReplaceBehavior [ RunTime:0.000178s ]
INFO: [ template_filter ] --END-- [ RunTime:0.000537s ]
INFO: Run Behavior\ParseTemplateBehavior [ RunTime:0.015835s ]
INFO: [ view_parse ] --END-- [ RunTime:0.016106s ]
INFO: [ view_filter ] --START--
INFO: Run Behavior\WriteHtmlCacheBehavior [ RunTime:0.000790s ]
INFO: [ view_filter ] --END-- [ RunTime:0.001096s ]
INFO: [ app_end ] --START--
INFO: Run Behavior\ShowPageTraceBehavior [ RunTime:0.001271s ]
INFO: [ app_end ] --END-- [ RunTime:0.001593s ]

[ 2017-05-04T11:16:38+08:00 ] ::1 /guanwang/qwadmin/index.php/Qwadmin/felghz/index.html
INFO: [ app_init ] --START--
INFO: Run Behavior\BuildLiteBehavior [ RunTime:0.000041s ]
INFO: [ app_init ] --END-- [ RunTime:0.000689s ]
INFO: [ app_begin ] --START--
INFO: Run Behavior\ReadHtmlCacheBehavior [ RunTime:0.000837s ]
INFO: Run Behavior\CheckLangBehavior [ RunTime:0.001364s ]
INFO: [ app_begin ] --END-- [ RunTime:0.002480s ]
SQL: SHOW COLUMNS FROM `qw_setting` [ RunTime:0.0599s ]
SQL: SELECT `k`,`v` FROM `qw_setting`  [ RunTime:0.0004s ]
SQL: SELECT * FROM qw_auth_group g left join qw_auth_group_access a on g.id=a.group_id where a.uid=6 [ RunTime:0.0007s ]
SQL: SHOW COLUMNS FROM `qw_member` [ RunTime:0.0050s ]
SQL: SELECT * FROM `qw_member` WHERE `uid` = 6 LIMIT 1   [ RunTime:0.0004s ]
SQL: SELECT s.id,s.title,s.name,s.tips,s.pid,p.pid as ppid,p.title as ptitle FROM qw_auth_rule s left join qw_auth_rule p on p.id=s.pid where s.name='Felghz/index' [ RunTime:0.0005s ]
SQL: SHOW COLUMNS FROM `qw_auth_rule` [ RunTime:0.0049s ]
SQL: SELECT `id`,`title`,`pid`,`name`,`icon` FROM `qw_auth_rule` WHERE ( islink=1   ) ORDER BY o ASC  [ RunTime:0.0007s ]
SQL: SHOW COLUMNS FROM `qw_felghz` [ RunTime:0.0047s ]
SQL: SELECT * FROM `qw_felghz` ORDER BY fghzsort asc  [ RunTime:0.0007s ]
INFO: [ view_parse ] --START--
INFO: [ template_filter ] --START--
INFO: Run Behavior\ContentReplaceBehavior [ RunTime:0.000241s ]
INFO: [ template_filter ] --END-- [ RunTime:0.000451s ]
NOTIC: [8] Undefined variable: page F:\wamp\www\guanwang\qwadmin\App\Runtime\Cache\Qwadmin\81f39cda1d501dfb33b098bbf1dc10c8.php 第 379 行.
INFO: Run Behavior\ParseTemplateBehavior [ RunTime:0.060934s ]
INFO: [ view_parse ] --END-- [ RunTime:0.061107s ]
INFO: [ view_filter ] --START--
INFO: Run Behavior\WriteHtmlCacheBehavior [ RunTime:0.000751s ]
INFO: [ view_filter ] --END-- [ RunTime:0.000922s ]
INFO: [ app_end ] --START--
INFO: Run Behavior\ShowPageTraceBehavior [ RunTime:0.000888s ]
INFO: [ app_end ] --END-- [ RunTime:0.001117s ]

[ 2017-05-04T11:16:43+08:00 ] ::1 /guanwang/qwadmin/index.php/Qwadmin/felgtype/index.html
INFO: [ app_init ] --START--
INFO: Run Behavior\BuildLiteBehavior [ RunTime:0.000072s ]
INFO: [ app_init ] --END-- [ RunTime:0.000748s ]
INFO: [ app_begin ] --START--
INFO: Run Behavior\ReadHtmlCacheBehavior [ RunTime:0.000681s ]
INFO: Run Behavior\CheckLangBehavior [ RunTime:0.001277s ]
INFO: [ app_begin ] --END-- [ RunTime:0.002235s ]
SQL: SHOW COLUMNS FROM `qw_setting` [ RunTime:0.0045s ]
SQL: SELECT `k`,`v` FROM `qw_setting`  [ RunTime:0.0004s ]
SQL: SELECT * FROM qw_auth_group g left join qw_auth_group_access a on g.id=a.group_id where a.uid=6 [ RunTime:0.0004s ]
SQL: SHOW COLUMNS FROM `qw_member` [ RunTime:0.0054s ]
SQL: SELECT * FROM `qw_member` WHERE `uid` = 6 LIMIT 1   [ RunTime:0.0003s ]
SQL: SELECT s.id,s.title,s.name,s.tips,s.pid,p.pid as ppid,p.title as ptitle FROM qw_auth_rule s left join qw_auth_rule p on p.id=s.pid where s.name='Felgtype/index' [ RunTime:0.0004s ]
SQL: SHOW COLUMNS FROM `qw_auth_rule` [ RunTime:0.0047s ]
SQL: SELECT `id`,`title`,`pid`,`name`,`icon` FROM `qw_auth_rule` WHERE ( islink=1   ) ORDER BY o ASC  [ RunTime:0.0007s ]
SQL: SHOW COLUMNS FROM `qw_felgtype` [ RunTime:0.0048s ]
SQL: SELECT * FROM `qw_felgtype` ORDER BY fgtypesort asc  [ RunTime:0.0004s ]
INFO: [ view_parse ] --START--
INFO: [ template_filter ] --START--
INFO: Run Behavior\ContentReplaceBehavior [ RunTime:0.000201s ]
INFO: [ template_filter ] --END-- [ RunTime:0.000374s ]
NOTIC: [8] Undefined variable: page F:\wamp\www\guanwang\qwadmin\App\Runtime\Cache\Qwadmin\e65a1a075a0d00e820df9d2622cc91c2.php 第 379 行.
INFO: Run Behavior\ParseTemplateBehavior [ RunTime:0.045902s ]
INFO: [ view_parse ] --END-- [ RunTime:0.046068s ]
INFO: [ view_filter ] --START--
INFO: Run Behavior\WriteHtmlCacheBehavior [ RunTime:0.000410s ]
INFO: [ view_filter ] --END-- [ RunTime:0.000608s ]
INFO: [ app_end ] --START--
INFO: Run Behavior\ShowPageTraceBehavior [ RunTime:0.000639s ]
INFO: [ app_end ] --END-- [ RunTime:0.000786s ]

[ 2017-05-04T11:16:44+08:00 ] ::1 /guanwang/qwadmin/index.php/Qwadmin/felghz/index.html
INFO: [ app_init ] --START--
INFO: Run Behavior\BuildLiteBehavior [ RunTime:0.000039s ]
INFO: [ app_init ] --END-- [ RunTime:0.000564s ]
INFO: [ app_begin ] --START--
INFO: Run Behavior\ReadHtmlCacheBehavior [ RunTime:0.000685s ]
INFO: Run Behavior\CheckLangBehavior [ RunTime:0.001253s ]
INFO: [ app_begin ] --END-- [ RunTime:0.002194s ]
SQL: SHOW COLUMNS FROM `qw_setting` [ RunTime:0.0052s ]
SQL: SELECT `k`,`v` FROM `qw_setting`  [ RunTime:0.0003s ]
SQL: SELECT * FROM qw_auth_group g left join qw_auth_group_access a on g.id=a.group_id where a.uid=6 [ RunTime:0.0003s ]
SQL: SHOW COLUMNS FROM `qw_member` [ RunTime:0.0045s ]
SQL: SELECT * FROM `qw_member` WHERE `uid` = 6 LIMIT 1   [ RunTime:0.0003s ]
SQL: SELECT s.id,s.title,s.name,s.tips,s.pid,p.pid as ppid,p.title as ptitle FROM qw_auth_rule s left join qw_auth_rule p on p.id=s.pid where s.name='Felghz/index' [ RunTime:0.0005s ]
SQL: SHOW COLUMNS FROM `qw_auth_rule` [ RunTime:0.0049s ]
SQL: SELECT `id`,`title`,`pid`,`name`,`icon` FROM `qw_auth_rule` WHERE ( islink=1   ) ORDER BY o ASC  [ RunTime:0.0006s ]
SQL: SHOW COLUMNS FROM `qw_felghz` [ RunTime:0.0052s ]
SQL: SELECT * FROM `qw_felghz` ORDER BY fghzsort asc  [ RunTime:0.0004s ]
INFO: [ view_parse ] --START--
INFO: [ template_filter ] --START--
INFO: Run Behavior\ContentReplaceBehavior [ RunTime:0.000222s ]
INFO: [ template_filter ] --END-- [ RunTime:0.000407s ]
NOTIC: [8] Undefined variable: page F:\wamp\www\guanwang\qwadmin\App\Runtime\Cache\Qwadmin\81f39cda1d501dfb33b098bbf1dc10c8.php 第 379 行.
INFO: Run Behavior\ParseTemplateBehavior [ RunTime:0.044999s ]
INFO: [ view_parse ] --END-- [ RunTime:0.045160s ]
INFO: [ view_filter ] --START--
INFO: Run Behavior\WriteHtmlCacheBehavior [ RunTime:0.000391s ]
INFO: [ view_filter ] --END-- [ RunTime:0.000534s ]
INFO: [ app_end ] --START--
INFO: Run Behavior\ShowPageTraceBehavior [ RunTime:0.000609s ]
INFO: [ app_end ] --END-- [ RunTime:0.000754s ]

[ 2017-05-04T11:17:04+08:00 ] ::1 /guanwang/qwadmin/index.php/Qwadmin/felgtype/index.html
INFO: [ app_init ] --START--
INFO: Run Behavior\BuildLiteBehavior [ RunTime:0.000039s ]
INFO: [ app_init ] --END-- [ RunTime:0.000623s ]
INFO: [ app_begin ] --START--
INFO: Run Behavior\ReadHtmlCacheBehavior [ RunTime:0.000879s ]
INFO: Run Behavior\CheckLangBehavior [ RunTime:0.001609s ]
INFO: [ app_begin ] --END-- [ RunTime:0.002818s ]
SQL: SHOW COLUMNS FROM `qw_setting` [ RunTime:0.0070s ]
SQL: SELECT `k`,`v` FROM `qw_setting`  [ RunTime:0.0004s ]
SQL: SELECT * FROM qw_auth_group g left join qw_auth_group_access a on g.id=a.group_id where a.uid=6 [ RunTime:0.0004s ]
SQL: SHOW COLUMNS FROM `qw_member` [ RunTime:0.0062s ]
SQL: SELECT * FROM `qw_member` WHERE `uid` = 6 LIMIT 1   [ RunTime:0.0004s ]
SQL: SELECT s.id,s.title,s.name,s.tips,s.pid,p.pid as ppid,p.title as ptitle FROM qw_auth_rule s left join qw_auth_rule p on p.id=s.pid where s.name='Felgtype/index' [ RunTime:0.0004s ]
SQL: SHOW COLUMNS FROM `qw_auth_rule` [ RunTime:0.0059s ]
SQL: SELECT `id`,`title`,`pid`,`name`,`icon` FROM `qw_auth_rule` WHERE ( islink=1   ) ORDER BY o ASC  [ RunTime:0.0008s ]
SQL: SHOW COLUMNS FROM `qw_felgtype` [ RunTime:0.0044s ]
SQL: SELECT * FROM `qw_felgtype` ORDER BY fgtypesort asc  [ RunTime:0.0003s ]
INFO: [ view_parse ] --START--
INFO: [ template_filter ] --START--
INFO: Run Behavior\ContentReplaceBehavior [ RunTime:0.000224s ]
INFO: [ template_filter ] --END-- [ RunTime:0.000409s ]
NOTIC: [8] Undefined variable: page F:\wamp\www\guanwang\qwadmin\App\Runtime\Cache\Qwadmin\e65a1a075a0d00e820df9d2622cc91c2.php 第 379 行.
INFO: Run Behavior\ParseTemplateBehavior [ RunTime:0.048624s ]
INFO: [ view_parse ] --END-- [ RunTime:0.048787s ]
INFO: [ view_filter ] --START--
INFO: Run Behavior\WriteHtmlCacheBehavior [ RunTime:0.000401s ]
INFO: [ view_filter ] --END-- [ RunTime:0.000546s ]
INFO: [ app_end ] --START--
INFO: Run Behavior\ShowPageTraceBehavior [ RunTime:0.000609s ]
INFO: [ app_end ] --END-- [ RunTime:0.000755s ]

[ 2017-05-04T11:17:08+08:00 ] ::1 /guanwang/qwadmin/index.php/Qwadmin/Felgtype/add.html
INFO: [ app_init ] --START--
INFO: Run Behavior\BuildLiteBehavior [ RunTime:0.000043s ]
INFO: [ app_init ] --END-- [ RunTime:0.000956s ]
INFO: [ app_begin ] --START--
INFO: Run Behavior\ReadHtmlCacheBehavior [ RunTime:0.000635s ]
INFO: Run Behavior\CheckLangBehavior [ RunTime:0.001221s ]
INFO: [ app_begin ] --END-- [ RunTime:0.002104s ]
SQL: SHOW COLUMNS FROM `qw_setting` [ RunTime:0.0827s ]
SQL: SELECT `k`,`v` FROM `qw_setting`  [ RunTime:0.0003s ]
SQL: SELECT * FROM qw_auth_group g left join qw_auth_group_access a on g.id=a.group_id where a.uid=6 [ RunTime:0.0003s ]
SQL: SHOW COLUMNS FROM `qw_member` [ RunTime:0.0049s ]
SQL: SELECT * FROM `qw_member` WHERE `uid` = 6 LIMIT 1   [ RunTime:0.0003s ]
SQL: SELECT s.id,s.title,s.name,s.tips,s.pid,p.pid as ppid,p.title as ptitle FROM qw_auth_rule s left join qw_auth_rule p on p.id=s.pid where s.name='Felgtype/add' [ RunTime:0.0003s ]
NOTIC: [8] Undefined offset: 0 F:\wamp\www\guanwang\qwadmin\App\Qwadmin\Controller\ComController.class.php 第 48 行.
SQL: SHOW COLUMNS FROM `qw_auth_rule` [ RunTime:0.0061s ]
SQL: SELECT `id`,`title`,`pid`,`name`,`icon` FROM `qw_auth_rule` WHERE ( islink=1   ) ORDER BY o ASC  [ RunTime:0.0007s ]
INFO: [ view_parse ] --START--
INFO: [ template_filter ] --START--
INFO: Run Behavior\ContentReplaceBehavior [ RunTime:0.000186s ]
INFO: [ template_filter ] --END-- [ RunTime:0.000358s ]
INFO: Run Behavior\ParseTemplateBehavior [ RunTime:0.072017s ]
INFO: [ view_parse ] --END-- [ RunTime:0.072325s ]
INFO: [ view_filter ] --START--
INFO: Run Behavior\WriteHtmlCacheBehavior [ RunTime:0.000480s ]
INFO: [ view_filter ] --END-- [ RunTime:0.000653s ]
INFO: [ app_end ] --START--
INFO: Run Behavior\ShowPageTraceBehavior [ RunTime:0.000739s ]
INFO: [ app_end ] --END-- [ RunTime:0.000905s ]

[ 2017-05-04T11:17:15+08:00 ] ::1 /guanwang/qwadmin/index.php/Qwadmin/felghz/index.html
INFO: [ app_init ] --START--
INFO: Run Behavior\BuildLiteBehavior [ RunTime:0.000036s ]
INFO: [ app_init ] --END-- [ RunTime:0.000502s ]
INFO: [ app_begin ] --START--
INFO: Run Behavior\ReadHtmlCacheBehavior [ RunTime:0.000675s ]
INFO: Run Behavior\CheckLangBehavior [ RunTime:0.001294s ]
INFO: [ app_begin ] --END-- [ RunTime:0.002248s ]
SQL: SHOW COLUMNS FROM `qw_setting` [ RunTime:0.0047s ]
SQL: SELECT `k`,`v` FROM `qw_setting`  [ RunTime:0.0003s ]
SQL: SELECT * FROM qw_auth_group g left join qw_auth_group_access a on g.id=a.group_id where a.uid=6 [ RunTime:0.0004s ]
SQL: SHOW COLUMNS FROM `qw_member` [ RunTime:0.0055s ]
SQL: SELECT * FROM `qw_member` WHERE `uid` = 6 LIMIT 1   [ RunTime:0.0003s ]
SQL: SELECT s.id,s.title,s.name,s.tips,s.pid,p.pid as ppid,p.title as ptitle FROM qw_auth_rule s left join qw_auth_rule p on p.id=s.pid where s.name='Felghz/index' [ RunTime:0.0004s ]
SQL: SHOW COLUMNS FROM `qw_auth_rule` [ RunTime:0.0052s ]
SQL: SELECT `id`,`title`,`pid`,`name`,`icon` FROM `qw_auth_rule` WHERE ( islink=1   ) ORDER BY o ASC  [ RunTime:0.0007s ]
SQL: SHOW COLUMNS FROM `qw_felghz` [ RunTime:0.0050s ]
SQL: SELECT * FROM `qw_felghz` ORDER BY fghzsort asc  [ RunTime:0.0004s ]
INFO: [ view_parse ] --START--
INFO: [ template_filter ] --START--
INFO: Run Behavior\ContentReplaceBehavior [ RunTime:0.000203s ]
INFO: [ template_filter ] --END-- [ RunTime:0.000377s ]
NOTIC: [8] Undefined variable: page F:\wamp\www\guanwang\qwadmin\App\Runtime\Cache\Qwadmin\81f39cda1d501dfb33b098bbf1dc10c8.php 第 379 行.
INFO: Run Behavior\ParseTemplateBehavior [ RunTime:0.047923s ]
INFO: [ view_parse ] --END-- [ RunTime:0.048109s ]
INFO: [ view_filter ] --START--
INFO: Run Behavior\WriteHtmlCacheBehavior [ RunTime:0.000441s ]
INFO: [ view_filter ] --END-- [ RunTime:0.000665s ]
INFO: [ app_end ] --START--
INFO: Run Behavior\ShowPageTraceBehavior [ RunTime:0.001615s ]
INFO: [ app_end ] --END-- [ RunTime:0.001932s ]

[ 2017-05-04T11:17:17+08:00 ] ::1 /guanwang/qwadmin/index.php/Qwadmin/felgtype/index.html
INFO: [ app_init ] --START--
INFO: Run Behavior\BuildLiteBehavior [ RunTime:0.000081s ]
INFO: [ app_init ] --END-- [ RunTime:0.000632s ]
INFO: [ app_begin ] --START--
INFO: Run Behavior\ReadHtmlCacheBehavior [ RunTime:0.000597s ]
INFO: Run Behavior\CheckLangBehavior [ RunTime:0.001894s ]
INFO: [ app_begin ] --END-- [ RunTime:0.002860s ]
SQL: SHOW COLUMNS FROM `qw_setting` [ RunTime:0.1357s ]
SQL: SELECT `k`,`v` FROM `qw_setting`  [ RunTime:0.0003s ]
SQL: SELECT * FROM qw_auth_group g left join qw_auth_group_access a on g.id=a.group_id where a.uid=6 [ RunTime:0.0003s ]
SQL: SHOW COLUMNS FROM `qw_member` [ RunTime:0.0049s ]
SQL: SELECT * FROM `qw_member` WHERE `uid` = 6 LIMIT 1   [ RunTime:0.0004s ]
SQL: SELECT s.id,s.title,s.name,s.tips,s.pid,p.pid as ppid,p.title as ptitle FROM qw_auth_rule s left join qw_auth_rule p on p.id=s.pid where s.name='Felgtype/index' [ RunTime:0.0003s ]
SQL: SHOW COLUMNS FROM `qw_auth_rule` [ RunTime:0.0056s ]
SQL: SELECT `id`,`title`,`pid`,`name`,`icon` FROM `qw_auth_rule` WHERE ( islink=1   ) ORDER BY o ASC  [ RunTime:0.0006s ]
SQL: SHOW COLUMNS FROM `qw_felgtype` [ RunTime:0.0045s ]
SQL: SELECT * FROM `qw_felgtype` ORDER BY fgtypesort asc  [ RunTime:0.0004s ]
INFO: [ view_parse ] --START--
INFO: [ template_filter ] --START--
INFO: Run Behavior\ContentReplaceBehavior [ RunTime:0.000328s ]
INFO: [ template_filter ] --END-- [ RunTime:0.000645s ]
NOTIC: [8] Undefined variable: page F:\wamp\www\guanwang\qwadmin\App\Runtime\Cache\Qwadmin\e65a1a075a0d00e820df9d2622cc91c2.php 第 379 行.
INFO: Run Behavior\ParseTemplateBehavior [ RunTime:0.053603s ]
INFO: [ view_parse ] --END-- [ RunTime:0.053801s ]
INFO: [ view_filter ] --START--
INFO: Run Behavior\WriteHtmlCacheBehavior [ RunTime:0.000547s ]
INFO: [ view_filter ] --END-- [ RunTime:0.000717s ]
INFO: [ app_end ] --START--
INFO: Run Behavior\ShowPageTraceBehavior [ RunTime:0.000633s ]
INFO: [ app_end ] --END-- [ RunTime:0.000781s ]

[ 2017-05-04T11:17:19+08:00 ] ::1 /guanwang/qwadmin/index.php/Qwadmin/Felgtype/add.html
INFO: [ app_init ] --START--
INFO: Run Behavior\BuildLiteBehavior [ RunTime:0.000039s ]
INFO: [ app_init ] --END-- [ RunTime:0.000583s ]
INFO: [ app_begin ] --START--
INFO: Run Behavior\ReadHtmlCacheBehavior [ RunTime:0.000658s ]
INFO: Run Behavior\CheckLangBehavior [ RunTime:0.001791s ]
INFO: [ app_begin ] --END-- [ RunTime:0.002793s ]
SQL: SHOW COLUMNS FROM `qw_setting` [ RunTime:0.0055s ]
SQL: SELECT `k`,`v` FROM `qw_setting`  [ RunTime:0.0003s ]
SQL: SELECT * FROM qw_auth_group g left join qw_auth_group_access a on g.id=a.group_id where a.uid=6 [ RunTime:0.0004s ]
SQL: SHOW COLUMNS FROM `qw_member` [ RunTime:0.0048s ]
SQL: SELECT * FROM `qw_member` WHERE `uid` = 6 LIMIT 1   [ RunTime:0.0003s ]
SQL: SELECT s.id,s.title,s.name,s.tips,s.pid,p.pid as ppid,p.title as ptitle FROM qw_auth_rule s left join qw_auth_rule p on p.id=s.pid where s.name='Felgtype/add' [ RunTime:0.0003s ]
NOTIC: [8] Undefined offset: 0 F:\wamp\www\guanwang\qwadmin\App\Qwadmin\Controller\ComController.class.php 第 48 行.
SQL: SHOW COLUMNS FROM `qw_auth_rule` [ RunTime:0.0052s ]
SQL: SELECT `id`,`title`,`pid`,`name`,`icon` FROM `qw_auth_rule` WHERE ( islink=1   ) ORDER BY o ASC  [ RunTime:0.0008s ]
INFO: [ view_parse ] --START--
INFO: [ template_filter ] --START--
INFO: Run Behavior\ContentReplaceBehavior [ RunTime:0.000200s ]
INFO: [ template_filter ] --END-- [ RunTime:0.000384s ]
INFO: Run Behavior\ParseTemplateBehavior [ RunTime:0.051791s ]
INFO: [ view_parse ] --END-- [ RunTime:0.052026s ]
INFO: [ view_filter ] --START--
INFO: Run Behavior\WriteHtmlCacheBehavior [ RunTime:0.001040s ]
INFO: [ view_filter ] --END-- [ RunTime:0.001392s ]
INFO: [ app_end ] --START--
INFO: Run Behavior\ShowPageTraceBehavior [ RunTime:0.000709s ]
INFO: [ app_end ] --END-- [ RunTime:0.000868s ]

[ 2017-05-04T11:17:24+08:00 ] ::1 /guanwang/qwadmin/index.php/Qwadmin/Felgproduct/index.html
INFO: [ app_init ] --START--
INFO: Run Behavior\BuildLiteBehavior [ RunTime:0.000040s ]
INFO: [ app_init ] --END-- [ RunTime:0.000681s ]
INFO: [ app_begin ] --START--
INFO: Run Behavior\ReadHtmlCacheBehavior [ RunTime:0.001025s ]
INFO: Run Behavior\CheckLangBehavior [ RunTime:0.002772s ]
INFO: [ app_begin ] --END-- [ RunTime:0.004278s ]
SQL: SHOW COLUMNS FROM `qw_setting` [ RunTime:0.0055s ]
SQL: SELECT `k`,`v` FROM `qw_setting`  [ RunTime:0.0006s ]
SQL: SELECT * FROM qw_auth_group g left join qw_auth_group_access a on g.id=a.group_id where a.uid=6 [ RunTime:0.0005s ]
SQL: SHOW COLUMNS FROM `qw_member` [ RunTime:0.0062s ]
SQL: SELECT * FROM `qw_member` WHERE `uid` = 6 LIMIT 1   [ RunTime:0.0004s ]
SQL: SELECT s.id,s.title,s.name,s.tips,s.pid,p.pid as ppid,p.title as ptitle FROM qw_auth_rule s left join qw_auth_rule p on p.id=s.pid where s.name='Felgproduct/index' [ RunTime:0.0004s ]
SQL: SHOW COLUMNS FROM `qw_auth_rule` [ RunTime:0.0044s ]
SQL: SELECT `id`,`title`,`pid`,`name`,`icon` FROM `qw_auth_rule` WHERE ( islink=1   ) ORDER BY o ASC  [ RunTime:0.0007s ]
SQL: SHOW COLUMNS FROM `qw_felgproduct` [ RunTime:0.0055s ]
NOTIC: [8] Undefined variable: map F:\wamp\www\guanwang\qwadmin\App\Qwadmin\Controller\FelgproductController.class.php 第 20 行.
SQL: SELECT COUNT(*) AS tp_count FROM `qw_felgproduct` LIMIT 1   [ RunTime:0.0008s ]
SQL: SHOW COLUMNS FROM `qw_felgproduct` [ RunTime:0.0056s ]
NOTIC: [8] Undefined variable: map F:\wamp\www\guanwang\qwadmin\App\Qwadmin\Controller\FelgproductController.class.php 第 24 行.
SQL: SELECT * FROM `qw_felgproduct` ORDER BY ftsort LIMIT 0,10   [ RunTime:0.0010s ]
INFO: [ view_parse ] --START--
INFO: [ template_filter ] --START--
INFO: Run Behavior\ContentReplaceBehavior [ RunTime:0.000194s ]
INFO: [ template_filter ] --END-- [ RunTime:0.000357s ]
INFO: Run Behavior\ParseTemplateBehavior [ RunTime:0.058075s ]
INFO: [ view_parse ] --END-- [ RunTime:0.058268s ]
INFO: [ view_filter ] --START--
INFO: Run Behavior\WriteHtmlCacheBehavior [ RunTime:0.000896s ]
INFO: [ view_filter ] --END-- [ RunTime:0.001167s ]
INFO: [ app_end ] --START--
INFO: Run Behavior\ShowPageTraceBehavior [ RunTime:0.001136s ]
INFO: [ app_end ] --END-- [ RunTime:0.001432s ]

[ 2017-05-04T11:17:28+08:00 ] ::1 /guanwang/qwadmin/index.php/Qwadmin/Felgproduct/add.html
INFO: [ app_init ] --START--
INFO: Run Behavior\BuildLiteBehavior [ RunTime:0.000034s ]
INFO: [ app_init ] --END-- [ RunTime:0.000502s ]
INFO: [ app_begin ] --START--
INFO: Run Behavior\ReadHtmlCacheBehavior [ RunTime:0.000588s ]
INFO: Run Behavior\CheckLangBehavior [ RunTime:0.001226s ]
INFO: [ app_begin ] --END-- [ RunTime:0.002068s ]
SQL: SHOW COLUMNS FROM `qw_setting` [ RunTime:0.0051s ]
SQL: SELECT `k`,`v` FROM `qw_setting`  [ RunTime:0.0003s ]
SQL: SELECT * FROM qw_auth_group g left join qw_auth_group_access a on g.id=a.group_id where a.uid=6 [ RunTime:0.0004s ]
SQL: SHOW COLUMNS FROM `qw_member` [ RunTime:0.0045s ]
SQL: SELECT * FROM `qw_member` WHERE `uid` = 6 LIMIT 1   [ RunTime:0.0003s ]
SQL: SELECT s.id,s.title,s.name,s.tips,s.pid,p.pid as ppid,p.title as ptitle FROM qw_auth_rule s left join qw_auth_rule p on p.id=s.pid where s.name='Felgproduct/add' [ RunTime:0.0003s ]
NOTIC: [8] Undefined offset: 0 F:\wamp\www\guanwang\qwadmin\App\Qwadmin\Controller\ComController.class.php 第 48 行.
SQL: SHOW COLUMNS FROM `qw_auth_rule` [ RunTime:0.0050s ]
SQL: SELECT `id`,`title`,`pid`,`name`,`icon` FROM `qw_auth_rule` WHERE ( islink=1   ) ORDER BY o ASC  [ RunTime:0.0007s ]
SQL: SHOW COLUMNS FROM `qw_felghz` [ RunTime:0.0049s ]
SQL: SELECT * FROM `qw_felghz` ORDER BY fghzsort asc  [ RunTime:0.0003s ]
SQL: SHOW COLUMNS FROM `qw_felgtype` [ RunTime:0.0043s ]
SQL: SELECT * FROM `qw_felgtype` ORDER BY fgtypesort asc  [ RunTime:0.0003s ]
INFO: [ view_parse ] --START--
INFO: [ template_filter ] --START--
INFO: Run Behavior\ContentReplaceBehavior [ RunTime:0.000451s ]
INFO: [ template_filter ] --END-- [ RunTime:0.000706s ]
NOTIC: [8] Undefined variable: article F:\wamp\www\guanwang\qwadmin\App\Runtime\Cache\Qwadmin\b147439e5f24c2723c86af35d1c5aff7.php 第 527 行.
INFO: Run Behavior\ParseTemplateBehavior [ RunTime:0.220486s ]
INFO: [ view_parse ] --END-- [ RunTime:0.220651s ]
INFO: [ view_filter ] --START--
INFO: Run Behavior\WriteHtmlCacheBehavior [ RunTime:0.000382s ]
INFO: [ view_filter ] --END-- [ RunTime:0.000527s ]
INFO: [ app_end ] --START--
INFO: Run Behavior\ShowPageTraceBehavior [ RunTime:0.000592s ]
INFO: [ app_end ] --END-- [ RunTime:0.000768s ]

[ 2017-05-04T11:17:28+08:00 ] ::1 /guanwang/qwadmin/index.php/Qwadmin/Upload/uploadpic.html?Width=88&Height=31&BackCall=cn_ftimg&Img=
INFO: [ app_init ] --START--
INFO: Run Behavior\BuildLiteBehavior [ RunTime:0.000038s ]
INFO: [ app_init ] --END-- [ RunTime:0.000566s ]
INFO: [ app_begin ] --START--
INFO: Run Behavior\ReadHtmlCacheBehavior [ RunTime:0.001025s ]
INFO: Run Behavior\CheckLangBehavior [ RunTime:0.004004s ]
INFO: [ app_begin ] --END-- [ RunTime:0.005523s ]
SQL: SHOW COLUMNS FROM `qw_setting` [ RunTime:0.0076s ]
SQL: SELECT `k`,`v` FROM `qw_setting`  [ RunTime:0.0005s ]
SQL: SELECT * FROM qw_auth_group g left join qw_auth_group_access a on g.id=a.group_id where a.uid=6 [ RunTime:0.0005s ]
SQL: SHOW COLUMNS FROM `qw_member` [ RunTime:0.0070s ]
SQL: SELECT * FROM `qw_member` WHERE `uid` = 6 LIMIT 1   [ RunTime:0.0004s ]
SQL: SELECT s.id,s.title,s.name,s.tips,s.pid,p.pid as ppid,p.title as ptitle FROM qw_auth_rule s left join qw_auth_rule p on p.id=s.pid where s.name='Upload/uploadpic' [ RunTime:0.0004s ]
NOTIC: [8] Undefined offset: 0 F:\wamp\www\guanwang\qwadmin\App\Qwadmin\Controller\ComController.class.php 第 48 行.
SQL: SHOW COLUMNS FROM `qw_auth_rule` [ RunTime:0.0051s ]
SQL: SELECT `id`,`title`,`pid`,`name`,`icon` FROM `qw_auth_rule` WHERE ( islink=1   ) ORDER BY o ASC  [ RunTime:0.0010s ]
NOTIC: [8] Undefined index: img F:\wamp\www\guanwang\qwadmin\App\Qwadmin\Controller\UploadController.class.php 第 60 行.
INFO: [ view_parse ] --START--
INFO: [ template_filter ] --START--
INFO: Run Behavior\ContentReplaceBehavior [ RunTime:0.000163s ]
INFO: [ template_filter ] --END-- [ RunTime:0.000353s ]
INFO: Run Behavior\ParseTemplateBehavior [ RunTime:0.014710s ]
INFO: [ view_parse ] --END-- [ RunTime:0.015204s ]
INFO: [ view_filter ] --START--
INFO: Run Behavior\WriteHtmlCacheBehavior [ RunTime:0.000681s ]
INFO: [ view_filter ] --END-- [ RunTime:0.001180s ]
INFO: [ app_end ] --START--
INFO: Run Behavior\ShowPageTraceBehavior [ RunTime:0.000795s ]
INFO: [ app_end ] --END-- [ RunTime:0.001024s ]

[ 2017-05-04T11:17:28+08:00 ] ::1 /guanwang/qwadmin/index.php/Qwadmin/Upload/uploadpic.html?Width=88&Height=31&BackCall=en_ftimg&Img=
INFO: [ app_init ] --START--
INFO: Run Behavior\BuildLiteBehavior [ RunTime:0.001189s ]
INFO: [ app_init ] --END-- [ RunTime:0.002566s ]
INFO: [ app_begin ] --START--
INFO: Run Behavior\ReadHtmlCacheBehavior [ RunTime:0.003704s ]
INFO: Run Behavior\CheckLangBehavior [ RunTime:0.003715s ]
INFO: [ app_begin ] --END-- [ RunTime:0.007998s ]
SQL: SHOW COLUMNS FROM `qw_setting` [ RunTime:0.0049s ]
SQL: SELECT `k`,`v` FROM `qw_setting`  [ RunTime:0.0004s ]
SQL: SELECT * FROM qw_auth_group g left join qw_auth_group_access a on g.id=a.group_id where a.uid=6 [ RunTime:0.0005s ]
SQL: SHOW COLUMNS FROM `qw_member` [ RunTime:0.0062s ]
SQL: SELECT * FROM `qw_member` WHERE `uid` = 6 LIMIT 1   [ RunTime:0.0004s ]
SQL: SELECT s.id,s.title,s.name,s.tips,s.pid,p.pid as ppid,p.title as ptitle FROM qw_auth_rule s left join qw_auth_rule p on p.id=s.pid where s.name='Upload/uploadpic' [ RunTime:0.0004s ]
NOTIC: [8] Undefined offset: 0 F:\wamp\www\guanwang\qwadmin\App\Qwadmin\Controller\ComController.class.php 第 48 行.
SQL: SHOW COLUMNS FROM `qw_auth_rule` [ RunTime:0.0052s ]
SQL: SELECT `id`,`title`,`pid`,`name`,`icon` FROM `qw_auth_rule` WHERE ( islink=1   ) ORDER BY o ASC  [ RunTime:0.0010s ]
NOTIC: [8] Undefined index: img F:\wamp\www\guanwang\qwadmin\App\Qwadmin\Controller\UploadController.class.php 第 60 行.
INFO: [ view_parse ] --START--
INFO: [ template_filter ] --START--
INFO: Run Behavior\ContentReplaceBehavior [ RunTime:0.000098s ]
INFO: [ template_filter ] --END-- [ RunTime:0.000286s ]
INFO: Run Behavior\ParseTemplateBehavior [ RunTime:0.014640s ]
INFO: [ view_parse ] --END-- [ RunTime:0.014894s ]
INFO: [ view_filter ] --START--
INFO: Run Behavior\WriteHtmlCacheBehavior [ RunTime:0.000514s ]
INFO: [ view_filter ] --END-- [ RunTime:0.000832s ]
INFO: [ app_end ] --START--
INFO: Run Behavior\ShowPageTraceBehavior [ RunTime:0.000963s ]
INFO: [ app_end ] --END-- [ RunTime:0.001175s ]

[ 2017-05-04T11:25:13+08:00 ] ::1 /guanwang/qwadmin/index.php/Qwadmin/Felgproduct/index.html
INFO: [ app_init ] --START--
INFO: Run Behavior\BuildLiteBehavior [ RunTime:0.000037s ]
INFO: [ app_init ] --END-- [ RunTime:0.000612s ]
INFO: [ app_begin ] --START--
INFO: Run Behavior\ReadHtmlCacheBehavior [ RunTime:0.000750s ]
INFO: Run Behavior\CheckLangBehavior [ RunTime:0.001342s ]
INFO: [ app_begin ] --END-- [ RunTime:0.002410s ]
SQL: SHOW COLUMNS FROM `qw_setting` [ RunTime:0.0051s ]
SQL: SELECT `k`,`v` FROM `qw_setting`  [ RunTime:0.0003s ]
SQL: SELECT * FROM qw_auth_group g left join qw_auth_group_access a on g.id=a.group_id where a.uid=6 [ RunTime:0.0004s ]
SQL: SHOW COLUMNS FROM `qw_member` [ RunTime:0.0047s ]
SQL: SELECT * FROM `qw_member` WHERE `uid` = 6 LIMIT 1   [ RunTime:0.0004s ]
SQL: SELECT s.id,s.title,s.name,s.tips,s.pid,p.pid as ppid,p.title as ptitle FROM qw_auth_rule s left join qw_auth_rule p on p.id=s.pid where s.name='Felgproduct/index' [ RunTime:0.0006s ]
SQL: SHOW COLUMNS FROM `qw_auth_rule` [ RunTime:0.0050s ]
SQL: SELECT `id`,`title`,`pid`,`name`,`icon` FROM `qw_auth_rule` WHERE ( islink=1   ) ORDER BY o ASC  [ RunTime:0.0007s ]
SQL: SHOW COLUMNS FROM `qw_felgproduct` [ RunTime:0.0046s ]
NOTIC: [8] Undefined variable: map F:\wamp\www\guanwang\qwadmin\App\Qwadmin\Controller\FelgproductController.class.php 第 20 行.
SQL: SELECT COUNT(*) AS tp_count FROM `qw_felgproduct` LIMIT 1   [ RunTime:0.0003s ]
SQL: SHOW COLUMNS FROM `qw_felgproduct` [ RunTime:0.0053s ]
NOTIC: [8] Undefined variable: map F:\wamp\www\guanwang\qwadmin\App\Qwadmin\Controller\FelgproductController.class.php 第 24 行.
SQL: SELECT * FROM `qw_felgproduct` ORDER BY ftsort LIMIT 0,10   [ RunTime:0.0006s ]
INFO: [ view_parse ] --START--
INFO: [ template_filter ] --START--
INFO: Run Behavior\ContentReplaceBehavior [ RunTime:0.000279s ]
INFO: [ template_filter ] --END-- [ RunTime:0.000491s ]
INFO: Run Behavior\ParseTemplateBehavior [ RunTime:0.057987s ]
INFO: [ view_parse ] --END-- [ RunTime:0.058162s ]
INFO: [ view_filter ] --START--
INFO: Run Behavior\WriteHtmlCacheBehavior [ RunTime:0.000551s ]
INFO: [ view_filter ] --END-- [ RunTime:0.000794s ]
INFO: [ app_end ] --START--
INFO: Run Behavior\ShowPageTraceBehavior [ RunTime:0.000713s ]
INFO: [ app_end ] --END-- [ RunTime:0.000895s ]

[ 2017-05-04T11:25:23+08:00 ] ::1 /guanwang/qwadmin/index.php/Qwadmin/Felgproduct/add.html
INFO: [ app_init ] --START--
INFO: Run Behavior\BuildLiteBehavior [ RunTime:0.000039s ]
INFO: [ app_init ] --END-- [ RunTime:0.000592s ]
INFO: [ app_begin ] --START--
INFO: Run Behavior\ReadHtmlCacheBehavior [ RunTime:0.000675s ]
INFO: Run Behavior\CheckLangBehavior [ RunTime:0.001533s ]
INFO: [ app_begin ] --END-- [ RunTime:0.002510s ]
SQL: SHOW COLUMNS FROM `qw_setting` [ RunTime:0.0048s ]
SQL: SELECT `k`,`v` FROM `qw_setting`  [ RunTime:0.0003s ]
SQL: SELECT * FROM qw_auth_group g left join qw_auth_group_access a on g.id=a.group_id where a.uid=6 [ RunTime:0.0004s ]
SQL: SHOW COLUMNS FROM `qw_member` [ RunTime:0.0040s ]
SQL: SELECT * FROM `qw_member` WHERE `uid` = 6 LIMIT 1   [ RunTime:0.0003s ]
SQL: SELECT s.id,s.title,s.name,s.tips,s.pid,p.pid as ppid,p.title as ptitle FROM qw_auth_rule s left join qw_auth_rule p on p.id=s.pid where s.name='Felgproduct/add' [ RunTime:0.0004s ]
NOTIC: [8] Undefined offset: 0 F:\wamp\www\guanwang\qwadmin\App\Qwadmin\Controller\ComController.class.php 第 48 行.
SQL: SHOW COLUMNS FROM `qw_auth_rule` [ RunTime:0.0059s ]
SQL: SELECT `id`,`title`,`pid`,`name`,`icon` FROM `qw_auth_rule` WHERE ( islink=1   ) ORDER BY o ASC  [ RunTime:0.0007s ]
SQL: SHOW COLUMNS FROM `qw_felghz` [ RunTime:0.0046s ]
SQL: SELECT * FROM `qw_felghz` ORDER BY fghzsort asc  [ RunTime:0.0004s ]
SQL: SHOW COLUMNS FROM `qw_felgtype` [ RunTime:0.0040s ]
SQL: SELECT * FROM `qw_felgtype` ORDER BY fgtypesort asc  [ RunTime:0.0004s ]
INFO: [ view_parse ] --START--
INFO: [ template_filter ] --START--
INFO: Run Behavior\ContentReplaceBehavior [ RunTime:0.000243s ]
INFO: [ template_filter ] --END-- [ RunTime:0.000461s ]
NOTIC: [8] Undefined variable: article F:\wamp\www\guanwang\qwadmin\App\Runtime\Cache\Qwadmin\b147439e5f24c2723c86af35d1c5aff7.php 第 527 行.
INFO: Run Behavior\ParseTemplateBehavior [ RunTime:0.051998s ]
INFO: [ view_parse ] --END-- [ RunTime:0.052256s ]
INFO: [ view_filter ] --START--
INFO: Run Behavior\WriteHtmlCacheBehavior [ RunTime:0.000428s ]
INFO: [ view_filter ] --END-- [ RunTime:0.000576s ]
INFO: [ app_end ] --START--
INFO: Run Behavior\ShowPageTraceBehavior [ RunTime:0.000714s ]
INFO: [ app_end ] --END-- [ RunTime:0.000864s ]

[ 2017-05-04T11:25:24+08:00 ] ::1 /guanwang/qwadmin/index.php/Qwadmin/Upload/uploadpic.html?Width=88&Height=31&BackCall=cn_ftimg&Img=
INFO: [ app_init ] --START--
INFO: Run Behavior\BuildLiteBehavior [ RunTime:0.000077s ]
INFO: [ app_init ] --END-- [ RunTime:0.000959s ]
INFO: [ app_begin ] --START--
INFO: Run Behavior\ReadHtmlCacheBehavior [ RunTime:0.001642s ]
INFO: Run Behavior\CheckLangBehavior [ RunTime:0.002140s ]
INFO: [ app_begin ] --END-- [ RunTime:0.004341s ]
SQL: SHOW COLUMNS FROM `qw_setting` [ RunTime:0.0083s ]
SQL: SELECT `k`,`v` FROM `qw_setting`  [ RunTime:0.0003s ]
SQL: SELECT * FROM qw_auth_group g left join qw_auth_group_access a on g.id=a.group_id where a.uid=6 [ RunTime:0.0005s ]
SQL: SHOW COLUMNS FROM `qw_member` [ RunTime:0.2287s ]
SQL: SELECT * FROM `qw_member` WHERE `uid` = 6 LIMIT 1   [ RunTime:0.0006s ]
SQL: SELECT s.id,s.title,s.name,s.tips,s.pid,p.pid as ppid,p.title as ptitle FROM qw_auth_rule s left join qw_auth_rule p on p.id=s.pid where s.name='Upload/uploadpic' [ RunTime:0.0007s ]
NOTIC: [8] Undefined offset: 0 F:\wamp\www\guanwang\qwadmin\App\Qwadmin\Controller\ComController.class.php 第 48 行.
SQL: SHOW COLUMNS FROM `qw_auth_rule` [ RunTime:0.2177s ]
SQL: SELECT `id`,`title`,`pid`,`name`,`icon` FROM `qw_auth_rule` WHERE ( islink=1   ) ORDER BY o ASC  [ RunTime:0.0006s ]
NOTIC: [8] Undefined index: img F:\wamp\www\guanwang\qwadmin\App\Qwadmin\Controller\UploadController.class.php 第 60 行.
INFO: [ view_parse ] --START--
INFO: [ template_filter ] --START--
INFO: Run Behavior\ContentReplaceBehavior [ RunTime:0.000093s ]
INFO: [ template_filter ] --END-- [ RunTime:0.000269s ]
INFO: Run Behavior\ParseTemplateBehavior [ RunTime:0.013123s ]
INFO: [ view_parse ] --END-- [ RunTime:0.013296s ]
INFO: [ view_filter ] --START--
INFO: Run Behavior\WriteHtmlCacheBehavior [ RunTime:0.000297s ]
INFO: [ view_filter ] --END-- [ RunTime:0.000441s ]
INFO: [ app_end ] --START--
INFO: Run Behavior\ShowPageTraceBehavior [ RunTime:0.000621s ]
INFO: [ app_end ] --END-- [ RunTime:0.000769s ]

[ 2017-05-04T11:25:24+08:00 ] ::1 /guanwang/qwadmin/index.php/Qwadmin/Upload/uploadpic.html?Width=88&Height=31&BackCall=en_ftimg&Img=
INFO: [ app_init ] --START--
INFO: Run Behavior\BuildLiteBehavior [ RunTime:0.000098s ]
INFO: [ app_init ] --END-- [ RunTime:0.001968s ]
INFO: [ app_begin ] --START--
INFO: Run Behavior\ReadHtmlCacheBehavior [ RunTime:0.001254s ]
INFO: Run Behavior\CheckLangBehavior [ RunTime:0.005452s ]
INFO: [ app_begin ] --END-- [ RunTime:0.007253s ]
SQL: SHOW COLUMNS FROM `qw_setting` [ RunTime:0.0186s ]
SQL: SELECT `k`,`v` FROM `qw_setting`  [ RunTime:0.0004s ]
SQL: SELECT * FROM qw_auth_group g left join qw_auth_group_access a on g.id=a.group_id where a.uid=6 [ RunTime:0.0005s ]
SQL: SHOW COLUMNS FROM `qw_member` [ RunTime:0.0046s ]
SQL: SELECT * FROM `qw_member` WHERE `uid` = 6 LIMIT 1   [ RunTime:0.0003s ]
SQL: SELECT s.id,s.title,s.name,s.tips,s.pid,p.pid as ppid,p.title as ptitle FROM qw_auth_rule s left join qw_auth_rule p on p.id=s.pid where s.name='Upload/uploadpic' [ RunTime:0.0004s ]
NOTIC: [8] Undefined offset: 0 F:\wamp\www\guanwang\qwadmin\App\Qwadmin\Controller\ComController.class.php 第 48 行.
SQL: SHOW COLUMNS FROM `qw_auth_rule` [ RunTime:0.0079s ]
SQL: SELECT `id`,`title`,`pid`,`name`,`icon` FROM `qw_auth_rule` WHERE ( islink=1   ) ORDER BY o ASC  [ RunTime:0.0007s ]
NOTIC: [8] Undefined index: img F:\wamp\www\guanwang\qwadmin\App\Qwadmin\Controller\UploadController.class.php 第 60 行.
INFO: [ view_parse ] --START--
INFO: [ template_filter ] --START--
INFO: Run Behavior\ContentReplaceBehavior [ RunTime:0.000094s ]
INFO: [ template_filter ] --END-- [ RunTime:0.000278s ]
INFO: Run Behavior\ParseTemplateBehavior [ RunTime:0.015550s ]
INFO: [ view_parse ] --END-- [ RunTime:0.015760s ]
INFO: [ view_filter ] --START--
INFO: Run Behavior\WriteHtmlCacheBehavior [ RunTime:0.000392s ]
INFO: [ view_filter ] --END-- [ RunTime:0.000537s ]
INFO: [ app_end ] --START--
INFO: Run Behavior\ShowPageTraceBehavior [ RunTime:0.000724s ]
INFO: [ app_end ] --END-- [ RunTime:0.000871s ]

[ 2017-05-04T11:31:49+08:00 ] ::1 /guanwang/qwadmin/index.php/Qwadmin/felghz/index.html
INFO: [ app_init ] --START--
INFO: Run Behavior\BuildLiteBehavior [ RunTime:0.000037s ]
INFO: [ app_init ] --END-- [ RunTime:0.000557s ]
INFO: [ app_begin ] --START--
INFO: Run Behavior\ReadHtmlCacheBehavior [ RunTime:0.000733s ]
INFO: Run Behavior\CheckLangBehavior [ RunTime:0.001833s ]
INFO: [ app_begin ] --END-- [ RunTime:0.002919s ]
SQL: SHOW COLUMNS FROM `qw_setting` [ RunTime:0.0502s ]
SQL: SELECT `k`,`v` FROM `qw_setting`  [ RunTime:0.0003s ]
SQL: SELECT * FROM qw_auth_group g left join qw_auth_group_access a on g.id=a.group_id where a.uid=6 [ RunTime:0.0004s ]
SQL: SHOW COLUMNS FROM `qw_member` [ RunTime:0.0050s ]
SQL: SELECT * FROM `qw_member` WHERE `uid` = 6 LIMIT 1   [ RunTime:0.0004s ]
SQL: SELECT s.id,s.title,s.name,s.tips,s.pid,p.pid as ppid,p.title as ptitle FROM qw_auth_rule s left join qw_auth_rule p on p.id=s.pid where s.name='Felghz/index' [ RunTime:0.0003s ]
SQL: SHOW COLUMNS FROM `qw_auth_rule` [ RunTime:0.0048s ]
SQL: SELECT `id`,`title`,`pid`,`name`,`icon` FROM `qw_auth_rule` WHERE ( islink=1   ) ORDER BY o ASC  [ RunTime:0.0007s ]
SQL: SHOW COLUMNS FROM `qw_felghz` [ RunTime:0.0053s ]
SQL: SELECT * FROM `qw_felghz` ORDER BY fghzsort asc  [ RunTime:0.0005s ]
INFO: [ view_parse ] --START--
INFO: [ template_filter ] --START--
INFO: Run Behavior\ContentReplaceBehavior [ RunTime:0.000196s ]
INFO: [ template_filter ] --END-- [ RunTime:0.000395s ]
NOTIC: [8] Undefined variable: page F:\wamp\www\guanwang\qwadmin\App\Runtime\Cache\Qwadmin\81f39cda1d501dfb33b098bbf1dc10c8.php 第 379 行.
INFO: Run Behavior\ParseTemplateBehavior [ RunTime:0.045319s ]
INFO: [ view_parse ] --END-- [ RunTime:0.045571s ]
INFO: [ view_filter ] --START--
INFO: Run Behavior\WriteHtmlCacheBehavior [ RunTime:0.000524s ]
INFO: [ view_filter ] --END-- [ RunTime:0.000676s ]
INFO: [ app_end ] --START--
INFO: Run Behavior\ShowPageTraceBehavior [ RunTime:0.000740s ]
INFO: [ app_end ] --END-- [ RunTime:0.000907s ]

[ 2017-05-04T11:31:57+08:00 ] ::1 /guanwang/qwadmin/index.php/Qwadmin/felgtype/index.html
INFO: [ app_init ] --START--
INFO: Run Behavior\BuildLiteBehavior [ RunTime:0.000034s ]
INFO: [ app_init ] --END-- [ RunTime:0.000524s ]
INFO: [ app_begin ] --START--
INFO: Run Behavior\ReadHtmlCacheBehavior [ RunTime:0.000590s ]
INFO: Run Behavior\CheckLangBehavior [ RunTime:0.001197s ]
INFO: [ app_begin ] --END-- [ RunTime:0.002049s ]
SQL: SHOW COLUMNS FROM `qw_setting` [ RunTime:0.0051s ]
SQL: SELECT `k`,`v` FROM `qw_setting`  [ RunTime:0.0003s ]
SQL: SELECT * FROM qw_auth_group g left join qw_auth_group_access a on g.id=a.group_id where a.uid=6 [ RunTime:0.0004s ]
SQL: SHOW COLUMNS FROM `qw_member` [ RunTime:0.0054s ]
SQL: SELECT * FROM `qw_member` WHERE `uid` = 6 LIMIT 1   [ RunTime:0.0004s ]
SQL: SELECT s.id,s.title,s.name,s.tips,s.pid,p.pid as ppid,p.title as ptitle FROM qw_auth_rule s left join qw_auth_rule p on p.id=s.pid where s.name='Felgtype/index' [ RunTime:0.0004s ]
SQL: SHOW COLUMNS FROM `qw_auth_rule` [ RunTime:0.0045s ]
SQL: SELECT `id`,`title`,`pid`,`name`,`icon` FROM `qw_auth_rule` WHERE ( islink=1   ) ORDER BY o ASC  [ RunTime:0.0009s ]
SQL: SHOW COLUMNS FROM `qw_felgtype` [ RunTime:0.0066s ]
SQL: SELECT * FROM `qw_felgtype` ORDER BY fgtypesort asc  [ RunTime:0.0005s ]
INFO: [ view_parse ] --START--
INFO: [ template_filter ] --START--
INFO: Run Behavior\ContentReplaceBehavior [ RunTime:0.000211s ]
INFO: [ template_filter ] --END-- [ RunTime:0.000386s ]
NOTIC: [8] Undefined variable: page F:\wamp\www\guanwang\qwadmin\App\Runtime\Cache\Qwadmin\e65a1a075a0d00e820df9d2622cc91c2.php 第 379 行.
INFO: Run Behavior\ParseTemplateBehavior [ RunTime:0.045487s ]
INFO: [ view_parse ] --END-- [ RunTime:0.045658s ]
INFO: [ view_filter ] --START--
INFO: Run Behavior\WriteHtmlCacheBehavior [ RunTime:0.000550s ]
INFO: [ view_filter ] --END-- [ RunTime:0.000828s ]
INFO: [ app_end ] --START--
INFO: Run Behavior\ShowPageTraceBehavior [ RunTime:0.000750s ]
INFO: [ app_end ] --END-- [ RunTime:0.000944s ]

[ 2017-05-04T11:40:32+08:00 ] ::1 /guanwang/qwadmin/index.php/Qwadmin/felghz/index.html
INFO: [ app_init ] --START--
INFO: Run Behavior\BuildLiteBehavior [ RunTime:0.000035s ]
INFO: [ app_init ] --END-- [ RunTime:0.000522s ]
INFO: [ app_begin ] --START--
INFO: Run Behavior\ReadHtmlCacheBehavior [ RunTime:0.000803s ]
INFO: Run Behavior\CheckLangBehavior [ RunTime:0.002027s ]
INFO: [ app_begin ] --END-- [ RunTime:0.003346s ]
SQL: SHOW COLUMNS FROM `qw_setting` [ RunTime:0.0041s ]
SQL: SELECT `k`,`v` FROM `qw_setting`  [ RunTime:0.0003s ]
SQL: SELECT * FROM qw_auth_group g left join qw_auth_group_access a on g.id=a.group_id where a.uid=6 [ RunTime:0.0004s ]
SQL: SHOW COLUMNS FROM `qw_member` [ RunTime:0.0052s ]
SQL: SELECT * FROM `qw_member` WHERE `uid` = 6 LIMIT 1   [ RunTime:0.0004s ]
SQL: SELECT s.id,s.title,s.name,s.tips,s.pid,p.pid as ppid,p.title as ptitle FROM qw_auth_rule s left join qw_auth_rule p on p.id=s.pid where s.name='Felghz/index' [ RunTime:0.0005s ]
SQL: SHOW COLUMNS FROM `qw_auth_rule` [ RunTime:0.0049s ]
SQL: SELECT `id`,`title`,`pid`,`name`,`icon` FROM `qw_auth_rule` WHERE ( islink=1   ) ORDER BY o ASC  [ RunTime:0.0011s ]
SQL: SHOW COLUMNS FROM `qw_felghz` [ RunTime:0.0045s ]
SQL: SELECT * FROM `qw_felghz` ORDER BY fghzsort asc  [ RunTime:0.0003s ]
INFO: [ view_parse ] --START--
INFO: [ template_filter ] --START--
INFO: Run Behavior\ContentReplaceBehavior [ RunTime:0.000218s ]
INFO: [ template_filter ] --END-- [ RunTime:0.000413s ]
NOTIC: [8] Undefined variable: page F:\wamp\www\guanwang\qwadmin\App\Runtime\Cache\Qwadmin\81f39cda1d501dfb33b098bbf1dc10c8.php 第 379 行.
INFO: Run Behavior\ParseTemplateBehavior [ RunTime:0.046060s ]
INFO: [ view_parse ] --END-- [ RunTime:0.046236s ]
INFO: [ view_filter ] --START--
INFO: Run Behavior\WriteHtmlCacheBehavior [ RunTime:0.000560s ]
INFO: [ view_filter ] --END-- [ RunTime:0.000721s ]
INFO: [ app_end ] --START--
INFO: Run Behavior\ShowPageTraceBehavior [ RunTime:0.000929s ]
INFO: [ app_end ] --END-- [ RunTime:0.001142s ]

[ 2017-05-04T11:42:10+08:00 ] ::1 /guanwang/qwadmin/index.php/Qwadmin/felgtype/index.html
INFO: [ app_init ] --START--
INFO: Run Behavior\BuildLiteBehavior [ RunTime:0.000064s ]
INFO: [ app_init ] --END-- [ RunTime:0.001072s ]
INFO: [ app_begin ] --START--
INFO: Run Behavior\ReadHtmlCacheBehavior [ RunTime:0.000755s ]
INFO: Run Behavior\CheckLangBehavior [ RunTime:0.001355s ]
INFO: [ app_begin ] --END-- [ RunTime:0.002442s ]
SQL: SHOW COLUMNS FROM `qw_setting` [ RunTime:0.0548s ]
SQL: SELECT `k`,`v` FROM `qw_setting`  [ RunTime:0.0003s ]
SQL: SELECT * FROM qw_auth_group g left join qw_auth_group_access a on g.id=a.group_id where a.uid=6 [ RunTime:0.0003s ]
SQL: SHOW COLUMNS FROM `qw_member` [ RunTime:0.0059s ]
SQL: SELECT * FROM `qw_member` WHERE `uid` = 6 LIMIT 1   [ RunTime:0.0004s ]
SQL: SELECT s.id,s.title,s.name,s.tips,s.pid,p.pid as ppid,p.title as ptitle FROM qw_auth_rule s left join qw_auth_rule p on p.id=s.pid where s.name='Felgtype/index' [ RunTime:0.0004s ]
SQL: SHOW COLUMNS FROM `qw_auth_rule` [ RunTime:0.0046s ]
SQL: SELECT `id`,`title`,`pid`,`name`,`icon` FROM `qw_auth_rule` WHERE ( islink=1   ) ORDER BY o ASC  [ RunTime:0.0007s ]
SQL: SHOW COLUMNS FROM `qw_felgtype` [ RunTime:0.0043s ]
SQL: SELECT * FROM `qw_felgtype` ORDER BY fgtypesort asc  [ RunTime:0.0004s ]
INFO: [ view_parse ] --START--
INFO: [ template_filter ] --START--
INFO: Run Behavior\ContentReplaceBehavior [ RunTime:0.000251s ]
INFO: [ template_filter ] --END-- [ RunTime:0.000444s ]
NOTIC: [8] Undefined variable: page F:\wamp\www\guanwang\qwadmin\App\Runtime\Cache\Qwadmin\e65a1a075a0d00e820df9d2622cc91c2.php 第 379 行.
INFO: Run Behavior\ParseTemplateBehavior [ RunTime:0.046746s ]
INFO: [ view_parse ] --END-- [ RunTime:0.047153s ]
INFO: [ view_filter ] --START--
INFO: Run Behavior\WriteHtmlCacheBehavior [ RunTime:0.000625s ]
INFO: [ view_filter ] --END-- [ RunTime:0.000975s ]
INFO: [ app_end ] --START--
INFO: Run Behavior\ShowPageTraceBehavior [ RunTime:0.000797s ]
INFO: [ app_end ] --END-- [ RunTime:0.001019s ]

[ 2017-05-04T11:44:13+08:00 ] ::1 /guanwang/qwadmin/index.php/Qwadmin/felgtype/index.html
INFO: [ app_init ] --START--
INFO: Run Behavior\BuildLiteBehavior [ RunTime:0.000066s ]
INFO: [ app_init ] --END-- [ RunTime:0.000855s ]
INFO: [ app_begin ] --START--
INFO: Run Behavior\ReadHtmlCacheBehavior [ RunTime:0.000807s ]
INFO: Run Behavior\CheckLangBehavior [ RunTime:0.001350s ]
INFO: [ app_begin ] --END-- [ RunTime:0.002420s ]
SQL: SHOW COLUMNS FROM `qw_setting` [ RunTime:0.0048s ]
SQL: SELECT `k`,`v` FROM `qw_setting`  [ RunTime:0.0003s ]
SQL: SELECT * FROM qw_auth_group g left join qw_auth_group_access a on g.id=a.group_id where a.uid=6 [ RunTime:0.0003s ]
SQL: SHOW COLUMNS FROM `qw_member` [ RunTime:0.0050s ]
SQL: SELECT * FROM `qw_member` WHERE `uid` = 6 LIMIT 1   [ RunTime:0.0004s ]
SQL: SELECT s.id,s.title,s.name,s.tips,s.pid,p.pid as ppid,p.title as ptitle FROM qw_auth_rule s left join qw_auth_rule p on p.id=s.pid where s.name='Felgtype/index' [ RunTime:0.0005s ]
SQL: SHOW COLUMNS FROM `qw_auth_rule` [ RunTime:0.0053s ]
SQL: SELECT `id`,`title`,`pid`,`name`,`icon` FROM `qw_auth_rule` WHERE ( islink=1   ) ORDER BY o ASC  [ RunTime:0.0008s ]
SQL: SHOW COLUMNS FROM `qw_felgtype` [ RunTime:0.0048s ]
SQL: SELECT * FROM `qw_felgtype` ORDER BY fgtypesort asc  [ RunTime:0.0004s ]
INFO: [ view_parse ] --START--
INFO: [ template_filter ] --START--
INFO: Run Behavior\ContentReplaceBehavior [ RunTime:0.000226s ]
INFO: [ template_filter ] --END-- [ RunTime:0.000388s ]
NOTIC: [8] Undefined variable: page F:\wamp\www\guanwang\qwadmin\App\Runtime\Cache\Qwadmin\e65a1a075a0d00e820df9d2622cc91c2.php 第 379 行.
INFO: Run Behavior\ParseTemplateBehavior [ RunTime:0.051022s ]
INFO: [ view_parse ] --END-- [ RunTime:0.051224s ]
INFO: [ view_filter ] --START--
INFO: Run Behavior\WriteHtmlCacheBehavior [ RunTime:0.001064s ]
INFO: [ view_filter ] --END-- [ RunTime:0.001364s ]
INFO: [ app_end ] --START--
INFO: Run Behavior\ShowPageTraceBehavior [ RunTime:0.001268s ]
INFO: [ app_end ] --END-- [ RunTime:0.001531s ]

[ 2017-05-04T11:44:14+08:00 ] ::1 /guanwang/qwadmin/index.php/Qwadmin/felgtype/index.html
INFO: [ app_init ] --START--
INFO: Run Behavior\BuildLiteBehavior [ RunTime:0.000039s ]
INFO: [ app_init ] --END-- [ RunTime:0.000546s ]
INFO: [ app_begin ] --START--
INFO: Run Behavior\ReadHtmlCacheBehavior [ RunTime:0.000602s ]
INFO: Run Behavior\CheckLangBehavior [ RunTime:0.001201s ]
INFO: [ app_begin ] --END-- [ RunTime:0.002050s ]
SQL: SHOW COLUMNS FROM `qw_setting` [ RunTime:0.0041s ]
SQL: SELECT `k`,`v` FROM `qw_setting`  [ RunTime:0.0004s ]
SQL: SELECT * FROM qw_auth_group g left join qw_auth_group_access a on g.id=a.group_id where a.uid=6 [ RunTime:0.0004s ]
SQL: SHOW COLUMNS FROM `qw_member` [ RunTime:0.0053s ]
SQL: SELECT * FROM `qw_member` WHERE `uid` = 6 LIMIT 1   [ RunTime:0.0003s ]
SQL: SELECT s.id,s.title,s.name,s.tips,s.pid,p.pid as ppid,p.title as ptitle FROM qw_auth_rule s left join qw_auth_rule p on p.id=s.pid where s.name='Felgtype/index' [ RunTime:0.0004s ]
SQL: SHOW COLUMNS FROM `qw_auth_rule` [ RunTime:0.0054s ]
SQL: SELECT `id`,`title`,`pid`,`name`,`icon` FROM `qw_auth_rule` WHERE ( islink=1   ) ORDER BY o ASC  [ RunTime:0.0006s ]
SQL: SHOW COLUMNS FROM `qw_felgtype` [ RunTime:0.0055s ]
SQL: SELECT * FROM `qw_felgtype` ORDER BY fgtypesort asc  [ RunTime:0.0003s ]
INFO: [ view_parse ] --START--
INFO: [ template_filter ] --START--
INFO: Run Behavior\ContentReplaceBehavior [ RunTime:0.000322s ]
INFO: [ template_filter ] --END-- [ RunTime:0.000666s ]
NOTIC: [8] Undefined variable: page F:\wamp\www\guanwang\qwadmin\App\Runtime\Cache\Qwadmin\e65a1a075a0d00e820df9d2622cc91c2.php 第 379 行.
INFO: Run Behavior\ParseTemplateBehavior [ RunTime:0.050759s ]
INFO: [ view_parse ] --END-- [ RunTime:0.051026s ]
INFO: [ view_filter ] --START--
INFO: Run Behavior\WriteHtmlCacheBehavior [ RunTime:0.000583s ]
INFO: [ view_filter ] --END-- [ RunTime:0.000796s ]
INFO: [ app_end ] --START--
INFO: Run Behavior\ShowPageTraceBehavior [ RunTime:0.000776s ]
INFO: [ app_end ] --END-- [ RunTime:0.000985s ]

[ 2017-05-04T15:20:55+08:00 ] ::1 /guanwang/qwadmin/index.php/Qwadmin/Felgproduct/index.html
INFO: [ app_init ] --START--
INFO: Run Behavior\BuildLiteBehavior [ RunTime:0.000041s ]
INFO: [ app_init ] --END-- [ RunTime:0.000652s ]
INFO: [ app_begin ] --START--
INFO: Run Behavior\ReadHtmlCacheBehavior [ RunTime:0.000674s ]
INFO: Run Behavior\CheckLangBehavior [ RunTime:0.001511s ]
INFO: [ app_begin ] --END-- [ RunTime:0.002600s ]
SQL: SHOW COLUMNS FROM `qw_setting` [ RunTime:0.0214s ]
SQL: SELECT `k`,`v` FROM `qw_setting`  [ RunTime:0.0003s ]
SQL: SELECT * FROM qw_auth_group g left join qw_auth_group_access a on g.id=a.group_id where a.uid=6 [ RunTime:0.0007s ]
SQL: SHOW COLUMNS FROM `qw_member` [ RunTime:0.0044s ]
SQL: SELECT * FROM `qw_member` WHERE `uid` = 6 LIMIT 1   [ RunTime:0.0005s ]
SQL: SELECT s.id,s.title,s.name,s.tips,s.pid,p.pid as ppid,p.title as ptitle FROM qw_auth_rule s left join qw_auth_rule p on p.id=s.pid where s.name='Felgproduct/index' [ RunTime:0.0006s ]
SQL: SHOW COLUMNS FROM `qw_auth_rule` [ RunTime:0.0052s ]
SQL: SELECT `id`,`title`,`pid`,`name`,`icon` FROM `qw_auth_rule` WHERE ( islink=1   ) ORDER BY o ASC  [ RunTime:0.0009s ]
SQL: SHOW COLUMNS FROM `qw_felgproduct` [ RunTime:0.0060s ]
NOTIC: [8] Undefined variable: map F:\wamp\www\guanwang\qwadmin\App\Qwadmin\Controller\FelgproductController.class.php 第 20 行.
SQL: SELECT COUNT(*) AS tp_count FROM `qw_felgproduct` LIMIT 1   [ RunTime:0.0004s ]
SQL: SHOW COLUMNS FROM `qw_felgproduct` [ RunTime:0.0061s ]
NOTIC: [8] Undefined variable: map F:\wamp\www\guanwang\qwadmin\App\Qwadmin\Controller\FelgproductController.class.php 第 24 行.
SQL: SELECT * FROM `qw_felgproduct` ORDER BY ftsort LIMIT 0,10   [ RunTime:0.0009s ]
INFO: [ view_parse ] --START--
INFO: [ template_filter ] --START--
INFO: Run Behavior\ContentReplaceBehavior [ RunTime:0.000196s ]
INFO: [ template_filter ] --END-- [ RunTime:0.000405s ]
INFO: Run Behavior\ParseTemplateBehavior [ RunTime:0.171535s ]
INFO: [ view_parse ] --END-- [ RunTime:0.171745s ]
INFO: [ view_filter ] --START--
INFO: Run Behavior\WriteHtmlCacheBehavior [ RunTime:0.000603s ]
INFO: [ view_filter ] --END-- [ RunTime:0.000761s ]
INFO: [ app_end ] --START--
INFO: Run Behavior\ShowPageTraceBehavior [ RunTime:0.000632s ]
INFO: [ app_end ] --END-- [ RunTime:0.000815s ]

