[ 2017-07-06T01:27:02+08:00 ] 106.11.144.138 /robots.txt
INFO: [ app_init ] --START--
INFO: Run Behavior\BuildLiteBehavior [ RunTime:0.000046s ]
INFO: [ app_init ] --END-- [ RunTime:0.000336s ]
ERR: 无法加载模块:Robots

[ 2017-07-06T05:42:00+08:00 ] 106.11.144.138 /robots.txt
INFO: [ app_init ] --START--
INFO: Run Behavior\BuildLiteBehavior [ RunTime:0.000015s ]
INFO: [ app_init ] --END-- [ RunTime:0.000342s ]
ERR: 无法加载模块:Robots

[ 2017-07-06T06:14:13+08:00 ] 140.205.253.147 /robots.txt
INFO: [ app_init ] --START--
INFO: Run Behavior\BuildLiteBehavior [ RunTime:0.000014s ]
INFO: [ app_init ] --END-- [ RunTime:0.000300s ]
ERR: 无法加载模块:Robots

[ 2017-07-06T06:19:42+08:00 ] 106.11.144.138 /robots.txt
INFO: [ app_init ] --START--
INFO: Run Behavior\BuildLiteBehavior [ RunTime:0.000014s ]
INFO: [ app_init ] --END-- [ RunTime:0.000290s ]
ERR: 无法加载模块:Robots

[ 2017-07-06T06:27:04+08:00 ] 140.205.253.147 /robots.txt
INFO: [ app_init ] --START--
INFO: Run Behavior\BuildLiteBehavior [ RunTime:0.000016s ]
INFO: [ app_init ] --END-- [ RunTime:0.000328s ]
ERR: 无法加载模块:Robots

[ 2017-07-06T07:31:55+08:00 ] 106.11.144.138 /robots.txt
INFO: [ app_init ] --START--
INFO: Run Behavior\BuildLiteBehavior [ RunTime:0.000016s ]
INFO: [ app_init ] --END-- [ RunTime:0.000350s ]
ERR: 无法加载模块:Robots

[ 2017-07-06T09:07:44+08:00 ] 123.57.117.81 //contact.php
INFO: [ app_init ] --START--
INFO: Run Behavior\BuildLiteBehavior [ RunTime:0.000049s ]
INFO: [ app_init ] --END-- [ RunTime:0.000327s ]
ERR: 无法加载模块:Contact

[ 2017-07-06T09:13:59+08:00 ] 123.57.117.81 //contact.php
INFO: [ app_init ] --START--
INFO: Run Behavior\BuildLiteBehavior [ RunTime:0.000015s ]
INFO: [ app_init ] --END-- [ RunTime:0.000350s ]
ERR: 无法加载模块:Contact

[ 2017-07-06T09:14:01+08:00 ] 123.57.117.81 //contact.php
INFO: [ app_init ] --START--
INFO: Run Behavior\BuildLiteBehavior [ RunTime:0.000017s ]
INFO: [ app_init ] --END-- [ RunTime:0.000355s ]
ERR: 无法加载模块:Contact

[ 2017-07-06T09:14:15+08:00 ] 123.57.117.81 //contact.php
INFO: [ app_init ] --START--
INFO: Run Behavior\BuildLiteBehavior [ RunTime:0.000018s ]
INFO: [ app_init ] --END-- [ RunTime:0.000313s ]
ERR: 无法加载模块:Contact

[ 2017-07-06T09:27:47+08:00 ] 123.57.117.71 /robots.txt
INFO: [ app_init ] --START--
INFO: Run Behavior\BuildLiteBehavior [ RunTime:0.000015s ]
INFO: [ app_init ] --END-- [ RunTime:0.000351s ]
ERR: 无法加载模块:Robots

[ 2017-07-06T10:06:25+08:00 ] 123.57.117.71 /robots.txt
INFO: [ app_init ] --START--
INFO: Run Behavior\BuildLiteBehavior [ RunTime:0.000014s ]
INFO: [ app_init ] --END-- [ RunTime:0.000342s ]
ERR: 无法加载模块:Robots

[ 2017-07-06T11:08:47+08:00 ] 123.57.117.71 /robots.txt
INFO: [ app_init ] --START--
INFO: Run Behavior\BuildLiteBehavior [ RunTime:0.000012s ]
INFO: [ app_init ] --END-- [ RunTime:0.000351s ]
ERR: 无法加载模块:Robots

[ 2017-07-06T11:34:51+08:00 ] 140.205.253.147 /robots.txt
INFO: [ app_init ] --START--
INFO: Run Behavior\BuildLiteBehavior [ RunTime:0.000013s ]
INFO: [ app_init ] --END-- [ RunTime:0.000361s ]
ERR: 无法加载模块:Robots

[ 2017-07-06T12:10:12+08:00 ] 123.57.117.71 /robots.txt
INFO: [ app_init ] --START--
INFO: Run Behavior\BuildLiteBehavior [ RunTime:0.000019s ]
INFO: [ app_init ] --END-- [ RunTime:0.000339s ]
ERR: 无法加载模块:Robots

[ 2017-07-06T14:02:56+08:00 ] 123.57.117.81 //contact.php
INFO: [ app_init ] --START--
INFO: Run Behavior\BuildLiteBehavior [ RunTime:0.000014s ]
INFO: [ app_init ] --END-- [ RunTime:0.000290s ]
ERR: 无法加载模块:Contact

[ 2017-07-06T14:07:18+08:00 ] 123.57.117.81 //contact.php
INFO: [ app_init ] --START--
INFO: Run Behavior\BuildLiteBehavior [ RunTime:0.000023s ]
INFO: [ app_init ] --END-- [ RunTime:0.000320s ]
ERR: 无法加载模块:Contact

[ 2017-07-06T21:27:23+08:00 ] 106.11.144.138 /robots.txt
INFO: [ app_init ] --START--
INFO: Run Behavior\BuildLiteBehavior [ RunTime:0.000013s ]
INFO: [ app_init ] --END-- [ RunTime:0.000283s ]
ERR: 无法加载模块:Robots

[ 2017-07-06T21:46:57+08:00 ] 106.11.144.146 //contact.php
INFO: [ app_init ] --START--
INFO: Run Behavior\BuildLiteBehavior [ RunTime:0.000014s ]
INFO: [ app_init ] --END-- [ RunTime:0.000350s ]
ERR: 无法加载模块:Contact

[ 2017-07-06T21:48:21+08:00 ] 106.11.144.146 //contact.php
INFO: [ app_init ] --START--
INFO: Run Behavior\BuildLiteBehavior [ RunTime:0.000013s ]
INFO: [ app_init ] --END-- [ RunTime:0.000313s ]
ERR: 无法加载模块:Contact

[ 2017-07-06T21:53:38+08:00 ] 140.205.253.147 /robots.txt
INFO: [ app_init ] --START--
INFO: Run Behavior\BuildLiteBehavior [ RunTime:0.000014s ]
INFO: [ app_init ] --END-- [ RunTime:0.000291s ]
ERR: 无法加载模块:Robots

