[ 2017-03-29T10:10:48+08:00 ] ::1 /guanwang/qwadmin/index.php/cs
INFO: [ app_init ] --START--
INFO: Run Behavior\BuildLiteBehavior [ RunTime:0.000043s ]
INFO: [ app_init ] --END-- [ RunTime:0.000679s ]
ERR: 无法加载模块:Cs

[ 2017-03-29T10:11:01+08:00 ] ::1 /guanwang/qwadmin/index.php/index.
INFO: [ app_init ] --START--
INFO: Run Behavior\BuildLiteBehavior [ RunTime:0.000071s ]
INFO: [ app_init ] --END-- [ RunTime:0.000894s ]
ERR: 无法加载模块:Index

[ 2017-03-29T10:11:03+08:00 ] ::1 /guanwang/qwadmin/index.php/index
INFO: [ app_init ] --START--
INFO: Run Behavior\BuildLiteBehavior [ RunTime:0.000073s ]
INFO: [ app_init ] --END-- [ RunTime:0.000591s ]
ERR: 无法加载模块:Index

[ 2017-03-29T10:11:09+08:00 ] ::1 /guanwang/qwadmin/index.php/index.html
INFO: [ app_init ] --START--
INFO: Run Behavior\BuildLiteBehavior [ RunTime:0.000040s ]
INFO: [ app_init ] --END-- [ RunTime:0.000720s ]
ERR: 无法加载模块:Index

[ 2017-03-29T10:11:24+08:00 ] ::1 /guanwang/qwadmin/index.php/layer_mobile/layer.js
INFO: [ app_init ] --START--
INFO: Run Behavior\BuildLiteBehavior [ RunTime:0.000066s ]
INFO: [ app_init ] --END-- [ RunTime:0.000964s ]
ERR: 无法加载模块:Layer_mobile

[ 2017-03-29T10:11:29+08:00 ] ::1 /guanwang/qwadmin/index.php/index.html
INFO: [ app_init ] --START--
INFO: Run Behavior\BuildLiteBehavior [ RunTime:0.000037s ]
INFO: [ app_init ] --END-- [ RunTime:0.000598s ]
ERR: 无法加载模块:Index

[ 2017-03-29T10:11:57+08:00 ] ::1 /guanwang/qwadmin/index.php/layer_mobile/layer.js
INFO: [ app_init ] --START--
INFO: Run Behavior\BuildLiteBehavior [ RunTime:0.000073s ]
INFO: [ app_init ] --END-- [ RunTime:0.000941s ]
ERR: 无法加载模块:Layer_mobile

[ 2017-03-29T11:09:37+08:00 ] ::1 /guanwang/qwadmin/index.php/layer_mobile/layer.js
INFO: [ app_init ] --START--
INFO: Run Behavior\BuildLiteBehavior [ RunTime:0.000075s ]
INFO: [ app_init ] --END-- [ RunTime:0.000956s ]
ERR: 无法加载模块:Layer_mobile

[ 2017-03-29T14:16:28+08:00 ] ::1 /guanwang/qwadmin/index.php/layer_mobile/layer.js
INFO: [ app_init ] --START--
INFO: Run Behavior\BuildLiteBehavior [ RunTime:0.000086s ]
INFO: [ app_init ] --END-- [ RunTime:0.001221s ]
ERR: 无法加载模块:Layer_mobile

[ 2017-03-29T14:18:36+08:00 ] ::1 /guanwang/qwadmin/index.php/layer_mobile/layer.js
INFO: [ app_init ] --START--
INFO: Run Behavior\BuildLiteBehavior [ RunTime:0.000078s ]
INFO: [ app_init ] --END-- [ RunTime:0.001104s ]
ERR: 无法加载模块:Layer_mobile

[ 2017-03-29T14:18:36+08:00 ] ::1 /guanwang/qwadmin/index.php/layer_mobile/layer.js
INFO: [ app_init ] --START--
INFO: Run Behavior\BuildLiteBehavior [ RunTime:0.000084s ]
INFO: [ app_init ] --END-- [ RunTime:0.001525s ]
ERR: 无法加载模块:Layer_mobile

[ 2017-03-29T17:28:51+08:00 ] ::1 /guanwang/qwadmin/index.php/layer_mobile/layer.js
INFO: [ app_init ] --START--
INFO: Run Behavior\BuildLiteBehavior [ RunTime:0.000041s ]
INFO: [ app_init ] --END-- [ RunTime:0.000821s ]
ERR: 无法加载模块:Layer_mobile

[ 2017-03-29T17:29:12+08:00 ] ::1 /guanwang/qwadmin/index.php/layer_mobile/layer.js
INFO: [ app_init ] --START--
INFO: Run Behavior\BuildLiteBehavior [ RunTime:0.000078s ]
INFO: [ app_init ] --END-- [ RunTime:0.001289s ]
ERR: 无法加载模块:Layer_mobile

[ 2017-03-29T17:29:15+08:00 ] ::1 /guanwang/qwadmin/index.php/layer_mobile/layer.js
INFO: [ app_init ] --START--
INFO: Run Behavior\BuildLiteBehavior [ RunTime:0.000039s ]
INFO: [ app_init ] --END-- [ RunTime:0.000711s ]
ERR: 无法加载模块:Layer_mobile

[ 2017-03-29T17:29:16+08:00 ] ::1 /guanwang/qwadmin/index.php/layer_mobile/layer.js
INFO: [ app_init ] --START--
INFO: Run Behavior\BuildLiteBehavior [ RunTime:0.000091s ]
INFO: [ app_init ] --END-- [ RunTime:0.001354s ]
ERR: 无法加载模块:Layer_mobile

[ 2017-03-29T17:49:10+08:00 ] ::1 /guanwang/qwadmin/index.php/email
INFO: [ app_init ] --START--
INFO: Run Behavior\BuildLiteBehavior [ RunTime:0.000071s ]
INFO: [ app_init ] --END-- [ RunTime:0.000858s ]
ERR: 无法加载模块:Email

