[ 2017-03-17T11:29:39+08:00 ] ::1 /guanwang/qwadmin/index.php/index
INFO: [ app_init ] --START--
INFO: Run Behavior\BuildLiteBehavior [ RunTime:0.000045s ]
INFO: [ app_init ] --END-- [ RunTime:0.000853s ]
ERR: 无法加载模块:Index

[ 2017-03-17T11:29:48+08:00 ] ::1 /guanwang/qwadmin/index.php/text
INFO: [ app_init ] --START--
INFO: Run Behavior\BuildLiteBehavior [ RunTime:0.000052s ]
INFO: [ app_init ] --END-- [ RunTime:0.001143s ]
ERR: 无法加载模块:Text

[ 2017-03-17T11:30:50+08:00 ] ::1 /guanwang/qwadmin/index.php/text
INFO: [ app_init ] --START--
INFO: Run Behavior\BuildLiteBehavior [ RunTime:0.000067s ]
INFO: [ app_init ] --END-- [ RunTime:0.000808s ]
ERR: 无法加载模块:Text

[ 2017-03-17T11:31:20+08:00 ] ::1 /guanwang/qwadmin/index.php/text?lang=en-us
INFO: [ app_init ] --START--
INFO: Run Behavior\BuildLiteBehavior [ RunTime:0.000042s ]
INFO: [ app_init ] --END-- [ RunTime:0.000762s ]
ERR: 无法加载模块:Text

[ 2017-03-17T11:31:23+08:00 ] ::1 /guanwang/qwadmin/index.php/text?lang=en-us
INFO: [ app_init ] --START--
INFO: Run Behavior\BuildLiteBehavior [ RunTime:0.000037s ]
INFO: [ app_init ] --END-- [ RunTime:0.000682s ]
ERR: 无法加载模块:Text

[ 2017-03-17T11:31:25+08:00 ] ::1 /guanwang/qwadmin/index.php/text?lang=en-us
INFO: [ app_init ] --START--
INFO: Run Behavior\BuildLiteBehavior [ RunTime:0.000065s ]
INFO: [ app_init ] --END-- [ RunTime:0.000877s ]
ERR: 无法加载模块:Text

[ 2017-03-17T11:43:55+08:00 ] ::1 /guanwang/qwadmin/index.php/texs
INFO: [ app_init ] --START--
INFO: Run Behavior\BuildLiteBehavior [ RunTime:0.000094s ]
INFO: [ app_init ] --END-- [ RunTime:0.001381s ]
ERR: 无法加载模块:Texs

[ 2017-03-17T11:44:12+08:00 ] ::1 /guanwang/qwadmin/index.php/lang
INFO: [ app_init ] --START--
INFO: Run Behavior\BuildLiteBehavior [ RunTime:0.000041s ]
INFO: [ app_init ] --END-- [ RunTime:0.000729s ]
ERR: 无法加载模块:Lang

[ 2017-03-17T11:45:15+08:00 ] ::1 /guanwang/qwadmin/index.php/text
INFO: [ app_init ] --START--
INFO: Run Behavior\BuildLiteBehavior [ RunTime:0.000041s ]
INFO: [ app_init ] --END-- [ RunTime:0.000624s ]
ERR: 无法加载模块:Text

[ 2017-03-17T11:45:22+08:00 ] ::1 /guanwang/qwadmin/index.php/text
INFO: [ app_init ] --START--
INFO: Run Behavior\BuildLiteBehavior [ RunTime:0.000074s ]
INFO: [ app_init ] --END-- [ RunTime:0.000957s ]
ERR: 无法加载模块:Text

[ 2017-03-17T11:45:26+08:00 ] ::1 /guanwang/qwadmin/index.php/lang
INFO: [ app_init ] --START--
INFO: Run Behavior\BuildLiteBehavior [ RunTime:0.000041s ]
INFO: [ app_init ] --END-- [ RunTime:0.000631s ]
ERR: 无法加载模块:Lang

