[ 2017-07-17T00:55:04+08:00 ] 140.205.253.147 /robots.txt
INFO: [ app_init ] --START--
INFO: Run Behavior\BuildLiteBehavior [ RunTime:0.000012s ]
INFO: [ app_init ] --END-- [ RunTime:0.000286s ]
ERR: 无法加载模块:Robots

[ 2017-07-17T00:56:13+08:00 ] 140.205.253.147 /robots.txt
INFO: [ app_init ] --START--
INFO: Run Behavior\BuildLiteBehavior [ RunTime:0.000014s ]
INFO: [ app_init ] --END-- [ RunTime:0.000475s ]
ERR: 无法加载模块:Robots

[ 2017-07-17T04:16:45+08:00 ] 106.15.218.10 /robots.txt
INFO: [ app_init ] --START--
INFO: Run Behavior\BuildLiteBehavior [ RunTime:0.000014s ]
INFO: [ app_init ] --END-- [ RunTime:0.000327s ]
ERR: 无法加载模块:Robots

[ 2017-07-17T06:04:37+08:00 ] 106.15.218.8 //contact.php
INFO: [ app_init ] --START--
INFO: Run Behavior\BuildLiteBehavior [ RunTime:0.000022s ]
INFO: [ app_init ] --END-- [ RunTime:0.000314s ]
ERR: 无法加载模块:Contact

[ 2017-07-17T06:06:13+08:00 ] 106.15.218.8 //contact.php
INFO: [ app_init ] --START--
INFO: Run Behavior\BuildLiteBehavior [ RunTime:0.000015s ]
INFO: [ app_init ] --END-- [ RunTime:0.000310s ]
ERR: 无法加载模块:Contact

[ 2017-07-17T07:17:42+08:00 ] 140.205.253.129 //index.php?m=wap&a=index&siteid=1
INFO: [ app_init ] --START--
INFO: Run Behavior\BuildLiteBehavior [ RunTime:0.000014s ]
INFO: [ app_init ] --END-- [ RunTime:0.000359s ]
ERR: 无法加载模块:Wap

[ 2017-07-17T08:54:25+08:00 ] 123.57.117.71 /robots.txt
INFO: [ app_init ] --START--
INFO: Run Behavior\BuildLiteBehavior [ RunTime:0.000018s ]
INFO: [ app_init ] --END-- [ RunTime:0.000318s ]
ERR: 无法加载模块:Robots

[ 2017-07-17T10:15:41+08:00 ] 123.57.117.71 /robots.txt
INFO: [ app_init ] --START--
INFO: Run Behavior\BuildLiteBehavior [ RunTime:0.000013s ]
INFO: [ app_init ] --END-- [ RunTime:0.000332s ]
ERR: 无法加载模块:Robots

[ 2017-07-17T13:12:37+08:00 ] 140.205.253.147 /robots.txt
INFO: [ app_init ] --START--
INFO: Run Behavior\BuildLiteBehavior [ RunTime:0.000013s ]
INFO: [ app_init ] --END-- [ RunTime:0.000308s ]
ERR: 无法加载模块:Robots

[ 2017-07-17T16:08:47+08:00 ] 106.15.218.23 /favicon.ico
INFO: [ app_init ] --START--
INFO: Run Behavior\BuildLiteBehavior [ RunTime:0.000014s ]
INFO: [ app_init ] --END-- [ RunTime:0.000453s ]
ERR: 无法加载模块:Favicon

[ 2017-07-17T16:38:36+08:00 ] 106.15.218.8 //contact.php
INFO: [ app_init ] --START--
INFO: Run Behavior\BuildLiteBehavior [ RunTime:0.000013s ]
INFO: [ app_init ] --END-- [ RunTime:0.000329s ]
ERR: 无法加载模块:Contact

[ 2017-07-17T16:40:11+08:00 ] 106.15.218.8 //contact.php
INFO: [ app_init ] --START--
INFO: Run Behavior\BuildLiteBehavior [ RunTime:0.000018s ]
INFO: [ app_init ] --END-- [ RunTime:0.000332s ]
ERR: 无法加载模块:Contact

[ 2017-07-17T19:52:51+08:00 ] 106.15.218.10 //index.php?m=member&c=index&a=register&siteid=1
INFO: [ app_init ] --START--
INFO: Run Behavior\BuildLiteBehavior [ RunTime:0.000017s ]
INFO: [ app_init ] --END-- [ RunTime:0.000349s ]
ERR: 无法加载模块:Member

[ 2017-07-17T19:53:18+08:00 ] 106.15.218.16 //index.php?m=wap&a=index&siteid=1
INFO: [ app_init ] --START--
INFO: Run Behavior\BuildLiteBehavior [ RunTime:0.000015s ]
INFO: [ app_init ] --END-- [ RunTime:0.000356s ]
ERR: 无法加载模块:Wap

[ 2017-07-17T19:58:10+08:00 ] 140.205.253.132 //contact.php
INFO: [ app_init ] --START--
INFO: Run Behavior\BuildLiteBehavior [ RunTime:0.000014s ]
INFO: [ app_init ] --END-- [ RunTime:0.000307s ]
ERR: 无法加载模块:Contact

[ 2017-07-17T19:59:22+08:00 ] 140.205.253.132 //contact.php
INFO: [ app_init ] --START--
INFO: Run Behavior\BuildLiteBehavior [ RunTime:0.000014s ]
INFO: [ app_init ] --END-- [ RunTime:0.000364s ]
ERR: 无法加载模块:Contact

