[ 2017-03-30T10:51:50+08:00 ] ::1 /guanwang/qwadmin/index.php/layer_mobile/layer.js
INFO: [ app_init ] --START--
INFO: Run Behavior\BuildLiteBehavior [ RunTime:0.000073s ]
INFO: [ app_init ] --END-- [ RunTime:0.001158s ]
ERR: 无法加载模块:Layer_mobile

[ 2017-03-30T11:38:49+08:00 ] ::1 /guanwang/qwadmin/index.php/guanwang/qwadmin/index.php/Home/Vocationlist/lang/en-us.html
INFO: [ app_init ] --START--
INFO: Run Behavior\BuildLiteBehavior [ RunTime:0.000040s ]
INFO: [ app_init ] --END-- [ RunTime:0.000659s ]
ERR: 无法加载模块:Guanwang

[ 2017-03-30T11:39:03+08:00 ] ::1 /guanwang/qwadmin/index.php/guanwang/qwadmin/index.php/Home/Index/lang/en-us.html
INFO: [ app_init ] --START--
INFO: Run Behavior\BuildLiteBehavior [ RunTime:0.000041s ]
INFO: [ app_init ] --END-- [ RunTime:0.000671s ]
ERR: 无法加载模块:Guanwang

[ 2017-03-30T11:40:18+08:00 ] ::1 /guanwang/qwadmin/index.php/guanwang/qwadmin/index.php/Home/Index/Index/lang/ch-cn.html
INFO: [ app_init ] --START--
INFO: Run Behavior\BuildLiteBehavior [ RunTime:0.000071s ]
INFO: [ app_init ] --END-- [ RunTime:0.001119s ]
ERR: 无法加载模块:Guanwang

